[2018-07-30 06:31:36.790][info ][command:null][tid:01][com.facebook.buck.cli.HangMonitor] HangMonitorAutoStart
[2018-07-30 06:31:37.153][debug][command:null][tid:01][com.google.common.util.concurrent.ServiceManager] Starting HangMonitor [RUNNING].
[2018-07-30 06:31:37.154][debug][command:null][tid:01][com.google.common.util.concurrent.ServiceManager] Started HangMonitor [RUNNING] in 29.72 ms.
[2018-07-30 06:31:37.208][info ][command:null][tid:01][com.facebook.buck.cli.Main] enabling background process killing for buckd
[2018-07-30 06:31:37.217][info ][command:null][tid:01][com.facebook.buck.cli.Main] enabled background process killing for buckd
[2018-07-30 06:31:37.220][info ][command:null][tid:01][com.facebook.buck.cli.Main] initialized bg session killer
[2018-07-30 06:31:37.305][debug][command:null][tid:13][com.martiansoftware.nailgun.NGSession] Waiting for first client to connect
[2018-07-30 06:31:37.348][debug][command:null][tid:14][com.martiansoftware.nailgun.NGSession] Waiting for first client to connect
[2018-07-30 06:31:37.348][debug][command:null][tid:13][com.martiansoftware.nailgun.NGSession] Client connected
[2018-07-30 06:31:37.359][debug][command:null][tid:15][com.martiansoftware.nailgun.NGCommunicator] Orchestrator thread started
[2018-07-30 06:31:37.433][debug][command:null][tid:13][com.facebook.buck.util.config.Configs] Loading configuration for /Users/jack/Downloads/test
[2018-07-30 06:31:37.500][debug][command:null][tid:13][com.facebook.buck.util.config.Configs] Loaded project configuration file /Users/jack/Downloads/test/.buckconfig
[2018-07-30 06:31:37.511][debug][command:null][tid:13][com.facebook.buck.util.config.Configs] Loaded a configuration file /Users/jack/Downloads/test/.buckconfig.local, {android={build_tools_version=24.0.2, target=android-24}, buildfile={includes=//.okbuck/defs/DEFS}, kotlin={kotlin_home=.okbuck/cache/kotlin_home}, tools={proguard=.okbuck/cache/proguard/proguard-base-6.0.3.jar}}
[2018-07-30 06:31:37.513][debug][command:null][tid:13][com.facebook.buck.util.config.Configs] Adding configuration overrides RawConfig{values={}}
[2018-07-30 06:31:37.898][info ][command:null][tid:13][org.pf4j.DefaultPluginStatusProvider] Enabled plugins: []
[2018-07-30 06:31:37.898][info ][command:null][tid:13][org.pf4j.DefaultPluginStatusProvider] Disabled plugins: []
[2018-07-30 06:31:37.904][info ][command:null][tid:13][org.pf4j.DefaultPluginManager] PF4J version 0.0.0 in 'deployment' mode
[2018-07-30 06:31:37.905][debug][command:null][tid:13][org.pf4j.AbstractPluginManager] Lookup plugins in '/Users/jack/Downloads/test/.buckd/resources/7aa70a6ddc1d3bb7629801a92f5b4dbfc7d477dc/buck-modules'
[2018-07-30 06:31:37.909][debug][command:null][tid:13][org.pf4j.AbstractPluginManager] Found 12 possible plugins: [/Users/jack/Downloads/test/.buckd/resources/7aa70a6ddc1d3bb7629801a92f5b4dbfc7d477dc/buck-modules/python.jar, /Users/jack/Downloads/test/.buckd/resources/7aa70a6ddc1d3bb7629801a92f5b4dbfc7d477dc/buck-modules/ziprules.jar, /Users/jack/Downloads/test/.buckd/resources/7aa70a6ddc1d3bb7629801a92f5b4dbfc7d477dc/buck-modules/lua.jar, /Users/jack/Downloads/test/.buckd/resources/7aa70a6ddc1d3bb7629801a92f5b4dbfc7d477dc/buck-modules/filegroup.jar, /Users/jack/Downloads/test/.buckd/resources/7aa70a6ddc1d3bb7629801a92f5b4dbfc7d477dc/buck-modules/filebundler.jar, /Users/jack/Downloads/test/.buckd/resources/7aa70a6ddc1d3bb7629801a92f5b4dbfc7d477dc/buck-modules/gwt.jar, /Users/jack/Downloads/test/.buckd/resources/7aa70a6ddc1d3bb7629801a92f5b4dbfc7d477dc/buck-modules/haskell.jar, /Users/jack/Downloads/test/.buckd/resources/7aa70a6ddc1d3bb7629801a92f5b4dbfc7d477dc/buck-modules/rust.jar, /Users/jack/Downloads/test/.buckd/resources/7aa70a6ddc1d3bb7629801a92f5b4dbfc7d477dc/buck-modules/go.jar, /Users/jack/Downloads/test/.buckd/resources/7aa70a6ddc1d3bb7629801a92f5b4dbfc7d477dc/buck-modules/d.jar, /Users/jack/Downloads/test/.buckd/resources/7aa70a6ddc1d3bb7629801a92f5b4dbfc7d477dc/buck-modules/ocaml.jar, /Users/jack/Downloads/test/.buckd/resources/7aa70a6ddc1d3bb7629801a92f5b4dbfc7d477dc/buck-modules/dotnet.jar]
[2018-07-30 06:31:37.909][debug][command:null][tid:13][org.pf4j.AbstractPluginManager] Use 'org.pf4j.CompoundPluginDescriptorFinder@32e455ae' to find plugins descriptors
[2018-07-30 06:31:37.910][debug][command:null][tid:13][org.pf4j.AbstractPluginManager] Finding plugin descriptor for plugin '/Users/jack/Downloads/test/.buckd/resources/7aa70a6ddc1d3bb7629801a92f5b4dbfc7d477dc/buck-modules/python.jar'
[2018-07-30 06:31:37.910][debug][command:null][tid:13][org.pf4j.CompoundPluginDescriptorFinder] 'org.pf4j.ManifestPluginDescriptorFinder@4f306c8e' is applicable for plugin '/Users/jack/Downloads/test/.buckd/resources/7aa70a6ddc1d3bb7629801a92f5b4dbfc7d477dc/buck-modules/python.jar'
[2018-07-30 06:31:37.914][debug][command:null][tid:13][org.pf4j.AbstractPluginManager] Found descriptor PluginDescriptor [pluginId=com.facebook.buck.features.python, pluginClass=com.facebook.buck.features.python.PythonModuleAdapterPlugin, version=0.0.1, provider=null, dependencies=[], description=, requires=*, license=null]
[2018-07-30 06:31:37.915][debug][command:null][tid:13][org.pf4j.AbstractPluginManager] Class 'com.facebook.buck.features.python.PythonModuleAdapterPlugin' for plugin '/Users/jack/Downloads/test/.buckd/resources/7aa70a6ddc1d3bb7629801a92f5b4dbfc7d477dc/buck-modules/python.jar'
[2018-07-30 06:31:37.915][debug][command:null][tid:13][org.pf4j.AbstractPluginManager] Loading plugin '/Users/jack/Downloads/test/.buckd/resources/7aa70a6ddc1d3bb7629801a92f5b4dbfc7d477dc/buck-modules/python.jar'
[2018-07-30 06:31:37.916][debug][command:null][tid:13][org.pf4j.PluginClassLoader] Add 'file:/Users/jack/Downloads/test/.buckd/resources/7aa70a6ddc1d3bb7629801a92f5b4dbfc7d477dc/buck-modules/python.jar'
[2018-07-30 06:31:37.916][debug][command:null][tid:13][org.pf4j.AbstractPluginManager] Loaded plugin '/Users/jack/Downloads/test/.buckd/resources/7aa70a6ddc1d3bb7629801a92f5b4dbfc7d477dc/buck-modules/python.jar' with class loader 'org.pf4j.PluginClassLoader@7ddda472'
[2018-07-30 06:31:37.916][debug][command:null][tid:13][org.pf4j.AbstractPluginManager] Creating wrapper for plugin '/Users/jack/Downloads/test/.buckd/resources/7aa70a6ddc1d3bb7629801a92f5b4dbfc7d477dc/buck-modules/python.jar'
[2018-07-30 06:31:37.920][debug][command:null][tid:13][org.pf4j.AbstractPluginManager] Created wrapper 'PluginWrapper [descriptor=PluginDescriptor [pluginId=com.facebook.buck.features.python, pluginClass=com.facebook.buck.features.python.PythonModuleAdapterPlugin, version=0.0.1, provider=null, dependencies=[], description=, requires=*, license=null], pluginPath=/Users/jack/Downloads/test/.buckd/resources/7aa70a6ddc1d3bb7629801a92f5b4dbfc7d477dc/buck-modules/python.jar]' for plugin '/Users/jack/Downloads/test/.buckd/resources/7aa70a6ddc1d3bb7629801a92f5b4dbfc7d477dc/buck-modules/python.jar'
[2018-07-30 06:31:37.921][debug][command:null][tid:13][org.pf4j.AbstractPluginManager] Use 'org.pf4j.CompoundPluginDescriptorFinder@32e455ae' to find plugins descriptors
[2018-07-30 06:31:37.921][debug][command:null][tid:13][org.pf4j.AbstractPluginManager] Finding plugin descriptor for plugin '/Users/jack/Downloads/test/.buckd/resources/7aa70a6ddc1d3bb7629801a92f5b4dbfc7d477dc/buck-modules/ziprules.jar'
[2018-07-30 06:31:37.921][debug][command:null][tid:13][org.pf4j.CompoundPluginDescriptorFinder] 'org.pf4j.ManifestPluginDescriptorFinder@4f306c8e' is applicable for plugin '/Users/jack/Downloads/test/.buckd/resources/7aa70a6ddc1d3bb7629801a92f5b4dbfc7d477dc/buck-modules/ziprules.jar'
[2018-07-30 06:31:37.923][debug][command:null][tid:13][org.pf4j.AbstractPluginManager] Found descriptor PluginDescriptor [pluginId=com.facebook.buck.features.zip.rules, pluginClass=com.facebook.buck.features.zip.rules.ZipRulesModuleAdapterPlugin, version=0.0.1, provider=null, dependencies=[PluginDependency [pluginId=com.facebook.buck.features.filebundler, pluginVersionSupport=*]], description=, requires=*, license=null]
[2018-07-30 06:31:37.924][debug][command:null][tid:13][org.pf4j.AbstractPluginManager] Class 'com.facebook.buck.features.zip.rules.ZipRulesModuleAdapterPlugin' for plugin '/Users/jack/Downloads/test/.buckd/resources/7aa70a6ddc1d3bb7629801a92f5b4dbfc7d477dc/buck-modules/ziprules.jar'
[2018-07-30 06:31:37.924][debug][command:null][tid:13][org.pf4j.AbstractPluginManager] Loading plugin '/Users/jack/Downloads/test/.buckd/resources/7aa70a6ddc1d3bb7629801a92f5b4dbfc7d477dc/buck-modules/ziprules.jar'
[2018-07-30 06:31:37.924][debug][command:null][tid:13][org.pf4j.PluginClassLoader] Add 'file:/Users/jack/Downloads/test/.buckd/resources/7aa70a6ddc1d3bb7629801a92f5b4dbfc7d477dc/buck-modules/ziprules.jar'
[2018-07-30 06:31:37.925][debug][command:null][tid:13][org.pf4j.AbstractPluginManager] Loaded plugin '/Users/jack/Downloads/test/.buckd/resources/7aa70a6ddc1d3bb7629801a92f5b4dbfc7d477dc/buck-modules/ziprules.jar' with class loader 'org.pf4j.PluginClassLoader@dbce439'
[2018-07-30 06:31:37.925][debug][command:null][tid:13][org.pf4j.AbstractPluginManager] Creating wrapper for plugin '/Users/jack/Downloads/test/.buckd/resources/7aa70a6ddc1d3bb7629801a92f5b4dbfc7d477dc/buck-modules/ziprules.jar'
[2018-07-30 06:31:37.925][debug][command:null][tid:13][org.pf4j.AbstractPluginManager] Created wrapper 'PluginWrapper [descriptor=PluginDescriptor [pluginId=com.facebook.buck.features.zip.rules, pluginClass=com.facebook.buck.features.zip.rules.ZipRulesModuleAdapterPlugin, version=0.0.1, provider=null, dependencies=[PluginDependency [pluginId=com.facebook.buck.features.filebundler, pluginVersionSupport=*]], description=, requires=*, license=null], pluginPath=/Users/jack/Downloads/test/.buckd/resources/7aa70a6ddc1d3bb7629801a92f5b4dbfc7d477dc/buck-modules/ziprules.jar]' for plugin '/Users/jack/Downloads/test/.buckd/resources/7aa70a6ddc1d3bb7629801a92f5b4dbfc7d477dc/buck-modules/ziprules.jar'
[2018-07-30 06:31:37.925][debug][command:null][tid:13][org.pf4j.AbstractPluginManager] Use 'org.pf4j.CompoundPluginDescriptorFinder@32e455ae' to find plugins descriptors
[2018-07-30 06:31:37.926][debug][command:null][tid:13][org.pf4j.AbstractPluginManager] Finding plugin descriptor for plugin '/Users/jack/Downloads/test/.buckd/resources/7aa70a6ddc1d3bb7629801a92f5b4dbfc7d477dc/buck-modules/lua.jar'
[2018-07-30 06:31:37.926][debug][command:null][tid:13][org.pf4j.CompoundPluginDescriptorFinder] 'org.pf4j.ManifestPluginDescriptorFinder@4f306c8e' is applicable for plugin '/Users/jack/Downloads/test/.buckd/resources/7aa70a6ddc1d3bb7629801a92f5b4dbfc7d477dc/buck-modules/lua.jar'
[2018-07-30 06:31:37.926][debug][command:null][tid:13][org.pf4j.AbstractPluginManager] Found descriptor PluginDescriptor [pluginId=com.facebook.buck.features.lua, pluginClass=com.facebook.buck.features.lua.LuaModuleAdapterPlugin, version=0.0.1, provider=null, dependencies=[PluginDependency [pluginId=com.facebook.buck.features.python, pluginVersionSupport=*]], description=, requires=*, license=null]
[2018-07-30 06:31:37.927][debug][command:null][tid:13][org.pf4j.AbstractPluginManager] Class 'com.facebook.buck.features.lua.LuaModuleAdapterPlugin' for plugin '/Users/jack/Downloads/test/.buckd/resources/7aa70a6ddc1d3bb7629801a92f5b4dbfc7d477dc/buck-modules/lua.jar'
[2018-07-30 06:31:37.927][debug][command:null][tid:13][org.pf4j.AbstractPluginManager] Loading plugin '/Users/jack/Downloads/test/.buckd/resources/7aa70a6ddc1d3bb7629801a92f5b4dbfc7d477dc/buck-modules/lua.jar'
[2018-07-30 06:31:37.927][debug][command:null][tid:13][org.pf4j.PluginClassLoader] Add 'file:/Users/jack/Downloads/test/.buckd/resources/7aa70a6ddc1d3bb7629801a92f5b4dbfc7d477dc/buck-modules/lua.jar'
[2018-07-30 06:31:37.927][debug][command:null][tid:13][org.pf4j.AbstractPluginManager] Loaded plugin '/Users/jack/Downloads/test/.buckd/resources/7aa70a6ddc1d3bb7629801a92f5b4dbfc7d477dc/buck-modules/lua.jar' with class loader 'org.pf4j.PluginClassLoader@550c79be'
[2018-07-30 06:31:37.928][debug][command:null][tid:13][org.pf4j.AbstractPluginManager] Creating wrapper for plugin '/Users/jack/Downloads/test/.buckd/resources/7aa70a6ddc1d3bb7629801a92f5b4dbfc7d477dc/buck-modules/lua.jar'
[2018-07-30 06:31:37.928][debug][command:null][tid:13][org.pf4j.AbstractPluginManager] Created wrapper 'PluginWrapper [descriptor=PluginDescriptor [pluginId=com.facebook.buck.features.lua, pluginClass=com.facebook.buck.features.lua.LuaModuleAdapterPlugin, version=0.0.1, provider=null, dependencies=[PluginDependency [pluginId=com.facebook.buck.features.python, pluginVersionSupport=*]], description=, requires=*, license=null], pluginPath=/Users/jack/Downloads/test/.buckd/resources/7aa70a6ddc1d3bb7629801a92f5b4dbfc7d477dc/buck-modules/lua.jar]' for plugin '/Users/jack/Downloads/test/.buckd/resources/7aa70a6ddc1d3bb7629801a92f5b4dbfc7d477dc/buck-modules/lua.jar'
[2018-07-30 06:31:37.928][debug][command:null][tid:13][org.pf4j.AbstractPluginManager] Use 'org.pf4j.CompoundPluginDescriptorFinder@32e455ae' to find plugins descriptors
[2018-07-30 06:31:37.928][debug][command:null][tid:13][org.pf4j.AbstractPluginManager] Finding plugin descriptor for plugin '/Users/jack/Downloads/test/.buckd/resources/7aa70a6ddc1d3bb7629801a92f5b4dbfc7d477dc/buck-modules/filegroup.jar'
[2018-07-30 06:31:37.929][debug][command:null][tid:13][org.pf4j.CompoundPluginDescriptorFinder] 'org.pf4j.ManifestPluginDescriptorFinder@4f306c8e' is applicable for plugin '/Users/jack/Downloads/test/.buckd/resources/7aa70a6ddc1d3bb7629801a92f5b4dbfc7d477dc/buck-modules/filegroup.jar'
[2018-07-30 06:31:37.929][debug][command:null][tid:13][org.pf4j.AbstractPluginManager] Found descriptor PluginDescriptor [pluginId=com.facebook.buck.features.filegroup, pluginClass=com.facebook.buck.features.filegroup.FilegroupModuleAdapterPlugin, version=0.0.1, provider=null, dependencies=[PluginDependency [pluginId=com.facebook.buck.features.filebundler, pluginVersionSupport=*]], description=, requires=*, license=null]
[2018-07-30 06:31:37.929][debug][command:null][tid:13][org.pf4j.AbstractPluginManager] Class 'com.facebook.buck.features.filegroup.FilegroupModuleAdapterPlugin' for plugin '/Users/jack/Downloads/test/.buckd/resources/7aa70a6ddc1d3bb7629801a92f5b4dbfc7d477dc/buck-modules/filegroup.jar'
[2018-07-30 06:31:37.930][debug][command:null][tid:13][org.pf4j.AbstractPluginManager] Loading plugin '/Users/jack/Downloads/test/.buckd/resources/7aa70a6ddc1d3bb7629801a92f5b4dbfc7d477dc/buck-modules/filegroup.jar'
[2018-07-30 06:31:37.930][debug][command:null][tid:13][org.pf4j.PluginClassLoader] Add 'file:/Users/jack/Downloads/test/.buckd/resources/7aa70a6ddc1d3bb7629801a92f5b4dbfc7d477dc/buck-modules/filegroup.jar'
[2018-07-30 06:31:37.930][debug][command:null][tid:13][org.pf4j.AbstractPluginManager] Loaded plugin '/Users/jack/Downloads/test/.buckd/resources/7aa70a6ddc1d3bb7629801a92f5b4dbfc7d477dc/buck-modules/filegroup.jar' with class loader 'org.pf4j.PluginClassLoader@2cce31e7'
[2018-07-30 06:31:37.930][debug][command:null][tid:13][org.pf4j.AbstractPluginManager] Creating wrapper for plugin '/Users/jack/Downloads/test/.buckd/resources/7aa70a6ddc1d3bb7629801a92f5b4dbfc7d477dc/buck-modules/filegroup.jar'
[2018-07-30 06:31:37.931][debug][command:null][tid:13][org.pf4j.AbstractPluginManager] Created wrapper 'PluginWrapper [descriptor=PluginDescriptor [pluginId=com.facebook.buck.features.filegroup, pluginClass=com.facebook.buck.features.filegroup.FilegroupModuleAdapterPlugin, version=0.0.1, provider=null, dependencies=[PluginDependency [pluginId=com.facebook.buck.features.filebundler, pluginVersionSupport=*]], description=, requires=*, license=null], pluginPath=/Users/jack/Downloads/test/.buckd/resources/7aa70a6ddc1d3bb7629801a92f5b4dbfc7d477dc/buck-modules/filegroup.jar]' for plugin '/Users/jack/Downloads/test/.buckd/resources/7aa70a6ddc1d3bb7629801a92f5b4dbfc7d477dc/buck-modules/filegroup.jar'
[2018-07-30 06:31:37.931][debug][command:null][tid:13][org.pf4j.AbstractPluginManager] Use 'org.pf4j.CompoundPluginDescriptorFinder@32e455ae' to find plugins descriptors
[2018-07-30 06:31:37.931][debug][command:null][tid:13][org.pf4j.AbstractPluginManager] Finding plugin descriptor for plugin '/Users/jack/Downloads/test/.buckd/resources/7aa70a6ddc1d3bb7629801a92f5b4dbfc7d477dc/buck-modules/filebundler.jar'
[2018-07-30 06:31:37.931][debug][command:null][tid:13][org.pf4j.CompoundPluginDescriptorFinder] 'org.pf4j.ManifestPluginDescriptorFinder@4f306c8e' is applicable for plugin '/Users/jack/Downloads/test/.buckd/resources/7aa70a6ddc1d3bb7629801a92f5b4dbfc7d477dc/buck-modules/filebundler.jar'
[2018-07-30 06:31:37.932][debug][command:null][tid:13][org.pf4j.AbstractPluginManager] Found descriptor PluginDescriptor [pluginId=com.facebook.buck.features.filebundler, pluginClass=com.facebook.buck.features.filebundler.FileBundlerModuleAdapterPlugin, version=0.0.1, provider=null, dependencies=[], description=, requires=*, license=null]
[2018-07-30 06:31:37.932][debug][command:null][tid:13][org.pf4j.AbstractPluginManager] Class 'com.facebook.buck.features.filebundler.FileBundlerModuleAdapterPlugin' for plugin '/Users/jack/Downloads/test/.buckd/resources/7aa70a6ddc1d3bb7629801a92f5b4dbfc7d477dc/buck-modules/filebundler.jar'
[2018-07-30 06:31:37.932][debug][command:null][tid:13][org.pf4j.AbstractPluginManager] Loading plugin '/Users/jack/Downloads/test/.buckd/resources/7aa70a6ddc1d3bb7629801a92f5b4dbfc7d477dc/buck-modules/filebundler.jar'
[2018-07-30 06:31:37.933][debug][command:null][tid:13][org.pf4j.PluginClassLoader] Add 'file:/Users/jack/Downloads/test/.buckd/resources/7aa70a6ddc1d3bb7629801a92f5b4dbfc7d477dc/buck-modules/filebundler.jar'
[2018-07-30 06:31:37.933][debug][command:null][tid:13][org.pf4j.AbstractPluginManager] Loaded plugin '/Users/jack/Downloads/test/.buckd/resources/7aa70a6ddc1d3bb7629801a92f5b4dbfc7d477dc/buck-modules/filebundler.jar' with class loader 'org.pf4j.PluginClassLoader@1af826e6'
[2018-07-30 06:31:37.933][debug][command:null][tid:13][org.pf4j.AbstractPluginManager] Creating wrapper for plugin '/Users/jack/Downloads/test/.buckd/resources/7aa70a6ddc1d3bb7629801a92f5b4dbfc7d477dc/buck-modules/filebundler.jar'
[2018-07-30 06:31:37.933][debug][command:null][tid:13][org.pf4j.AbstractPluginManager] Created wrapper 'PluginWrapper [descriptor=PluginDescriptor [pluginId=com.facebook.buck.features.filebundler, pluginClass=com.facebook.buck.features.filebundler.FileBundlerModuleAdapterPlugin, version=0.0.1, provider=null, dependencies=[], description=, requires=*, license=null], pluginPath=/Users/jack/Downloads/test/.buckd/resources/7aa70a6ddc1d3bb7629801a92f5b4dbfc7d477dc/buck-modules/filebundler.jar]' for plugin '/Users/jack/Downloads/test/.buckd/resources/7aa70a6ddc1d3bb7629801a92f5b4dbfc7d477dc/buck-modules/filebundler.jar'
[2018-07-30 06:31:37.934][debug][command:null][tid:13][org.pf4j.AbstractPluginManager] Use 'org.pf4j.CompoundPluginDescriptorFinder@32e455ae' to find plugins descriptors
[2018-07-30 06:31:37.934][debug][command:null][tid:13][org.pf4j.AbstractPluginManager] Finding plugin descriptor for plugin '/Users/jack/Downloads/test/.buckd/resources/7aa70a6ddc1d3bb7629801a92f5b4dbfc7d477dc/buck-modules/gwt.jar'
[2018-07-30 06:31:37.934][debug][command:null][tid:13][org.pf4j.CompoundPluginDescriptorFinder] 'org.pf4j.ManifestPluginDescriptorFinder@4f306c8e' is applicable for plugin '/Users/jack/Downloads/test/.buckd/resources/7aa70a6ddc1d3bb7629801a92f5b4dbfc7d477dc/buck-modules/gwt.jar'
[2018-07-30 06:31:37.935][debug][command:null][tid:13][org.pf4j.AbstractPluginManager] Found descriptor PluginDescriptor [pluginId=com.facebook.buck.features.gwt, pluginClass=com.facebook.buck.features.gwt.GwtBuckModuleAdapterPlugin, version=0.0.1, provider=null, dependencies=[], description=, requires=*, license=null]
[2018-07-30 06:31:37.935][debug][command:null][tid:13][org.pf4j.AbstractPluginManager] Class 'com.facebook.buck.features.gwt.GwtBuckModuleAdapterPlugin' for plugin '/Users/jack/Downloads/test/.buckd/resources/7aa70a6ddc1d3bb7629801a92f5b4dbfc7d477dc/buck-modules/gwt.jar'
[2018-07-30 06:31:37.935][debug][command:null][tid:13][org.pf4j.AbstractPluginManager] Loading plugin '/Users/jack/Downloads/test/.buckd/resources/7aa70a6ddc1d3bb7629801a92f5b4dbfc7d477dc/buck-modules/gwt.jar'
[2018-07-30 06:31:37.935][debug][command:null][tid:13][org.pf4j.PluginClassLoader] Add 'file:/Users/jack/Downloads/test/.buckd/resources/7aa70a6ddc1d3bb7629801a92f5b4dbfc7d477dc/buck-modules/gwt.jar'
[2018-07-30 06:31:37.936][debug][command:null][tid:13][org.pf4j.AbstractPluginManager] Loaded plugin '/Users/jack/Downloads/test/.buckd/resources/7aa70a6ddc1d3bb7629801a92f5b4dbfc7d477dc/buck-modules/gwt.jar' with class loader 'org.pf4j.PluginClassLoader@758a292b'
[2018-07-30 06:31:37.936][debug][command:null][tid:13][org.pf4j.AbstractPluginManager] Creating wrapper for plugin '/Users/jack/Downloads/test/.buckd/resources/7aa70a6ddc1d3bb7629801a92f5b4dbfc7d477dc/buck-modules/gwt.jar'
[2018-07-30 06:31:37.936][debug][command:null][tid:13][org.pf4j.AbstractPluginManager] Created wrapper 'PluginWrapper [descriptor=PluginDescriptor [pluginId=com.facebook.buck.features.gwt, pluginClass=com.facebook.buck.features.gwt.GwtBuckModuleAdapterPlugin, version=0.0.1, provider=null, dependencies=[], description=, requires=*, license=null], pluginPath=/Users/jack/Downloads/test/.buckd/resources/7aa70a6ddc1d3bb7629801a92f5b4dbfc7d477dc/buck-modules/gwt.jar]' for plugin '/Users/jack/Downloads/test/.buckd/resources/7aa70a6ddc1d3bb7629801a92f5b4dbfc7d477dc/buck-modules/gwt.jar'
[2018-07-30 06:31:37.936][debug][command:null][tid:13][org.pf4j.AbstractPluginManager] Use 'org.pf4j.CompoundPluginDescriptorFinder@32e455ae' to find plugins descriptors
[2018-07-30 06:31:37.936][debug][command:null][tid:13][org.pf4j.AbstractPluginManager] Finding plugin descriptor for plugin '/Users/jack/Downloads/test/.buckd/resources/7aa70a6ddc1d3bb7629801a92f5b4dbfc7d477dc/buck-modules/haskell.jar'
[2018-07-30 06:31:37.937][debug][command:null][tid:13][org.pf4j.CompoundPluginDescriptorFinder] 'org.pf4j.ManifestPluginDescriptorFinder@4f306c8e' is applicable for plugin '/Users/jack/Downloads/test/.buckd/resources/7aa70a6ddc1d3bb7629801a92f5b4dbfc7d477dc/buck-modules/haskell.jar'
[2018-07-30 06:31:37.937][debug][command:null][tid:13][org.pf4j.AbstractPluginManager] Found descriptor PluginDescriptor [pluginId=com.facebook.buck.features.haskell, pluginClass=com.facebook.buck.features.haskell.HaskellModuleAdapterPlugin, version=0.0.1, provider=null, dependencies=[], description=, requires=*, license=null]
[2018-07-30 06:31:37.937][debug][command:null][tid:13][org.pf4j.AbstractPluginManager] Class 'com.facebook.buck.features.haskell.HaskellModuleAdapterPlugin' for plugin '/Users/jack/Downloads/test/.buckd/resources/7aa70a6ddc1d3bb7629801a92f5b4dbfc7d477dc/buck-modules/haskell.jar'
[2018-07-30 06:31:37.938][debug][command:null][tid:13][org.pf4j.AbstractPluginManager] Loading plugin '/Users/jack/Downloads/test/.buckd/resources/7aa70a6ddc1d3bb7629801a92f5b4dbfc7d477dc/buck-modules/haskell.jar'
[2018-07-30 06:31:37.938][debug][command:null][tid:13][org.pf4j.PluginClassLoader] Add 'file:/Users/jack/Downloads/test/.buckd/resources/7aa70a6ddc1d3bb7629801a92f5b4dbfc7d477dc/buck-modules/haskell.jar'
[2018-07-30 06:31:37.938][debug][command:null][tid:13][org.pf4j.AbstractPluginManager] Loaded plugin '/Users/jack/Downloads/test/.buckd/resources/7aa70a6ddc1d3bb7629801a92f5b4dbfc7d477dc/buck-modules/haskell.jar' with class loader 'org.pf4j.PluginClassLoader@282e3b99'
[2018-07-30 06:31:37.938][debug][command:null][tid:13][org.pf4j.AbstractPluginManager] Creating wrapper for plugin '/Users/jack/Downloads/test/.buckd/resources/7aa70a6ddc1d3bb7629801a92f5b4dbfc7d477dc/buck-modules/haskell.jar'
[2018-07-30 06:31:37.938][debug][command:null][tid:13][org.pf4j.AbstractPluginManager] Created wrapper 'PluginWrapper [descriptor=PluginDescriptor [pluginId=com.facebook.buck.features.haskell, pluginClass=com.facebook.buck.features.haskell.HaskellModuleAdapterPlugin, version=0.0.1, provider=null, dependencies=[], description=, requires=*, license=null], pluginPath=/Users/jack/Downloads/test/.buckd/resources/7aa70a6ddc1d3bb7629801a92f5b4dbfc7d477dc/buck-modules/haskell.jar]' for plugin '/Users/jack/Downloads/test/.buckd/resources/7aa70a6ddc1d3bb7629801a92f5b4dbfc7d477dc/buck-modules/haskell.jar'
[2018-07-30 06:31:37.939][debug][command:null][tid:13][org.pf4j.AbstractPluginManager] Use 'org.pf4j.CompoundPluginDescriptorFinder@32e455ae' to find plugins descriptors
[2018-07-30 06:31:37.939][debug][command:null][tid:13][org.pf4j.AbstractPluginManager] Finding plugin descriptor for plugin '/Users/jack/Downloads/test/.buckd/resources/7aa70a6ddc1d3bb7629801a92f5b4dbfc7d477dc/buck-modules/rust.jar'
[2018-07-30 06:31:37.940][debug][command:null][tid:13][org.pf4j.CompoundPluginDescriptorFinder] 'org.pf4j.ManifestPluginDescriptorFinder@4f306c8e' is applicable for plugin '/Users/jack/Downloads/test/.buckd/resources/7aa70a6ddc1d3bb7629801a92f5b4dbfc7d477dc/buck-modules/rust.jar'
[2018-07-30 06:31:37.940][debug][command:null][tid:13][org.pf4j.AbstractPluginManager] Found descriptor PluginDescriptor [pluginId=com.facebook.buck.features.rust, pluginClass=com.facebook.buck.features.rust.RustModuleAdapterPlugin, version=0.0.1, provider=null, dependencies=[], description=, requires=*, license=null]
[2018-07-30 06:31:37.940][debug][command:null][tid:13][org.pf4j.AbstractPluginManager] Class 'com.facebook.buck.features.rust.RustModuleAdapterPlugin' for plugin '/Users/jack/Downloads/test/.buckd/resources/7aa70a6ddc1d3bb7629801a92f5b4dbfc7d477dc/buck-modules/rust.jar'
[2018-07-30 06:31:37.941][debug][command:null][tid:13][org.pf4j.AbstractPluginManager] Loading plugin '/Users/jack/Downloads/test/.buckd/resources/7aa70a6ddc1d3bb7629801a92f5b4dbfc7d477dc/buck-modules/rust.jar'
[2018-07-30 06:31:37.941][debug][command:null][tid:13][org.pf4j.PluginClassLoader] Add 'file:/Users/jack/Downloads/test/.buckd/resources/7aa70a6ddc1d3bb7629801a92f5b4dbfc7d477dc/buck-modules/rust.jar'
[2018-07-30 06:31:37.941][debug][command:null][tid:13][org.pf4j.AbstractPluginManager] Loaded plugin '/Users/jack/Downloads/test/.buckd/resources/7aa70a6ddc1d3bb7629801a92f5b4dbfc7d477dc/buck-modules/rust.jar' with class loader 'org.pf4j.PluginClassLoader@3a674967'
[2018-07-30 06:31:37.941][debug][command:null][tid:13][org.pf4j.AbstractPluginManager] Creating wrapper for plugin '/Users/jack/Downloads/test/.buckd/resources/7aa70a6ddc1d3bb7629801a92f5b4dbfc7d477dc/buck-modules/rust.jar'
[2018-07-30 06:31:37.942][debug][command:null][tid:13][org.pf4j.AbstractPluginManager] Created wrapper 'PluginWrapper [descriptor=PluginDescriptor [pluginId=com.facebook.buck.features.rust, pluginClass=com.facebook.buck.features.rust.RustModuleAdapterPlugin, version=0.0.1, provider=null, dependencies=[], description=, requires=*, license=null], pluginPath=/Users/jack/Downloads/test/.buckd/resources/7aa70a6ddc1d3bb7629801a92f5b4dbfc7d477dc/buck-modules/rust.jar]' for plugin '/Users/jack/Downloads/test/.buckd/resources/7aa70a6ddc1d3bb7629801a92f5b4dbfc7d477dc/buck-modules/rust.jar'
[2018-07-30 06:31:37.942][debug][command:null][tid:13][org.pf4j.AbstractPluginManager] Use 'org.pf4j.CompoundPluginDescriptorFinder@32e455ae' to find plugins descriptors
[2018-07-30 06:31:37.942][debug][command:null][tid:13][org.pf4j.AbstractPluginManager] Finding plugin descriptor for plugin '/Users/jack/Downloads/test/.buckd/resources/7aa70a6ddc1d3bb7629801a92f5b4dbfc7d477dc/buck-modules/go.jar'
[2018-07-30 06:31:37.942][debug][command:null][tid:13][org.pf4j.CompoundPluginDescriptorFinder] 'org.pf4j.ManifestPluginDescriptorFinder@4f306c8e' is applicable for plugin '/Users/jack/Downloads/test/.buckd/resources/7aa70a6ddc1d3bb7629801a92f5b4dbfc7d477dc/buck-modules/go.jar'
[2018-07-30 06:31:37.943][debug][command:null][tid:13][org.pf4j.AbstractPluginManager] Found descriptor PluginDescriptor [pluginId=com.facebook.buck.features.go, pluginClass=com.facebook.buck.features.go.GoModuleAdapterPlugin, version=0.0.1, provider=null, dependencies=[], description=, requires=*, license=null]
[2018-07-30 06:31:37.943][debug][command:null][tid:13][org.pf4j.AbstractPluginManager] Class 'com.facebook.buck.features.go.GoModuleAdapterPlugin' for plugin '/Users/jack/Downloads/test/.buckd/resources/7aa70a6ddc1d3bb7629801a92f5b4dbfc7d477dc/buck-modules/go.jar'
[2018-07-30 06:31:37.943][debug][command:null][tid:13][org.pf4j.AbstractPluginManager] Loading plugin '/Users/jack/Downloads/test/.buckd/resources/7aa70a6ddc1d3bb7629801a92f5b4dbfc7d477dc/buck-modules/go.jar'
[2018-07-30 06:31:37.944][debug][command:null][tid:13][org.pf4j.PluginClassLoader] Add 'file:/Users/jack/Downloads/test/.buckd/resources/7aa70a6ddc1d3bb7629801a92f5b4dbfc7d477dc/buck-modules/go.jar'
[2018-07-30 06:31:37.944][debug][command:null][tid:13][org.pf4j.AbstractPluginManager] Loaded plugin '/Users/jack/Downloads/test/.buckd/resources/7aa70a6ddc1d3bb7629801a92f5b4dbfc7d477dc/buck-modules/go.jar' with class loader 'org.pf4j.PluginClassLoader@18915bbb'
[2018-07-30 06:31:37.945][debug][command:null][tid:13][org.pf4j.AbstractPluginManager] Creating wrapper for plugin '/Users/jack/Downloads/test/.buckd/resources/7aa70a6ddc1d3bb7629801a92f5b4dbfc7d477dc/buck-modules/go.jar'
[2018-07-30 06:31:37.945][debug][command:null][tid:13][org.pf4j.AbstractPluginManager] Created wrapper 'PluginWrapper [descriptor=PluginDescriptor [pluginId=com.facebook.buck.features.go, pluginClass=com.facebook.buck.features.go.GoModuleAdapterPlugin, version=0.0.1, provider=null, dependencies=[], description=, requires=*, license=null], pluginPath=/Users/jack/Downloads/test/.buckd/resources/7aa70a6ddc1d3bb7629801a92f5b4dbfc7d477dc/buck-modules/go.jar]' for plugin '/Users/jack/Downloads/test/.buckd/resources/7aa70a6ddc1d3bb7629801a92f5b4dbfc7d477dc/buck-modules/go.jar'
[2018-07-30 06:31:37.945][debug][command:null][tid:13][org.pf4j.AbstractPluginManager] Use 'org.pf4j.CompoundPluginDescriptorFinder@32e455ae' to find plugins descriptors
[2018-07-30 06:31:37.946][debug][command:null][tid:13][org.pf4j.AbstractPluginManager] Finding plugin descriptor for plugin '/Users/jack/Downloads/test/.buckd/resources/7aa70a6ddc1d3bb7629801a92f5b4dbfc7d477dc/buck-modules/d.jar'
[2018-07-30 06:31:37.946][debug][command:null][tid:13][org.pf4j.CompoundPluginDescriptorFinder] 'org.pf4j.ManifestPluginDescriptorFinder@4f306c8e' is applicable for plugin '/Users/jack/Downloads/test/.buckd/resources/7aa70a6ddc1d3bb7629801a92f5b4dbfc7d477dc/buck-modules/d.jar'
[2018-07-30 06:31:37.946][debug][command:null][tid:13][org.pf4j.AbstractPluginManager] Found descriptor PluginDescriptor [pluginId=com.facebook.buck.features.d, pluginClass=com.facebook.buck.features.d.DModuleAdapterPlugin, version=0.0.1, provider=null, dependencies=[], description=, requires=*, license=null]
[2018-07-30 06:31:37.947][debug][command:null][tid:13][org.pf4j.AbstractPluginManager] Class 'com.facebook.buck.features.d.DModuleAdapterPlugin' for plugin '/Users/jack/Downloads/test/.buckd/resources/7aa70a6ddc1d3bb7629801a92f5b4dbfc7d477dc/buck-modules/d.jar'
[2018-07-30 06:31:37.947][debug][command:null][tid:13][org.pf4j.AbstractPluginManager] Loading plugin '/Users/jack/Downloads/test/.buckd/resources/7aa70a6ddc1d3bb7629801a92f5b4dbfc7d477dc/buck-modules/d.jar'
[2018-07-30 06:31:37.947][debug][command:null][tid:13][org.pf4j.PluginClassLoader] Add 'file:/Users/jack/Downloads/test/.buckd/resources/7aa70a6ddc1d3bb7629801a92f5b4dbfc7d477dc/buck-modules/d.jar'
[2018-07-30 06:31:37.947][debug][command:null][tid:13][org.pf4j.AbstractPluginManager] Loaded plugin '/Users/jack/Downloads/test/.buckd/resources/7aa70a6ddc1d3bb7629801a92f5b4dbfc7d477dc/buck-modules/d.jar' with class loader 'org.pf4j.PluginClassLoader@2092158d'
[2018-07-30 06:31:37.948][debug][command:null][tid:13][org.pf4j.AbstractPluginManager] Creating wrapper for plugin '/Users/jack/Downloads/test/.buckd/resources/7aa70a6ddc1d3bb7629801a92f5b4dbfc7d477dc/buck-modules/d.jar'
[2018-07-30 06:31:37.948][debug][command:null][tid:13][org.pf4j.AbstractPluginManager] Created wrapper 'PluginWrapper [descriptor=PluginDescriptor [pluginId=com.facebook.buck.features.d, pluginClass=com.facebook.buck.features.d.DModuleAdapterPlugin, version=0.0.1, provider=null, dependencies=[], description=, requires=*, license=null], pluginPath=/Users/jack/Downloads/test/.buckd/resources/7aa70a6ddc1d3bb7629801a92f5b4dbfc7d477dc/buck-modules/d.jar]' for plugin '/Users/jack/Downloads/test/.buckd/resources/7aa70a6ddc1d3bb7629801a92f5b4dbfc7d477dc/buck-modules/d.jar'
[2018-07-30 06:31:37.948][debug][command:null][tid:13][org.pf4j.AbstractPluginManager] Use 'org.pf4j.CompoundPluginDescriptorFinder@32e455ae' to find plugins descriptors
[2018-07-30 06:31:37.948][debug][command:null][tid:13][org.pf4j.AbstractPluginManager] Finding plugin descriptor for plugin '/Users/jack/Downloads/test/.buckd/resources/7aa70a6ddc1d3bb7629801a92f5b4dbfc7d477dc/buck-modules/ocaml.jar'
[2018-07-30 06:31:37.949][debug][command:null][tid:13][org.pf4j.CompoundPluginDescriptorFinder] 'org.pf4j.ManifestPluginDescriptorFinder@4f306c8e' is applicable for plugin '/Users/jack/Downloads/test/.buckd/resources/7aa70a6ddc1d3bb7629801a92f5b4dbfc7d477dc/buck-modules/ocaml.jar'
[2018-07-30 06:31:37.949][debug][command:null][tid:13][org.pf4j.AbstractPluginManager] Found descriptor PluginDescriptor [pluginId=com.facebook.buck.features.ocaml, pluginClass=com.facebook.buck.features.ocaml.OcamlModuleAdapterPlugin, version=0.0.1, provider=null, dependencies=[], description=, requires=*, license=null]
[2018-07-30 06:31:37.949][debug][command:null][tid:13][org.pf4j.AbstractPluginManager] Class 'com.facebook.buck.features.ocaml.OcamlModuleAdapterPlugin' for plugin '/Users/jack/Downloads/test/.buckd/resources/7aa70a6ddc1d3bb7629801a92f5b4dbfc7d477dc/buck-modules/ocaml.jar'
[2018-07-30 06:31:37.949][debug][command:null][tid:13][org.pf4j.AbstractPluginManager] Loading plugin '/Users/jack/Downloads/test/.buckd/resources/7aa70a6ddc1d3bb7629801a92f5b4dbfc7d477dc/buck-modules/ocaml.jar'
[2018-07-30 06:31:37.950][debug][command:null][tid:13][org.pf4j.PluginClassLoader] Add 'file:/Users/jack/Downloads/test/.buckd/resources/7aa70a6ddc1d3bb7629801a92f5b4dbfc7d477dc/buck-modules/ocaml.jar'
[2018-07-30 06:31:37.950][debug][command:null][tid:13][org.pf4j.AbstractPluginManager] Loaded plugin '/Users/jack/Downloads/test/.buckd/resources/7aa70a6ddc1d3bb7629801a92f5b4dbfc7d477dc/buck-modules/ocaml.jar' with class loader 'org.pf4j.PluginClassLoader@8518d50'
[2018-07-30 06:31:37.950][debug][command:null][tid:13][org.pf4j.AbstractPluginManager] Creating wrapper for plugin '/Users/jack/Downloads/test/.buckd/resources/7aa70a6ddc1d3bb7629801a92f5b4dbfc7d477dc/buck-modules/ocaml.jar'
[2018-07-30 06:31:37.950][debug][command:null][tid:13][org.pf4j.AbstractPluginManager] Created wrapper 'PluginWrapper [descriptor=PluginDescriptor [pluginId=com.facebook.buck.features.ocaml, pluginClass=com.facebook.buck.features.ocaml.OcamlModuleAdapterPlugin, version=0.0.1, provider=null, dependencies=[], description=, requires=*, license=null], pluginPath=/Users/jack/Downloads/test/.buckd/resources/7aa70a6ddc1d3bb7629801a92f5b4dbfc7d477dc/buck-modules/ocaml.jar]' for plugin '/Users/jack/Downloads/test/.buckd/resources/7aa70a6ddc1d3bb7629801a92f5b4dbfc7d477dc/buck-modules/ocaml.jar'
[2018-07-30 06:31:37.951][debug][command:null][tid:13][org.pf4j.AbstractPluginManager] Use 'org.pf4j.CompoundPluginDescriptorFinder@32e455ae' to find plugins descriptors
[2018-07-30 06:31:37.951][debug][command:null][tid:13][org.pf4j.AbstractPluginManager] Finding plugin descriptor for plugin '/Users/jack/Downloads/test/.buckd/resources/7aa70a6ddc1d3bb7629801a92f5b4dbfc7d477dc/buck-modules/dotnet.jar'
[2018-07-30 06:31:37.951][debug][command:null][tid:13][org.pf4j.CompoundPluginDescriptorFinder] 'org.pf4j.ManifestPluginDescriptorFinder@4f306c8e' is applicable for plugin '/Users/jack/Downloads/test/.buckd/resources/7aa70a6ddc1d3bb7629801a92f5b4dbfc7d477dc/buck-modules/dotnet.jar'
[2018-07-30 06:31:37.952][debug][command:null][tid:13][org.pf4j.AbstractPluginManager] Found descriptor PluginDescriptor [pluginId=com.facebook.buck.features.dotnet, pluginClass=com.facebook.buck.features.dotnet.DotnetModuleAdapterPlugin, version=0.0.1, provider=null, dependencies=[], description=, requires=*, license=null]
[2018-07-30 06:31:37.952][debug][command:null][tid:13][org.pf4j.AbstractPluginManager] Class 'com.facebook.buck.features.dotnet.DotnetModuleAdapterPlugin' for plugin '/Users/jack/Downloads/test/.buckd/resources/7aa70a6ddc1d3bb7629801a92f5b4dbfc7d477dc/buck-modules/dotnet.jar'
[2018-07-30 06:31:37.952][debug][command:null][tid:13][org.pf4j.AbstractPluginManager] Loading plugin '/Users/jack/Downloads/test/.buckd/resources/7aa70a6ddc1d3bb7629801a92f5b4dbfc7d477dc/buck-modules/dotnet.jar'
[2018-07-30 06:31:37.952][debug][command:null][tid:13][org.pf4j.PluginClassLoader] Add 'file:/Users/jack/Downloads/test/.buckd/resources/7aa70a6ddc1d3bb7629801a92f5b4dbfc7d477dc/buck-modules/dotnet.jar'
[2018-07-30 06:31:37.953][debug][command:null][tid:13][org.pf4j.AbstractPluginManager] Loaded plugin '/Users/jack/Downloads/test/.buckd/resources/7aa70a6ddc1d3bb7629801a92f5b4dbfc7d477dc/buck-modules/dotnet.jar' with class loader 'org.pf4j.PluginClassLoader@4f104e9f'
[2018-07-30 06:31:37.953][debug][command:null][tid:13][org.pf4j.AbstractPluginManager] Creating wrapper for plugin '/Users/jack/Downloads/test/.buckd/resources/7aa70a6ddc1d3bb7629801a92f5b4dbfc7d477dc/buck-modules/dotnet.jar'
[2018-07-30 06:31:37.953][debug][command:null][tid:13][org.pf4j.AbstractPluginManager] Created wrapper 'PluginWrapper [descriptor=PluginDescriptor [pluginId=com.facebook.buck.features.dotnet, pluginClass=com.facebook.buck.features.dotnet.DotnetModuleAdapterPlugin, version=0.0.1, provider=null, dependencies=[], description=, requires=*, license=null], pluginPath=/Users/jack/Downloads/test/.buckd/resources/7aa70a6ddc1d3bb7629801a92f5b4dbfc7d477dc/buck-modules/dotnet.jar]' for plugin '/Users/jack/Downloads/test/.buckd/resources/7aa70a6ddc1d3bb7629801a92f5b4dbfc7d477dc/buck-modules/dotnet.jar'
[2018-07-30 06:31:37.955][debug][command:null][tid:13][org.pf4j.DependencyResolver] Graph: 
   com.facebook.buck.features.lua -> [com.facebook.buck.features.python]
   com.facebook.buck.features.go -> []
   com.facebook.buck.features.d -> []
   com.facebook.buck.features.rust -> []
   com.facebook.buck.features.zip.rules -> [com.facebook.buck.features.filebundler]
   com.facebook.buck.features.filegroup -> [com.facebook.buck.features.filebundler]
   com.facebook.buck.features.gwt -> []
   com.facebook.buck.features.filebundler -> []
   com.facebook.buck.features.haskell -> []
   com.facebook.buck.features.dotnet -> []
   com.facebook.buck.features.python -> []
   com.facebook.buck.features.ocaml -> []
[2018-07-30 06:31:37.956][debug][command:null][tid:13][org.pf4j.DependencyResolver] Plugins order: [com.facebook.buck.features.python, com.facebook.buck.features.lua, com.facebook.buck.features.go, com.facebook.buck.features.d, com.facebook.buck.features.rust, com.facebook.buck.features.filebundler, com.facebook.buck.features.zip.rules, com.facebook.buck.features.filegroup, com.facebook.buck.features.gwt, com.facebook.buck.features.haskell, com.facebook.buck.features.dotnet, com.facebook.buck.features.ocaml]
[2018-07-30 06:31:37.957][info ][command:null][tid:13][org.pf4j.AbstractPluginManager] Plugin 'com.facebook.buck.features.python@0.0.1' resolved
[2018-07-30 06:31:37.958][info ][command:null][tid:13][org.pf4j.AbstractPluginManager] Plugin 'com.facebook.buck.features.lua@0.0.1' resolved
[2018-07-30 06:31:37.958][info ][command:null][tid:13][org.pf4j.AbstractPluginManager] Plugin 'com.facebook.buck.features.go@0.0.1' resolved
[2018-07-30 06:31:37.958][info ][command:null][tid:13][org.pf4j.AbstractPluginManager] Plugin 'com.facebook.buck.features.d@0.0.1' resolved
[2018-07-30 06:31:37.961][info ][command:null][tid:13][org.pf4j.AbstractPluginManager] Plugin 'com.facebook.buck.features.rust@0.0.1' resolved
[2018-07-30 06:31:37.961][info ][command:null][tid:13][org.pf4j.AbstractPluginManager] Plugin 'com.facebook.buck.features.filebundler@0.0.1' resolved
[2018-07-30 06:31:37.961][info ][command:null][tid:13][org.pf4j.AbstractPluginManager] Plugin 'com.facebook.buck.features.zip.rules@0.0.1' resolved
[2018-07-30 06:31:37.961][info ][command:null][tid:13][org.pf4j.AbstractPluginManager] Plugin 'com.facebook.buck.features.filegroup@0.0.1' resolved
[2018-07-30 06:31:37.961][info ][command:null][tid:13][org.pf4j.AbstractPluginManager] Plugin 'com.facebook.buck.features.gwt@0.0.1' resolved
[2018-07-30 06:31:37.961][info ][command:null][tid:13][org.pf4j.AbstractPluginManager] Plugin 'com.facebook.buck.features.haskell@0.0.1' resolved
[2018-07-30 06:31:37.961][info ][command:null][tid:13][org.pf4j.AbstractPluginManager] Plugin 'com.facebook.buck.features.dotnet@0.0.1' resolved
[2018-07-30 06:31:37.962][info ][command:null][tid:13][org.pf4j.AbstractPluginManager] Plugin 'com.facebook.buck.features.ocaml@0.0.1' resolved
[2018-07-30 06:31:37.962][info ][command:null][tid:13][org.pf4j.AbstractPluginManager] Start plugin 'com.facebook.buck.features.python@0.0.1'
[2018-07-30 06:31:37.962][debug][command:null][tid:13][org.pf4j.DefaultExtensionFactory] Create instance for plugin 'com.facebook.buck.features.python.PythonModuleAdapterPlugin'
[2018-07-30 06:31:37.966][info ][command:null][tid:13][org.pf4j.AbstractPluginManager] Start plugin 'com.facebook.buck.features.lua@0.0.1'
[2018-07-30 06:31:37.967][debug][command:null][tid:13][org.pf4j.DefaultExtensionFactory] Create instance for plugin 'com.facebook.buck.features.lua.LuaModuleAdapterPlugin'
[2018-07-30 06:31:37.967][info ][command:null][tid:13][org.pf4j.AbstractPluginManager] Start plugin 'com.facebook.buck.features.go@0.0.1'
[2018-07-30 06:31:37.967][debug][command:null][tid:13][org.pf4j.DefaultExtensionFactory] Create instance for plugin 'com.facebook.buck.features.go.GoModuleAdapterPlugin'
[2018-07-30 06:31:37.968][info ][command:null][tid:13][org.pf4j.AbstractPluginManager] Start plugin 'com.facebook.buck.features.d@0.0.1'
[2018-07-30 06:31:37.968][debug][command:null][tid:13][org.pf4j.DefaultExtensionFactory] Create instance for plugin 'com.facebook.buck.features.d.DModuleAdapterPlugin'
[2018-07-30 06:31:37.969][info ][command:null][tid:13][org.pf4j.AbstractPluginManager] Start plugin 'com.facebook.buck.features.rust@0.0.1'
[2018-07-30 06:31:37.969][debug][command:null][tid:13][org.pf4j.DefaultExtensionFactory] Create instance for plugin 'com.facebook.buck.features.rust.RustModuleAdapterPlugin'
[2018-07-30 06:31:37.970][info ][command:null][tid:13][org.pf4j.AbstractPluginManager] Start plugin 'com.facebook.buck.features.filebundler@0.0.1'
[2018-07-30 06:31:37.970][debug][command:null][tid:13][org.pf4j.DefaultExtensionFactory] Create instance for plugin 'com.facebook.buck.features.filebundler.FileBundlerModuleAdapterPlugin'
[2018-07-30 06:31:37.971][info ][command:null][tid:13][org.pf4j.AbstractPluginManager] Start plugin 'com.facebook.buck.features.zip.rules@0.0.1'
[2018-07-30 06:31:37.971][debug][command:null][tid:13][org.pf4j.DefaultExtensionFactory] Create instance for plugin 'com.facebook.buck.features.zip.rules.ZipRulesModuleAdapterPlugin'
[2018-07-30 06:31:37.972][info ][command:null][tid:13][org.pf4j.AbstractPluginManager] Start plugin 'com.facebook.buck.features.filegroup@0.0.1'
[2018-07-30 06:31:37.972][debug][command:null][tid:13][org.pf4j.DefaultExtensionFactory] Create instance for plugin 'com.facebook.buck.features.filegroup.FilegroupModuleAdapterPlugin'
[2018-07-30 06:31:37.973][info ][command:null][tid:13][org.pf4j.AbstractPluginManager] Start plugin 'com.facebook.buck.features.gwt@0.0.1'
[2018-07-30 06:31:37.973][debug][command:null][tid:13][org.pf4j.DefaultExtensionFactory] Create instance for plugin 'com.facebook.buck.features.gwt.GwtBuckModuleAdapterPlugin'
[2018-07-30 06:31:37.974][info ][command:null][tid:13][org.pf4j.AbstractPluginManager] Start plugin 'com.facebook.buck.features.haskell@0.0.1'
[2018-07-30 06:31:37.974][debug][command:null][tid:13][org.pf4j.DefaultExtensionFactory] Create instance for plugin 'com.facebook.buck.features.haskell.HaskellModuleAdapterPlugin'
[2018-07-30 06:31:37.975][info ][command:null][tid:13][org.pf4j.AbstractPluginManager] Start plugin 'com.facebook.buck.features.dotnet@0.0.1'
[2018-07-30 06:31:37.975][debug][command:null][tid:13][org.pf4j.DefaultExtensionFactory] Create instance for plugin 'com.facebook.buck.features.dotnet.DotnetModuleAdapterPlugin'
[2018-07-30 06:31:37.976][info ][command:null][tid:13][org.pf4j.AbstractPluginManager] Start plugin 'com.facebook.buck.features.ocaml@0.0.1'
[2018-07-30 06:31:37.976][debug][command:null][tid:13][org.pf4j.DefaultExtensionFactory] Create instance for plugin 'com.facebook.buck.features.ocaml.OcamlModuleAdapterPlugin'
[2018-07-30 06:31:38.083][debug][command:null][tid:13][com.facebook.buck.cli.Main] Rotating log.
[2018-07-30 06:31:38.090][debug][command:null][tid:13][com.facebook.buck.cli.Main] Starting up (build date 2018-06-25 20:19:01 +0900, rev 7aa70a6ddc1d3bb7629801a92f5b4dbfc7d477dc), args: [clean]
[2018-07-30 06:31:38.096][debug][command:null][tid:13][com.facebook.buck.cli.Main] System properties: {java.vendor=Oracle Corporation, sun.java.launcher=SUN_STANDARD, sun.management.compiler=HotSpot 64-Bit Tiered Compilers, jnidispatch.path=/Users/jack/Downloads/test/.buckd/tmp/buck_run.0fV4zH/jna-3254239/jna9023614317298656989.tmp, os.name=Mac OS X, buck.enable_objc=true, sun.boot.class.path=/Library/Java/JavaVirtualMachines/jdk1.8.0_151.jdk/Contents/Home/jre/lib/resources.jar:/Library/Java/JavaVirtualMachines/jdk1.8.0_151.jdk/Contents/Home/jre/lib/rt.jar:/Library/Java/JavaVirtualMachines/jdk1.8.0_151.jdk/Contents/Home/jre/lib/sunrsasign.jar:/Library/Java/JavaVirtualMachines/jdk1.8.0_151.jdk/Contents/Home/jre/lib/jsse.jar:/Library/Java/JavaVirtualMachines/jdk1.8.0_151.jdk/Contents/Home/jre/lib/jce.jar:/Library/Java/JavaVirtualMachines/jdk1.8.0_151.jdk/Contents/Home/jre/lib/charsets.jar:/Library/Java/JavaVirtualMachines/jdk1.8.0_151.jdk/Contents/Home/jre/lib/jfr.jar:/Library/Java/JavaVirtualMachines/jdk1.8.0_151.jdk/Contents/Home/jre/classes, buck.module.resources=/Users/jack/Downloads/test/.buckd/resources/7aa70a6ddc1d3bb7629801a92f5b4dbfc7d477dc/buck-modules-resources, pf4j.pluginsDir=/Users/jack/Downloads/test/.buckd/resources/7aa70a6ddc1d3bb7629801a92f5b4dbfc7d477dc/buck-modules, buck.resource_lock_path=/Users/jack/Downloads/test/.buckd/resources/7aa70a6ddc1d3bb7629801a92f5b4dbfc7d477dc/.buck_lock, buck.path_to_isolated_trampoline=/Users/jack/Downloads/test/.buckd/resources/7aa70a6ddc1d3bb7629801a92f5b4dbfc7d477dc/path_to_isolated_trampoline, java.vm.specification.vendor=Oracle Corporation, java.runtime.version=1.8.0_151-b12, jna.loaded=true, buck.testrunner_classes=/Users/jack/Downloads/test/.buckd/resources/7aa70a6ddc1d3bb7629801a92f5b4dbfc7d477dc/testrunner_classes, buck.logging_config_file=/Users/jack/Downloads/test/.buckd/resources/7aa70a6ddc1d3bb7629801a92f5b4dbfc7d477dc/logging_config_file, buck.path_to_sh_binary_template=/Users/jack/Downloads/test/.buckd/resources/7aa70a6ddc1d3bb7629801a92f5b4dbfc7d477dc/path_to_sh_binary_template, user.name=jack, user.language.format=en, buck.path_to_pywatchman=/Users/jack/Downloads/test/.buckd/resources/7aa70a6ddc1d3bb7629801a92f5b4dbfc7d477dc/path_to_pywatchman, buck.report_generator_jar=/Users/jack/Downloads/test/.buckd/resources/7aa70a6ddc1d3bb7629801a92f5b4dbfc7d477dc/report_generator_jar, buck.git_commit=7aa70a6ddc1d3bb7629801a92f5b4dbfc7d477dc, user.language=zh, sun.boot.library.path=/Library/Java/JavaVirtualMachines/jdk1.8.0_151.jdk/Contents/Home/jre/lib, jna.nosys=true, java.version=1.8.0_151, user.timezone=Asia/Tokyo, buck.test_util_no_tests_dir=true, sun.arch.data.model=64, java.endorsed.dirs=/Library/Java/JavaVirtualMachines/jdk1.8.0_151.jdk/Contents/Home/jre/lib/endorsed, sun.cpu.isalist=, sun.jnu.encoding=UTF-8, file.encoding.pkg=sun.io, file.separator=/, java.specification.name=Java Platform API Specification, buck.jacoco_agent_jar=/Users/jack/Downloads/test/.buckd/resources/7aa70a6ddc1d3bb7629801a92f5b4dbfc7d477dc/jacoco_agent_jar, java.class.version=52.0, user.country=CN, buck.binary_hash=30443c48d669a411211fa5d312e81080, java.home=/Library/Java/JavaVirtualMachines/jdk1.8.0_151.jdk/Contents/Home/jre, buck.fix_script=/Users/jack/Downloads/test/.buckd/resources/7aa70a6ddc1d3bb7629801a92f5b4dbfc7d477dc/fix_script, java.vm.info=mixed mode, os.version=10.13.6, buck.external_executor_jar=/Users/jack/Downloads/test/.buckd/resources/7aa70a6ddc1d3bb7629801a92f5b4dbfc7d477dc/external_executor_jar, buck.version_uid=7aa70a6ddc1d3bb7629801a92f5b4dbfc7d477dc, org.eclipse.jetty.util.log.class=org.eclipse.jetty.util.log.JavaUtilLog, path.separator=:, java.vm.version=25.151-b12, java.awt.printerjob=sun.lwawt.macosx.CPrinterJob, sun.io.unicode.encoding=UnicodeBig, awt.toolkit=sun.lwawt.macosx.LWCToolkit, buck.mode=package, buck.buck_build_type_info=/Users/jack/Downloads/test/.buckd/resources/7aa70a6ddc1d3bb7629801a92f5b4dbfc7d477dc/buck_build_type_info, buck.dx=/Users/jack/Downloads/test/.buckd/resources/7aa70a6ddc1d3bb7629801a92f5b4dbfc7d477dc/dx, buck.git_commit_timestamp=1529925541, user.home=/Users/jack, java.specification.vendor=Oracle Corporation, buck.git_dirty=0, java.library.path=/Users/jack/Downloads/test/.buckd/resources/7aa70a6ddc1d3bb7629801a92f5b4dbfc7d477dc, java.vendor.url=http://java.oracle.com/, java.vm.vendor=Oracle Corporation, gopherProxySet=false, java.runtime.name=Java(TM) SE Runtime Environment, sun.java.command=com.facebook.buck.cli.bootstrapper.ClassLoaderBootstrapper com.facebook.buck.cli.Main$DaemonBootstrap local:.buckd/sock 120000, java.class.path=/Users/jack/Downloads/test/.buckd/resources/7aa70a6ddc1d3bb7629801a92f5b4dbfc7d477dc/bootstrapper_jar, buck.buckd_dir=/Users/jack/Downloads/test/.buckd, buck.path_to_pathlib_py=/Users/jack/Downloads/test/.buckd/resources/7aa70a6ddc1d3bb7629801a92f5b4dbfc7d477dc/pathlib.py, buck.buckd_launch_time_nanos=112258165462115, java.vm.specification.name=Java Virtual Machine Specification, com.martiansoftware.nailgun.NGServer.outputPath=/Users/jack/Downloads/test/.buckd/tmp/buck_run.0fV4zH/ngserver-out, java.vm.specification.version=1.8, sun.cpu.endian=little, sun.os.patch.level=unknown, java.awt.headless=true, java.io.tmpdir=/Users/jack/Downloads/test/.buckd/tmp/buck_run.0fV4zH, buck.android_agent_path=/Users/jack/Downloads/test/.buckd/resources/7aa70a6ddc1d3bb7629801a92f5b4dbfc7d477dc/android_agent_path, java.vendor.url.bug=http://bugreport.sun.com/bugreport/, buck.path_to_python_dsl=, jna.platform.library.path=/usr/lib:/usr/lib, os.arch=x86_64, java.awt.graphicsenv=sun.awt.CGraphicsEnvironment, java.ext.dirs=/Users/jack/Library/Java/Extensions:/Library/Java/JavaVirtualMachines/jdk1.8.0_151.jdk/Contents/Home/jre/lib/ext:/Library/Java/Extensions:/Network/Library/Java/Extensions:/System/Library/Java/Extensions:/usr/lib/java, java.util.logging.config.class=com.facebook.buck.cli.bootstrapper.LogConfig, user.dir=/Users/jack/Downloads/test, java.nio.file.spi.DefaultFileSystemProvider=com.facebook.buck.cli.bootstrapper.filesystem.BuckFileSystemProvider, line.separator=
, java.vm.name=Java HotSpot(TM) 64-Bit Server VM, buck.path_to_typing=/Users/jack/Downloads/test/.buckd/resources/7aa70a6ddc1d3bb7629801a92f5b4dbfc7d477dc/path_to_typing, buck.native_exopackage_fake_path=/Users/jack/Downloads/test/.buckd/resources/7aa70a6ddc1d3bb7629801a92f5b4dbfc7d477dc/native_exopackage_fake_path, file.encoding=UTF-8, java.specification.version=1.8}
[2018-07-30 06:31:38.191][debug][command:null][tid:13][com.facebook.buck.util.config.Configs] Loading configuration for /Users/jack/Downloads/test
[2018-07-30 06:31:38.192][debug][command:null][tid:13][com.facebook.buck.util.config.Configs] Loaded project configuration file /Users/jack/Downloads/test/.buckconfig
[2018-07-30 06:31:38.192][debug][command:null][tid:13][com.facebook.buck.util.config.Configs] Loaded a configuration file /Users/jack/Downloads/test/.buckconfig.local, {android={build_tools_version=24.0.2, target=android-24}, buildfile={includes=//.okbuck/defs/DEFS}, kotlin={kotlin_home=.okbuck/cache/kotlin_home}, tools={proguard=.okbuck/cache/proguard/proguard-base-6.0.3.jar}}
[2018-07-30 06:31:38.192][debug][command:null][tid:13][com.facebook.buck.util.config.Configs] Adding configuration overrides RawConfig{values={}}
[2018-07-30 06:31:38.452][info ][command:null][tid:13][com.facebook.buck.io.WatchmanFactory] Creating for: [/Users/jack/Downloads/test]
[2018-07-30 06:31:38.535][debug][command:null][tid:13][com.facebook.buck.io.ExecutableFinder] Executable 'watchman' mapped to 'Optional[/usr/local/bin/watchman]'
[2018-07-30 06:31:38.543][debug][command:null][tid:13][com.facebook.buck.util.ListeningProcessExecutor] Launching process with params ProcessExecutorParams{command=[/usr/local/bin/watchman, --output-encoding=bser, get-sockname]}
[2018-07-30 06:31:38.611][debug][command:null][tid:13][com.facebook.buck.util.ListeningProcessExecutor] Successfully launched process com.zaxxer.nuprocess.osx.OsxProcess@4f1769b8
[2018-07-30 06:31:38.612][debug][command:null][tid:13][com.facebook.buck.util.ListeningProcessExecutor] Waiting for process com.facebook.buck.util.ListeningProcessExecutor$LaunchedProcessImpl@1cfda9f4 timeout 1000000000 NANOSECONDS
[2018-07-30 06:31:38.627][debug][command:null][tid:13][com.facebook.buck.util.ListeningProcessExecutor] Wait for process returned 0
[2018-07-30 06:31:38.632][debug][command:null][tid:13][com.facebook.buck.io.WatchmanFactory] Waited 15 ms for Watchman command get-sockname, exit code 0
[2018-07-30 06:31:38.648][debug][command:null][tid:13][com.facebook.buck.io.WatchmanFactory] stdout of command: {sockname=/usr/local/var/run/watchman/jack-state/sock, version=4.9.0}
[2018-07-30 06:31:38.649][info ][command:null][tid:13][com.facebook.buck.io.WatchmanFactory] Connecting to Watchman version 4.9.0 at /usr/local/var/run/watchman/jack-state/sock
[2018-07-30 06:31:38.702][debug][command:null][tid:20][com.facebook.buck.io.WatchmanTransportClient] Sending query: [version, {required=[cmd-watch-project], optional=[term-dirname, cmd-watch-project, wildmatch, wildmatch_multislash, glob_generator, clock-sync-timeout]}]
[2018-07-30 06:31:38.706][debug][command:null][tid:13][com.facebook.buck.io.WatchmanTransportClient] Query [version, {required=[cmd-watch-project], optional=[term-dirname, cmd-watch-project, wildmatch, wildmatch_multislash, glob_generator, clock-sync-timeout]}] returned in 4 ms
[2018-07-30 06:31:38.707][info ][command:null][tid:13][com.facebook.buck.io.WatchmanFactory] Took 15 ms to query capabilities {term-dirname=DIRNAME, cmd-watch-project=SUPPORTS_PROJECT_WATCH, wildmatch=WILDMATCH_GLOB, wildmatch_multislash=WILDMATCH_MULTISLASH, glob_generator=GLOB_GENERATOR, clock-sync-timeout=CLOCK_SYNC_TIMEOUT}
[2018-07-30 06:31:38.707][debug][command:null][tid:13][com.facebook.buck.io.WatchmanFactory] Got capabilities response: {clock-sync-timeout=true, glob_generator=true, wildmatch_multislash=false, cmd-watch-project=true, wildmatch=true, term-dirname=true}
[2018-07-30 06:31:38.708][debug][command:null][tid:13][com.facebook.buck.io.WatchmanFactory] Got Watchman capabilities: [CLOCK_SYNC_TIMEOUT, GLOB_GENERATOR, SUPPORTS_PROJECT_WATCH, WILDMATCH_GLOB, DIRNAME]
[2018-07-30 06:31:38.708][info ][command:null][tid:13][com.facebook.buck.io.WatchmanFactory] Adding watchman root: /Users/jack/Downloads/test
[2018-07-30 06:31:38.708][debug][command:null][tid:20][com.facebook.buck.io.WatchmanTransportClient] Sending query: [watch-project, /Users/jack/Downloads/test]
[2018-07-30 06:31:38.709][debug][command:null][tid:13][com.facebook.buck.io.WatchmanTransportClient] Query [watch-project, /Users/jack/Downloads/test] returned in 0 ms
[2018-07-30 06:31:38.709][debug][command:null][tid:20][com.facebook.buck.io.WatchmanTransportClient] Sending query: [watch-project, /Users/jack/Downloads/test]
[2018-07-30 06:31:38.711][debug][command:null][tid:13][com.facebook.buck.io.WatchmanTransportClient] Query [watch-project, /Users/jack/Downloads/test] returned in 1 ms
[2018-07-30 06:31:38.711][info ][command:null][tid:13][com.facebook.buck.io.WatchmanFactory] Took 3 ms to add root /Users/jack/Downloads/test
[2018-07-30 06:31:38.716][debug][command:null][tid:20][com.facebook.buck.io.WatchmanTransportClient] Sending query: [clock, /Users/jack/Downloads/test, {sync_timeout=100}]
[2018-07-30 06:31:38.727][debug][command:null][tid:13][com.facebook.buck.io.WatchmanTransportClient] Query [clock, /Users/jack/Downloads/test, {sync_timeout=100}] returned in 11 ms
[2018-07-30 06:31:38.728][info ][command:null][tid:13][com.facebook.buck.io.WatchmanFactory] Took 11 ms to query for initial clock id Optional[c:1532259872:486:6:252]
[2018-07-30 06:31:38.728][debug][command:null][tid:13][com.facebook.buck.io.WatchmanFactory] Connected to Watchman
[2018-07-30 06:31:38.728][debug][command:null][tid:13][com.facebook.buck.io.WatchmanTransportClient] Closing Watchman transport.
[2018-07-30 06:31:38.730][debug][command:null][tid:13][com.facebook.buck.cli.Main] Watchman capabilities: [CLOCK_SYNC_TIMEOUT, GLOB_GENERATOR, SUPPORTS_PROJECT_WATCH, WILDMATCH_GLOB, DIRNAME] Project watches: {/Users/jack/Downloads/test=ProjectWatch{watchRoot=/Users/jack/Downloads/test}} Glob handler config: PYTHON Query timeout ms config: Optional.empty
[2018-07-30 06:31:38.934][debug][command:null][tid:13][com.facebook.buck.cli.DaemonLifecycleManager] Starting up daemon for project root [/Users/jack/Downloads/test]
[2018-07-30 06:31:39.870][warn ][command:null][tid:13][com.facebook.buck.cli.Daemon] Can't start web server
[2018-07-30 06:31:39.872][debug][command:null][tid:13][com.facebook.buck.cli.Daemon] Using Watchman Cursor: {/Users/jack/Downloads/test=c:1532259872:486:6:252}
