[2018-07-30 08:22:07.876][debug][command:d56637dd-2f4d-44b6-8fd5-6d81c23623f3][tid:13][com.facebook.buck.event.listener.SuperConsoleEventBusListener] Starting render scheduler (interval 100 ms)
[2018-07-30 08:22:07.878][debug][command:d56637dd-2f4d-44b6-8fd5-6d81c23623f3][tid:13][com.google.common.util.concurrent.ServiceManager] Starting PerfStatsTracking [RUNNING].
[2018-07-30 08:22:07.878][debug][command:d56637dd-2f4d-44b6-8fd5-6d81c23623f3][tid:13][com.google.common.util.concurrent.ServiceManager] Started PerfStatsTracking [RUNNING] in 853.7 μs.
[2018-07-30 08:22:07.880][debug][command:null][tid:199][com.facebook.buck.util.perf.ProcessTracker] startUp
[2018-07-30 08:22:07.880][debug][command:null][tid:199][com.facebook.buck.util.perf.ProcessTracker] startUp
[2018-07-30 08:22:07.880][debug][command:d56637dd-2f4d-44b6-8fd5-6d81c23623f3][tid:13][com.google.common.util.concurrent.ServiceManager] Starting ProcessTracker [STARTING].
[2018-07-30 08:22:07.881][debug][command:d56637dd-2f4d-44b6-8fd5-6d81c23623f3][tid:13][com.facebook.buck.util.environment.MacWifiSsidFinder] Getting current SSID..
[2018-07-30 08:22:07.883][debug][command:null][tid:199][com.google.common.util.concurrent.ServiceManager] Started ProcessTracker [RUNNING] in 3.679 ms.
[2018-07-30 08:22:07.883][debug][command:null][tid:199][com.google.common.util.concurrent.ServiceManager] Started ProcessTracker [RUNNING] in 3.679 ms.
[2018-07-30 08:22:07.882][debug][command:d56637dd-2f4d-44b6-8fd5-6d81c23623f3][tid:13][com.facebook.buck.util.environment.MacWifiSsidFinder] Getting SSID from Wi-Fi interface: <CWInterface: 0x7ff950e18af0> [interfaceName=en0]
[2018-07-30 08:22:07.885][debug][command:d56637dd-2f4d-44b6-8fd5-6d81c23623f3][tid:13][com.facebook.buck.util.environment.MacWifiSsidFinder] Found SSID: W04_5001D9ED9BB3
[2018-07-30 08:22:07.885][debug][command:d56637dd-2f4d-44b6-8fd5-6d81c23623f3][tid:13][com.facebook.buck.cli.Main] InvocationInfo BuildId=[d56637dd-2f4d-44b6-8fd5-6d81c23623f3] Args=[install, --run, //app:bin_debug]
[2018-07-30 08:22:07.897][warn ][command:d56637dd-2f4d-44b6-8fd5-6d81c23623f3][tid:13][com.facebook.buck.event.listener.PublicAnnouncementManager] Failed to get public announcements. Reason: Failed to establish connection to server.
[2018-07-30 08:22:07.898][info ][command:null][tid:203][com.facebook.buck.util.versioncontrol.VersionControlStatsGenerator] Starting generation of version control stats.
[2018-07-30 08:22:07.898][info ][command:null][tid:203][com.facebook.buck.util.versioncontrol.VersionControlStatsGenerator] Starting generation of version control stats.
[2018-07-30 08:22:07.898][debug][command:null][tid:203][com.facebook.buck.util.versioncontrol.VersionControlCmdLineInterface] Executing command: hg log -l 1 --template {node|short}
[2018-07-30 08:22:07.898][debug][command:null][tid:203][com.facebook.buck.util.versioncontrol.VersionControlCmdLineInterface] Executing command: hg log -l 1 --template {node|short}
[2018-07-30 08:22:07.910][debug][command:null][tid:208][com.facebook.buck.io.WatchmanTransportClient] Sending query: [query, /Users/jack/Downloads/test, {since=c:1532259872:486:6:632, expression=[not, [anyof, [type, d], [dirname, .idea], [dirname, .buckd], [dirname, buck-out/cache], [dirname, buck-out/.trash], [dirname, buck-out], [match, **/*.pbxproj, wholename, {includedotfiles=true}], [match, **/*.xcscheme, wholename, {includedotfiles=true}], [match, **/*.xcworkspacedata, wholename, {includedotfiles=true}], [match, **/*~, wholename, {includedotfiles=true}], [match, **/#*#, wholename, {includedotfiles=true}], [match, **/.#*, wholename, {includedotfiles=true}], [match, **/*.swo, wholename, {includedotfiles=true}], [match, **/*.swp, wholename, {includedotfiles=true}], [match, **/*.swpx, wholename, {includedotfiles=true}], [match, **/*.un~, wholename, {includedotfiles=true}], [match, **/.netrhwist, wholename, {includedotfiles=true}], [match, .idea, wholename, {includedotfiles=true}], [match, .iml, wholename, {includedotfiles=true}], [match, **/*.pydevproject, wholename, {includedotfiles=true}], [match, .project, wholename, {includedotfiles=true}], [match, .metadata, wholename, {includedotfiles=true}], [match, **/*.tmp, wholename, {includedotfiles=true}], [match, **/*.bak, wholename, {includedotfiles=true}], [match, **/*~.nib, wholename, {includedotfiles=true}], [match, .classpath, wholename, {includedotfiles=true}], [match, .settings, wholename, {includedotfiles=true}], [match, .loadpath, wholename, {includedotfiles=true}], [match, .externalToolBuilders, wholename, {includedotfiles=true}], [match, .cproject, wholename, {includedotfiles=true}], [match, .buildpath, wholename, {includedotfiles=true}], [match, .DS_Store, wholename, {includedotfiles=true}], [match, .AppleDouble, wholename, {includedotfiles=true}], [match, .LSOverride, wholename, {includedotfiles=true}], [match, .Spotlight-V100, wholename, {includedotfiles=true}], [match, .Trashes, wholename, {includedotfiles=true}], [match, $RECYCLE.BIN, wholename, {includedotfiles=true}], [match, .*.sublime-workspace, wholename, {includedotfiles=true}]]], empty_on_fresh_instance=true, fields=[name, exists, new]}]
[2018-07-30 08:22:07.910][debug][command:null][tid:208][com.facebook.buck.io.WatchmanTransportClient] Sending query: [query, /Users/jack/Downloads/test, {since=c:1532259872:486:6:632, expression=[not, [anyof, [type, d], [dirname, .idea], [dirname, .buckd], [dirname, buck-out/cache], [dirname, buck-out/.trash], [dirname, buck-out], [match, **/*.pbxproj, wholename, {includedotfiles=true}], [match, **/*.xcscheme, wholename, {includedotfiles=true}], [match, **/*.xcworkspacedata, wholename, {includedotfiles=true}], [match, **/*~, wholename, {includedotfiles=true}], [match, **/#*#, wholename, {includedotfiles=true}], [match, **/.#*, wholename, {includedotfiles=true}], [match, **/*.swo, wholename, {includedotfiles=true}], [match, **/*.swp, wholename, {includedotfiles=true}], [match, **/*.swpx, wholename, {includedotfiles=true}], [match, **/*.un~, wholename, {includedotfiles=true}], [match, **/.netrhwist, wholename, {includedotfiles=true}], [match, .idea, wholename, {includedotfiles=true}], [match, .iml, wholename, {includedotfiles=true}], [match, **/*.pydevproject, wholename, {includedotfiles=true}], [match, .project, wholename, {includedotfiles=true}], [match, .metadata, wholename, {includedotfiles=true}], [match, **/*.tmp, wholename, {includedotfiles=true}], [match, **/*.bak, wholename, {includedotfiles=true}], [match, **/*~.nib, wholename, {includedotfiles=true}], [match, .classpath, wholename, {includedotfiles=true}], [match, .settings, wholename, {includedotfiles=true}], [match, .loadpath, wholename, {includedotfiles=true}], [match, .externalToolBuilders, wholename, {includedotfiles=true}], [match, .cproject, wholename, {includedotfiles=true}], [match, .buildpath, wholename, {includedotfiles=true}], [match, .DS_Store, wholename, {includedotfiles=true}], [match, .AppleDouble, wholename, {includedotfiles=true}], [match, .LSOverride, wholename, {includedotfiles=true}], [match, .Spotlight-V100, wholename, {includedotfiles=true}], [match, .Trashes, wholename, {includedotfiles=true}], [match, $RECYCLE.BIN, wholename, {includedotfiles=true}], [match, .*.sublime-workspace, wholename, {includedotfiles=true}]]], empty_on_fresh_instance=true, fields=[name, exists, new]}]
[2018-07-30 08:22:07.918][warn ][command:null][tid:203][com.facebook.buck.util.versioncontrol.DelegatingVersionControlCmdLineInterface] Mercurial is the only VCS supported for VCS stats generation, however current project (which has enabled VCS stats generation in its .buckconfig) does not appear to be a Mercurial repository: 
com.facebook.buck.util.versioncontrol.VersionControlCommandFailedException: java.io.IOException: Cannot run program "hg" (in directory "/Users/jack/Downloads/test"): error=2, No such file or directory
[2018-07-30 08:22:07.918][warn ][command:null][tid:203][com.facebook.buck.util.versioncontrol.DelegatingVersionControlCmdLineInterface] Mercurial is the only VCS supported for VCS stats generation, however current project (which has enabled VCS stats generation in its .buckconfig) does not appear to be a Mercurial repository: 
com.facebook.buck.util.versioncontrol.VersionControlCommandFailedException: java.io.IOException: Cannot run program "hg" (in directory "/Users/jack/Downloads/test"): error=2, No such file or directory
[2018-07-30 08:22:07.918][debug][command:null][tid:203][com.facebook.buck.util.versioncontrol.DelegatingVersionControlCmdLineInterface] Using NoOpCmdLineInterface.
[2018-07-30 08:22:07.918][debug][command:null][tid:203][com.facebook.buck.util.versioncontrol.DelegatingVersionControlCmdLineInterface] Using NoOpCmdLineInterface.
[2018-07-30 08:22:07.918][warn ][command:null][tid:203][com.facebook.buck.util.versioncontrol.VersionControlStatsGenerator] Skipping generation of version control stats as unsupported repository type.
[2018-07-30 08:22:07.918][warn ][command:null][tid:203][com.facebook.buck.util.versioncontrol.VersionControlStatsGenerator] Skipping generation of version control stats as unsupported repository type.
[2018-07-30 08:22:07.918][debug][command:null][tid:203][com.facebook.buck.util.environment.MacNetworkConfiguration] Determine network service order and extract device names
[2018-07-30 08:22:07.918][debug][command:null][tid:203][com.facebook.buck.util.environment.MacNetworkConfiguration] Determine network service order and extract device names
[2018-07-30 08:22:07.919][debug][command:null][tid:203][com.facebook.buck.util.ListeningProcessExecutor] Launching process with params ProcessExecutorParams{command=[networksetup, -listnetworkserviceorder, ]}
[2018-07-30 08:22:07.919][debug][command:null][tid:203][com.facebook.buck.util.ListeningProcessExecutor] Launching process with params ProcessExecutorParams{command=[networksetup, -listnetworkserviceorder, ]}
[2018-07-30 08:22:07.928][debug][command:null][tid:203][com.facebook.buck.util.ListeningProcessExecutor] Successfully launched process com.zaxxer.nuprocess.osx.OsxProcess@5a434358
[2018-07-30 08:22:07.928][debug][command:null][tid:203][com.facebook.buck.util.ListeningProcessExecutor] Successfully launched process com.zaxxer.nuprocess.osx.OsxProcess@5a434358
[2018-07-30 08:22:07.929][debug][command:null][tid:203][com.facebook.buck.util.ListeningProcessExecutor] Waiting for process com.facebook.buck.util.ListeningProcessExecutor$LaunchedProcessImpl@76a5d132 timeout 1000 MILLISECONDS
[2018-07-30 08:22:07.929][debug][command:null][tid:203][com.facebook.buck.util.ListeningProcessExecutor] Waiting for process com.facebook.buck.util.ListeningProcessExecutor$LaunchedProcessImpl@76a5d132 timeout 1000 MILLISECONDS
[2018-07-30 08:22:07.939][debug][command:null][tid:207][com.facebook.buck.io.WatchmanTransportClient] Query [query, /Users/jack/Downloads/test, {since=c:1532259872:486:6:632, expression=[not, [anyof, [type, d], [dirname, .idea], [dirname, .buckd], [dirname, buck-out/cache], [dirname, buck-out/.trash], [dirname, buck-out], [match, **/*.pbxproj, wholename, {includedotfiles=true}], [match, **/*.xcscheme, wholename, {includedotfiles=true}], [match, **/*.xcworkspacedata, wholename, {includedotfiles=true}], [match, **/*~, wholename, {includedotfiles=true}], [match, **/#*#, wholename, {includedotfiles=true}], [match, **/.#*, wholename, {includedotfiles=true}], [match, **/*.swo, wholename, {includedotfiles=true}], [match, **/*.swp, wholename, {includedotfiles=true}], [match, **/*.swpx, wholename, {includedotfiles=true}], [match, **/*.un~, wholename, {includedotfiles=true}], [match, **/.netrhwist, wholename, {includedotfiles=true}], [match, .idea, wholename, {includedotfiles=true}], [match, .iml, wholename, {includedotfiles=true}], [match, **/*.pydevproject, wholename, {includedotfiles=true}], [match, .project, wholename, {includedotfiles=true}], [match, .metadata, wholename, {includedotfiles=true}], [match, **/*.tmp, wholename, {includedotfiles=true}], [match, **/*.bak, wholename, {includedotfiles=true}], [match, **/*~.nib, wholename, {includedotfiles=true}], [match, .classpath, wholename, {includedotfiles=true}], [match, .settings, wholename, {includedotfiles=true}], [match, .loadpath, wholename, {includedotfiles=true}], [match, .externalToolBuilders, wholename, {includedotfiles=true}], [match, .cproject, wholename, {includedotfiles=true}], [match, .buildpath, wholename, {includedotfiles=true}], [match, .DS_Store, wholename, {includedotfiles=true}], [match, .AppleDouble, wholename, {includedotfiles=true}], [match, .LSOverride, wholename, {includedotfiles=true}], [match, .Spotlight-V100, wholename, {includedotfiles=true}], [match, .Trashes, wholename, {includedotfiles=true}], [match, $RECYCLE.BIN, wholename, {includedotfiles=true}], [match, .*.sublime-workspace, wholename, {includedotfiles=true}]]], empty_on_fresh_instance=true, fields=[name, exists, new]}] returned in 29 ms
[2018-07-30 08:22:07.939][debug][command:null][tid:207][com.facebook.buck.io.WatchmanTransportClient] Query [query, /Users/jack/Downloads/test, {since=c:1532259872:486:6:632, expression=[not, [anyof, [type, d], [dirname, .idea], [dirname, .buckd], [dirname, buck-out/cache], [dirname, buck-out/.trash], [dirname, buck-out], [match, **/*.pbxproj, wholename, {includedotfiles=true}], [match, **/*.xcscheme, wholename, {includedotfiles=true}], [match, **/*.xcworkspacedata, wholename, {includedotfiles=true}], [match, **/*~, wholename, {includedotfiles=true}], [match, **/#*#, wholename, {includedotfiles=true}], [match, **/.#*, wholename, {includedotfiles=true}], [match, **/*.swo, wholename, {includedotfiles=true}], [match, **/*.swp, wholename, {includedotfiles=true}], [match, **/*.swpx, wholename, {includedotfiles=true}], [match, **/*.un~, wholename, {includedotfiles=true}], [match, **/.netrhwist, wholename, {includedotfiles=true}], [match, .idea, wholename, {includedotfiles=true}], [match, .iml, wholename, {includedotfiles=true}], [match, **/*.pydevproject, wholename, {includedotfiles=true}], [match, .project, wholename, {includedotfiles=true}], [match, .metadata, wholename, {includedotfiles=true}], [match, **/*.tmp, wholename, {includedotfiles=true}], [match, **/*.bak, wholename, {includedotfiles=true}], [match, **/*~.nib, wholename, {includedotfiles=true}], [match, .classpath, wholename, {includedotfiles=true}], [match, .settings, wholename, {includedotfiles=true}], [match, .loadpath, wholename, {includedotfiles=true}], [match, .externalToolBuilders, wholename, {includedotfiles=true}], [match, .cproject, wholename, {includedotfiles=true}], [match, .buildpath, wholename, {includedotfiles=true}], [match, .DS_Store, wholename, {includedotfiles=true}], [match, .AppleDouble, wholename, {includedotfiles=true}], [match, .LSOverride, wholename, {includedotfiles=true}], [match, .Spotlight-V100, wholename, {includedotfiles=true}], [match, .Trashes, wholename, {includedotfiles=true}], [match, $RECYCLE.BIN, wholename, {includedotfiles=true}], [match, .*.sublime-workspace, wholename, {includedotfiles=true}]]], empty_on_fresh_instance=true, fields=[name, exists, new]}] returned in 29 ms
[2018-07-30 08:22:07.939][debug][command:null][tid:207][com.facebook.buck.io.WatchmanWatcher] Updating Watchman Cursor from c:1532259872:486:6:632 to c:1532259872:486:6:646
[2018-07-30 08:22:07.939][debug][command:null][tid:207][com.facebook.buck.io.WatchmanWatcher] Updating Watchman Cursor from c:1532259872:486:6:632 to c:1532259872:486:6:646
[2018-07-30 08:22:07.940][warn ][command:null][tid:207][com.facebook.buck.io.WatchmanWatcher] Posting WatchEvent: WatchmanPathEvent{cellPath=/Users/jack/Downloads/test, kind=MODIFY, path=build.sh}
[2018-07-30 08:22:07.940][warn ][command:null][tid:207][com.facebook.buck.io.WatchmanWatcher] Posting WatchEvent: WatchmanPathEvent{cellPath=/Users/jack/Downloads/test, kind=MODIFY, path=build.sh}
[2018-07-30 08:22:07.940][warn ][command:null][tid:207][com.facebook.buck.io.WatchmanWatcher] Posting WatchEvent: WatchmanPathEvent{cellPath=/Users/jack/Downloads/test, kind=CREATE, path=app/build/outputs/apk/.DS_Store}
[2018-07-30 08:22:07.940][warn ][command:null][tid:207][com.facebook.buck.io.WatchmanWatcher] Posting WatchEvent: WatchmanPathEvent{cellPath=/Users/jack/Downloads/test, kind=CREATE, path=app/build/outputs/apk/.DS_Store}
[2018-07-30 08:22:07.941][debug][command:null][tid:207][com.facebook.buck.parser.DaemonicCellState] Invalidating target for path /Users/jack/Downloads/test/app/BUCK: //app:build_config_release
[2018-07-30 08:22:07.941][debug][command:null][tid:207][com.facebook.buck.parser.DaemonicCellState] Invalidating target for path /Users/jack/Downloads/test/app/BUCK: //app:build_config_release
[2018-07-30 08:22:07.941][debug][command:null][tid:207][com.facebook.buck.parser.DaemonicCellState] Invalidating target for path /Users/jack/Downloads/test/app/BUCK: //app:res_debug
[2018-07-30 08:22:07.941][debug][command:null][tid:207][com.facebook.buck.parser.DaemonicCellState] Invalidating target for path /Users/jack/Downloads/test/app/BUCK: //app:res_debug
[2018-07-30 08:22:07.942][debug][command:null][tid:207][com.facebook.buck.parser.DaemonicCellState] Invalidating target for path /Users/jack/Downloads/test/app/BUCK: //app:bin_release
[2018-07-30 08:22:07.942][debug][command:null][tid:207][com.facebook.buck.parser.DaemonicCellState] Invalidating target for path /Users/jack/Downloads/test/app/BUCK: //app:bin_release
[2018-07-30 08:22:07.942][debug][command:null][tid:207][com.facebook.buck.parser.DaemonicCellState] Invalidating target for path /Users/jack/Downloads/test/app/BUCK: //app:res_release
[2018-07-30 08:22:07.942][debug][command:null][tid:207][com.facebook.buck.parser.DaemonicCellState] Invalidating target for path /Users/jack/Downloads/test/app/BUCK: //app:res_release
[2018-07-30 08:22:07.942][debug][command:null][tid:207][com.facebook.buck.parser.DaemonicCellState] Invalidating target for path /Users/jack/Downloads/test/app/BUCK: //app:bin_debug
[2018-07-30 08:22:07.942][debug][command:null][tid:207][com.facebook.buck.parser.DaemonicCellState] Invalidating target for path /Users/jack/Downloads/test/app/BUCK: //app:bin_debug
[2018-07-30 08:22:07.942][debug][command:null][tid:207][com.facebook.buck.parser.DaemonicCellState] Invalidating target for path /Users/jack/Downloads/test/app/BUCK: //app:build_config_debug
[2018-07-30 08:22:07.942][debug][command:null][tid:207][com.facebook.buck.parser.DaemonicCellState] Invalidating target for path /Users/jack/Downloads/test/app/BUCK: //app:build_config_debug
[2018-07-30 08:22:07.942][debug][command:null][tid:207][com.facebook.buck.parser.DaemonicCellState] Invalidating target for path /Users/jack/Downloads/test/app/BUCK: //app:src_release
[2018-07-30 08:22:07.942][debug][command:null][tid:207][com.facebook.buck.parser.DaemonicCellState] Invalidating target for path /Users/jack/Downloads/test/app/BUCK: //app:src_release
[2018-07-30 08:22:07.942][debug][command:null][tid:207][com.facebook.buck.parser.DaemonicCellState] Invalidating target for path /Users/jack/Downloads/test/app/BUCK: //app:src_debug
[2018-07-30 08:22:07.942][debug][command:null][tid:207][com.facebook.buck.parser.DaemonicCellState] Invalidating target for path /Users/jack/Downloads/test/app/BUCK: //app:src_debug
[2018-07-30 08:22:07.942][warn ][command:null][tid:207][com.facebook.buck.io.WatchmanWatcher] Posting WatchEvent: WatchmanPathEvent{cellPath=/Users/jack/Downloads/test, kind=CREATE, path=app/build/outputs/.DS_Store}
[2018-07-30 08:22:07.942][warn ][command:null][tid:207][com.facebook.buck.io.WatchmanWatcher] Posting WatchEvent: WatchmanPathEvent{cellPath=/Users/jack/Downloads/test, kind=CREATE, path=app/build/outputs/.DS_Store}
[2018-07-30 08:22:07.942][debug][command:d56637dd-2f4d-44b6-8fd5-6d81c23623f3][tid:204][com.facebook.buck.event.listener.SuperConsoleEventBusListener] Watchman notified about file addition: WatchmanPathEvent{cellPath=/Users/jack/Downloads/test, kind=CREATE, path=app/build/outputs/apk/.DS_Store}
[2018-07-30 08:22:07.942][warn ][command:null][tid:207][com.facebook.buck.io.WatchmanWatcher] Posting WatchEvent: WatchmanPathEvent{cellPath=/Users/jack/Downloads/test, kind=CREATE, path=app/build/.DS_Store}
[2018-07-30 08:22:07.942][warn ][command:null][tid:207][com.facebook.buck.io.WatchmanWatcher] Posting WatchEvent: WatchmanPathEvent{cellPath=/Users/jack/Downloads/test, kind=CREATE, path=app/build/.DS_Store}
[2018-07-30 08:22:07.942][debug][command:d56637dd-2f4d-44b6-8fd5-6d81c23623f3][tid:204][com.facebook.buck.event.listener.SuperConsoleEventBusListener] Watchman notified about file addition: WatchmanPathEvent{cellPath=/Users/jack/Downloads/test, kind=CREATE, path=app/build/outputs/.DS_Store}
[2018-07-30 08:22:07.943][warn ][command:null][tid:207][com.facebook.buck.io.WatchmanWatcher] Posting WatchEvent: WatchmanPathEvent{cellPath=/Users/jack/Downloads/test, kind=CREATE, path=app/.DS_Store}
[2018-07-30 08:22:07.943][warn ][command:null][tid:207][com.facebook.buck.io.WatchmanWatcher] Posting WatchEvent: WatchmanPathEvent{cellPath=/Users/jack/Downloads/test, kind=CREATE, path=app/.DS_Store}
[2018-07-30 08:22:07.943][debug][command:d56637dd-2f4d-44b6-8fd5-6d81c23623f3][tid:204][com.facebook.buck.event.listener.SuperConsoleEventBusListener] Watchman notified about file addition: WatchmanPathEvent{cellPath=/Users/jack/Downloads/test, kind=CREATE, path=app/build/.DS_Store}
[2018-07-30 08:22:07.943][debug][command:null][tid:207][com.facebook.buck.io.WatchmanWatcher] Posted 5 Watchman events.
[2018-07-30 08:22:07.943][debug][command:null][tid:207][com.facebook.buck.io.WatchmanWatcher] Posted 5 Watchman events.
[2018-07-30 08:22:07.943][debug][command:null][tid:207][com.facebook.buck.io.WatchmanTransportClient] Closing Watchman transport.
[2018-07-30 08:22:07.943][debug][command:null][tid:207][com.facebook.buck.io.WatchmanTransportClient] Closing Watchman transport.
[2018-07-30 08:22:07.943][debug][command:d56637dd-2f4d-44b6-8fd5-6d81c23623f3][tid:204][com.facebook.buck.event.listener.SuperConsoleEventBusListener] Watchman notified about file addition: WatchmanPathEvent{cellPath=/Users/jack/Downloads/test, kind=CREATE, path=app/.DS_Store}
[2018-07-30 08:22:07.954][debug][command:d56637dd-2f4d-44b6-8fd5-6d81c23623f3][tid:210][com.facebook.buck.io.ExecutableFinder] Executable 'python2' mapped to 'Optional.empty'
[2018-07-30 08:22:07.955][debug][command:d56637dd-2f4d-44b6-8fd5-6d81c23623f3][tid:210][com.facebook.buck.io.ExecutableFinder] Executable 'python' mapped to 'Optional[/usr/bin/python]'
[2018-07-30 08:22:07.976][debug][command:null][tid:203][com.facebook.buck.util.ListeningProcessExecutor] Wait for process returned 0
[2018-07-30 08:22:07.976][debug][command:null][tid:203][com.facebook.buck.util.ListeningProcessExecutor] Wait for process returned 0
[2018-07-30 08:22:07.976][debug][command:null][tid:203][com.facebook.buck.util.ListeningProcessExecutor] Destroying process com.facebook.buck.util.ListeningProcessExecutor$LaunchedProcessImpl@76a5d132 (force true)
[2018-07-30 08:22:07.976][debug][command:null][tid:203][com.facebook.buck.util.ListeningProcessExecutor] Destroying process com.facebook.buck.util.ListeningProcessExecutor$LaunchedProcessImpl@76a5d132 (force true)
[2018-07-30 08:22:07.976][debug][command:null][tid:203][com.facebook.buck.util.environment.MacNetworkConfiguration] Determine active state of media for device
[2018-07-30 08:22:07.976][debug][command:null][tid:203][com.facebook.buck.util.environment.MacNetworkConfiguration] Determine active state of media for device
[2018-07-30 08:22:07.976][debug][command:null][tid:203][com.facebook.buck.util.ListeningProcessExecutor] Launching process with params ProcessExecutorParams{command=[networksetup, -getMedia, en0]}
[2018-07-30 08:22:07.976][debug][command:null][tid:203][com.facebook.buck.util.ListeningProcessExecutor] Launching process with params ProcessExecutorParams{command=[networksetup, -getMedia, en0]}
[2018-07-30 08:22:07.983][debug][command:null][tid:203][com.facebook.buck.util.ListeningProcessExecutor] Successfully launched process com.zaxxer.nuprocess.osx.OsxProcess@3f6a112e
[2018-07-30 08:22:07.983][debug][command:null][tid:203][com.facebook.buck.util.ListeningProcessExecutor] Successfully launched process com.zaxxer.nuprocess.osx.OsxProcess@3f6a112e
[2018-07-30 08:22:07.984][debug][command:d56637dd-2f4d-44b6-8fd5-6d81c23623f3][tid:210][com.facebook.buck.json.BuckPythonProgram] Writing python rules stub to /Users/jack/Downloads/test/.buckd/tmp/buck_run.VlNpxu/buck_python_program6224109432078892815.
[2018-07-30 08:22:07.985][debug][command:null][tid:203][com.facebook.buck.util.ListeningProcessExecutor] Waiting for process com.facebook.buck.util.ListeningProcessExecutor$LaunchedProcessImpl@39a01794 timeout 1000 MILLISECONDS
[2018-07-30 08:22:07.985][debug][command:null][tid:203][com.facebook.buck.util.ListeningProcessExecutor] Waiting for process com.facebook.buck.util.ListeningProcessExecutor$LaunchedProcessImpl@39a01794 timeout 1000 MILLISECONDS
[2018-07-30 08:22:08.018][debug][command:d56637dd-2f4d-44b6-8fd5-6d81c23623f3][tid:210][com.facebook.buck.json.BuckPythonProgram] Created temporary buck.py instance at /Users/jack/Downloads/test/.buckd/tmp/buck_run.VlNpxu/buck_python_program6224109432078892815.
[2018-07-30 08:22:08.023][debug][command:d56637dd-2f4d-44b6-8fd5-6d81c23623f3][tid:210][com.facebook.buck.json.PythonDslProjectBuildFileParser] Starting buck.py command: [/usr/bin/python, -u, /Users/jack/Downloads/test/.buckd/tmp/buck_run.VlNpxu/buck_python_program6224109432078892815/__main__.py, --allow_empty_globs, --watchman_glob_stat_results, --watchman_use_glob_generator, --watchman_socket_path, /usr/local/var/run/watchman/jack-state/sock, --project_root, /Users/jack/Downloads/test, --cell_name, , --build_file_name, BUCK, --quiet, --include, //.okbuck/defs/DEFS, --config, /Users/jack/Downloads/test/.buckd/tmp/buck_run.VlNpxu/raw_config1448229962162663241.json, --ignore_paths, /Users/jack/Downloads/test/.buckd/tmp/buck_run.VlNpxu/ignore_paths1827114949279446165.json, --warn_about_deprecated_syntax] environment: Optional[{TERM_SESSION_ID=11A5D02C-E158-4605-8F7A-12546B64D628, SSH_AUTH_SOCK=/private/tmp/com.apple.launchd.Umx8DMJVO0/Listeners, NAILGUN_FILESEPARATOR=/, VERSIONER_PYTHON_VERSION=2.7, NAILGUN_TTY_2=1, NAILGUN_TTY_1=1, PATH=/Users/jack/Library/Android/sdk/platform-tools/:/usr/local/bin:/usr/bin:/bin:/usr/sbin:/sbin:/Library/Frameworks/Mono.framework/Versions/Current/Commands:/Users/jack/Go/bin:/Users/jack/Library/Android/sdk/tools:/Users/jack/Library/Android/sdk/platform-tools:/Users/jack/Library/Android/sdk/android-ndk-r10e:/Users/jack/Library/Android/sdk/tools/bin, GOPATH=/Users/jack/Go, NAILGUN_TTY_0=1, ANDROID_HOME=/Users/jack/Library/Android/sdk, LOGNAME=jack, SHLVL=1, TERM_PROGRAM=Apple_Terminal, BUCK_CLASSPATH=/Users/jack/Downloads/test/.buckd/resources/95f1b0eeced0bb32f33cd37d997849f077d4d791/buck_server, ANDROID_NDK=/Users/jack/Library/Android/sdk/android-ndk-r10e, SHELL=/bin/bash, BUCK_PYTHON_SPACE_INIT_TIME=30, BUCK_TTY=1, XPC_FLAGS=0x0, BUCK_TERM_COLUMNS=80, __CF_USER_TEXT_ENCODING=0x1F5:0x19:0x34, LANG=zh_CN.UTF-8, OLDPWD=/Users/jack/Downloads/test, HOME=/Users/jack, TMPDIR=/var/folders/qj/vhdk8wf96t3c37rcvs1bzfx80000gn/T/, XPC_SERVICE_NAME=0, PWD=/Users/jack/Downloads/test, ANDROID_SDK=/Users/jack/Library/Android/sdk, TERM_PROGRAM_VERSION=404, GOBIN=/Users/jack/Go/bin, NAILGUN_PATHSEPARATOR=:, USER=jack, Apple_PubSub_Socket_Render=/private/tmp/com.apple.launchd.4x4F3zAokt/Render, TERM=xterm-256color, CLASSPATH=/Users/jack/Downloads/test/.buckd/resources/95f1b0eeced0bb32f33cd37d997849f077d4d791/bootstrapper_jar, BUCK_BUILD_ID=d56637dd-2f4d-44b6-8fd5-6d81c23623f3, VERSIONER_PYTHON_PREFER_32_BIT=no}]
[2018-07-30 08:22:08.029][debug][command:null][tid:203][com.facebook.buck.util.ListeningProcessExecutor] Wait for process returned 0
[2018-07-30 08:22:08.029][debug][command:null][tid:203][com.facebook.buck.util.ListeningProcessExecutor] Wait for process returned 0
[2018-07-30 08:22:08.029][debug][command:null][tid:203][com.facebook.buck.util.ListeningProcessExecutor] Destroying process com.facebook.buck.util.ListeningProcessExecutor$LaunchedProcessImpl@39a01794 (force true)
[2018-07-30 08:22:08.029][debug][command:null][tid:203][com.facebook.buck.util.ListeningProcessExecutor] Destroying process com.facebook.buck.util.ListeningProcessExecutor$LaunchedProcessImpl@39a01794 (force true)
[2018-07-30 08:22:08.029][debug][command:null][tid:203][com.facebook.buck.util.environment.MacNetworkConfiguration] Determine WiFi SSID of device
[2018-07-30 08:22:08.029][debug][command:null][tid:203][com.facebook.buck.util.environment.MacNetworkConfiguration] Determine WiFi SSID of device
[2018-07-30 08:22:08.030][debug][command:null][tid:203][com.facebook.buck.util.ListeningProcessExecutor] Launching process with params ProcessExecutorParams{command=[networksetup, -getairportnetwork, en0]}
[2018-07-30 08:22:08.030][debug][command:null][tid:203][com.facebook.buck.util.ListeningProcessExecutor] Launching process with params ProcessExecutorParams{command=[networksetup, -getairportnetwork, en0]}
[2018-07-30 08:22:08.031][debug][command:d56637dd-2f4d-44b6-8fd5-6d81c23623f3][tid:210][com.facebook.buck.json.PythonDslProjectBuildFileParser] Started process com.facebook.buck.util.ProcessExecutor$LaunchedProcessImpl@54708f8f successfully
[2018-07-30 08:22:08.036][debug][command:null][tid:203][com.facebook.buck.util.ListeningProcessExecutor] Successfully launched process com.zaxxer.nuprocess.osx.OsxProcess@616fdef9
[2018-07-30 08:22:08.036][debug][command:null][tid:203][com.facebook.buck.util.ListeningProcessExecutor] Successfully launched process com.zaxxer.nuprocess.osx.OsxProcess@616fdef9
[2018-07-30 08:22:08.036][debug][command:null][tid:203][com.facebook.buck.util.ListeningProcessExecutor] Waiting for process com.facebook.buck.util.ListeningProcessExecutor$LaunchedProcessImpl@963cb1a timeout 1000 MILLISECONDS
[2018-07-30 08:22:08.036][debug][command:null][tid:203][com.facebook.buck.util.ListeningProcessExecutor] Waiting for process com.facebook.buck.util.ListeningProcessExecutor$LaunchedProcessImpl@963cb1a timeout 1000 MILLISECONDS
[2018-07-30 08:22:08.086][debug][command:null][tid:203][com.facebook.buck.util.ListeningProcessExecutor] Wait for process returned 0
[2018-07-30 08:22:08.086][debug][command:null][tid:203][com.facebook.buck.util.ListeningProcessExecutor] Wait for process returned 0
[2018-07-30 08:22:08.086][debug][command:null][tid:203][com.facebook.buck.util.ListeningProcessExecutor] Destroying process com.facebook.buck.util.ListeningProcessExecutor$LaunchedProcessImpl@963cb1a (force true)
[2018-07-30 08:22:08.086][debug][command:null][tid:203][com.facebook.buck.util.ListeningProcessExecutor] Destroying process com.facebook.buck.util.ListeningProcessExecutor$LaunchedProcessImpl@963cb1a (force true)
[2018-07-30 08:22:08.087][info ][command:null][tid:203][com.facebook.buck.util.versioncontrol.VersionControlStatsGenerator] Starting generation of version control stats.
[2018-07-30 08:22:08.087][info ][command:null][tid:203][com.facebook.buck.util.versioncontrol.VersionControlStatsGenerator] Starting generation of version control stats.
[2018-07-30 08:22:08.087][warn ][command:null][tid:203][com.facebook.buck.util.versioncontrol.VersionControlStatsGenerator] Skipping generation of version control stats as unsupported repository type.
[2018-07-30 08:22:08.087][warn ][command:null][tid:203][com.facebook.buck.util.versioncontrol.VersionControlStatsGenerator] Skipping generation of version control stats as unsupported repository type.
[2018-07-30 08:22:08.561][debug][command:null][tid:216][com.facebook.buck.json.PythonDslProjectBuildFileParser] Closing buck.py process stdin
[2018-07-30 08:22:08.561][debug][command:null][tid:216][com.facebook.buck.json.PythonDslProjectBuildFileParser] Closing buck.py process stdin
[2018-07-30 08:22:08.562][info ][command:d56637dd-2f4d-44b6-8fd5-6d81c23623f3][tid:204][com.facebook.buck.event.listener.LoggingBuildListener] Build started at 2018-07-30 08:22:08.561
[2018-07-30 08:22:08.571][info ][command:d56637dd-2f4d-44b6-8fd5-6d81c23623f3][tid:13][com.facebook.buck.core.model.actiongraph.computation.ActionGraphCache] ActionGraph cache hit.
[2018-07-30 08:22:08.571][debug][command:d56637dd-2f4d-44b6-8fd5-6d81c23623f3][tid:204][com.facebook.buck.event.listener.SuperConsoleEventBusListener] Action graph cache hit
[2018-07-30 08:22:08.572][debug][command:d56637dd-2f4d-44b6-8fd5-6d81c23623f3][tid:13][com.facebook.buck.core.build.engine.impl.MetadataChecker] Checking metadata_storage for /Users/jack/Downloads/test
[2018-07-30 08:22:08.589][info ][command:d56637dd-2f4d-44b6-8fd5-6d81c23623f3][tid:204][com.facebook.buck.event.listener.LoggingBuildListener] Build finished at 2018-07-30 08:22:08.589
[2018-07-30 08:22:08.617][debug][command:null][tid:216][com.facebook.buck.json.PythonDslProjectBuildFileParser] Waiting for process com.facebook.buck.util.ProcessExecutor$LaunchedProcessImpl@54708f8f to exit...
[2018-07-30 08:22:08.617][debug][command:null][tid:216][com.facebook.buck.json.PythonDslProjectBuildFileParser] Waiting for process com.facebook.buck.util.ProcessExecutor$LaunchedProcessImpl@54708f8f to exit...
[2018-07-30 08:22:08.617][debug][command:null][tid:216][com.facebook.buck.json.PythonDslProjectBuildFileParser] Process com.facebook.buck.util.ProcessExecutor$LaunchedProcessImpl@54708f8f exited cleanly.
[2018-07-30 08:22:08.617][debug][command:null][tid:216][com.facebook.buck.json.PythonDslProjectBuildFileParser] Process com.facebook.buck.util.ProcessExecutor$LaunchedProcessImpl@54708f8f exited cleanly.
[2018-07-30 08:22:08.696][info ][command:d56637dd-2f4d-44b6-8fd5-6d81c23623f3][tid:204][com.facebook.buck.event.listener.LoggingBuildListener] Installing apk on 192.168.56.101:5555 (genymotion_vbox86p_6.0_180522_011803).
[2018-07-30 08:22:09.058][info ][command:d56637dd-2f4d-44b6-8fd5-6d81c23623f3][tid:204][com.facebook.buck.event.listener.LoggingBuildListener] [1m[42m[30mSuccessfully ran install apk //app:bin_debug on 1 device(s)[0m
[2018-07-30 08:22:09.078][info ][command:d56637dd-2f4d-44b6-8fd5-6d81c23623f3][tid:204][com.facebook.buck.event.listener.LoggingBuildListener] Starting activity com.test.test/com.test.test.MainActivity...
[2018-07-30 08:22:09.463][info ][command:d56637dd-2f4d-44b6-8fd5-6d81c23623f3][tid:204][com.facebook.buck.event.listener.LoggingBuildListener] [1m[42m[30mSuccessfully ran start activity on 1 device(s)[0m
[2018-07-30 08:22:09.464][debug][command:d56637dd-2f4d-44b6-8fd5-6d81c23623f3][tid:199][com.facebook.buck.util.perf.ProcessTracker] shutDown
[2018-07-30 08:22:09.464][debug][command:d56637dd-2f4d-44b6-8fd5-6d81c23623f3][tid:199][com.google.common.util.concurrent.ServiceManager] Service ProcessTracker [TERMINATED] has terminated. Previous state was: STOPPING
[2018-07-30 08:22:09.465][debug][command:d56637dd-2f4d-44b6-8fd5-6d81c23623f3][tid:198][com.google.common.util.concurrent.ServiceManager] Service PerfStatsTracking [TERMINATED] has terminated. Previous state was: STOPPING
[2018-07-30 08:22:09.465][debug][command:d56637dd-2f4d-44b6-8fd5-6d81c23623f3][tid:13][com.facebook.buck.event.listener.SuperConsoleEventBusListener] Stopping render scheduler
[2018-07-30 08:22:09.471][info ][command:d56637dd-2f4d-44b6-8fd5-6d81c23623f3][tid:13][com.facebook.buck.cli.Main] Awaiting termination of PROJECT executor service. Waiting for all jobs to complete, or up to maximum of 60 seconds...
[2018-07-30 08:22:09.471][info ][command:d56637dd-2f4d-44b6-8fd5-6d81c23623f3][tid:13][com.facebook.buck.cli.Main] Successfully terminated PROJECT executor service.
[2018-07-30 08:22:09.472][info ][command:d56637dd-2f4d-44b6-8fd5-6d81c23623f3][tid:13][com.facebook.buck.cli.Main] Awaiting termination of NETWORK executor service. Waiting for all jobs to complete, or up to maximum of 60 seconds...
[2018-07-30 08:22:09.472][info ][command:d56637dd-2f4d-44b6-8fd5-6d81c23623f3][tid:13][com.facebook.buck.cli.Main] Successfully terminated NETWORK executor service.
[2018-07-30 08:22:09.472][info ][command:d56637dd-2f4d-44b6-8fd5-6d81c23623f3][tid:13][com.facebook.buck.cli.Main] Awaiting termination of CPU executor service. Waiting for all jobs to complete, or up to maximum of 60 seconds...
[2018-07-30 08:22:09.472][info ][command:d56637dd-2f4d-44b6-8fd5-6d81c23623f3][tid:13][com.facebook.buck.cli.Main] Successfully terminated CPU executor service.
[2018-07-30 08:22:09.473][info ][command:d56637dd-2f4d-44b6-8fd5-6d81c23623f3][tid:13][com.facebook.buck.cli.Main] Awaiting termination of ScheduledExecutorService executor service. Waiting for all jobs to complete, or up to maximum of 60 seconds...
[2018-07-30 08:22:09.473][info ][command:d56637dd-2f4d-44b6-8fd5-6d81c23623f3][tid:13][com.facebook.buck.cli.Main] Successfully terminated ScheduledExecutorService executor service.
[2018-07-30 08:22:09.473][info ][command:d56637dd-2f4d-44b6-8fd5-6d81c23623f3][tid:13][com.facebook.buck.cli.Main] Awaiting termination of CounterAggregatorExecutor executor service. Waiting for all jobs to complete, or up to maximum of 20 seconds...
[2018-07-30 08:22:09.473][info ][command:d56637dd-2f4d-44b6-8fd5-6d81c23623f3][tid:13][com.facebook.buck.cli.Main] Successfully terminated CounterAggregatorExecutor executor service.
[2018-07-30 08:22:09.473][info ][command:d56637dd-2f4d-44b6-8fd5-6d81c23623f3][tid:13][com.facebook.buck.cli.Main] Awaiting termination of HTTP Read executor service. Waiting for all jobs to complete, or up to maximum of 1800 seconds...
[2018-07-30 08:22:09.473][info ][command:d56637dd-2f4d-44b6-8fd5-6d81c23623f3][tid:13][com.facebook.buck.cli.Main] Successfully terminated HTTP Read executor service.
[2018-07-30 08:22:09.474][info ][command:d56637dd-2f4d-44b6-8fd5-6d81c23623f3][tid:13][com.facebook.buck.cli.Main] Awaiting termination of Download Heavy Build HTTP Read executor service. Waiting for all jobs to complete, or up to maximum of 1800 seconds...
[2018-07-30 08:22:09.474][info ][command:d56637dd-2f4d-44b6-8fd5-6d81c23623f3][tid:13][com.facebook.buck.cli.Main] Successfully terminated Download Heavy Build HTTP Read executor service.
[2018-07-30 08:22:09.474][info ][command:d56637dd-2f4d-44b6-8fd5-6d81c23623f3][tid:13][com.facebook.buck.cli.Main] Awaiting termination of HTTP Write executor service. Waiting for all jobs to complete, or up to maximum of 1800 seconds...
[2018-07-30 08:22:09.474][info ][command:d56637dd-2f4d-44b6-8fd5-6d81c23623f3][tid:13][com.facebook.buck.cli.Main] Successfully terminated HTTP Write executor service.
[2018-07-30 08:22:09.474][info ][command:d56637dd-2f4d-44b6-8fd5-6d81c23623f3][tid:13][com.facebook.buck.cli.Main] Awaiting termination of Disk IO executor service. Waiting for all jobs to complete, or up to maximum of 10 seconds...
[2018-07-30 08:22:09.474][info ][command:d56637dd-2f4d-44b6-8fd5-6d81c23623f3][tid:13][com.facebook.buck.cli.Main] Successfully terminated Disk IO executor service.
[2018-07-30 08:22:09.475][debug][command:d56637dd-2f4d-44b6-8fd5-6d81c23623f3][tid:13][com.martiansoftware.nailgun.NGCommunicator] Shutting down socket for input
[2018-07-30 08:22:09.475][debug][command:d56637dd-2f4d-44b6-8fd5-6d81c23623f3][tid:13][com.martiansoftware.nailgun.NGCommunicator] Shutting down socket for output
[2018-07-30 08:22:09.475][debug][command:d56637dd-2f4d-44b6-8fd5-6d81c23623f3][tid:13][com.facebook.buck.event.listener.SuperConsoleEventBusListener] Stopping render scheduler
[2018-07-30 08:22:09.475][debug][command:null][tid:192][com.martiansoftware.nailgun.NGCommunicator] Socket is disconnected
[2018-07-30 08:22:09.475][debug][command:null][tid:192][com.martiansoftware.nailgun.NGCommunicator] Socket is disconnected
[2018-07-30 08:22:09.476][debug][command:null][tid:192][com.martiansoftware.nailgun.NGCommunicator] Nailgun client disconnected
[2018-07-30 08:22:09.476][debug][command:null][tid:192][com.martiansoftware.nailgun.NGCommunicator] Nailgun client disconnected
[2018-07-30 08:22:09.476][debug][command:null][tid:192][com.martiansoftware.nailgun.NGCommunicator] Orchestrator thread finished
[2018-07-30 08:22:09.476][debug][command:null][tid:192][com.martiansoftware.nailgun.NGCommunicator] Orchestrator thread finished
[2018-07-30 08:22:09.476][debug][command:d56637dd-2f4d-44b6-8fd5-6d81c23623f3][tid:13][com.facebook.buck.event.listener.ChromeTraceBuildListener] Writing Chrome trace to buck-out/log/2018-07-29_23h22m07s_installcommand_d56637dd-2f4d-44b6-8fd5-6d81c23623f3/build.2018-07-30.08-22-07.d56637dd-2f4d-44b6-8fd5-6d81c23623f3.trace
[2018-07-30 08:22:09.490][info ][command:d56637dd-2f4d-44b6-8fd5-6d81c23623f3][tid:13][com.facebook.buck.cli.Main] Awaiting termination of Dir Artifact executor service. Waiting for all jobs to complete, or up to maximum of 60 seconds...
[2018-07-30 08:22:09.490][info ][command:d56637dd-2f4d-44b6-8fd5-6d81c23623f3][tid:13][com.facebook.buck.cli.Main] Successfully terminated Dir Artifact executor service.
[2018-07-30 08:22:09.494][debug][command:null][tid:13][com.facebook.buck.cli.Main] Done.
[2018-07-30 08:22:09.495][info ][command:null][tid:13][com.martiansoftware.nailgun.NGSession] Nail cleanly exited with status 0
[2018-07-30 08:22:09.495][debug][command:null][tid:13][com.martiansoftware.nailgun.NGCommunicator] Shutting down read ExecutorService
[2018-07-30 08:22:09.505][debug][command:null][tid:13][com.martiansoftware.nailgun.NGCommunicator] Shutting down orchestrator ExecutorService
[2018-07-30 08:22:09.513][debug][command:null][tid:13][com.martiansoftware.nailgun.NGSession] Closing client socket
[2018-07-30 08:22:09.513][debug][command:null][tid:13][com.martiansoftware.nailgun.NGSession] Waiting for next client to connect
[2018-07-30 08:24:04.233][debug][command:null][tid:14][com.martiansoftware.nailgun.NGSession] Client connected
[2018-07-30 08:24:04.241][debug][command:null][tid:220][com.martiansoftware.nailgun.NGCommunicator] Orchestrator thread started
[2018-07-30 08:24:04.241][debug][command:null][tid:14][com.martiansoftware.nailgun.NGCommunicator] Shutting down socket for input
[2018-07-30 08:24:04.243][debug][command:null][tid:220][com.martiansoftware.nailgun.NGCommunicator] Socket is disconnected
[2018-07-30 08:24:04.243][debug][command:null][tid:14][com.martiansoftware.nailgun.NGCommunicator] Shutting down socket for output
[2018-07-30 08:24:04.243][debug][command:null][tid:220][com.martiansoftware.nailgun.NGCommunicator] Nailgun client disconnected
[2018-07-30 08:24:04.243][debug][command:null][tid:220][com.martiansoftware.nailgun.NGCommunicator] Orchestrator thread finished
[2018-07-30 08:24:04.243][debug][command:null][tid:14][com.martiansoftware.nailgun.NGCommunicator] Shutting down read ExecutorService
[2018-07-30 08:24:04.243][debug][command:null][tid:14][com.martiansoftware.nailgun.NGCommunicator] Shutting down orchestrator ExecutorService
[2018-07-30 08:24:04.244][debug][command:null][tid:14][com.martiansoftware.nailgun.NGSession] Closing client socket
[2018-07-30 08:24:04.244][debug][command:null][tid:14][com.martiansoftware.nailgun.NGSession] Waiting for next client to connect
[2018-07-30 08:24:04.266][debug][command:null][tid:13][com.martiansoftware.nailgun.NGSession] Client connected
[2018-07-30 08:24:04.276][debug][command:null][tid:222][com.martiansoftware.nailgun.NGCommunicator] Orchestrator thread started
[2018-07-30 08:24:04.277][debug][command:null][tid:13][com.facebook.buck.util.config.Configs] Loading configuration for /Users/jack/Downloads/test
[2018-07-30 08:24:04.278][debug][command:null][tid:13][com.facebook.buck.util.config.Configs] Loaded project configuration file /Users/jack/Downloads/test/.buckconfig
[2018-07-30 08:24:04.278][debug][command:null][tid:13][com.facebook.buck.util.config.Configs] Loaded a configuration file /Users/jack/Downloads/test/.buckconfig.local, {android={build_tools_version=24.0.2, target=android-24}, buildfile={includes=//.okbuck/defs/DEFS}, kotlin={kotlin_home=.okbuck/cache/kotlin_home}, tools={proguard=.okbuck/cache/proguard/proguard-base-6.0.3.jar}}
[2018-07-30 08:24:04.279][debug][command:null][tid:13][com.facebook.buck.util.config.Configs] Adding configuration overrides RawConfig{values={}}
[2018-07-30 08:24:04.306][debug][command:null][tid:13][com.facebook.buck.cli.Main] Rotating log.
[2018-07-30 08:24:04.324][debug][command:null][tid:13][com.facebook.buck.cli.Main] Starting up (build date 2018-07-24 04:49:11 +0900, rev 95f1b0eeced0bb32f33cd37d997849f077d4d791), args: [targets]
[2018-07-30 08:24:04.330][debug][command:null][tid:13][com.facebook.buck.cli.Main] System properties: {java.vendor=Oracle Corporation, sun.java.launcher=SUN_STANDARD, sun.management.compiler=HotSpot 64-Bit Tiered Compilers, jnidispatch.path=/Users/jack/Downloads/test/.buckd/tmp/buck_run.VlNpxu/jna-3254239/jna4398281268728391062.tmp, os.name=Mac OS X, buck.enable_objc=true, sun.boot.class.path=/Library/Java/JavaVirtualMachines/jdk1.8.0_151.jdk/Contents/Home/jre/lib/resources.jar:/Library/Java/JavaVirtualMachines/jdk1.8.0_151.jdk/Contents/Home/jre/lib/rt.jar:/Library/Java/JavaVirtualMachines/jdk1.8.0_151.jdk/Contents/Home/jre/lib/sunrsasign.jar:/Library/Java/JavaVirtualMachines/jdk1.8.0_151.jdk/Contents/Home/jre/lib/jsse.jar:/Library/Java/JavaVirtualMachines/jdk1.8.0_151.jdk/Contents/Home/jre/lib/jce.jar:/Library/Java/JavaVirtualMachines/jdk1.8.0_151.jdk/Contents/Home/jre/lib/charsets.jar:/Library/Java/JavaVirtualMachines/jdk1.8.0_151.jdk/Contents/Home/jre/lib/jfr.jar:/Library/Java/JavaVirtualMachines/jdk1.8.0_151.jdk/Contents/Home/jre/classes, buck.module.resources=/Users/jack/Downloads/test/.buckd/resources/95f1b0eeced0bb32f33cd37d997849f077d4d791/buck-modules-resources, pf4j.pluginsDir=/Users/jack/Downloads/test/.buckd/resources/95f1b0eeced0bb32f33cd37d997849f077d4d791/buck-modules, buck.resource_lock_path=/Users/jack/Downloads/test/.buckd/resources/95f1b0eeced0bb32f33cd37d997849f077d4d791/.buck_lock, buck.path_to_isolated_trampoline=/Users/jack/Downloads/test/.buckd/resources/95f1b0eeced0bb32f33cd37d997849f077d4d791/path_to_isolated_trampoline, java.vm.specification.vendor=Oracle Corporation, java.runtime.version=1.8.0_151-b12, jna.loaded=true, buck.testrunner_classes=/Users/jack/Downloads/test/.buckd/resources/95f1b0eeced0bb32f33cd37d997849f077d4d791/testrunner_classes, buck.logging_config_file=/Users/jack/Downloads/test/.buckd/resources/95f1b0eeced0bb32f33cd37d997849f077d4d791/logging_config_file, buck.path_to_sh_binary_template=/Users/jack/Downloads/test/.buckd/resources/95f1b0eeced0bb32f33cd37d997849f077d4d791/path_to_sh_binary_template, user.name=jack, user.language.format=en, buck.path_to_pywatchman=/Users/jack/Downloads/test/.buckd/resources/95f1b0eeced0bb32f33cd37d997849f077d4d791/path_to_pywatchman, buck.report_generator_jar=/Users/jack/Downloads/test/.buckd/resources/95f1b0eeced0bb32f33cd37d997849f077d4d791/report_generator_jar, buck.git_commit=95f1b0eeced0bb32f33cd37d997849f077d4d791, user.language=zh, sun.boot.library.path=/Library/Java/JavaVirtualMachines/jdk1.8.0_151.jdk/Contents/Home/jre/lib, jna.nosys=true, java.version=1.8.0_151, user.timezone=Asia/Tokyo, buck.test_util_no_tests_dir=true, sun.arch.data.model=64, java.endorsed.dirs=/Library/Java/JavaVirtualMachines/jdk1.8.0_151.jdk/Contents/Home/jre/lib/endorsed, sun.cpu.isalist=, sun.jnu.encoding=UTF-8, file.encoding.pkg=sun.io, file.separator=/, java.specification.name=Java Platform API Specification, buck.jacoco_agent_jar=/Users/jack/Downloads/test/.buckd/resources/95f1b0eeced0bb32f33cd37d997849f077d4d791/jacoco_agent_jar, java.class.version=52.0, user.country=CN, buck.binary_hash=14ce60d582c46f8e95588198e8076f3f, java.home=/Library/Java/JavaVirtualMachines/jdk1.8.0_151.jdk/Contents/Home/jre, buck.fix_script=/Users/jack/Downloads/test/.buckd/resources/95f1b0eeced0bb32f33cd37d997849f077d4d791/fix_script, java.vm.info=mixed mode, os.version=10.13.6, buck.external_executor_jar=/Users/jack/Downloads/test/.buckd/resources/95f1b0eeced0bb32f33cd37d997849f077d4d791/external_executor_jar, buck.version_uid=95f1b0eeced0bb32f33cd37d997849f077d4d791, org.eclipse.jetty.util.log.class=org.eclipse.jetty.util.log.JavaUtilLog, path.separator=:, java.vm.version=25.151-b12, java.awt.printerjob=sun.lwawt.macosx.CPrinterJob, sun.io.unicode.encoding=UnicodeBig, awt.toolkit=sun.lwawt.macosx.LWCToolkit, buck.mode=package, buck.buck_build_type_info=/Users/jack/Downloads/test/.buckd/resources/95f1b0eeced0bb32f33cd37d997849f077d4d791/buck_build_type_info, buck.dx=/Users/jack/Downloads/test/.buckd/resources/95f1b0eeced0bb32f33cd37d997849f077d4d791/dx, buck.git_commit_timestamp=1532375351, user.home=/Users/jack, java.specification.vendor=Oracle Corporation, buck.git_dirty=0, java.library.path=/Users/jack/Downloads/test/.buckd/resources/95f1b0eeced0bb32f33cd37d997849f077d4d791, java.vendor.url=http://java.oracle.com/, java.vm.vendor=Oracle Corporation, gopherProxySet=false, java.runtime.name=Java(TM) SE Runtime Environment, sun.java.command=com.facebook.buck.cli.bootstrapper.ClassLoaderBootstrapper com.facebook.buck.cli.Main$DaemonBootstrap local:.buckd/sock 120000, java.class.path=/Users/jack/Downloads/test/.buckd/resources/95f1b0eeced0bb32f33cd37d997849f077d4d791/bootstrapper_jar, buck.buckd_dir=/Users/jack/Downloads/test/.buckd, buck.path_to_pathlib_py=/Users/jack/Downloads/test/.buckd/resources/95f1b0eeced0bb32f33cd37d997849f077d4d791/pathlib.py, buck.buckd_launch_time_nanos=113213509345894, java.vm.specification.name=Java Virtual Machine Specification, com.martiansoftware.nailgun.NGServer.outputPath=/Users/jack/Downloads/test/.buckd/tmp/buck_run.VlNpxu/ngserver-out, java.vm.specification.version=1.8, sun.cpu.endian=little, sun.os.patch.level=unknown, java.awt.headless=true, java.io.tmpdir=/Users/jack/Downloads/test/.buckd/tmp/buck_run.VlNpxu, buck.android_agent_path=/Users/jack/Downloads/test/.buckd/resources/95f1b0eeced0bb32f33cd37d997849f077d4d791/android_agent_path, java.vendor.url.bug=http://bugreport.sun.com/bugreport/, buck.path_to_python_dsl=, jna.platform.library.path=/usr/lib:/usr/lib, os.arch=x86_64, java.awt.graphicsenv=sun.awt.CGraphicsEnvironment, java.ext.dirs=/Users/jack/Library/Java/Extensions:/Library/Java/JavaVirtualMachines/jdk1.8.0_151.jdk/Contents/Home/jre/lib/ext:/Library/Java/Extensions:/Network/Library/Java/Extensions:/System/Library/Java/Extensions:/usr/lib/java, java.util.logging.config.class=com.facebook.buck.cli.bootstrapper.LogConfig, user.dir=/Users/jack/Downloads/test, java.nio.file.spi.DefaultFileSystemProvider=com.facebook.buck.cli.bootstrapper.filesystem.BuckFileSystemProvider, line.separator=
, java.vm.name=Java HotSpot(TM) 64-Bit Server VM, buck.path_to_typing=/Users/jack/Downloads/test/.buckd/resources/95f1b0eeced0bb32f33cd37d997849f077d4d791/path_to_typing, buck.native_exopackage_fake_path=/Users/jack/Downloads/test/.buckd/resources/95f1b0eeced0bb32f33cd37d997849f077d4d791/native_exopackage_fake_path, file.encoding=UTF-8, java.specification.version=1.8}
[2018-07-30 08:24:04.331][debug][command:null][tid:13][com.facebook.buck.util.config.Configs] Loading configuration for /Users/jack/Downloads/test
[2018-07-30 08:24:04.331][debug][command:null][tid:13][com.facebook.buck.util.config.Configs] Loaded project configuration file /Users/jack/Downloads/test/.buckconfig
[2018-07-30 08:24:04.332][debug][command:null][tid:13][com.facebook.buck.util.config.Configs] Loaded a configuration file /Users/jack/Downloads/test/.buckconfig.local, {android={build_tools_version=24.0.2, target=android-24}, buildfile={includes=//.okbuck/defs/DEFS}, kotlin={kotlin_home=.okbuck/cache/kotlin_home}, tools={proguard=.okbuck/cache/proguard/proguard-base-6.0.3.jar}}
[2018-07-30 08:24:04.332][debug][command:null][tid:13][com.facebook.buck.util.config.Configs] Adding configuration overrides RawConfig{values={}}
[2018-07-30 08:24:04.333][info ][command:null][tid:13][com.facebook.buck.io.WatchmanFactory] Creating for: [/Users/jack/Downloads/test]
[2018-07-30 08:24:04.334][debug][command:null][tid:13][com.facebook.buck.io.ExecutableFinder] Executable 'watchman' mapped to 'Optional[/usr/local/bin/watchman]'
[2018-07-30 08:24:04.334][debug][command:null][tid:13][com.facebook.buck.util.ListeningProcessExecutor] Launching process with params ProcessExecutorParams{command=[/usr/local/bin/watchman, --output-encoding=bser, get-sockname]}
[2018-07-30 08:24:04.337][debug][command:null][tid:13][com.facebook.buck.util.ListeningProcessExecutor] Successfully launched process com.zaxxer.nuprocess.osx.OsxProcess@5a658023
[2018-07-30 08:24:04.337][debug][command:null][tid:13][com.facebook.buck.util.ListeningProcessExecutor] Waiting for process com.facebook.buck.util.ListeningProcessExecutor$LaunchedProcessImpl@5f7fdeb timeout 1000000000 NANOSECONDS
[2018-07-30 08:24:04.355][debug][command:null][tid:13][com.facebook.buck.util.ListeningProcessExecutor] Wait for process returned 0
[2018-07-30 08:24:04.355][debug][command:null][tid:13][com.facebook.buck.io.WatchmanFactory] Waited 17 ms for Watchman command get-sockname, exit code 0
[2018-07-30 08:24:04.355][debug][command:null][tid:13][com.facebook.buck.io.WatchmanFactory] stdout of command: {sockname=/usr/local/var/run/watchman/jack-state/sock, version=4.9.0}
[2018-07-30 08:24:04.355][info ][command:null][tid:13][com.facebook.buck.io.WatchmanFactory] Connecting to Watchman version 4.9.0 at /usr/local/var/run/watchman/jack-state/sock
[2018-07-30 08:24:04.356][debug][command:null][tid:225][com.facebook.buck.io.WatchmanTransportClient] Sending query: [version, {required=[cmd-watch-project], optional=[term-dirname, cmd-watch-project, wildmatch, wildmatch_multislash, glob_generator, clock-sync-timeout]}]
[2018-07-30 08:24:04.357][debug][command:null][tid:13][com.facebook.buck.io.WatchmanTransportClient] Query [version, {required=[cmd-watch-project], optional=[term-dirname, cmd-watch-project, wildmatch, wildmatch_multislash, glob_generator, clock-sync-timeout]}] returned in 1 ms
[2018-07-30 08:24:04.357][info ][command:null][tid:13][com.facebook.buck.io.WatchmanFactory] Took 1 ms to query capabilities {term-dirname=DIRNAME, cmd-watch-project=SUPPORTS_PROJECT_WATCH, wildmatch=WILDMATCH_GLOB, wildmatch_multislash=WILDMATCH_MULTISLASH, glob_generator=GLOB_GENERATOR, clock-sync-timeout=CLOCK_SYNC_TIMEOUT}
[2018-07-30 08:24:04.357][debug][command:null][tid:13][com.facebook.buck.io.WatchmanFactory] Got capabilities response: {clock-sync-timeout=true, glob_generator=true, wildmatch_multislash=false, cmd-watch-project=true, wildmatch=true, term-dirname=true}
[2018-07-30 08:24:04.357][debug][command:null][tid:13][com.facebook.buck.io.WatchmanFactory] Got Watchman capabilities: [CLOCK_SYNC_TIMEOUT, GLOB_GENERATOR, SUPPORTS_PROJECT_WATCH, WILDMATCH_GLOB, DIRNAME]
[2018-07-30 08:24:04.357][info ][command:null][tid:13][com.facebook.buck.io.WatchmanFactory] Adding watchman root: /Users/jack/Downloads/test
[2018-07-30 08:24:04.358][debug][command:null][tid:225][com.facebook.buck.io.WatchmanTransportClient] Sending query: [watch-project, /Users/jack/Downloads/test]
[2018-07-30 08:24:04.358][debug][command:null][tid:13][com.facebook.buck.io.WatchmanTransportClient] Query [watch-project, /Users/jack/Downloads/test] returned in 0 ms
[2018-07-30 08:24:04.358][debug][command:null][tid:225][com.facebook.buck.io.WatchmanTransportClient] Sending query: [watch-project, /Users/jack/Downloads/test]
[2018-07-30 08:24:04.358][debug][command:null][tid:13][com.facebook.buck.io.WatchmanTransportClient] Query [watch-project, /Users/jack/Downloads/test] returned in 0 ms
[2018-07-30 08:24:04.359][info ][command:null][tid:13][com.facebook.buck.io.WatchmanFactory] Took 0 ms to add root /Users/jack/Downloads/test
[2018-07-30 08:24:04.359][debug][command:null][tid:225][com.facebook.buck.io.WatchmanTransportClient] Sending query: [clock, /Users/jack/Downloads/test, {sync_timeout=100}]
[2018-07-30 08:24:04.372][debug][command:null][tid:13][com.facebook.buck.io.WatchmanTransportClient] Query [clock, /Users/jack/Downloads/test, {sync_timeout=100}] returned in 12 ms
[2018-07-30 08:24:04.372][info ][command:null][tid:13][com.facebook.buck.io.WatchmanFactory] Took 13 ms to query for initial clock id Optional[c:1532259872:486:6:713]
[2018-07-30 08:24:04.372][debug][command:null][tid:13][com.facebook.buck.io.WatchmanFactory] Connected to Watchman
[2018-07-30 08:24:04.372][debug][command:null][tid:13][com.facebook.buck.io.WatchmanTransportClient] Closing Watchman transport.
[2018-07-30 08:24:04.373][debug][command:null][tid:13][com.facebook.buck.cli.Main] Watchman capabilities: [CLOCK_SYNC_TIMEOUT, GLOB_GENERATOR, SUPPORTS_PROJECT_WATCH, WILDMATCH_GLOB, DIRNAME] Project watches: {/Users/jack/Downloads/test=ProjectWatch{watchRoot=/Users/jack/Downloads/test}} Glob handler config: PYTHON Query timeout ms config: Optional.empty
