[2018-07-30 06:31:38.090][debug][command:null][tid:13][com.facebook.buck.cli.Main] Starting up (build date 2018-06-25 20:19:01 +0900, rev 7aa70a6ddc1d3bb7629801a92f5b4dbfc7d477dc), args: [clean]
[2018-07-30 06:31:38.096][debug][command:null][tid:13][com.facebook.buck.cli.Main] System properties: {java.vendor=Oracle Corporation, sun.java.launcher=SUN_STANDARD, sun.management.compiler=HotSpot 64-Bit Tiered Compilers, jnidispatch.path=/Users/jack/Downloads/test/.buckd/tmp/buck_run.0fV4zH/jna-3254239/jna9023614317298656989.tmp, os.name=Mac OS X, buck.enable_objc=true, sun.boot.class.path=/Library/Java/JavaVirtualMachines/jdk1.8.0_151.jdk/Contents/Home/jre/lib/resources.jar:/Library/Java/JavaVirtualMachines/jdk1.8.0_151.jdk/Contents/Home/jre/lib/rt.jar:/Library/Java/JavaVirtualMachines/jdk1.8.0_151.jdk/Contents/Home/jre/lib/sunrsasign.jar:/Library/Java/JavaVirtualMachines/jdk1.8.0_151.jdk/Contents/Home/jre/lib/jsse.jar:/Library/Java/JavaVirtualMachines/jdk1.8.0_151.jdk/Contents/Home/jre/lib/jce.jar:/Library/Java/JavaVirtualMachines/jdk1.8.0_151.jdk/Contents/Home/jre/lib/charsets.jar:/Library/Java/JavaVirtualMachines/jdk1.8.0_151.jdk/Contents/Home/jre/lib/jfr.jar:/Library/Java/JavaVirtualMachines/jdk1.8.0_151.jdk/Contents/Home/jre/classes, buck.module.resources=/Users/jack/Downloads/test/.buckd/resources/7aa70a6ddc1d3bb7629801a92f5b4dbfc7d477dc/buck-modules-resources, pf4j.pluginsDir=/Users/jack/Downloads/test/.buckd/resources/7aa70a6ddc1d3bb7629801a92f5b4dbfc7d477dc/buck-modules, buck.resource_lock_path=/Users/jack/Downloads/test/.buckd/resources/7aa70a6ddc1d3bb7629801a92f5b4dbfc7d477dc/.buck_lock, buck.path_to_isolated_trampoline=/Users/jack/Downloads/test/.buckd/resources/7aa70a6ddc1d3bb7629801a92f5b4dbfc7d477dc/path_to_isolated_trampoline, java.vm.specification.vendor=Oracle Corporation, java.runtime.version=1.8.0_151-b12, jna.loaded=true, buck.testrunner_classes=/Users/jack/Downloads/test/.buckd/resources/7aa70a6ddc1d3bb7629801a92f5b4dbfc7d477dc/testrunner_classes, buck.logging_config_file=/Users/jack/Downloads/test/.buckd/resources/7aa70a6ddc1d3bb7629801a92f5b4dbfc7d477dc/logging_config_file, buck.path_to_sh_binary_template=/Users/jack/Downloads/test/.buckd/resources/7aa70a6ddc1d3bb7629801a92f5b4dbfc7d477dc/path_to_sh_binary_template, user.name=jack, user.language.format=en, buck.path_to_pywatchman=/Users/jack/Downloads/test/.buckd/resources/7aa70a6ddc1d3bb7629801a92f5b4dbfc7d477dc/path_to_pywatchman, buck.report_generator_jar=/Users/jack/Downloads/test/.buckd/resources/7aa70a6ddc1d3bb7629801a92f5b4dbfc7d477dc/report_generator_jar, buck.git_commit=7aa70a6ddc1d3bb7629801a92f5b4dbfc7d477dc, user.language=zh, sun.boot.library.path=/Library/Java/JavaVirtualMachines/jdk1.8.0_151.jdk/Contents/Home/jre/lib, jna.nosys=true, java.version=1.8.0_151, user.timezone=Asia/Tokyo, buck.test_util_no_tests_dir=true, sun.arch.data.model=64, java.endorsed.dirs=/Library/Java/JavaVirtualMachines/jdk1.8.0_151.jdk/Contents/Home/jre/lib/endorsed, sun.cpu.isalist=, sun.jnu.encoding=UTF-8, file.encoding.pkg=sun.io, file.separator=/, java.specification.name=Java Platform API Specification, buck.jacoco_agent_jar=/Users/jack/Downloads/test/.buckd/resources/7aa70a6ddc1d3bb7629801a92f5b4dbfc7d477dc/jacoco_agent_jar, java.class.version=52.0, user.country=CN, buck.binary_hash=30443c48d669a411211fa5d312e81080, java.home=/Library/Java/JavaVirtualMachines/jdk1.8.0_151.jdk/Contents/Home/jre, buck.fix_script=/Users/jack/Downloads/test/.buckd/resources/7aa70a6ddc1d3bb7629801a92f5b4dbfc7d477dc/fix_script, java.vm.info=mixed mode, os.version=10.13.6, buck.external_executor_jar=/Users/jack/Downloads/test/.buckd/resources/7aa70a6ddc1d3bb7629801a92f5b4dbfc7d477dc/external_executor_jar, buck.version_uid=7aa70a6ddc1d3bb7629801a92f5b4dbfc7d477dc, org.eclipse.jetty.util.log.class=org.eclipse.jetty.util.log.JavaUtilLog, path.separator=:, java.vm.version=25.151-b12, java.awt.printerjob=sun.lwawt.macosx.CPrinterJob, sun.io.unicode.encoding=UnicodeBig, awt.toolkit=sun.lwawt.macosx.LWCToolkit, buck.mode=package, buck.buck_build_type_info=/Users/jack/Downloads/test/.buckd/resources/7aa70a6ddc1d3bb7629801a92f5b4dbfc7d477dc/buck_build_type_info, buck.dx=/Users/jack/Downloads/test/.buckd/resources/7aa70a6ddc1d3bb7629801a92f5b4dbfc7d477dc/dx, buck.git_commit_timestamp=1529925541, user.home=/Users/jack, java.specification.vendor=Oracle Corporation, buck.git_dirty=0, java.library.path=/Users/jack/Downloads/test/.buckd/resources/7aa70a6ddc1d3bb7629801a92f5b4dbfc7d477dc, java.vendor.url=http://java.oracle.com/, java.vm.vendor=Oracle Corporation, gopherProxySet=false, java.runtime.name=Java(TM) SE Runtime Environment, sun.java.command=com.facebook.buck.cli.bootstrapper.ClassLoaderBootstrapper com.facebook.buck.cli.Main$DaemonBootstrap local:.buckd/sock 120000, java.class.path=/Users/jack/Downloads/test/.buckd/resources/7aa70a6ddc1d3bb7629801a92f5b4dbfc7d477dc/bootstrapper_jar, buck.buckd_dir=/Users/jack/Downloads/test/.buckd, buck.path_to_pathlib_py=/Users/jack/Downloads/test/.buckd/resources/7aa70a6ddc1d3bb7629801a92f5b4dbfc7d477dc/pathlib.py, buck.buckd_launch_time_nanos=112258165462115, java.vm.specification.name=Java Virtual Machine Specification, com.martiansoftware.nailgun.NGServer.outputPath=/Users/jack/Downloads/test/.buckd/tmp/buck_run.0fV4zH/ngserver-out, java.vm.specification.version=1.8, sun.cpu.endian=little, sun.os.patch.level=unknown, java.awt.headless=true, java.io.tmpdir=/Users/jack/Downloads/test/.buckd/tmp/buck_run.0fV4zH, buck.android_agent_path=/Users/jack/Downloads/test/.buckd/resources/7aa70a6ddc1d3bb7629801a92f5b4dbfc7d477dc/android_agent_path, java.vendor.url.bug=http://bugreport.sun.com/bugreport/, buck.path_to_python_dsl=, jna.platform.library.path=/usr/lib:/usr/lib, os.arch=x86_64, java.awt.graphicsenv=sun.awt.CGraphicsEnvironment, java.ext.dirs=/Users/jack/Library/Java/Extensions:/Library/Java/JavaVirtualMachines/jdk1.8.0_151.jdk/Contents/Home/jre/lib/ext:/Library/Java/Extensions:/Network/Library/Java/Extensions:/System/Library/Java/Extensions:/usr/lib/java, java.util.logging.config.class=com.facebook.buck.cli.bootstrapper.LogConfig, user.dir=/Users/jack/Downloads/test, java.nio.file.spi.DefaultFileSystemProvider=com.facebook.buck.cli.bootstrapper.filesystem.BuckFileSystemProvider, line.separator=
, java.vm.name=Java HotSpot(TM) 64-Bit Server VM, buck.path_to_typing=/Users/jack/Downloads/test/.buckd/resources/7aa70a6ddc1d3bb7629801a92f5b4dbfc7d477dc/path_to_typing, buck.native_exopackage_fake_path=/Users/jack/Downloads/test/.buckd/resources/7aa70a6ddc1d3bb7629801a92f5b4dbfc7d477dc/native_exopackage_fake_path, file.encoding=UTF-8, java.specification.version=1.8}
[2018-07-30 06:31:38.191][debug][command:null][tid:13][com.facebook.buck.util.config.Configs] Loading configuration for /Users/jack/Downloads/test
[2018-07-30 06:31:38.192][debug][command:null][tid:13][com.facebook.buck.util.config.Configs] Loaded project configuration file /Users/jack/Downloads/test/.buckconfig
[2018-07-30 06:31:38.192][debug][command:null][tid:13][com.facebook.buck.util.config.Configs] Loaded a configuration file /Users/jack/Downloads/test/.buckconfig.local, {android={build_tools_version=24.0.2, target=android-24}, buildfile={includes=//.okbuck/defs/DEFS}, kotlin={kotlin_home=.okbuck/cache/kotlin_home}, tools={proguard=.okbuck/cache/proguard/proguard-base-6.0.3.jar}}
[2018-07-30 06:31:38.192][debug][command:null][tid:13][com.facebook.buck.util.config.Configs] Adding configuration overrides RawConfig{values={}}
[2018-07-30 06:31:38.452][info ][command:null][tid:13][com.facebook.buck.io.WatchmanFactory] Creating for: [/Users/jack/Downloads/test]
[2018-07-30 06:31:38.535][debug][command:null][tid:13][com.facebook.buck.io.ExecutableFinder] Executable 'watchman' mapped to 'Optional[/usr/local/bin/watchman]'
[2018-07-30 06:31:38.543][debug][command:null][tid:13][com.facebook.buck.util.ListeningProcessExecutor] Launching process with params ProcessExecutorParams{command=[/usr/local/bin/watchman, --output-encoding=bser, get-sockname]}
[2018-07-30 06:31:38.611][debug][command:null][tid:13][com.facebook.buck.util.ListeningProcessExecutor] Successfully launched process com.zaxxer.nuprocess.osx.OsxProcess@4f1769b8
[2018-07-30 06:31:38.612][debug][command:null][tid:13][com.facebook.buck.util.ListeningProcessExecutor] Waiting for process com.facebook.buck.util.ListeningProcessExecutor$LaunchedProcessImpl@1cfda9f4 timeout 1000000000 NANOSECONDS
[2018-07-30 06:31:38.627][debug][command:null][tid:13][com.facebook.buck.util.ListeningProcessExecutor] Wait for process returned 0
[2018-07-30 06:31:38.632][debug][command:null][tid:13][com.facebook.buck.io.WatchmanFactory] Waited 15 ms for Watchman command get-sockname, exit code 0
[2018-07-30 06:31:38.648][debug][command:null][tid:13][com.facebook.buck.io.WatchmanFactory] stdout of command: {sockname=/usr/local/var/run/watchman/jack-state/sock, version=4.9.0}
[2018-07-30 06:31:38.649][info ][command:null][tid:13][com.facebook.buck.io.WatchmanFactory] Connecting to Watchman version 4.9.0 at /usr/local/var/run/watchman/jack-state/sock
[2018-07-30 06:31:38.702][debug][command:null][tid:20][com.facebook.buck.io.WatchmanTransportClient] Sending query: [version, {required=[cmd-watch-project], optional=[term-dirname, cmd-watch-project, wildmatch, wildmatch_multislash, glob_generator, clock-sync-timeout]}]
[2018-07-30 06:31:38.706][debug][command:null][tid:13][com.facebook.buck.io.WatchmanTransportClient] Query [version, {required=[cmd-watch-project], optional=[term-dirname, cmd-watch-project, wildmatch, wildmatch_multislash, glob_generator, clock-sync-timeout]}] returned in 4 ms
[2018-07-30 06:31:38.707][info ][command:null][tid:13][com.facebook.buck.io.WatchmanFactory] Took 15 ms to query capabilities {term-dirname=DIRNAME, cmd-watch-project=SUPPORTS_PROJECT_WATCH, wildmatch=WILDMATCH_GLOB, wildmatch_multislash=WILDMATCH_MULTISLASH, glob_generator=GLOB_GENERATOR, clock-sync-timeout=CLOCK_SYNC_TIMEOUT}
[2018-07-30 06:31:38.707][debug][command:null][tid:13][com.facebook.buck.io.WatchmanFactory] Got capabilities response: {clock-sync-timeout=true, glob_generator=true, wildmatch_multislash=false, cmd-watch-project=true, wildmatch=true, term-dirname=true}
[2018-07-30 06:31:38.708][debug][command:null][tid:13][com.facebook.buck.io.WatchmanFactory] Got Watchman capabilities: [CLOCK_SYNC_TIMEOUT, GLOB_GENERATOR, SUPPORTS_PROJECT_WATCH, WILDMATCH_GLOB, DIRNAME]
[2018-07-30 06:31:38.708][info ][command:null][tid:13][com.facebook.buck.io.WatchmanFactory] Adding watchman root: /Users/jack/Downloads/test
[2018-07-30 06:31:38.708][debug][command:null][tid:20][com.facebook.buck.io.WatchmanTransportClient] Sending query: [watch-project, /Users/jack/Downloads/test]
[2018-07-30 06:31:38.709][debug][command:null][tid:13][com.facebook.buck.io.WatchmanTransportClient] Query [watch-project, /Users/jack/Downloads/test] returned in 0 ms
[2018-07-30 06:31:38.709][debug][command:null][tid:20][com.facebook.buck.io.WatchmanTransportClient] Sending query: [watch-project, /Users/jack/Downloads/test]
[2018-07-30 06:31:38.711][debug][command:null][tid:13][com.facebook.buck.io.WatchmanTransportClient] Query [watch-project, /Users/jack/Downloads/test] returned in 1 ms
[2018-07-30 06:31:38.711][info ][command:null][tid:13][com.facebook.buck.io.WatchmanFactory] Took 3 ms to add root /Users/jack/Downloads/test
[2018-07-30 06:31:38.716][debug][command:null][tid:20][com.facebook.buck.io.WatchmanTransportClient] Sending query: [clock, /Users/jack/Downloads/test, {sync_timeout=100}]
[2018-07-30 06:31:38.727][debug][command:null][tid:13][com.facebook.buck.io.WatchmanTransportClient] Query [clock, /Users/jack/Downloads/test, {sync_timeout=100}] returned in 11 ms
[2018-07-30 06:31:38.728][info ][command:null][tid:13][com.facebook.buck.io.WatchmanFactory] Took 11 ms to query for initial clock id Optional[c:1532259872:486:6:252]
[2018-07-30 06:31:38.728][debug][command:null][tid:13][com.facebook.buck.io.WatchmanFactory] Connected to Watchman
[2018-07-30 06:31:38.728][debug][command:null][tid:13][com.facebook.buck.io.WatchmanTransportClient] Closing Watchman transport.
[2018-07-30 06:31:38.730][debug][command:null][tid:13][com.facebook.buck.cli.Main] Watchman capabilities: [CLOCK_SYNC_TIMEOUT, GLOB_GENERATOR, SUPPORTS_PROJECT_WATCH, WILDMATCH_GLOB, DIRNAME] Project watches: {/Users/jack/Downloads/test=ProjectWatch{watchRoot=/Users/jack/Downloads/test}} Glob handler config: PYTHON Query timeout ms config: Optional.empty
[2018-07-30 06:31:38.934][debug][command:null][tid:13][com.facebook.buck.cli.DaemonLifecycleManager] Starting up daemon for project root [/Users/jack/Downloads/test]
[2018-07-30 06:31:39.870][warn ][command:null][tid:13][com.facebook.buck.cli.Daemon] Can't start web server
[2018-07-30 06:31:39.872][debug][command:null][tid:13][com.facebook.buck.cli.Daemon] Using Watchman Cursor: {/Users/jack/Downloads/test=c:1532259872:486:6:252}
[2018-07-30 06:31:40.069][debug][command:36fb11d6-ce28-47d3-8a98-9c669ca248e8][tid:13][com.facebook.buck.event.listener.SuperConsoleEventBusListener] Starting render scheduler (interval 100 ms)
[2018-07-30 06:31:40.109][debug][command:36fb11d6-ce28-47d3-8a98-9c669ca248e8][tid:13][com.google.common.util.concurrent.ServiceManager] Starting PerfStatsTracking [RUNNING].
[2018-07-30 06:31:40.109][debug][command:36fb11d6-ce28-47d3-8a98-9c669ca248e8][tid:13][com.google.common.util.concurrent.ServiceManager] Started PerfStatsTracking [RUNNING] in 984.0 μs.
[2018-07-30 06:31:40.119][debug][command:null][tid:25][com.facebook.buck.util.perf.ProcessTracker] startUp
[2018-07-30 06:31:40.126][debug][command:36fb11d6-ce28-47d3-8a98-9c669ca248e8][tid:13][com.google.common.util.concurrent.ServiceManager] Starting ProcessTracker [STARTING].
[2018-07-30 06:31:40.195][debug][command:36fb11d6-ce28-47d3-8a98-9c669ca248e8][tid:13][com.facebook.buck.util.environment.MacWifiSsidFinder] Getting current SSID..
[2018-07-30 06:31:40.230][debug][command:null][tid:25][com.google.common.util.concurrent.ServiceManager] Started ProcessTracker [RUNNING] in 111.9 ms.
[2018-07-30 06:31:40.253][debug][command:36fb11d6-ce28-47d3-8a98-9c669ca248e8][tid:13][com.facebook.buck.util.environment.MacWifiSsidFinder] Getting SSID from Wi-Fi interface: <CWInterface: 0x7ff30f879bc0> [interfaceName=en0]
[2018-07-30 06:31:40.254][debug][command:36fb11d6-ce28-47d3-8a98-9c669ca248e8][tid:13][com.facebook.buck.util.environment.MacWifiSsidFinder] Found SSID: W04_5001D9ED9BB3
[2018-07-30 06:31:40.255][debug][command:36fb11d6-ce28-47d3-8a98-9c669ca248e8][tid:13][com.facebook.buck.cli.Main] InvocationInfo BuildId=[36fb11d6-ce28-47d3-8a98-9c669ca248e8] Args=[clean]
[2018-07-30 06:31:40.772][debug][command:36fb11d6-ce28-47d3-8a98-9c669ca248e8][tid:13][com.facebook.buck.cli.Main] new Buck daemon
[2018-07-30 06:31:40.776][warn ][command:null][tid:28][com.facebook.buck.event.listener.PublicAnnouncementManager] Failed to get public announcements. Reason: Failed to establish connection to server.
[2018-07-30 06:31:40.793][warn ][command:36fb11d6-ce28-47d3-8a98-9c669ca248e8][tid:29][com.facebook.buck.event.listener.AbstractConsoleEventBusListener] Command.Started event received at 1532899900793
[2018-07-30 06:31:40.794][warn ][command:36fb11d6-ce28-47d3-8a98-9c669ca248e8][tid:29][com.facebook.buck.event.listener.AbstractConsoleEventBusListener] Command.Started event done processing at 1532899900794
[2018-07-30 06:31:40.820][debug][command:null][tid:30][com.facebook.buck.util.environment.MacNetworkConfiguration] Determine network service order and extract device names
[2018-07-30 06:31:40.837][debug][command:null][tid:32][com.facebook.buck.io.WatchmanTransportClient] Sending query: [query, /Users/jack/Downloads/test, {since=c:1532259872:486:6:252, expression=[not, [anyof, [type, d], [dirname, .idea], [dirname, .buckd], [dirname, buck-out/cache], [dirname, buck-out/.trash], [dirname, buck-out], [match, **/*.pbxproj, wholename, {includedotfiles=true}], [match, **/*.xcscheme, wholename, {includedotfiles=true}], [match, **/*.xcworkspacedata, wholename, {includedotfiles=true}], [match, **/*~, wholename, {includedotfiles=true}], [match, **/#*#, wholename, {includedotfiles=true}], [match, **/.#*, wholename, {includedotfiles=true}], [match, **/*.swo, wholename, {includedotfiles=true}], [match, **/*.swp, wholename, {includedotfiles=true}], [match, **/*.swpx, wholename, {includedotfiles=true}], [match, **/*.un~, wholename, {includedotfiles=true}], [match, **/.netrhwist, wholename, {includedotfiles=true}], [match, .idea, wholename, {includedotfiles=true}], [match, .iml, wholename, {includedotfiles=true}], [match, **/*.pydevproject, wholename, {includedotfiles=true}], [match, .project, wholename, {includedotfiles=true}], [match, .metadata, wholename, {includedotfiles=true}], [match, **/*.tmp, wholename, {includedotfiles=true}], [match, **/*.bak, wholename, {includedotfiles=true}], [match, **/*~.nib, wholename, {includedotfiles=true}], [match, .classpath, wholename, {includedotfiles=true}], [match, .settings, wholename, {includedotfiles=true}], [match, .loadpath, wholename, {includedotfiles=true}], [match, .externalToolBuilders, wholename, {includedotfiles=true}], [match, .cproject, wholename, {includedotfiles=true}], [match, .buildpath, wholename, {includedotfiles=true}], [match, .DS_Store, wholename, {includedotfiles=true}], [match, .AppleDouble, wholename, {includedotfiles=true}], [match, .LSOverride, wholename, {includedotfiles=true}], [match, .Spotlight-V100, wholename, {includedotfiles=true}], [match, .Trashes, wholename, {includedotfiles=true}], [match, $RECYCLE.BIN, wholename, {includedotfiles=true}], [match, .*.sublime-workspace, wholename, {includedotfiles=true}]]], empty_on_fresh_instance=true, fields=[name, exists, new]}]
[2018-07-30 06:31:40.849][debug][command:null][tid:30][com.facebook.buck.util.ListeningProcessExecutor] Launching process with params ProcessExecutorParams{command=[networksetup, -listnetworkserviceorder, ]}
[2018-07-30 06:31:40.851][debug][command:null][tid:31][com.facebook.buck.io.WatchmanTransportClient] Query [query, /Users/jack/Downloads/test, {since=c:1532259872:486:6:252, expression=[not, [anyof, [type, d], [dirname, .idea], [dirname, .buckd], [dirname, buck-out/cache], [dirname, buck-out/.trash], [dirname, buck-out], [match, **/*.pbxproj, wholename, {includedotfiles=true}], [match, **/*.xcscheme, wholename, {includedotfiles=true}], [match, **/*.xcworkspacedata, wholename, {includedotfiles=true}], [match, **/*~, wholename, {includedotfiles=true}], [match, **/#*#, wholename, {includedotfiles=true}], [match, **/.#*, wholename, {includedotfiles=true}], [match, **/*.swo, wholename, {includedotfiles=true}], [match, **/*.swp, wholename, {includedotfiles=true}], [match, **/*.swpx, wholename, {includedotfiles=true}], [match, **/*.un~, wholename, {includedotfiles=true}], [match, **/.netrhwist, wholename, {includedotfiles=true}], [match, .idea, wholename, {includedotfiles=true}], [match, .iml, wholename, {includedotfiles=true}], [match, **/*.pydevproject, wholename, {includedotfiles=true}], [match, .project, wholename, {includedotfiles=true}], [match, .metadata, wholename, {includedotfiles=true}], [match, **/*.tmp, wholename, {includedotfiles=true}], [match, **/*.bak, wholename, {includedotfiles=true}], [match, **/*~.nib, wholename, {includedotfiles=true}], [match, .classpath, wholename, {includedotfiles=true}], [match, .settings, wholename, {includedotfiles=true}], [match, .loadpath, wholename, {includedotfiles=true}], [match, .externalToolBuilders, wholename, {includedotfiles=true}], [match, .cproject, wholename, {includedotfiles=true}], [match, .buildpath, wholename, {includedotfiles=true}], [match, .DS_Store, wholename, {includedotfiles=true}], [match, .AppleDouble, wholename, {includedotfiles=true}], [match, .LSOverride, wholename, {includedotfiles=true}], [match, .Spotlight-V100, wholename, {includedotfiles=true}], [match, .Trashes, wholename, {includedotfiles=true}], [match, $RECYCLE.BIN, wholename, {includedotfiles=true}], [match, .*.sublime-workspace, wholename, {includedotfiles=true}]]], empty_on_fresh_instance=true, fields=[name, exists, new]}] returned in 13 ms
[2018-07-30 06:31:40.852][debug][command:null][tid:31][com.facebook.buck.io.WatchmanWatcher] Updating Watchman Cursor from c:1532259872:486:6:252 to c:1532259872:486:6:254
[2018-07-30 06:31:40.853][debug][command:null][tid:31][com.facebook.buck.io.WatchmanWatcher] Posted 0 Watchman events.
[2018-07-30 06:31:40.853][debug][command:null][tid:31][com.facebook.buck.io.WatchmanTransportClient] Closing Watchman transport.
[2018-07-30 06:31:40.854][debug][command:null][tid:30][com.facebook.buck.util.ListeningProcessExecutor] Successfully launched process com.zaxxer.nuprocess.osx.OsxProcess@6bc512f6
[2018-07-30 06:31:40.858][debug][command:null][tid:30][com.facebook.buck.util.ListeningProcessExecutor] Waiting for process com.facebook.buck.util.ListeningProcessExecutor$LaunchedProcessImpl@1a07a837 timeout 1000 MILLISECONDS
[2018-07-30 06:31:40.893][debug][command:null][tid:30][com.facebook.buck.util.ListeningProcessExecutor] Wait for process returned 0
[2018-07-30 06:31:40.894][debug][command:null][tid:30][com.facebook.buck.util.ListeningProcessExecutor] Destroying process com.facebook.buck.util.ListeningProcessExecutor$LaunchedProcessImpl@1a07a837 (force true)
[2018-07-30 06:31:40.894][debug][command:null][tid:30][com.facebook.buck.util.environment.MacNetworkConfiguration] Determine active state of media for device
[2018-07-30 06:31:40.894][debug][command:null][tid:30][com.facebook.buck.util.ListeningProcessExecutor] Launching process with params ProcessExecutorParams{command=[networksetup, -getMedia, en0]}
[2018-07-30 06:31:40.898][debug][command:null][tid:30][com.facebook.buck.util.ListeningProcessExecutor] Successfully launched process com.zaxxer.nuprocess.osx.OsxProcess@59964b23
[2018-07-30 06:31:40.899][debug][command:null][tid:30][com.facebook.buck.util.ListeningProcessExecutor] Waiting for process com.facebook.buck.util.ListeningProcessExecutor$LaunchedProcessImpl@4081f271 timeout 1000 MILLISECONDS
[2018-07-30 06:31:40.933][debug][command:null][tid:30][com.facebook.buck.util.ListeningProcessExecutor] Wait for process returned 0
[2018-07-30 06:31:40.933][debug][command:null][tid:30][com.facebook.buck.util.ListeningProcessExecutor] Destroying process com.facebook.buck.util.ListeningProcessExecutor$LaunchedProcessImpl@4081f271 (force true)
[2018-07-30 06:31:40.933][debug][command:null][tid:30][com.facebook.buck.util.environment.MacNetworkConfiguration] Determine WiFi SSID of device
[2018-07-30 06:31:40.934][debug][command:null][tid:30][com.facebook.buck.util.ListeningProcessExecutor] Launching process with params ProcessExecutorParams{command=[networksetup, -getairportnetwork, en0]}
[2018-07-30 06:31:40.936][debug][command:null][tid:30][com.facebook.buck.util.ListeningProcessExecutor] Successfully launched process com.zaxxer.nuprocess.osx.OsxProcess@5f993f62
[2018-07-30 06:31:40.938][debug][command:null][tid:30][com.facebook.buck.util.ListeningProcessExecutor] Waiting for process com.facebook.buck.util.ListeningProcessExecutor$LaunchedProcessImpl@787872b6 timeout 1000 MILLISECONDS
[2018-07-30 06:31:40.979][debug][command:null][tid:30][com.facebook.buck.util.ListeningProcessExecutor] Wait for process returned 0
[2018-07-30 06:31:40.979][debug][command:null][tid:30][com.facebook.buck.util.ListeningProcessExecutor] Destroying process com.facebook.buck.util.ListeningProcessExecutor$LaunchedProcessImpl@787872b6 (force true)
[2018-07-30 06:31:42.359][debug][command:36fb11d6-ce28-47d3-8a98-9c669ca248e8][tid:13][com.facebook.buck.cli.CleanCommand] Removed path: buck-out/bin
[2018-07-30 06:31:43.017][debug][command:36fb11d6-ce28-47d3-8a98-9c669ca248e8][tid:13][com.facebook.buck.cli.CleanCommand] Removed path: buck-out/cache
[2018-07-30 06:31:43.209][debug][command:36fb11d6-ce28-47d3-8a98-9c669ca248e8][tid:13][com.facebook.buck.cli.CleanCommand] Removed path: buck-out/gen
[2018-07-30 06:31:43.210][debug][command:36fb11d6-ce28-47d3-8a98-9c669ca248e8][tid:13][com.facebook.buck.cli.CleanCommand] Removed path: buck-out/.trash
[2018-07-30 06:31:43.232][debug][command:36fb11d6-ce28-47d3-8a98-9c669ca248e8][tid:25][com.facebook.buck.util.perf.ProcessTracker] shutDown
[2018-07-30 06:31:43.234][debug][command:36fb11d6-ce28-47d3-8a98-9c669ca248e8][tid:25][com.google.common.util.concurrent.ServiceManager] Service ProcessTracker [TERMINATED] has terminated. Previous state was: STOPPING
[2018-07-30 06:31:43.235][debug][command:36fb11d6-ce28-47d3-8a98-9c669ca248e8][tid:24][com.google.common.util.concurrent.ServiceManager] Service PerfStatsTracking [TERMINATED] has terminated. Previous state was: STOPPING
[2018-07-30 06:31:43.242][debug][command:36fb11d6-ce28-47d3-8a98-9c669ca248e8][tid:13][com.facebook.buck.event.listener.SuperConsoleEventBusListener] Stopping render scheduler
[2018-07-30 06:31:43.242][info ][command:36fb11d6-ce28-47d3-8a98-9c669ca248e8][tid:13][com.facebook.buck.cli.Main] Awaiting termination of PROJECT executor service. Waiting for all jobs to complete, or up to maximum of 60 seconds...
[2018-07-30 06:31:43.243][info ][command:36fb11d6-ce28-47d3-8a98-9c669ca248e8][tid:13][com.facebook.buck.cli.Main] Successfully terminated PROJECT executor service.
[2018-07-30 06:31:43.243][info ][command:36fb11d6-ce28-47d3-8a98-9c669ca248e8][tid:13][com.facebook.buck.cli.Main] Awaiting termination of NETWORK executor service. Waiting for all jobs to complete, or up to maximum of 60 seconds...
[2018-07-30 06:31:43.243][info ][command:36fb11d6-ce28-47d3-8a98-9c669ca248e8][tid:13][com.facebook.buck.cli.Main] Successfully terminated NETWORK executor service.
[2018-07-30 06:31:43.244][info ][command:36fb11d6-ce28-47d3-8a98-9c669ca248e8][tid:13][com.facebook.buck.cli.Main] Awaiting termination of CPU executor service. Waiting for all jobs to complete, or up to maximum of 60 seconds...
[2018-07-30 06:31:43.244][info ][command:36fb11d6-ce28-47d3-8a98-9c669ca248e8][tid:13][com.facebook.buck.cli.Main] Successfully terminated CPU executor service.
[2018-07-30 06:31:43.244][info ][command:36fb11d6-ce28-47d3-8a98-9c669ca248e8][tid:13][com.facebook.buck.cli.Main] Awaiting termination of ScheduledExecutorService executor service. Waiting for all jobs to complete, or up to maximum of 60 seconds...
[2018-07-30 06:31:43.244][info ][command:36fb11d6-ce28-47d3-8a98-9c669ca248e8][tid:13][com.facebook.buck.cli.Main] Successfully terminated ScheduledExecutorService executor service.
[2018-07-30 06:31:43.244][info ][command:36fb11d6-ce28-47d3-8a98-9c669ca248e8][tid:13][com.facebook.buck.cli.Main] Awaiting termination of CounterAggregatorExecutor executor service. Waiting for all jobs to complete, or up to maximum of 20 seconds...
[2018-07-30 06:31:43.245][info ][command:36fb11d6-ce28-47d3-8a98-9c669ca248e8][tid:13][com.facebook.buck.cli.Main] Successfully terminated CounterAggregatorExecutor executor service.
[2018-07-30 06:31:43.245][info ][command:36fb11d6-ce28-47d3-8a98-9c669ca248e8][tid:13][com.facebook.buck.cli.Main] Awaiting termination of HTTP Read executor service. Waiting for all jobs to complete, or up to maximum of 1800 seconds...
[2018-07-30 06:31:43.245][info ][command:36fb11d6-ce28-47d3-8a98-9c669ca248e8][tid:13][com.facebook.buck.cli.Main] Successfully terminated HTTP Read executor service.
[2018-07-30 06:31:43.245][info ][command:36fb11d6-ce28-47d3-8a98-9c669ca248e8][tid:13][com.facebook.buck.cli.Main] Awaiting termination of Download Heavy Build HTTP Read executor service. Waiting for all jobs to complete, or up to maximum of 1800 seconds...
[2018-07-30 06:31:43.245][info ][command:36fb11d6-ce28-47d3-8a98-9c669ca248e8][tid:13][com.facebook.buck.cli.Main] Successfully terminated Download Heavy Build HTTP Read executor service.
[2018-07-30 06:31:43.245][info ][command:36fb11d6-ce28-47d3-8a98-9c669ca248e8][tid:13][com.facebook.buck.cli.Main] Awaiting termination of HTTP Write executor service. Waiting for all jobs to complete, or up to maximum of 1800 seconds...
[2018-07-30 06:31:43.245][info ][command:36fb11d6-ce28-47d3-8a98-9c669ca248e8][tid:13][com.facebook.buck.cli.Main] Successfully terminated HTTP Write executor service.
[2018-07-30 06:31:43.245][info ][command:36fb11d6-ce28-47d3-8a98-9c669ca248e8][tid:13][com.facebook.buck.cli.Main] Awaiting termination of Disk IO executor service. Waiting for all jobs to complete, or up to maximum of 10 seconds...
[2018-07-30 06:31:43.245][info ][command:36fb11d6-ce28-47d3-8a98-9c669ca248e8][tid:13][com.facebook.buck.cli.Main] Successfully terminated Disk IO executor service.
[2018-07-30 06:31:43.246][debug][command:36fb11d6-ce28-47d3-8a98-9c669ca248e8][tid:13][com.martiansoftware.nailgun.NGCommunicator] Shutting down socket for input
[2018-07-30 06:31:43.246][debug][command:null][tid:15][com.martiansoftware.nailgun.NGCommunicator] Socket is disconnected
[2018-07-30 06:31:43.247][debug][command:null][tid:15][com.martiansoftware.nailgun.NGCommunicator] Nailgun client disconnected
[2018-07-30 06:31:43.247][debug][command:null][tid:15][com.martiansoftware.nailgun.NGCommunicator] Orchestrator thread finished
[2018-07-30 06:31:43.247][debug][command:36fb11d6-ce28-47d3-8a98-9c669ca248e8][tid:13][com.martiansoftware.nailgun.NGCommunicator] Shutting down socket for output
[2018-07-30 06:31:43.247][debug][command:36fb11d6-ce28-47d3-8a98-9c669ca248e8][tid:13][com.facebook.buck.event.listener.SuperConsoleEventBusListener] Stopping render scheduler
[2018-07-30 06:31:43.248][debug][command:36fb11d6-ce28-47d3-8a98-9c669ca248e8][tid:13][com.facebook.buck.event.listener.ChromeTraceBuildListener] Writing Chrome trace to buck-out/log/2018-07-29_21h31m39s_cleancommand_36fb11d6-ce28-47d3-8a98-9c669ca248e8/build.2018-07-30.06-31-40.36fb11d6-ce28-47d3-8a98-9c669ca248e8.trace
[2018-07-30 06:31:43.289][info ][command:36fb11d6-ce28-47d3-8a98-9c669ca248e8][tid:13][com.facebook.buck.cli.Main] Awaiting termination of Dir Artifact executor service. Waiting for all jobs to complete, or up to maximum of 60 seconds...
[2018-07-30 06:31:43.290][info ][command:36fb11d6-ce28-47d3-8a98-9c669ca248e8][tid:13][com.facebook.buck.cli.Main] Successfully terminated Dir Artifact executor service.
[2018-07-30 06:31:43.300][debug][command:null][tid:13][com.facebook.buck.cli.Main] Done.
[2018-07-30 06:31:43.301][info ][command:null][tid:13][com.martiansoftware.nailgun.NGSession] Nail cleanly exited with status 0
[2018-07-30 06:31:43.301][debug][command:null][tid:13][com.martiansoftware.nailgun.NGCommunicator] Shutting down read ExecutorService
[2018-07-30 06:31:43.301][debug][command:null][tid:13][com.martiansoftware.nailgun.NGCommunicator] Shutting down orchestrator ExecutorService
[2018-07-30 06:31:43.306][debug][command:null][tid:13][com.martiansoftware.nailgun.NGSession] Closing client socket
[2018-07-30 06:31:43.306][debug][command:null][tid:13][com.martiansoftware.nailgun.NGSession] Waiting for next client to connect
[2018-07-30 06:31:50.810][debug][command:null][tid:14][com.martiansoftware.nailgun.NGSession] Client connected
[2018-07-30 06:31:50.813][debug][command:null][tid:14][com.martiansoftware.nailgun.NGCommunicator] Shutting down socket for input
[2018-07-30 06:31:50.813][debug][command:null][tid:14][com.martiansoftware.nailgun.NGCommunicator] Shutting down socket for output
[2018-07-30 06:31:50.813][debug][command:null][tid:35][com.martiansoftware.nailgun.NGCommunicator] Orchestrator thread started
[2018-07-30 06:31:50.813][debug][command:null][tid:14][com.martiansoftware.nailgun.NGCommunicator] Shutting down read ExecutorService
[2018-07-30 06:31:50.813][debug][command:null][tid:35][com.martiansoftware.nailgun.NGCommunicator] Nailgun client disconnected
[2018-07-30 06:31:50.814][debug][command:null][tid:14][com.martiansoftware.nailgun.NGCommunicator] Shutting down orchestrator ExecutorService
[2018-07-30 06:31:50.814][debug][command:null][tid:35][com.martiansoftware.nailgun.NGCommunicator] Orchestrator thread finished
[2018-07-30 06:31:50.814][debug][command:null][tid:14][com.martiansoftware.nailgun.NGSession] Closing client socket
[2018-07-30 06:31:50.814][debug][command:null][tid:14][com.martiansoftware.nailgun.NGSession] Waiting for next client to connect
[2018-07-30 06:31:50.825][debug][command:null][tid:13][com.martiansoftware.nailgun.NGSession] Client connected
[2018-07-30 06:31:50.830][debug][command:null][tid:36][com.martiansoftware.nailgun.NGCommunicator] Orchestrator thread started
[2018-07-30 06:31:50.830][debug][command:null][tid:13][com.facebook.buck.util.config.Configs] Loading configuration for /Users/jack/Downloads/test
[2018-07-30 06:31:50.831][debug][command:null][tid:13][com.facebook.buck.util.config.Configs] Loaded project configuration file /Users/jack/Downloads/test/.buckconfig
[2018-07-30 06:31:50.832][debug][command:null][tid:13][com.facebook.buck.util.config.Configs] Loaded a configuration file /Users/jack/Downloads/test/.buckconfig.local, {android={build_tools_version=24.0.2, target=android-24}, buildfile={includes=//.okbuck/defs/DEFS}, kotlin={kotlin_home=.okbuck/cache/kotlin_home}, tools={proguard=.okbuck/cache/proguard/proguard-base-6.0.3.jar}}
[2018-07-30 06:31:50.833][debug][command:null][tid:13][com.facebook.buck.util.config.Configs] Adding configuration overrides RawConfig{values={}}
[2018-07-30 06:31:50.950][debug][command:null][tid:13][com.facebook.buck.cli.Main] Rotating log.
