[2018-07-30 08:26:44.705][debug][command:null][tid:13][com.facebook.buck.cli.Main] Starting up (build date 2018-07-24 04:49:11 +0900, rev 95f1b0eeced0bb32f33cd37d997849f077d4d791), args: [install, --run, //app:bin_debug]
[2018-07-30 08:26:44.711][debug][command:null][tid:13][com.facebook.buck.cli.Main] System properties: {java.vendor=Oracle Corporation, sun.java.launcher=SUN_STANDARD, sun.management.compiler=HotSpot 64-Bit Tiered Compilers, jnidispatch.path=/Users/jack/Downloads/test/.buckd/tmp/buck_run.VlNpxu/jna-3254239/jna4398281268728391062.tmp, os.name=Mac OS X, buck.enable_objc=true, sun.boot.class.path=/Library/Java/JavaVirtualMachines/jdk1.8.0_151.jdk/Contents/Home/jre/lib/resources.jar:/Library/Java/JavaVirtualMachines/jdk1.8.0_151.jdk/Contents/Home/jre/lib/rt.jar:/Library/Java/JavaVirtualMachines/jdk1.8.0_151.jdk/Contents/Home/jre/lib/sunrsasign.jar:/Library/Java/JavaVirtualMachines/jdk1.8.0_151.jdk/Contents/Home/jre/lib/jsse.jar:/Library/Java/JavaVirtualMachines/jdk1.8.0_151.jdk/Contents/Home/jre/lib/jce.jar:/Library/Java/JavaVirtualMachines/jdk1.8.0_151.jdk/Contents/Home/jre/lib/charsets.jar:/Library/Java/JavaVirtualMachines/jdk1.8.0_151.jdk/Contents/Home/jre/lib/jfr.jar:/Library/Java/JavaVirtualMachines/jdk1.8.0_151.jdk/Contents/Home/jre/classes, buck.module.resources=/Users/jack/Downloads/test/.buckd/resources/95f1b0eeced0bb32f33cd37d997849f077d4d791/buck-modules-resources, pf4j.pluginsDir=/Users/jack/Downloads/test/.buckd/resources/95f1b0eeced0bb32f33cd37d997849f077d4d791/buck-modules, buck.resource_lock_path=/Users/jack/Downloads/test/.buckd/resources/95f1b0eeced0bb32f33cd37d997849f077d4d791/.buck_lock, buck.path_to_isolated_trampoline=/Users/jack/Downloads/test/.buckd/resources/95f1b0eeced0bb32f33cd37d997849f077d4d791/path_to_isolated_trampoline, java.vm.specification.vendor=Oracle Corporation, java.runtime.version=1.8.0_151-b12, jna.loaded=true, buck.testrunner_classes=/Users/jack/Downloads/test/.buckd/resources/95f1b0eeced0bb32f33cd37d997849f077d4d791/testrunner_classes, buck.logging_config_file=/Users/jack/Downloads/test/.buckd/resources/95f1b0eeced0bb32f33cd37d997849f077d4d791/logging_config_file, buck.path_to_sh_binary_template=/Users/jack/Downloads/test/.buckd/resources/95f1b0eeced0bb32f33cd37d997849f077d4d791/path_to_sh_binary_template, user.name=jack, user.language.format=en, buck.path_to_pywatchman=/Users/jack/Downloads/test/.buckd/resources/95f1b0eeced0bb32f33cd37d997849f077d4d791/path_to_pywatchman, buck.report_generator_jar=/Users/jack/Downloads/test/.buckd/resources/95f1b0eeced0bb32f33cd37d997849f077d4d791/report_generator_jar, buck.git_commit=95f1b0eeced0bb32f33cd37d997849f077d4d791, user.language=zh, sun.boot.library.path=/Library/Java/JavaVirtualMachines/jdk1.8.0_151.jdk/Contents/Home/jre/lib, jna.nosys=true, java.version=1.8.0_151, user.timezone=Asia/Tokyo, buck.test_util_no_tests_dir=true, sun.arch.data.model=64, java.endorsed.dirs=/Library/Java/JavaVirtualMachines/jdk1.8.0_151.jdk/Contents/Home/jre/lib/endorsed, sun.cpu.isalist=, sun.jnu.encoding=UTF-8, file.encoding.pkg=sun.io, file.separator=/, java.specification.name=Java Platform API Specification, buck.jacoco_agent_jar=/Users/jack/Downloads/test/.buckd/resources/95f1b0eeced0bb32f33cd37d997849f077d4d791/jacoco_agent_jar, java.class.version=52.0, user.country=CN, buck.binary_hash=14ce60d582c46f8e95588198e8076f3f, java.home=/Library/Java/JavaVirtualMachines/jdk1.8.0_151.jdk/Contents/Home/jre, buck.fix_script=/Users/jack/Downloads/test/.buckd/resources/95f1b0eeced0bb32f33cd37d997849f077d4d791/fix_script, java.vm.info=mixed mode, os.version=10.13.6, buck.external_executor_jar=/Users/jack/Downloads/test/.buckd/resources/95f1b0eeced0bb32f33cd37d997849f077d4d791/external_executor_jar, buck.version_uid=95f1b0eeced0bb32f33cd37d997849f077d4d791, org.eclipse.jetty.util.log.class=org.eclipse.jetty.util.log.JavaUtilLog, path.separator=:, java.vm.version=25.151-b12, java.awt.printerjob=sun.lwawt.macosx.CPrinterJob, sun.io.unicode.encoding=UnicodeBig, awt.toolkit=sun.lwawt.macosx.LWCToolkit, buck.mode=package, buck.buck_build_type_info=/Users/jack/Downloads/test/.buckd/resources/95f1b0eeced0bb32f33cd37d997849f077d4d791/buck_build_type_info, buck.dx=/Users/jack/Downloads/test/.buckd/resources/95f1b0eeced0bb32f33cd37d997849f077d4d791/dx, buck.git_commit_timestamp=1532375351, user.home=/Users/jack, java.specification.vendor=Oracle Corporation, buck.git_dirty=0, java.library.path=/Users/jack/Downloads/test/.buckd/resources/95f1b0eeced0bb32f33cd37d997849f077d4d791, java.vendor.url=http://java.oracle.com/, java.vm.vendor=Oracle Corporation, gopherProxySet=false, java.runtime.name=Java(TM) SE Runtime Environment, sun.java.command=com.facebook.buck.cli.bootstrapper.ClassLoaderBootstrapper com.facebook.buck.cli.Main$DaemonBootstrap local:.buckd/sock 120000, java.class.path=/Users/jack/Downloads/test/.buckd/resources/95f1b0eeced0bb32f33cd37d997849f077d4d791/bootstrapper_jar, buck.buckd_dir=/Users/jack/Downloads/test/.buckd, buck.path_to_pathlib_py=/Users/jack/Downloads/test/.buckd/resources/95f1b0eeced0bb32f33cd37d997849f077d4d791/pathlib.py, buck.buckd_launch_time_nanos=113213509345894, java.vm.specification.name=Java Virtual Machine Specification, com.martiansoftware.nailgun.NGServer.outputPath=/Users/jack/Downloads/test/.buckd/tmp/buck_run.VlNpxu/ngserver-out, java.vm.specification.version=1.8, sun.cpu.endian=little, sun.os.patch.level=unknown, java.awt.headless=true, java.io.tmpdir=/Users/jack/Downloads/test/.buckd/tmp/buck_run.VlNpxu, buck.android_agent_path=/Users/jack/Downloads/test/.buckd/resources/95f1b0eeced0bb32f33cd37d997849f077d4d791/android_agent_path, java.vendor.url.bug=http://bugreport.sun.com/bugreport/, buck.path_to_python_dsl=, jna.platform.library.path=/usr/lib:/usr/lib, os.arch=x86_64, java.awt.graphicsenv=sun.awt.CGraphicsEnvironment, java.ext.dirs=/Users/jack/Library/Java/Extensions:/Library/Java/JavaVirtualMachines/jdk1.8.0_151.jdk/Contents/Home/jre/lib/ext:/Library/Java/Extensions:/Network/Library/Java/Extensions:/System/Library/Java/Extensions:/usr/lib/java, java.util.logging.config.class=com.facebook.buck.cli.bootstrapper.LogConfig, user.dir=/Users/jack/Downloads/test, java.nio.file.spi.DefaultFileSystemProvider=com.facebook.buck.cli.bootstrapper.filesystem.BuckFileSystemProvider, line.separator=
, java.vm.name=Java HotSpot(TM) 64-Bit Server VM, buck.path_to_typing=/Users/jack/Downloads/test/.buckd/resources/95f1b0eeced0bb32f33cd37d997849f077d4d791/path_to_typing, buck.native_exopackage_fake_path=/Users/jack/Downloads/test/.buckd/resources/95f1b0eeced0bb32f33cd37d997849f077d4d791/native_exopackage_fake_path, file.encoding=UTF-8, java.specification.version=1.8}
[2018-07-30 08:26:44.711][debug][command:null][tid:13][com.facebook.buck.util.config.Configs] Loading configuration for /Users/jack/Downloads/test
[2018-07-30 08:26:44.711][debug][command:null][tid:13][com.facebook.buck.util.config.Configs] Loaded project configuration file /Users/jack/Downloads/test/.buckconfig
[2018-07-30 08:26:44.711][debug][command:null][tid:13][com.facebook.buck.util.config.Configs] Loaded a configuration file /Users/jack/Downloads/test/.buckconfig.local, {android={build_tools_version=24.0.2, target=android-24}, buildfile={includes=//.okbuck/defs/DEFS}, kotlin={kotlin_home=.okbuck/cache/kotlin_home}, tools={proguard=.okbuck/cache/proguard/proguard-base-6.0.3.jar}}
[2018-07-30 08:26:44.712][debug][command:null][tid:13][com.facebook.buck.util.config.Configs] Adding configuration overrides RawConfig{values={}}
[2018-07-30 08:26:44.713][info ][command:null][tid:13][com.facebook.buck.io.WatchmanFactory] Creating for: [/Users/jack/Downloads/test]
[2018-07-30 08:26:44.714][debug][command:null][tid:13][com.facebook.buck.io.ExecutableFinder] Executable 'watchman' mapped to 'Optional[/usr/local/bin/watchman]'
[2018-07-30 08:26:44.714][debug][command:null][tid:13][com.facebook.buck.util.ListeningProcessExecutor] Launching process with params ProcessExecutorParams{command=[/usr/local/bin/watchman, --output-encoding=bser, get-sockname]}
[2018-07-30 08:26:44.715][debug][command:null][tid:13][com.facebook.buck.util.ListeningProcessExecutor] Successfully launched process com.zaxxer.nuprocess.osx.OsxProcess@1197c892
[2018-07-30 08:26:44.716][debug][command:null][tid:13][com.facebook.buck.util.ListeningProcessExecutor] Waiting for process com.facebook.buck.util.ListeningProcessExecutor$LaunchedProcessImpl@55905f92 timeout 1000000000 NANOSECONDS
[2018-07-30 08:26:44.730][debug][command:null][tid:13][com.facebook.buck.util.ListeningProcessExecutor] Wait for process returned 0
[2018-07-30 08:26:44.730][debug][command:null][tid:13][com.facebook.buck.io.WatchmanFactory] Waited 14 ms for Watchman command get-sockname, exit code 0
[2018-07-30 08:26:44.730][debug][command:null][tid:13][com.facebook.buck.io.WatchmanFactory] stdout of command: {sockname=/usr/local/var/run/watchman/jack-state/sock, version=4.9.0}
[2018-07-30 08:26:44.730][info ][command:null][tid:13][com.facebook.buck.io.WatchmanFactory] Connecting to Watchman version 4.9.0 at /usr/local/var/run/watchman/jack-state/sock
[2018-07-30 08:26:44.731][debug][command:null][tid:332][com.facebook.buck.io.WatchmanTransportClient] Sending query: [version, {required=[cmd-watch-project], optional=[term-dirname, cmd-watch-project, wildmatch, wildmatch_multislash, glob_generator, clock-sync-timeout]}]
[2018-07-30 08:26:44.732][debug][command:null][tid:13][com.facebook.buck.io.WatchmanTransportClient] Query [version, {required=[cmd-watch-project], optional=[term-dirname, cmd-watch-project, wildmatch, wildmatch_multislash, glob_generator, clock-sync-timeout]}] returned in 0 ms
[2018-07-30 08:26:44.732][info ][command:null][tid:13][com.facebook.buck.io.WatchmanFactory] Took 1 ms to query capabilities {term-dirname=DIRNAME, cmd-watch-project=SUPPORTS_PROJECT_WATCH, wildmatch=WILDMATCH_GLOB, wildmatch_multislash=WILDMATCH_MULTISLASH, glob_generator=GLOB_GENERATOR, clock-sync-timeout=CLOCK_SYNC_TIMEOUT}
[2018-07-30 08:26:44.732][debug][command:null][tid:13][com.facebook.buck.io.WatchmanFactory] Got capabilities response: {clock-sync-timeout=true, glob_generator=true, wildmatch_multislash=false, cmd-watch-project=true, wildmatch=true, term-dirname=true}
[2018-07-30 08:26:44.732][debug][command:null][tid:13][com.facebook.buck.io.WatchmanFactory] Got Watchman capabilities: [CLOCK_SYNC_TIMEOUT, GLOB_GENERATOR, SUPPORTS_PROJECT_WATCH, WILDMATCH_GLOB, DIRNAME]
[2018-07-30 08:26:44.732][info ][command:null][tid:13][com.facebook.buck.io.WatchmanFactory] Adding watchman root: /Users/jack/Downloads/test
[2018-07-30 08:26:44.732][debug][command:null][tid:332][com.facebook.buck.io.WatchmanTransportClient] Sending query: [watch-project, /Users/jack/Downloads/test]
[2018-07-30 08:26:44.732][debug][command:null][tid:13][com.facebook.buck.io.WatchmanTransportClient] Query [watch-project, /Users/jack/Downloads/test] returned in 0 ms
[2018-07-30 08:26:44.732][debug][command:null][tid:332][com.facebook.buck.io.WatchmanTransportClient] Sending query: [watch-project, /Users/jack/Downloads/test]
[2018-07-30 08:26:44.732][debug][command:null][tid:13][com.facebook.buck.io.WatchmanTransportClient] Query [watch-project, /Users/jack/Downloads/test] returned in 0 ms
[2018-07-30 08:26:44.732][info ][command:null][tid:13][com.facebook.buck.io.WatchmanFactory] Took 0 ms to add root /Users/jack/Downloads/test
[2018-07-30 08:26:44.732][debug][command:null][tid:332][com.facebook.buck.io.WatchmanTransportClient] Sending query: [clock, /Users/jack/Downloads/test, {sync_timeout=100}]
[2018-07-30 08:26:44.773][debug][command:null][tid:13][com.facebook.buck.io.WatchmanTransportClient] Query [clock, /Users/jack/Downloads/test, {sync_timeout=100}] returned in 40 ms
[2018-07-30 08:26:44.773][info ][command:null][tid:13][com.facebook.buck.io.WatchmanFactory] Took 40 ms to query for initial clock id Optional[c:1532259872:486:6:781]
[2018-07-30 08:26:44.773][debug][command:null][tid:13][com.facebook.buck.io.WatchmanFactory] Connected to Watchman
[2018-07-30 08:26:44.773][debug][command:null][tid:13][com.facebook.buck.io.WatchmanTransportClient] Closing Watchman transport.
[2018-07-30 08:26:44.774][debug][command:null][tid:13][com.facebook.buck.cli.Main] Watchman capabilities: [CLOCK_SYNC_TIMEOUT, GLOB_GENERATOR, SUPPORTS_PROJECT_WATCH, WILDMATCH_GLOB, DIRNAME] Project watches: {/Users/jack/Downloads/test=ProjectWatch{watchRoot=/Users/jack/Downloads/test}} Glob handler config: PYTHON Query timeout ms config: Optional.empty
[2018-07-30 08:26:44.801][debug][command:065d736a-cd5e-4c02-8906-bf739da98c31][tid:13][com.facebook.buck.event.listener.SuperConsoleEventBusListener] Starting render scheduler (interval 100 ms)
[2018-07-30 08:26:44.802][debug][command:065d736a-cd5e-4c02-8906-bf739da98c31][tid:13][com.google.common.util.concurrent.ServiceManager] Starting PerfStatsTracking [RUNNING].
[2018-07-30 08:26:44.802][debug][command:065d736a-cd5e-4c02-8906-bf739da98c31][tid:13][com.google.common.util.concurrent.ServiceManager] Starting ProcessTracker [STARTING].
[2018-07-30 08:26:44.802][debug][command:065d736a-cd5e-4c02-8906-bf739da98c31][tid:13][com.facebook.buck.util.environment.MacWifiSsidFinder] Getting current SSID..
[2018-07-30 08:26:44.803][debug][command:065d736a-cd5e-4c02-8906-bf739da98c31][tid:13][com.facebook.buck.util.environment.MacWifiSsidFinder] Getting SSID from Wi-Fi interface: <CWInterface: 0x7ff950e18af0> [interfaceName=en0]
[2018-07-30 08:26:44.802][debug][command:null][tid:335][com.google.common.util.concurrent.ServiceManager] Started PerfStatsTracking [RUNNING] in 727.2 μs.
[2018-07-30 08:26:44.802][debug][command:null][tid:336][com.facebook.buck.util.perf.ProcessTracker] startUp
[2018-07-30 08:26:44.804][debug][command:065d736a-cd5e-4c02-8906-bf739da98c31][tid:13][com.facebook.buck.util.environment.MacWifiSsidFinder] Found SSID: W04_5001D9ED9BB3
[2018-07-30 08:26:44.804][debug][command:065d736a-cd5e-4c02-8906-bf739da98c31][tid:13][com.facebook.buck.cli.Main] InvocationInfo BuildId=[065d736a-cd5e-4c02-8906-bf739da98c31] Args=[install, --run, //app:bin_debug]
[2018-07-30 08:26:44.806][debug][command:null][tid:336][com.google.common.util.concurrent.ServiceManager] Started ProcessTracker [RUNNING] in 4.362 ms.
[2018-07-30 08:26:44.809][warn ][command:null][tid:339][com.facebook.buck.event.listener.PublicAnnouncementManager] Failed to get public announcements. Reason: Failed to establish connection to server.
[2018-07-30 08:26:44.810][info ][command:null][tid:340][com.facebook.buck.util.versioncontrol.VersionControlStatsGenerator] Starting generation of version control stats.
[2018-07-30 08:26:44.810][debug][command:null][tid:340][com.facebook.buck.util.versioncontrol.VersionControlCmdLineInterface] Executing command: hg log -l 1 --template {node|short}
[2018-07-30 08:26:44.814][debug][command:null][tid:344][com.facebook.buck.io.WatchmanTransportClient] Sending query: [query, /Users/jack/Downloads/test, {since=c:1532259872:486:6:776, expression=[not, [anyof, [type, d], [dirname, .idea], [dirname, .buckd], [dirname, buck-out/cache], [dirname, buck-out/.trash], [dirname, buck-out], [match, **/*.pbxproj, wholename, {includedotfiles=true}], [match, **/*.xcscheme, wholename, {includedotfiles=true}], [match, **/*.xcworkspacedata, wholename, {includedotfiles=true}], [match, **/*~, wholename, {includedotfiles=true}], [match, **/#*#, wholename, {includedotfiles=true}], [match, **/.#*, wholename, {includedotfiles=true}], [match, **/*.swo, wholename, {includedotfiles=true}], [match, **/*.swp, wholename, {includedotfiles=true}], [match, **/*.swpx, wholename, {includedotfiles=true}], [match, **/*.un~, wholename, {includedotfiles=true}], [match, **/.netrhwist, wholename, {includedotfiles=true}], [match, .idea, wholename, {includedotfiles=true}], [match, .iml, wholename, {includedotfiles=true}], [match, **/*.pydevproject, wholename, {includedotfiles=true}], [match, .project, wholename, {includedotfiles=true}], [match, .metadata, wholename, {includedotfiles=true}], [match, **/*.tmp, wholename, {includedotfiles=true}], [match, **/*.bak, wholename, {includedotfiles=true}], [match, **/*~.nib, wholename, {includedotfiles=true}], [match, .classpath, wholename, {includedotfiles=true}], [match, .settings, wholename, {includedotfiles=true}], [match, .loadpath, wholename, {includedotfiles=true}], [match, .externalToolBuilders, wholename, {includedotfiles=true}], [match, .cproject, wholename, {includedotfiles=true}], [match, .buildpath, wholename, {includedotfiles=true}], [match, .DS_Store, wholename, {includedotfiles=true}], [match, .AppleDouble, wholename, {includedotfiles=true}], [match, .LSOverride, wholename, {includedotfiles=true}], [match, .Spotlight-V100, wholename, {includedotfiles=true}], [match, .Trashes, wholename, {includedotfiles=true}], [match, $RECYCLE.BIN, wholename, {includedotfiles=true}], [match, .*.sublime-workspace, wholename, {includedotfiles=true}]]], empty_on_fresh_instance=true, fields=[name, exists, new]}]
[2018-07-30 08:26:44.822][warn ][command:null][tid:340][com.facebook.buck.util.versioncontrol.DelegatingVersionControlCmdLineInterface] Mercurial is the only VCS supported for VCS stats generation, however current project (which has enabled VCS stats generation in its .buckconfig) does not appear to be a Mercurial repository: 
com.facebook.buck.util.versioncontrol.VersionControlCommandFailedException: java.io.IOException: Cannot run program "hg" (in directory "/Users/jack/Downloads/test"): error=2, No such file or directory
[2018-07-30 08:26:44.822][debug][command:null][tid:340][com.facebook.buck.util.versioncontrol.DelegatingVersionControlCmdLineInterface] Using NoOpCmdLineInterface.
[2018-07-30 08:26:44.822][warn ][command:null][tid:340][com.facebook.buck.util.versioncontrol.VersionControlStatsGenerator] Skipping generation of version control stats as unsupported repository type.
[2018-07-30 08:26:44.822][debug][command:null][tid:340][com.facebook.buck.util.environment.MacNetworkConfiguration] Determine network service order and extract device names
[2018-07-30 08:26:44.822][debug][command:null][tid:340][com.facebook.buck.util.ListeningProcessExecutor] Launching process with params ProcessExecutorParams{command=[networksetup, -listnetworkserviceorder, ]}
[2018-07-30 08:26:44.825][debug][command:null][tid:340][com.facebook.buck.util.ListeningProcessExecutor] Successfully launched process com.zaxxer.nuprocess.osx.OsxProcess@72bd2525
[2018-07-30 08:26:44.826][debug][command:null][tid:340][com.facebook.buck.util.ListeningProcessExecutor] Waiting for process com.facebook.buck.util.ListeningProcessExecutor$LaunchedProcessImpl@bed83db timeout 1000 MILLISECONDS
[2018-07-30 08:26:44.869][debug][command:null][tid:340][com.facebook.buck.util.ListeningProcessExecutor] Wait for process returned 0
[2018-07-30 08:26:44.869][debug][command:null][tid:340][com.facebook.buck.util.ListeningProcessExecutor] Destroying process com.facebook.buck.util.ListeningProcessExecutor$LaunchedProcessImpl@bed83db (force true)
[2018-07-30 08:26:44.869][debug][command:null][tid:340][com.facebook.buck.util.environment.MacNetworkConfiguration] Determine active state of media for device
[2018-07-30 08:26:44.871][debug][command:null][tid:340][com.facebook.buck.util.ListeningProcessExecutor] Launching process with params ProcessExecutorParams{command=[networksetup, -getMedia, en0]}
[2018-07-30 08:26:44.872][debug][command:null][tid:340][com.facebook.buck.util.ListeningProcessExecutor] Successfully launched process com.zaxxer.nuprocess.osx.OsxProcess@26299695
[2018-07-30 08:26:44.872][debug][command:null][tid:340][com.facebook.buck.util.ListeningProcessExecutor] Waiting for process com.facebook.buck.util.ListeningProcessExecutor$LaunchedProcessImpl@11234cfb timeout 1000 MILLISECONDS
[2018-07-30 08:26:44.874][debug][command:null][tid:342][com.facebook.buck.io.WatchmanTransportClient] Query [query, /Users/jack/Downloads/test, {since=c:1532259872:486:6:776, expression=[not, [anyof, [type, d], [dirname, .idea], [dirname, .buckd], [dirname, buck-out/cache], [dirname, buck-out/.trash], [dirname, buck-out], [match, **/*.pbxproj, wholename, {includedotfiles=true}], [match, **/*.xcscheme, wholename, {includedotfiles=true}], [match, **/*.xcworkspacedata, wholename, {includedotfiles=true}], [match, **/*~, wholename, {includedotfiles=true}], [match, **/#*#, wholename, {includedotfiles=true}], [match, **/.#*, wholename, {includedotfiles=true}], [match, **/*.swo, wholename, {includedotfiles=true}], [match, **/*.swp, wholename, {includedotfiles=true}], [match, **/*.swpx, wholename, {includedotfiles=true}], [match, **/*.un~, wholename, {includedotfiles=true}], [match, **/.netrhwist, wholename, {includedotfiles=true}], [match, .idea, wholename, {includedotfiles=true}], [match, .iml, wholename, {includedotfiles=true}], [match, **/*.pydevproject, wholename, {includedotfiles=true}], [match, .project, wholename, {includedotfiles=true}], [match, .metadata, wholename, {includedotfiles=true}], [match, **/*.tmp, wholename, {includedotfiles=true}], [match, **/*.bak, wholename, {includedotfiles=true}], [match, **/*~.nib, wholename, {includedotfiles=true}], [match, .classpath, wholename, {includedotfiles=true}], [match, .settings, wholename, {includedotfiles=true}], [match, .loadpath, wholename, {includedotfiles=true}], [match, .externalToolBuilders, wholename, {includedotfiles=true}], [match, .cproject, wholename, {includedotfiles=true}], [match, .buildpath, wholename, {includedotfiles=true}], [match, .DS_Store, wholename, {includedotfiles=true}], [match, .AppleDouble, wholename, {includedotfiles=true}], [match, .LSOverride, wholename, {includedotfiles=true}], [match, .Spotlight-V100, wholename, {includedotfiles=true}], [match, .Trashes, wholename, {includedotfiles=true}], [match, $RECYCLE.BIN, wholename, {includedotfiles=true}], [match, .*.sublime-workspace, wholename, {includedotfiles=true}]]], empty_on_fresh_instance=true, fields=[name, exists, new]}] returned in 59 ms
[2018-07-30 08:26:44.874][debug][command:null][tid:342][com.facebook.buck.io.WatchmanWatcher] Updating Watchman Cursor from c:1532259872:486:6:776 to c:1532259872:486:6:783
[2018-07-30 08:26:44.874][debug][command:null][tid:342][com.facebook.buck.io.WatchmanWatcher] Posted 0 Watchman events.
[2018-07-30 08:26:44.874][debug][command:null][tid:342][com.facebook.buck.io.WatchmanTransportClient] Closing Watchman transport.
[2018-07-30 08:26:44.877][info ][command:065d736a-cd5e-4c02-8906-bf739da98c31][tid:341][com.facebook.buck.event.listener.LoggingBuildListener] Build started at 2018-07-30 08:26:44.877
[2018-07-30 08:26:44.891][debug][command:065d736a-cd5e-4c02-8906-bf739da98c31][tid:341][com.facebook.buck.event.listener.SuperConsoleEventBusListener] Action graph cache hit: Watchman reported no changes
[2018-07-30 08:26:44.891][info ][command:065d736a-cd5e-4c02-8906-bf739da98c31][tid:13][com.facebook.buck.core.model.actiongraph.computation.ActionGraphCache] ActionGraph cache hit.
[2018-07-30 08:26:44.891][debug][command:065d736a-cd5e-4c02-8906-bf739da98c31][tid:13][com.facebook.buck.core.build.engine.impl.MetadataChecker] Checking metadata_storage for /Users/jack/Downloads/test
[2018-07-30 08:26:44.924][debug][command:null][tid:340][com.facebook.buck.util.ListeningProcessExecutor] Wait for process returned 0
[2018-07-30 08:26:44.924][debug][command:null][tid:340][com.facebook.buck.util.ListeningProcessExecutor] Destroying process com.facebook.buck.util.ListeningProcessExecutor$LaunchedProcessImpl@11234cfb (force true)
[2018-07-30 08:26:44.924][debug][command:null][tid:340][com.facebook.buck.util.environment.MacNetworkConfiguration] Determine WiFi SSID of device
[2018-07-30 08:26:44.924][info ][command:065d736a-cd5e-4c02-8906-bf739da98c31][tid:341][com.facebook.buck.event.listener.LoggingBuildListener] Build finished at 2018-07-30 08:26:44.924
[2018-07-30 08:26:44.924][debug][command:null][tid:340][com.facebook.buck.util.ListeningProcessExecutor] Launching process with params ProcessExecutorParams{command=[networksetup, -getairportnetwork, en0]}
[2018-07-30 08:26:44.928][debug][command:null][tid:340][com.facebook.buck.util.ListeningProcessExecutor] Successfully launched process com.zaxxer.nuprocess.osx.OsxProcess@1760d596
[2018-07-30 08:26:44.929][debug][command:null][tid:340][com.facebook.buck.util.ListeningProcessExecutor] Waiting for process com.facebook.buck.util.ListeningProcessExecutor$LaunchedProcessImpl@29f05b8f timeout 1000 MILLISECONDS
[2018-07-30 08:26:44.969][debug][command:null][tid:340][com.facebook.buck.util.ListeningProcessExecutor] Wait for process returned 0
[2018-07-30 08:26:44.969][debug][command:null][tid:340][com.facebook.buck.util.ListeningProcessExecutor] Destroying process com.facebook.buck.util.ListeningProcessExecutor$LaunchedProcessImpl@29f05b8f (force true)
[2018-07-30 08:26:44.969][info ][command:null][tid:340][com.facebook.buck.util.versioncontrol.VersionControlStatsGenerator] Starting generation of version control stats.
[2018-07-30 08:26:44.969][warn ][command:null][tid:340][com.facebook.buck.util.versioncontrol.VersionControlStatsGenerator] Skipping generation of version control stats as unsupported repository type.
[2018-07-30 08:26:45.000][info ][command:065d736a-cd5e-4c02-8906-bf739da98c31][tid:341][com.facebook.buck.event.listener.LoggingBuildListener] Installing apk on 192.168.56.101:5555 (genymotion_vbox86p_6.0_180522_011803).
[2018-07-30 08:26:45.397][info ][command:065d736a-cd5e-4c02-8906-bf739da98c31][tid:341][com.facebook.buck.event.listener.LoggingBuildListener] [1m[42m[30mSuccessfully ran install apk //app:bin_debug on 1 device(s)[0m
[2018-07-30 08:26:45.407][info ][command:065d736a-cd5e-4c02-8906-bf739da98c31][tid:341][com.facebook.buck.event.listener.LoggingBuildListener] Starting activity com.test.test/com.test.test.MainActivity...
[2018-07-30 08:26:45.844][info ][command:065d736a-cd5e-4c02-8906-bf739da98c31][tid:341][com.facebook.buck.event.listener.LoggingBuildListener] [1m[42m[30mSuccessfully ran start activity on 1 device(s)[0m
[2018-07-30 08:26:45.845][debug][command:065d736a-cd5e-4c02-8906-bf739da98c31][tid:336][com.facebook.buck.util.perf.ProcessTracker] shutDown
[2018-07-30 08:26:45.845][debug][command:065d736a-cd5e-4c02-8906-bf739da98c31][tid:13][com.google.common.util.concurrent.ServiceManager] Service PerfStatsTracking [TERMINATED] has terminated. Previous state was: STOPPING
[2018-07-30 08:26:45.846][debug][command:065d736a-cd5e-4c02-8906-bf739da98c31][tid:336][com.google.common.util.concurrent.ServiceManager] Service ProcessTracker [TERMINATED] has terminated. Previous state was: STOPPING
[2018-07-30 08:26:45.846][debug][command:065d736a-cd5e-4c02-8906-bf739da98c31][tid:13][com.facebook.buck.event.listener.SuperConsoleEventBusListener] Stopping render scheduler
[2018-07-30 08:26:45.847][info ][command:065d736a-cd5e-4c02-8906-bf739da98c31][tid:13][com.facebook.buck.cli.Main] Awaiting termination of PROJECT executor service. Waiting for all jobs to complete, or up to maximum of 60 seconds...
[2018-07-30 08:26:45.847][info ][command:065d736a-cd5e-4c02-8906-bf739da98c31][tid:13][com.facebook.buck.cli.Main] Successfully terminated PROJECT executor service.
[2018-07-30 08:26:45.847][info ][command:065d736a-cd5e-4c02-8906-bf739da98c31][tid:13][com.facebook.buck.cli.Main] Awaiting termination of NETWORK executor service. Waiting for all jobs to complete, or up to maximum of 60 seconds...
[2018-07-30 08:26:45.847][info ][command:065d736a-cd5e-4c02-8906-bf739da98c31][tid:13][com.facebook.buck.cli.Main] Successfully terminated NETWORK executor service.
[2018-07-30 08:26:45.847][info ][command:065d736a-cd5e-4c02-8906-bf739da98c31][tid:13][com.facebook.buck.cli.Main] Awaiting termination of CPU executor service. Waiting for all jobs to complete, or up to maximum of 60 seconds...
[2018-07-30 08:26:45.848][info ][command:065d736a-cd5e-4c02-8906-bf739da98c31][tid:13][com.facebook.buck.cli.Main] Successfully terminated CPU executor service.
[2018-07-30 08:26:45.848][info ][command:065d736a-cd5e-4c02-8906-bf739da98c31][tid:13][com.facebook.buck.cli.Main] Awaiting termination of ScheduledExecutorService executor service. Waiting for all jobs to complete, or up to maximum of 60 seconds...
[2018-07-30 08:26:45.848][info ][command:065d736a-cd5e-4c02-8906-bf739da98c31][tid:13][com.facebook.buck.cli.Main] Successfully terminated ScheduledExecutorService executor service.
[2018-07-30 08:26:45.848][info ][command:065d736a-cd5e-4c02-8906-bf739da98c31][tid:13][com.facebook.buck.cli.Main] Awaiting termination of CounterAggregatorExecutor executor service. Waiting for all jobs to complete, or up to maximum of 20 seconds...
[2018-07-30 08:26:45.848][info ][command:065d736a-cd5e-4c02-8906-bf739da98c31][tid:13][com.facebook.buck.cli.Main] Successfully terminated CounterAggregatorExecutor executor service.
[2018-07-30 08:26:45.848][info ][command:065d736a-cd5e-4c02-8906-bf739da98c31][tid:13][com.facebook.buck.cli.Main] Awaiting termination of HTTP Read executor service. Waiting for all jobs to complete, or up to maximum of 1800 seconds...
[2018-07-30 08:26:45.848][info ][command:065d736a-cd5e-4c02-8906-bf739da98c31][tid:13][com.facebook.buck.cli.Main] Successfully terminated HTTP Read executor service.
[2018-07-30 08:26:45.848][info ][command:065d736a-cd5e-4c02-8906-bf739da98c31][tid:13][com.facebook.buck.cli.Main] Awaiting termination of Download Heavy Build HTTP Read executor service. Waiting for all jobs to complete, or up to maximum of 1800 seconds...
[2018-07-30 08:26:45.848][info ][command:065d736a-cd5e-4c02-8906-bf739da98c31][tid:13][com.facebook.buck.cli.Main] Successfully terminated Download Heavy Build HTTP Read executor service.
[2018-07-30 08:26:45.848][info ][command:065d736a-cd5e-4c02-8906-bf739da98c31][tid:13][com.facebook.buck.cli.Main] Awaiting termination of HTTP Write executor service. Waiting for all jobs to complete, or up to maximum of 1800 seconds...
[2018-07-30 08:26:45.848][info ][command:065d736a-cd5e-4c02-8906-bf739da98c31][tid:13][com.facebook.buck.cli.Main] Successfully terminated HTTP Write executor service.
[2018-07-30 08:26:45.848][info ][command:065d736a-cd5e-4c02-8906-bf739da98c31][tid:13][com.facebook.buck.cli.Main] Awaiting termination of Disk IO executor service. Waiting for all jobs to complete, or up to maximum of 10 seconds...
[2018-07-30 08:26:45.848][info ][command:065d736a-cd5e-4c02-8906-bf739da98c31][tid:13][com.facebook.buck.cli.Main] Successfully terminated Disk IO executor service.
[2018-07-30 08:26:45.848][debug][command:065d736a-cd5e-4c02-8906-bf739da98c31][tid:13][com.martiansoftware.nailgun.NGCommunicator] Shutting down socket for input
[2018-07-30 08:26:45.848][debug][command:065d736a-cd5e-4c02-8906-bf739da98c31][tid:13][com.martiansoftware.nailgun.NGCommunicator] Shutting down socket for output
[2018-07-30 08:26:45.848][debug][command:065d736a-cd5e-4c02-8906-bf739da98c31][tid:13][com.facebook.buck.event.listener.SuperConsoleEventBusListener] Stopping render scheduler
[2018-07-30 08:26:45.849][debug][command:null][tid:329][com.martiansoftware.nailgun.NGCommunicator] Socket is disconnected
[2018-07-30 08:26:45.849][debug][command:null][tid:329][com.martiansoftware.nailgun.NGCommunicator] Nailgun client disconnected
[2018-07-30 08:26:45.849][debug][command:065d736a-cd5e-4c02-8906-bf739da98c31][tid:13][com.facebook.buck.event.listener.ChromeTraceBuildListener] Writing Chrome trace to buck-out/log/2018-07-29_23h26m44s_installcommand_065d736a-cd5e-4c02-8906-bf739da98c31/build.2018-07-30.08-26-44.065d736a-cd5e-4c02-8906-bf739da98c31.trace
[2018-07-30 08:26:45.849][debug][command:null][tid:329][com.martiansoftware.nailgun.NGCommunicator] Orchestrator thread finished
[2018-07-30 08:26:45.857][info ][command:065d736a-cd5e-4c02-8906-bf739da98c31][tid:13][com.facebook.buck.cli.Main] Awaiting termination of Dir Artifact executor service. Waiting for all jobs to complete, or up to maximum of 60 seconds...
[2018-07-30 08:26:45.857][info ][command:065d736a-cd5e-4c02-8906-bf739da98c31][tid:13][com.facebook.buck.cli.Main] Successfully terminated Dir Artifact executor service.
[2018-07-30 08:26:45.862][debug][command:null][tid:13][com.facebook.buck.cli.Main] Done.
[2018-07-30 08:26:45.862][info ][command:null][tid:13][com.martiansoftware.nailgun.NGSession] Nail cleanly exited with status 0
[2018-07-30 08:26:45.862][debug][command:null][tid:13][com.martiansoftware.nailgun.NGCommunicator] Shutting down read ExecutorService
[2018-07-30 08:26:45.863][debug][command:null][tid:13][com.martiansoftware.nailgun.NGCommunicator] Shutting down orchestrator ExecutorService
[2018-07-30 08:26:45.863][debug][command:null][tid:13][com.martiansoftware.nailgun.NGSession] Closing client socket
[2018-07-30 08:26:45.863][debug][command:null][tid:13][com.martiansoftware.nailgun.NGSession] Waiting for next client to connect
[2018-07-30 08:27:04.193][debug][command:null][tid:14][com.martiansoftware.nailgun.NGSession] Client connected
[2018-07-30 08:27:04.196][debug][command:null][tid:354][com.martiansoftware.nailgun.NGCommunicator] Orchestrator thread started
[2018-07-30 08:27:04.196][debug][command:null][tid:14][com.martiansoftware.nailgun.NGCommunicator] Shutting down socket for input
[2018-07-30 08:27:04.196][debug][command:null][tid:14][com.martiansoftware.nailgun.NGCommunicator] Shutting down socket for output
[2018-07-30 08:27:04.196][debug][command:null][tid:14][com.martiansoftware.nailgun.NGCommunicator] Shutting down read ExecutorService
[2018-07-30 08:27:04.196][debug][command:null][tid:354][com.martiansoftware.nailgun.NGCommunicator] Socket is disconnected
[2018-07-30 08:27:04.196][debug][command:null][tid:354][com.martiansoftware.nailgun.NGCommunicator] Nailgun client disconnected
[2018-07-30 08:27:04.197][debug][command:null][tid:354][com.martiansoftware.nailgun.NGCommunicator] Orchestrator thread finished
[2018-07-30 08:27:04.197][debug][command:null][tid:14][com.martiansoftware.nailgun.NGCommunicator] Shutting down orchestrator ExecutorService
[2018-07-30 08:27:04.197][debug][command:null][tid:14][com.martiansoftware.nailgun.NGSession] Closing client socket
[2018-07-30 08:27:04.197][debug][command:null][tid:14][com.martiansoftware.nailgun.NGSession] Waiting for next client to connect
[2018-07-30 08:27:04.208][debug][command:null][tid:13][com.martiansoftware.nailgun.NGSession] Client connected
[2018-07-30 08:27:04.210][debug][command:null][tid:356][com.martiansoftware.nailgun.NGCommunicator] Orchestrator thread started
[2018-07-30 08:27:04.211][debug][command:null][tid:13][com.facebook.buck.util.config.Configs] Loading configuration for /Users/jack/Downloads/test
[2018-07-30 08:27:04.212][debug][command:null][tid:13][com.facebook.buck.util.config.Configs] Loaded project configuration file /Users/jack/Downloads/test/.buckconfig
[2018-07-30 08:27:04.212][debug][command:null][tid:13][com.facebook.buck.util.config.Configs] Loaded a configuration file /Users/jack/Downloads/test/.buckconfig.local, {android={build_tools_version=24.0.2, target=android-24}, buildfile={includes=//.okbuck/defs/DEFS}, kotlin={kotlin_home=.okbuck/cache/kotlin_home}, tools={proguard=.okbuck/cache/proguard/proguard-base-6.0.3.jar}}
[2018-07-30 08:27:04.212][debug][command:null][tid:13][com.facebook.buck.util.config.Configs] Adding configuration overrides RawConfig{values={}}
[2018-07-30 08:27:04.218][debug][command:null][tid:13][com.facebook.buck.cli.Main] Rotating log.
