[2018-07-30 08:25:50.279][debug][command:null][tid:13][com.facebook.buck.cli.Main] Starting up (build date 2018-07-24 04:49:11 +0900, rev 95f1b0eeced0bb32f33cd37d997849f077d4d791), args: [install, --run, //app:bin_debug]
[2018-07-30 08:25:50.285][debug][command:null][tid:13][com.facebook.buck.cli.Main] System properties: {java.vendor=Oracle Corporation, sun.java.launcher=SUN_STANDARD, sun.management.compiler=HotSpot 64-Bit Tiered Compilers, jnidispatch.path=/Users/jack/Downloads/test/.buckd/tmp/buck_run.VlNpxu/jna-3254239/jna4398281268728391062.tmp, os.name=Mac OS X, buck.enable_objc=true, sun.boot.class.path=/Library/Java/JavaVirtualMachines/jdk1.8.0_151.jdk/Contents/Home/jre/lib/resources.jar:/Library/Java/JavaVirtualMachines/jdk1.8.0_151.jdk/Contents/Home/jre/lib/rt.jar:/Library/Java/JavaVirtualMachines/jdk1.8.0_151.jdk/Contents/Home/jre/lib/sunrsasign.jar:/Library/Java/JavaVirtualMachines/jdk1.8.0_151.jdk/Contents/Home/jre/lib/jsse.jar:/Library/Java/JavaVirtualMachines/jdk1.8.0_151.jdk/Contents/Home/jre/lib/jce.jar:/Library/Java/JavaVirtualMachines/jdk1.8.0_151.jdk/Contents/Home/jre/lib/charsets.jar:/Library/Java/JavaVirtualMachines/jdk1.8.0_151.jdk/Contents/Home/jre/lib/jfr.jar:/Library/Java/JavaVirtualMachines/jdk1.8.0_151.jdk/Contents/Home/jre/classes, buck.module.resources=/Users/jack/Downloads/test/.buckd/resources/95f1b0eeced0bb32f33cd37d997849f077d4d791/buck-modules-resources, pf4j.pluginsDir=/Users/jack/Downloads/test/.buckd/resources/95f1b0eeced0bb32f33cd37d997849f077d4d791/buck-modules, buck.resource_lock_path=/Users/jack/Downloads/test/.buckd/resources/95f1b0eeced0bb32f33cd37d997849f077d4d791/.buck_lock, buck.path_to_isolated_trampoline=/Users/jack/Downloads/test/.buckd/resources/95f1b0eeced0bb32f33cd37d997849f077d4d791/path_to_isolated_trampoline, java.vm.specification.vendor=Oracle Corporation, java.runtime.version=1.8.0_151-b12, jna.loaded=true, buck.testrunner_classes=/Users/jack/Downloads/test/.buckd/resources/95f1b0eeced0bb32f33cd37d997849f077d4d791/testrunner_classes, buck.logging_config_file=/Users/jack/Downloads/test/.buckd/resources/95f1b0eeced0bb32f33cd37d997849f077d4d791/logging_config_file, buck.path_to_sh_binary_template=/Users/jack/Downloads/test/.buckd/resources/95f1b0eeced0bb32f33cd37d997849f077d4d791/path_to_sh_binary_template, user.name=jack, user.language.format=en, buck.path_to_pywatchman=/Users/jack/Downloads/test/.buckd/resources/95f1b0eeced0bb32f33cd37d997849f077d4d791/path_to_pywatchman, buck.report_generator_jar=/Users/jack/Downloads/test/.buckd/resources/95f1b0eeced0bb32f33cd37d997849f077d4d791/report_generator_jar, buck.git_commit=95f1b0eeced0bb32f33cd37d997849f077d4d791, user.language=zh, sun.boot.library.path=/Library/Java/JavaVirtualMachines/jdk1.8.0_151.jdk/Contents/Home/jre/lib, jna.nosys=true, java.version=1.8.0_151, user.timezone=Asia/Tokyo, buck.test_util_no_tests_dir=true, sun.arch.data.model=64, java.endorsed.dirs=/Library/Java/JavaVirtualMachines/jdk1.8.0_151.jdk/Contents/Home/jre/lib/endorsed, sun.cpu.isalist=, sun.jnu.encoding=UTF-8, file.encoding.pkg=sun.io, file.separator=/, java.specification.name=Java Platform API Specification, buck.jacoco_agent_jar=/Users/jack/Downloads/test/.buckd/resources/95f1b0eeced0bb32f33cd37d997849f077d4d791/jacoco_agent_jar, java.class.version=52.0, user.country=CN, buck.binary_hash=14ce60d582c46f8e95588198e8076f3f, java.home=/Library/Java/JavaVirtualMachines/jdk1.8.0_151.jdk/Contents/Home/jre, buck.fix_script=/Users/jack/Downloads/test/.buckd/resources/95f1b0eeced0bb32f33cd37d997849f077d4d791/fix_script, java.vm.info=mixed mode, os.version=10.13.6, buck.external_executor_jar=/Users/jack/Downloads/test/.buckd/resources/95f1b0eeced0bb32f33cd37d997849f077d4d791/external_executor_jar, buck.version_uid=95f1b0eeced0bb32f33cd37d997849f077d4d791, org.eclipse.jetty.util.log.class=org.eclipse.jetty.util.log.JavaUtilLog, path.separator=:, java.vm.version=25.151-b12, java.awt.printerjob=sun.lwawt.macosx.CPrinterJob, sun.io.unicode.encoding=UnicodeBig, awt.toolkit=sun.lwawt.macosx.LWCToolkit, buck.mode=package, buck.buck_build_type_info=/Users/jack/Downloads/test/.buckd/resources/95f1b0eeced0bb32f33cd37d997849f077d4d791/buck_build_type_info, buck.dx=/Users/jack/Downloads/test/.buckd/resources/95f1b0eeced0bb32f33cd37d997849f077d4d791/dx, buck.git_commit_timestamp=1532375351, user.home=/Users/jack, java.specification.vendor=Oracle Corporation, buck.git_dirty=0, java.library.path=/Users/jack/Downloads/test/.buckd/resources/95f1b0eeced0bb32f33cd37d997849f077d4d791, java.vendor.url=http://java.oracle.com/, java.vm.vendor=Oracle Corporation, gopherProxySet=false, java.runtime.name=Java(TM) SE Runtime Environment, sun.java.command=com.facebook.buck.cli.bootstrapper.ClassLoaderBootstrapper com.facebook.buck.cli.Main$DaemonBootstrap local:.buckd/sock 120000, java.class.path=/Users/jack/Downloads/test/.buckd/resources/95f1b0eeced0bb32f33cd37d997849f077d4d791/bootstrapper_jar, buck.buckd_dir=/Users/jack/Downloads/test/.buckd, buck.path_to_pathlib_py=/Users/jack/Downloads/test/.buckd/resources/95f1b0eeced0bb32f33cd37d997849f077d4d791/pathlib.py, buck.buckd_launch_time_nanos=113213509345894, java.vm.specification.name=Java Virtual Machine Specification, com.martiansoftware.nailgun.NGServer.outputPath=/Users/jack/Downloads/test/.buckd/tmp/buck_run.VlNpxu/ngserver-out, java.vm.specification.version=1.8, sun.cpu.endian=little, sun.os.patch.level=unknown, java.awt.headless=true, java.io.tmpdir=/Users/jack/Downloads/test/.buckd/tmp/buck_run.VlNpxu, buck.android_agent_path=/Users/jack/Downloads/test/.buckd/resources/95f1b0eeced0bb32f33cd37d997849f077d4d791/android_agent_path, java.vendor.url.bug=http://bugreport.sun.com/bugreport/, buck.path_to_python_dsl=, jna.platform.library.path=/usr/lib:/usr/lib, os.arch=x86_64, java.awt.graphicsenv=sun.awt.CGraphicsEnvironment, java.ext.dirs=/Users/jack/Library/Java/Extensions:/Library/Java/JavaVirtualMachines/jdk1.8.0_151.jdk/Contents/Home/jre/lib/ext:/Library/Java/Extensions:/Network/Library/Java/Extensions:/System/Library/Java/Extensions:/usr/lib/java, java.util.logging.config.class=com.facebook.buck.cli.bootstrapper.LogConfig, user.dir=/Users/jack/Downloads/test, java.nio.file.spi.DefaultFileSystemProvider=com.facebook.buck.cli.bootstrapper.filesystem.BuckFileSystemProvider, line.separator=
, java.vm.name=Java HotSpot(TM) 64-Bit Server VM, buck.path_to_typing=/Users/jack/Downloads/test/.buckd/resources/95f1b0eeced0bb32f33cd37d997849f077d4d791/path_to_typing, buck.native_exopackage_fake_path=/Users/jack/Downloads/test/.buckd/resources/95f1b0eeced0bb32f33cd37d997849f077d4d791/native_exopackage_fake_path, file.encoding=UTF-8, java.specification.version=1.8}
[2018-07-30 08:25:50.286][debug][command:null][tid:13][com.facebook.buck.util.config.Configs] Loading configuration for /Users/jack/Downloads/test
[2018-07-30 08:25:50.286][debug][command:null][tid:13][com.facebook.buck.util.config.Configs] Loaded project configuration file /Users/jack/Downloads/test/.buckconfig
[2018-07-30 08:25:50.286][debug][command:null][tid:13][com.facebook.buck.util.config.Configs] Loaded a configuration file /Users/jack/Downloads/test/.buckconfig.local, {android={build_tools_version=24.0.2, target=android-24}, buildfile={includes=//.okbuck/defs/DEFS}, kotlin={kotlin_home=.okbuck/cache/kotlin_home}, tools={proguard=.okbuck/cache/proguard/proguard-base-6.0.3.jar}}
[2018-07-30 08:25:50.287][debug][command:null][tid:13][com.facebook.buck.util.config.Configs] Adding configuration overrides RawConfig{values={}}
[2018-07-30 08:25:50.293][info ][command:null][tid:13][com.facebook.buck.io.WatchmanFactory] Creating for: [/Users/jack/Downloads/test]
[2018-07-30 08:25:50.294][debug][command:null][tid:13][com.facebook.buck.io.ExecutableFinder] Executable 'watchman' mapped to 'Optional[/usr/local/bin/watchman]'
[2018-07-30 08:25:50.294][debug][command:null][tid:13][com.facebook.buck.util.ListeningProcessExecutor] Launching process with params ProcessExecutorParams{command=[/usr/local/bin/watchman, --output-encoding=bser, get-sockname]}
[2018-07-30 08:25:50.297][debug][command:null][tid:13][com.facebook.buck.util.ListeningProcessExecutor] Successfully launched process com.zaxxer.nuprocess.osx.OsxProcess@35fad9b5
[2018-07-30 08:25:50.297][debug][command:null][tid:13][com.facebook.buck.util.ListeningProcessExecutor] Waiting for process com.facebook.buck.util.ListeningProcessExecutor$LaunchedProcessImpl@6ba85fce timeout 1000000000 NANOSECONDS
[2018-07-30 08:25:50.316][debug][command:null][tid:13][com.facebook.buck.util.ListeningProcessExecutor] Wait for process returned 0
[2018-07-30 08:25:50.316][debug][command:null][tid:13][com.facebook.buck.io.WatchmanFactory] Waited 18 ms for Watchman command get-sockname, exit code 0
[2018-07-30 08:25:50.316][debug][command:null][tid:13][com.facebook.buck.io.WatchmanFactory] stdout of command: {sockname=/usr/local/var/run/watchman/jack-state/sock, version=4.9.0}
[2018-07-30 08:25:50.316][info ][command:null][tid:13][com.facebook.buck.io.WatchmanFactory] Connecting to Watchman version 4.9.0 at /usr/local/var/run/watchman/jack-state/sock
[2018-07-30 08:25:50.317][debug][command:null][tid:274][com.facebook.buck.io.WatchmanTransportClient] Sending query: [version, {required=[cmd-watch-project], optional=[term-dirname, cmd-watch-project, wildmatch, wildmatch_multislash, glob_generator, clock-sync-timeout]}]
[2018-07-30 08:25:50.324][debug][command:null][tid:13][com.facebook.buck.io.WatchmanTransportClient] Query [version, {required=[cmd-watch-project], optional=[term-dirname, cmd-watch-project, wildmatch, wildmatch_multislash, glob_generator, clock-sync-timeout]}] returned in 6 ms
[2018-07-30 08:25:50.326][info ][command:null][tid:13][com.facebook.buck.io.WatchmanFactory] Took 9 ms to query capabilities {term-dirname=DIRNAME, cmd-watch-project=SUPPORTS_PROJECT_WATCH, wildmatch=WILDMATCH_GLOB, wildmatch_multislash=WILDMATCH_MULTISLASH, glob_generator=GLOB_GENERATOR, clock-sync-timeout=CLOCK_SYNC_TIMEOUT}
[2018-07-30 08:25:50.326][debug][command:null][tid:13][com.facebook.buck.io.WatchmanFactory] Got capabilities response: {clock-sync-timeout=true, glob_generator=true, wildmatch_multislash=false, cmd-watch-project=true, wildmatch=true, term-dirname=true}
[2018-07-30 08:25:50.326][debug][command:null][tid:13][com.facebook.buck.io.WatchmanFactory] Got Watchman capabilities: [CLOCK_SYNC_TIMEOUT, GLOB_GENERATOR, SUPPORTS_PROJECT_WATCH, WILDMATCH_GLOB, DIRNAME]
[2018-07-30 08:25:50.326][info ][command:null][tid:13][com.facebook.buck.io.WatchmanFactory] Adding watchman root: /Users/jack/Downloads/test
[2018-07-30 08:25:50.327][debug][command:null][tid:274][com.facebook.buck.io.WatchmanTransportClient] Sending query: [watch-project, /Users/jack/Downloads/test]
[2018-07-30 08:25:50.327][debug][command:null][tid:13][com.facebook.buck.io.WatchmanTransportClient] Query [watch-project, /Users/jack/Downloads/test] returned in 0 ms
[2018-07-30 08:25:50.328][debug][command:null][tid:274][com.facebook.buck.io.WatchmanTransportClient] Sending query: [watch-project, /Users/jack/Downloads/test]
[2018-07-30 08:25:50.328][debug][command:null][tid:13][com.facebook.buck.io.WatchmanTransportClient] Query [watch-project, /Users/jack/Downloads/test] returned in 0 ms
[2018-07-30 08:25:50.328][info ][command:null][tid:13][com.facebook.buck.io.WatchmanFactory] Took 1 ms to add root /Users/jack/Downloads/test
[2018-07-30 08:25:50.328][debug][command:null][tid:274][com.facebook.buck.io.WatchmanTransportClient] Sending query: [clock, /Users/jack/Downloads/test, {sync_timeout=100}]
[2018-07-30 08:25:50.358][debug][command:null][tid:13][com.facebook.buck.io.WatchmanTransportClient] Query [clock, /Users/jack/Downloads/test, {sync_timeout=100}] returned in 29 ms
[2018-07-30 08:25:50.358][info ][command:null][tid:13][com.facebook.buck.io.WatchmanFactory] Took 29 ms to query for initial clock id Optional[c:1532259872:486:6:766]
[2018-07-30 08:25:50.358][debug][command:null][tid:13][com.facebook.buck.io.WatchmanFactory] Connected to Watchman
[2018-07-30 08:25:50.358][debug][command:null][tid:13][com.facebook.buck.io.WatchmanTransportClient] Closing Watchman transport.
[2018-07-30 08:25:50.360][debug][command:null][tid:13][com.facebook.buck.cli.Main] Watchman capabilities: [CLOCK_SYNC_TIMEOUT, GLOB_GENERATOR, SUPPORTS_PROJECT_WATCH, WILDMATCH_GLOB, DIRNAME] Project watches: {/Users/jack/Downloads/test=ProjectWatch{watchRoot=/Users/jack/Downloads/test}} Glob handler config: PYTHON Query timeout ms config: Optional.empty
[2018-07-30 08:25:50.394][debug][command:96fb585e-6e22-4748-8687-a2f3ecc67ee9][tid:13][com.google.common.util.concurrent.ServiceManager] Starting PerfStatsTracking [RUNNING].
[2018-07-30 08:25:50.394][debug][command:96fb585e-6e22-4748-8687-a2f3ecc67ee9][tid:13][com.google.common.util.concurrent.ServiceManager] Started PerfStatsTracking [RUNNING] in 827.1 μs.
[2018-07-30 08:25:50.396][debug][command:96fb585e-6e22-4748-8687-a2f3ecc67ee9][tid:13][com.google.common.util.concurrent.ServiceManager] Starting ProcessTracker [STARTING].
[2018-07-30 08:25:50.396][debug][command:96fb585e-6e22-4748-8687-a2f3ecc67ee9][tid:13][com.facebook.buck.util.environment.MacWifiSsidFinder] Getting current SSID..
[2018-07-30 08:25:50.396][debug][command:null][tid:277][com.facebook.buck.util.perf.ProcessTracker] startUp
[2018-07-30 08:25:50.397][debug][command:null][tid:277][com.google.common.util.concurrent.ServiceManager] Started ProcessTracker [RUNNING] in 2.072 ms.
[2018-07-30 08:25:50.397][debug][command:96fb585e-6e22-4748-8687-a2f3ecc67ee9][tid:13][com.facebook.buck.util.environment.MacWifiSsidFinder] Getting SSID from Wi-Fi interface: <CWInterface: 0x7ff950e18af0> [interfaceName=en0]
[2018-07-30 08:25:50.399][debug][command:96fb585e-6e22-4748-8687-a2f3ecc67ee9][tid:13][com.facebook.buck.util.environment.MacWifiSsidFinder] Found SSID: W04_5001D9ED9BB3
[2018-07-30 08:25:50.399][debug][command:96fb585e-6e22-4748-8687-a2f3ecc67ee9][tid:13][com.facebook.buck.cli.Main] InvocationInfo BuildId=[96fb585e-6e22-4748-8687-a2f3ecc67ee9] Args=[install, --run, //app:bin_debug]
[2018-07-30 08:25:50.402][warn ][command:96fb585e-6e22-4748-8687-a2f3ecc67ee9][tid:13][com.facebook.buck.event.listener.PublicAnnouncementManager] Failed to get public announcements. Reason: Failed to establish connection to server.
[2018-07-30 08:25:50.403][info ][command:null][tid:281][com.facebook.buck.util.versioncontrol.VersionControlStatsGenerator] Starting generation of version control stats.
[2018-07-30 08:25:50.403][debug][command:null][tid:281][com.facebook.buck.util.versioncontrol.VersionControlCmdLineInterface] Executing command: hg log -l 1 --template {node|short}
[2018-07-30 08:25:50.414][debug][command:null][tid:286][com.facebook.buck.io.WatchmanTransportClient] Sending query: [query, /Users/jack/Downloads/test, {since=c:1532259872:486:6:722, expression=[not, [anyof, [type, d], [dirname, .idea], [dirname, .buckd], [dirname, buck-out/cache], [dirname, buck-out/.trash], [dirname, buck-out], [match, **/*.pbxproj, wholename, {includedotfiles=true}], [match, **/*.xcscheme, wholename, {includedotfiles=true}], [match, **/*.xcworkspacedata, wholename, {includedotfiles=true}], [match, **/*~, wholename, {includedotfiles=true}], [match, **/#*#, wholename, {includedotfiles=true}], [match, **/.#*, wholename, {includedotfiles=true}], [match, **/*.swo, wholename, {includedotfiles=true}], [match, **/*.swp, wholename, {includedotfiles=true}], [match, **/*.swpx, wholename, {includedotfiles=true}], [match, **/*.un~, wholename, {includedotfiles=true}], [match, **/.netrhwist, wholename, {includedotfiles=true}], [match, .idea, wholename, {includedotfiles=true}], [match, .iml, wholename, {includedotfiles=true}], [match, **/*.pydevproject, wholename, {includedotfiles=true}], [match, .project, wholename, {includedotfiles=true}], [match, .metadata, wholename, {includedotfiles=true}], [match, **/*.tmp, wholename, {includedotfiles=true}], [match, **/*.bak, wholename, {includedotfiles=true}], [match, **/*~.nib, wholename, {includedotfiles=true}], [match, .classpath, wholename, {includedotfiles=true}], [match, .settings, wholename, {includedotfiles=true}], [match, .loadpath, wholename, {includedotfiles=true}], [match, .externalToolBuilders, wholename, {includedotfiles=true}], [match, .cproject, wholename, {includedotfiles=true}], [match, .buildpath, wholename, {includedotfiles=true}], [match, .DS_Store, wholename, {includedotfiles=true}], [match, .AppleDouble, wholename, {includedotfiles=true}], [match, .LSOverride, wholename, {includedotfiles=true}], [match, .Spotlight-V100, wholename, {includedotfiles=true}], [match, .Trashes, wholename, {includedotfiles=true}], [match, $RECYCLE.BIN, wholename, {includedotfiles=true}], [match, .*.sublime-workspace, wholename, {includedotfiles=true}]]], empty_on_fresh_instance=true, fields=[name, exists, new]}]
[2018-07-30 08:25:50.421][warn ][command:null][tid:281][com.facebook.buck.util.versioncontrol.DelegatingVersionControlCmdLineInterface] Mercurial is the only VCS supported for VCS stats generation, however current project (which has enabled VCS stats generation in its .buckconfig) does not appear to be a Mercurial repository: 
com.facebook.buck.util.versioncontrol.VersionControlCommandFailedException: java.io.IOException: Cannot run program "hg" (in directory "/Users/jack/Downloads/test"): error=2, No such file or directory
[2018-07-30 08:25:50.421][debug][command:null][tid:281][com.facebook.buck.util.versioncontrol.DelegatingVersionControlCmdLineInterface] Using NoOpCmdLineInterface.
[2018-07-30 08:25:50.421][warn ][command:null][tid:281][com.facebook.buck.util.versioncontrol.VersionControlStatsGenerator] Skipping generation of version control stats as unsupported repository type.
[2018-07-30 08:25:50.422][debug][command:null][tid:281][com.facebook.buck.util.environment.MacNetworkConfiguration] Determine network service order and extract device names
[2018-07-30 08:25:50.422][debug][command:null][tid:281][com.facebook.buck.util.ListeningProcessExecutor] Launching process with params ProcessExecutorParams{command=[networksetup, -listnetworkserviceorder, ]}
[2018-07-30 08:25:50.429][debug][command:null][tid:281][com.facebook.buck.util.ListeningProcessExecutor] Successfully launched process com.zaxxer.nuprocess.osx.OsxProcess@1eace9b2
[2018-07-30 08:25:50.430][debug][command:null][tid:281][com.facebook.buck.util.ListeningProcessExecutor] Waiting for process com.facebook.buck.util.ListeningProcessExecutor$LaunchedProcessImpl@fd43dc7 timeout 1000 MILLISECONDS
[2018-07-30 08:25:50.462][debug][command:null][tid:285][com.facebook.buck.io.WatchmanTransportClient] Query [query, /Users/jack/Downloads/test, {since=c:1532259872:486:6:722, expression=[not, [anyof, [type, d], [dirname, .idea], [dirname, .buckd], [dirname, buck-out/cache], [dirname, buck-out/.trash], [dirname, buck-out], [match, **/*.pbxproj, wholename, {includedotfiles=true}], [match, **/*.xcscheme, wholename, {includedotfiles=true}], [match, **/*.xcworkspacedata, wholename, {includedotfiles=true}], [match, **/*~, wholename, {includedotfiles=true}], [match, **/#*#, wholename, {includedotfiles=true}], [match, **/.#*, wholename, {includedotfiles=true}], [match, **/*.swo, wholename, {includedotfiles=true}], [match, **/*.swp, wholename, {includedotfiles=true}], [match, **/*.swpx, wholename, {includedotfiles=true}], [match, **/*.un~, wholename, {includedotfiles=true}], [match, **/.netrhwist, wholename, {includedotfiles=true}], [match, .idea, wholename, {includedotfiles=true}], [match, .iml, wholename, {includedotfiles=true}], [match, **/*.pydevproject, wholename, {includedotfiles=true}], [match, .project, wholename, {includedotfiles=true}], [match, .metadata, wholename, {includedotfiles=true}], [match, **/*.tmp, wholename, {includedotfiles=true}], [match, **/*.bak, wholename, {includedotfiles=true}], [match, **/*~.nib, wholename, {includedotfiles=true}], [match, .classpath, wholename, {includedotfiles=true}], [match, .settings, wholename, {includedotfiles=true}], [match, .loadpath, wholename, {includedotfiles=true}], [match, .externalToolBuilders, wholename, {includedotfiles=true}], [match, .cproject, wholename, {includedotfiles=true}], [match, .buildpath, wholename, {includedotfiles=true}], [match, .DS_Store, wholename, {includedotfiles=true}], [match, .AppleDouble, wholename, {includedotfiles=true}], [match, .LSOverride, wholename, {includedotfiles=true}], [match, .Spotlight-V100, wholename, {includedotfiles=true}], [match, .Trashes, wholename, {includedotfiles=true}], [match, $RECYCLE.BIN, wholename, {includedotfiles=true}], [match, .*.sublime-workspace, wholename, {includedotfiles=true}]]], empty_on_fresh_instance=true, fields=[name, exists, new]}] returned in 48 ms
[2018-07-30 08:25:50.463][debug][command:null][tid:285][com.facebook.buck.io.WatchmanWatcher] Updating Watchman Cursor from c:1532259872:486:6:722 to c:1532259872:486:6:768
[2018-07-30 08:25:50.463][warn ][command:null][tid:285][com.facebook.buck.io.WatchmanWatcher] Posting WatchEvent: WatchmanPathEvent{cellPath=/Users/jack/Downloads/test, kind=MODIFY, path=.okbuck/cache/kotlin_home/libexec/lib/kotlin-compiler-embeddable.jar}
[2018-07-30 08:25:50.463][warn ][command:null][tid:285][com.facebook.buck.io.WatchmanWatcher] Posting WatchEvent: WatchmanPathEvent{cellPath=/Users/jack/Downloads/test, kind=MODIFY, path=.okbuck/cache/kotlin_home/libexec/lib/kotlin-android-extensions.jar}
[2018-07-30 08:25:50.463][warn ][command:null][tid:285][com.facebook.buck.io.WatchmanWatcher] Posting WatchEvent: WatchmanPathEvent{cellPath=/Users/jack/Downloads/test, kind=MODIFY, path=.okbuck/cache/kotlin_home/libexec/lib/kotlin-allopen.jar}
[2018-07-30 08:25:50.463][warn ][command:null][tid:285][com.facebook.buck.io.WatchmanWatcher] Posting WatchEvent: WatchmanPathEvent{cellPath=/Users/jack/Downloads/test, kind=MODIFY, path=.okbuck/cache/kotlin_home/libexec/lib/kotlin-gradle-plugin-api.jar}
[2018-07-30 08:25:50.463][warn ][command:null][tid:285][com.facebook.buck.io.WatchmanWatcher] Posting WatchEvent: WatchmanPathEvent{cellPath=/Users/jack/Downloads/test, kind=MODIFY, path=.okbuck/cache/kotlin_home/libexec/lib/kotlin-annotation-processing-gradle.jar}
[2018-07-30 08:25:50.463][warn ][command:null][tid:285][com.facebook.buck.io.WatchmanWatcher] Posting WatchEvent: WatchmanPathEvent{cellPath=/Users/jack/Downloads/test, kind=MODIFY, path=.okbuck/cache/kotlin_home/libexec/lib/kotlin-reflect.jar}
[2018-07-30 08:25:50.463][warn ][command:null][tid:285][com.facebook.buck.io.WatchmanWatcher] Posting WatchEvent: WatchmanPathEvent{cellPath=/Users/jack/Downloads/test, kind=MODIFY, path=.okbuck/cache/kotlin_home/libexec/lib/kotlin-script-runtime.jar}
[2018-07-30 08:25:50.463][warn ][command:null][tid:285][com.facebook.buck.io.WatchmanWatcher] Posting WatchEvent: WatchmanPathEvent{cellPath=/Users/jack/Downloads/test, kind=MODIFY, path=.okbuck/cache/kotlin_home/libexec/lib/kotlin-stdlib.jar}
[2018-07-30 08:25:50.464][warn ][command:null][tid:285][com.facebook.buck.io.WatchmanWatcher] Posting WatchEvent: WatchmanPathEvent{cellPath=/Users/jack/Downloads/test, kind=MODIFY, path=.okbuck/cache/kotlin_home/libexec/lib/kotlin-stdlib-common.jar}
[2018-07-30 08:25:50.464][warn ][command:null][tid:285][com.facebook.buck.io.WatchmanWatcher] Posting WatchEvent: WatchmanPathEvent{cellPath=/Users/jack/Downloads/test, kind=CREATE, path=.okbuck/gen/app/release/AndroidManifest.xml}
[2018-07-30 08:25:50.464][warn ][command:null][tid:285][com.facebook.buck.io.WatchmanWatcher] Posting WatchEvent: WatchmanPathEvent{cellPath=/Users/jack/Downloads/test, kind=CREATE, path=.okbuck/gen/app/release/app.keystore}
[2018-07-30 08:25:50.465][warn ][command:null][tid:285][com.facebook.buck.io.WatchmanWatcher] Posting WatchEvent: WatchmanPathEvent{cellPath=/Users/jack/Downloads/test, kind=CREATE, path=.okbuck/gen/app/release/app.keystore.properties}
[2018-07-30 08:25:50.465][warn ][command:null][tid:285][com.facebook.buck.io.WatchmanWatcher] Posting WatchEvent: WatchmanPathEvent{cellPath=/Users/jack/Downloads/test, kind=MODIFY, path=app/BUCK}
[2018-07-30 08:25:50.465][debug][command:null][tid:285][com.facebook.buck.parser.DaemonicCellState] Invalidating target for path /Users/jack/Downloads/test/app/BUCK: //app:build_config_release
[2018-07-30 08:25:50.465][debug][command:null][tid:285][com.facebook.buck.parser.DaemonicCellState] Invalidating target for path /Users/jack/Downloads/test/app/BUCK: //app:res_debug
[2018-07-30 08:25:50.465][debug][command:null][tid:285][com.facebook.buck.parser.DaemonicCellState] Invalidating target for path /Users/jack/Downloads/test/app/BUCK: //app:bin_release
[2018-07-30 08:25:50.465][debug][command:null][tid:285][com.facebook.buck.parser.DaemonicCellState] Invalidating target for path /Users/jack/Downloads/test/app/BUCK: //app:res_release
[2018-07-30 08:25:50.465][debug][command:null][tid:285][com.facebook.buck.parser.DaemonicCellState] Invalidating target for path /Users/jack/Downloads/test/app/BUCK: //app:bin_debug
[2018-07-30 08:25:50.465][debug][command:null][tid:285][com.facebook.buck.parser.DaemonicCellState] Invalidating target for path /Users/jack/Downloads/test/app/BUCK: //app:build_config_debug
[2018-07-30 08:25:50.465][debug][command:null][tid:285][com.facebook.buck.parser.DaemonicCellState] Invalidating target for path /Users/jack/Downloads/test/app/BUCK: //app:src_release
[2018-07-30 08:25:50.465][debug][command:null][tid:285][com.facebook.buck.parser.DaemonicCellState] Invalidating target for path /Users/jack/Downloads/test/app/BUCK: //app:src_debug
[2018-07-30 08:25:50.465][warn ][command:null][tid:285][com.facebook.buck.io.WatchmanWatcher] Posting WatchEvent: WatchmanPathEvent{cellPath=/Users/jack/Downloads/test, kind=MODIFY, path=.okbuck/state/STATE}
[2018-07-30 08:25:50.465][warn ][command:null][tid:285][com.facebook.buck.io.WatchmanWatcher] Posting WatchEvent: WatchmanPathEvent{cellPath=/Users/jack/Downloads/test, kind=MODIFY, path=.okbuck/defs/DEFS}
[2018-07-30 08:25:50.465][debug][command:null][tid:285][com.facebook.buck.parser.DaemonicCellState] Invalidating target for path /Users/jack/Downloads/test/.okbuck/gen/app/debug/BUCK: //.okbuck/gen/app/debug:app.keystore
[2018-07-30 08:25:50.466][debug][command:null][tid:285][com.facebook.buck.parser.DaemonicCellState] Invalidating target for path /Users/jack/Downloads/test/.okbuck/gen/app/debug/BUCK: //.okbuck/gen/app/debug:AndroidManifest.xml
[2018-07-30 08:25:50.466][debug][command:null][tid:285][com.facebook.buck.parser.DaemonicCellState] Invalidating target for path /Users/jack/Downloads/test/.okbuck/cache/BUCK: //.okbuck/cache:com.android.support.constraint--constraint-layout-solver--1.1.2.jar
[2018-07-30 08:25:50.466][debug][command:null][tid:285][com.facebook.buck.parser.DaemonicCellState] Invalidating target for path /Users/jack/Downloads/test/.okbuck/cache/BUCK: //.okbuck/cache:com.antfortune.freeline--runtime--0.8.8.aar
[2018-07-30 08:25:50.466][debug][command:null][tid:285][com.facebook.buck.parser.DaemonicCellState] Invalidating target for path /Users/jack/Downloads/test/.okbuck/cache/BUCK: //.okbuck/cache:com.antfortune.freeline--runtime-no-op--0.8.8.aar
[2018-07-30 08:25:50.466][debug][command:null][tid:285][com.facebook.buck.parser.DaemonicCellState] Invalidating target for path /Users/jack/Downloads/test/.okbuck/cache/BUCK: //.okbuck/cache:com.android.support.constraint--constraint-layout--1.1.2.aar
[2018-07-30 08:25:50.466][debug][command:null][tid:285][com.facebook.buck.parser.DaemonicCellState] Invalidating target for path /Users/jack/Downloads/test/.okbuck/cache/d8/BUCK: //.okbuck/cache/d8:rt-stub.jar
[2018-07-30 08:25:50.466][warn ][command:null][tid:285][com.facebook.buck.io.WatchmanWatcher] Posting WatchEvent: WatchmanPathEvent{cellPath=/Users/jack/Downloads/test, kind=MODIFY, path=.buckconfig.local}
[2018-07-30 08:25:50.466][warn ][command:null][tid:285][com.facebook.buck.io.WatchmanWatcher] Posting WatchEvent: WatchmanPathEvent{cellPath=/Users/jack/Downloads/test, kind=MODIFY, path=.okbuck/cache/processor/BUCK}
[2018-07-30 08:25:50.466][warn ][command:null][tid:285][com.facebook.buck.io.WatchmanWatcher] Posting WatchEvent: WatchmanPathEvent{cellPath=/Users/jack/Downloads/test, kind=MODIFY, path=.okbuck/gen/app/debug/BUCK}
[2018-07-30 08:25:50.466][warn ][command:null][tid:285][com.facebook.buck.io.WatchmanWatcher] Posting WatchEvent: WatchmanPathEvent{cellPath=/Users/jack/Downloads/test, kind=CREATE, path=.okbuck/gen/app/release/BUCK}
[2018-07-30 08:25:50.466][debug][command:null][tid:285][com.facebook.buck.parser.DaemonicParserState] Build file /Users/jack/Downloads/test/.okbuck/gen/app/release/BUCK changed, invalidating build file tree for cell ImmutableCell{filesystem=com.facebook.buck.io.filesystem.impl.DefaultProjectFilesystem@ba064152 (projectRoot=/Users/jack/Downloads/test, hash(blackListedPaths)=1145278702), buckConfig=com.facebook.buck.config.BuckConfig@f731dcd4 (config=com.facebook.buck.util.config.Config@f731dcb5)}
[2018-07-30 08:25:50.466][warn ][command:null][tid:285][com.facebook.buck.io.WatchmanWatcher] Posting WatchEvent: WatchmanPathEvent{cellPath=/Users/jack/Downloads/test, kind=MODIFY, path=.okbuck/cache/BUCK}
[2018-07-30 08:25:50.466][warn ][command:null][tid:285][com.facebook.buck.io.WatchmanWatcher] Posting WatchEvent: WatchmanPathEvent{cellPath=/Users/jack/Downloads/test, kind=MODIFY, path=.okbuck/cache/d8/rt-stub.jar}
[2018-07-30 08:25:50.466][warn ][command:null][tid:285][com.facebook.buck.io.WatchmanWatcher] Posting WatchEvent: WatchmanPathEvent{cellPath=/Users/jack/Downloads/test, kind=MODIFY, path=.okbuck/cache/d8/BUCK}
[2018-07-30 08:25:50.467][warn ][command:null][tid:285][com.facebook.buck.io.WatchmanWatcher] Posting WatchEvent: WatchmanPathEvent{cellPath=/Users/jack/Downloads/test, kind=CREATE, path=.okbuck/gen/app/debug/AndroidManifest.xml}
[2018-07-30 08:25:50.467][warn ][command:null][tid:285][com.facebook.buck.io.WatchmanWatcher] Posting WatchEvent: WatchmanPathEvent{cellPath=/Users/jack/Downloads/test, kind=CREATE, path=.okbuck/gen/app/debug/app.keystore}
[2018-07-30 08:25:50.467][warn ][command:null][tid:285][com.facebook.buck.io.WatchmanWatcher] Posting WatchEvent: WatchmanPathEvent{cellPath=/Users/jack/Downloads/test, kind=CREATE, path=.okbuck/gen/app/debug/app.keystore.properties}
[2018-07-30 08:25:50.467][warn ][command:null][tid:285][com.facebook.buck.io.WatchmanWatcher] Posting WatchEvent: WatchmanPathEvent{cellPath=/Users/jack/Downloads/test, kind=MODIFY, path=build.sh}
[2018-07-30 08:25:50.467][warn ][command:null][tid:285][com.facebook.buck.io.WatchmanWatcher] Posting WatchEvent: WatchmanPathEvent{cellPath=/Users/jack/Downloads/test, kind=CREATE, path=app/build/outputs/logs/manifest-merger-debug-report.txt}
[2018-07-30 08:25:50.467][warn ][command:null][tid:285][com.facebook.buck.io.WatchmanWatcher] Posting WatchEvent: WatchmanPathEvent{cellPath=/Users/jack/Downloads/test, kind=CREATE, path=app/build/intermediates/merged_manifests/debug/processDebugManifest/merged/AndroidManifest.xml}
[2018-07-30 08:25:50.468][warn ][command:null][tid:285][com.facebook.buck.io.WatchmanWatcher] Posting WatchEvent: WatchmanPathEvent{cellPath=/Users/jack/Downloads/test, kind=CREATE, path=app/build/intermediates/merged_manifests/debug/processDebugManifest/merged/output.json}
[2018-07-30 08:25:50.468][warn ][command:null][tid:285][com.facebook.buck.io.WatchmanWatcher] Posting WatchEvent: WatchmanPathEvent{cellPath=/Users/jack/Downloads/test, kind=CREATE, path=app/build/intermediates/instant_run_merged_manifests/debug/processDebugManifest/instant-run/output.json}
[2018-07-30 08:25:50.469][warn ][command:null][tid:285][com.facebook.buck.io.WatchmanWatcher] Posting WatchEvent: WatchmanPathEvent{cellPath=/Users/jack/Downloads/test, kind=CREATE, path=app/build/intermediates/split_list/debug/splitsDiscoveryTaskDebug/split-list.gson}
[2018-07-30 08:25:50.483][debug][command:null][tid:281][com.facebook.buck.util.ListeningProcessExecutor] Wait for process returned 0
[2018-07-30 08:25:50.483][debug][command:null][tid:281][com.facebook.buck.util.ListeningProcessExecutor] Destroying process com.facebook.buck.util.ListeningProcessExecutor$LaunchedProcessImpl@fd43dc7 (force true)
[2018-07-30 08:25:50.483][debug][command:null][tid:281][com.facebook.buck.util.environment.MacNetworkConfiguration] Determine active state of media for device
[2018-07-30 08:25:50.483][debug][command:null][tid:281][com.facebook.buck.util.ListeningProcessExecutor] Launching process with params ProcessExecutorParams{command=[networksetup, -getMedia, en0]}
[2018-07-30 08:25:50.483][warn ][command:null][tid:285][com.facebook.buck.io.WatchmanWatcher] Posting WatchEvent: WatchmanPathEvent{cellPath=/Users/jack/Downloads/test, kind=CREATE, path=app/build/intermediates/incremental/processDebugResources/resources-list-for-resources-debug.ap_.txt}
[2018-07-30 08:25:50.484][warn ][command:null][tid:285][com.facebook.buck.io.WatchmanWatcher] Posting WatchEvent: WatchmanPathEvent{cellPath=/Users/jack/Downloads/test, kind=CREATE, path=app/build/intermediates/blame/res/debug/multi-v2/debug.json}
[2018-07-30 08:25:50.484][warn ][command:null][tid:285][com.facebook.buck.io.WatchmanWatcher] Posting WatchEvent: WatchmanPathEvent{cellPath=/Users/jack/Downloads/test, kind=CREATE, path=app/build/intermediates/blame/res/debug/single/debug.json}
[2018-07-30 08:25:50.484][warn ][command:null][tid:285][com.facebook.buck.io.WatchmanWatcher] Posting WatchEvent: WatchmanPathEvent{cellPath=/Users/jack/Downloads/test, kind=CREATE, path=app/build/intermediates/incremental/mergeDebugResources/compile-file-map.properties}
[2018-07-30 08:25:50.484][warn ][command:null][tid:285][com.facebook.buck.io.WatchmanWatcher] Posting WatchEvent: WatchmanPathEvent{cellPath=/Users/jack/Downloads/test, kind=CREATE, path=app/build/intermediates/incremental/mergeDebugResources/merger.xml}
[2018-07-30 08:25:50.485][warn ][command:null][tid:285][com.facebook.buck.io.WatchmanWatcher] Posting WatchEvent: WatchmanPathEvent{cellPath=/Users/jack/Downloads/test, kind=CREATE, path=app/build/intermediates/res/merged/debug/drawable-xhdpi_ic_launcher_background.png.flat}
[2018-07-30 08:25:50.485][warn ][command:null][tid:285][com.facebook.buck.io.WatchmanWatcher] Posting WatchEvent: WatchmanPathEvent{cellPath=/Users/jack/Downloads/test, kind=CREATE, path=app/build/intermediates/res/merged/debug/mipmap-xxhdpi_ic_launcher_round.png.flat}
[2018-07-30 08:25:50.485][warn ][command:null][tid:285][com.facebook.buck.io.WatchmanWatcher] Posting WatchEvent: WatchmanPathEvent{cellPath=/Users/jack/Downloads/test, kind=CREATE, path=app/build/intermediates/res/merged/debug/mipmap-anydpi-v26_ic_launcher.xml.flat}
[2018-07-30 08:25:50.485][warn ][command:null][tid:285][com.facebook.buck.io.WatchmanWatcher] Posting WatchEvent: WatchmanPathEvent{cellPath=/Users/jack/Downloads/test, kind=CREATE, path=app/build/intermediates/res/merged/debug/layout_activity_main.xml.flat}
[2018-07-30 08:25:50.485][warn ][command:null][tid:285][com.facebook.buck.io.WatchmanWatcher] Posting WatchEvent: WatchmanPathEvent{cellPath=/Users/jack/Downloads/test, kind=CREATE, path=app/build/intermediates/res/merged/debug/drawable-xxxhdpi_ic_launcher_background.png.flat}
[2018-07-30 08:25:50.485][warn ][command:null][tid:285][com.facebook.buck.io.WatchmanWatcher] Posting WatchEvent: WatchmanPathEvent{cellPath=/Users/jack/Downloads/test, kind=CREATE, path=app/build/intermediates/res/merged/debug/mipmap-anydpi-v26_ic_launcher_round.xml.flat}
[2018-07-30 08:25:50.486][warn ][command:null][tid:285][com.facebook.buck.io.WatchmanWatcher] Posting WatchEvent: WatchmanPathEvent{cellPath=/Users/jack/Downloads/test, kind=CREATE, path=app/build/intermediates/res/merged/debug/mipmap-xhdpi_ic_launcher.png.flat}
[2018-07-30 08:25:50.486][warn ][command:null][tid:285][com.facebook.buck.io.WatchmanWatcher] Posting WatchEvent: WatchmanPathEvent{cellPath=/Users/jack/Downloads/test, kind=CREATE, path=app/build/intermediates/res/merged/debug/mipmap-hdpi_ic_launcher_round.png.flat}
[2018-07-30 08:25:50.486][warn ][command:null][tid:285][com.facebook.buck.io.WatchmanWatcher] Posting WatchEvent: WatchmanPathEvent{cellPath=/Users/jack/Downloads/test, kind=CREATE, path=app/build/intermediates/res/merged/debug/mipmap-xhdpi_ic_launcher_round.png.flat}
[2018-07-30 08:25:50.486][warn ][command:null][tid:285][com.facebook.buck.io.WatchmanWatcher] Posting WatchEvent: WatchmanPathEvent{cellPath=/Users/jack/Downloads/test, kind=CREATE, path=app/build/intermediates/res/merged/debug/values_values.arsc.flat}
[2018-07-30 08:25:50.486][warn ][command:null][tid:285][com.facebook.buck.io.WatchmanWatcher] Posting WatchEvent: WatchmanPathEvent{cellPath=/Users/jack/Downloads/test, kind=CREATE, path=app/build/intermediates/res/merged/debug/mipmap-xxhdpi_ic_launcher.png.flat}
[2018-07-30 08:25:50.489][warn ][command:null][tid:285][com.facebook.buck.io.WatchmanWatcher] Posting WatchEvent: WatchmanPathEvent{cellPath=/Users/jack/Downloads/test, kind=CREATE, path=app/build/intermediates/res/merged/debug/mipmap-mdpi_ic_launcher.png.flat}
[2018-07-30 08:25:50.490][debug][command:null][tid:281][com.facebook.buck.util.ListeningProcessExecutor] Successfully launched process com.zaxxer.nuprocess.osx.OsxProcess@90393d0
[2018-07-30 08:25:50.490][warn ][command:null][tid:285][com.facebook.buck.io.WatchmanWatcher] Posting WatchEvent: WatchmanPathEvent{cellPath=/Users/jack/Downloads/test, kind=CREATE, path=app/build/intermediates/res/merged/debug/drawable-ldpi_ic_launcher_background.png.flat}
[2018-07-30 08:25:50.490][warn ][command:null][tid:285][com.facebook.buck.io.WatchmanWatcher] Posting WatchEvent: WatchmanPathEvent{cellPath=/Users/jack/Downloads/test, kind=CREATE, path=app/build/intermediates/res/merged/debug/drawable-xxhdpi_ic_launcher_background.png.flat}
[2018-07-30 08:25:50.490][warn ][command:null][tid:285][com.facebook.buck.io.WatchmanWatcher] Posting WatchEvent: WatchmanPathEvent{cellPath=/Users/jack/Downloads/test, kind=CREATE, path=app/build/intermediates/res/merged/debug/drawable-hdpi_ic_launcher_background.png.flat}
[2018-07-30 08:25:50.491][warn ][command:null][tid:285][com.facebook.buck.io.WatchmanWatcher] Posting WatchEvent: WatchmanPathEvent{cellPath=/Users/jack/Downloads/test, kind=CREATE, path=app/build/intermediates/res/merged/debug/mipmap-xxxhdpi_ic_launcher.png.flat}
[2018-07-30 08:25:50.491][debug][command:null][tid:281][com.facebook.buck.util.ListeningProcessExecutor] Waiting for process com.facebook.buck.util.ListeningProcessExecutor$LaunchedProcessImpl@7d36a5f3 timeout 1000 MILLISECONDS
[2018-07-30 08:25:50.491][warn ][command:null][tid:285][com.facebook.buck.io.WatchmanWatcher] Posting WatchEvent: WatchmanPathEvent{cellPath=/Users/jack/Downloads/test, kind=CREATE, path=app/build/intermediates/res/merged/debug/drawable-anydpi-v21_ic_launcher_background.xml.flat}
[2018-07-30 08:25:50.491][warn ][command:null][tid:285][com.facebook.buck.io.WatchmanWatcher] Posting WatchEvent: WatchmanPathEvent{cellPath=/Users/jack/Downloads/test, kind=CREATE, path=app/build/intermediates/res/merged/debug/mipmap-mdpi_ic_launcher_round.png.flat}
[2018-07-30 08:25:50.491][warn ][command:null][tid:285][com.facebook.buck.io.WatchmanWatcher] Posting WatchEvent: WatchmanPathEvent{cellPath=/Users/jack/Downloads/test, kind=CREATE, path=app/build/intermediates/res/merged/debug/drawable-v24_ic_launcher_foreground.xml.flat}
[2018-07-30 08:25:50.491][warn ][command:null][tid:285][com.facebook.buck.io.WatchmanWatcher] Posting WatchEvent: WatchmanPathEvent{cellPath=/Users/jack/Downloads/test, kind=CREATE, path=app/build/intermediates/res/merged/debug/mipmap-xxxhdpi_ic_launcher_round.png.flat}
[2018-07-30 08:25:50.491][warn ][command:null][tid:285][com.facebook.buck.io.WatchmanWatcher] Posting WatchEvent: WatchmanPathEvent{cellPath=/Users/jack/Downloads/test, kind=CREATE, path=app/build/intermediates/res/merged/debug/mipmap-hdpi_ic_launcher.png.flat}
[2018-07-30 08:25:50.491][warn ][command:null][tid:285][com.facebook.buck.io.WatchmanWatcher] Posting WatchEvent: WatchmanPathEvent{cellPath=/Users/jack/Downloads/test, kind=CREATE, path=app/build/intermediates/res/merged/debug/drawable-mdpi_ic_launcher_background.png.flat}
[2018-07-30 08:25:50.491][warn ][command:null][tid:285][com.facebook.buck.io.WatchmanWatcher] Posting WatchEvent: WatchmanPathEvent{cellPath=/Users/jack/Downloads/test, kind=CREATE, path=app/build/intermediates/compatible_screen_manifest/debug/createDebugCompatibleScreenManifests/out/output.json}
[2018-07-30 08:25:50.492][warn ][command:null][tid:285][com.facebook.buck.io.WatchmanWatcher] Posting WatchEvent: WatchmanPathEvent{cellPath=/Users/jack/Downloads/test, kind=CREATE, path=app/build/generated/res/pngs/debug/drawable-anydpi-v21/ic_launcher_background.xml}
[2018-07-30 08:25:50.492][warn ][command:null][tid:285][com.facebook.buck.io.WatchmanWatcher] Posting WatchEvent: WatchmanPathEvent{cellPath=/Users/jack/Downloads/test, kind=CREATE, path=app/build/generated/res/pngs/debug/drawable-ldpi/ic_launcher_background.png}
[2018-07-30 08:25:50.492][warn ][command:null][tid:285][com.facebook.buck.io.WatchmanWatcher] Posting WatchEvent: WatchmanPathEvent{cellPath=/Users/jack/Downloads/test, kind=CREATE, path=app/build/generated/res/pngs/debug/drawable-xhdpi/ic_launcher_background.png}
[2018-07-30 08:25:50.493][warn ][command:null][tid:285][com.facebook.buck.io.WatchmanWatcher] Posting WatchEvent: WatchmanPathEvent{cellPath=/Users/jack/Downloads/test, kind=CREATE, path=app/build/intermediates/incremental/mergeDebugResources/merged.dir/values/values.xml}
[2018-07-30 08:25:50.493][warn ][command:null][tid:285][com.facebook.buck.io.WatchmanWatcher] Posting WatchEvent: WatchmanPathEvent{cellPath=/Users/jack/Downloads/test, kind=CREATE, path=app/build/generated/res/pngs/debug/drawable-hdpi/ic_launcher_background.png}
[2018-07-30 08:25:50.493][warn ][command:null][tid:285][com.facebook.buck.io.WatchmanWatcher] Posting WatchEvent: WatchmanPathEvent{cellPath=/Users/jack/Downloads/test, kind=CREATE, path=app/build/generated/res/pngs/debug/drawable-xxhdpi/ic_launcher_background.png}
[2018-07-30 08:25:50.493][warn ][command:null][tid:285][com.facebook.buck.io.WatchmanWatcher] Posting WatchEvent: WatchmanPathEvent{cellPath=/Users/jack/Downloads/test, kind=CREATE, path=app/build/generated/res/pngs/debug/drawable-mdpi/ic_launcher_background.png}
[2018-07-30 08:25:50.493][warn ][command:null][tid:285][com.facebook.buck.io.WatchmanWatcher] Posting WatchEvent: WatchmanPathEvent{cellPath=/Users/jack/Downloads/test, kind=CREATE, path=app/build/generated/res/pngs/debug/drawable-xxxhdpi/ic_launcher_background.png}
[2018-07-30 08:25:50.494][warn ][command:null][tid:285][com.facebook.buck.io.WatchmanWatcher] Posting WatchEvent: WatchmanPathEvent{cellPath=/Users/jack/Downloads/test, kind=CREATE, path=app/build/intermediates/blame/res/debug/multi-v2/values.json}
[2018-07-30 08:25:50.494][warn ][command:null][tid:285][com.facebook.buck.io.WatchmanWatcher] Posting WatchEvent: WatchmanPathEvent{cellPath=/Users/jack/Downloads/test, kind=CREATE, path=app/build/generated/freeline/com/antfortune/freeline/FreelineConfig.java}
[2018-07-30 08:25:50.494][warn ][command:null][tid:285][com.facebook.buck.io.WatchmanWatcher] Posting WatchEvent: WatchmanPathEvent{cellPath=/Users/jack/Downloads/test, kind=CREATE, path=app/build/intermediates/apk_list/debug/mainApkListPersistenceDebug/apk-list.gson}
[2018-07-30 08:25:50.495][warn ][command:null][tid:285][com.facebook.buck.io.WatchmanWatcher] Posting WatchEvent: WatchmanPathEvent{cellPath=/Users/jack/Downloads/test, kind=CREATE, path=app/build/freeline/app/resources_dependencies.json}
[2018-07-30 08:25:50.495][warn ][command:null][tid:285][com.facebook.buck.io.WatchmanWatcher] Posting WatchEvent: WatchmanPathEvent{cellPath=/Users/jack/Downloads/test, kind=CREATE, path=app/build/generated/source/buildConfig/debug/com/test/test/BuildConfig.java}
[2018-07-30 08:25:50.495][warn ][command:null][tid:285][com.facebook.buck.io.WatchmanWatcher] Posting WatchEvent: WatchmanPathEvent{cellPath=/Users/jack/Downloads/test, kind=MODIFY, path=freeline_project_description.json}
[2018-07-30 08:25:50.495][warn ][command:null][tid:285][com.facebook.buck.io.WatchmanWatcher] Posting WatchEvent: WatchmanPathEvent{cellPath=/Users/jack/Downloads/test, kind=CREATE, path=app/build/freeline/stat_cache.json}
[2018-07-30 08:25:50.495][warn ][command:null][tid:285][com.facebook.buck.io.WatchmanWatcher] Posting WatchEvent: WatchmanPathEvent{cellPath=/Users/jack/Downloads/test, kind=CREATE, path=freeline/freeline_core/android_tools.pyc}
[2018-07-30 08:25:50.496][debug][command:null][tid:285][com.facebook.buck.parser.DaemonicParserState] /Users/jack/Downloads/test/freeline/freeline_core/android_tools.pyc is not owned by any build file.  Not invalidating anything.
[2018-07-30 08:25:50.496][warn ][command:null][tid:285][com.facebook.buck.io.WatchmanWatcher] Posting WatchEvent: WatchmanPathEvent{cellPath=/Users/jack/Downloads/test, kind=CREATE, path=freeline/freeline_core/sync_client.pyc}
[2018-07-30 08:25:50.496][debug][command:null][tid:285][com.facebook.buck.parser.DaemonicParserState] /Users/jack/Downloads/test/freeline/freeline_core/sync_client.pyc is not owned by any build file.  Not invalidating anything.
[2018-07-30 08:25:50.496][warn ][command:null][tid:285][com.facebook.buck.io.WatchmanWatcher] Posting WatchEvent: WatchmanPathEvent{cellPath=/Users/jack/Downloads/test, kind=CREATE, path=freeline/freeline_core/gradle_clean_build.pyc}
[2018-07-30 08:25:50.496][debug][command:null][tid:285][com.facebook.buck.parser.DaemonicParserState] /Users/jack/Downloads/test/freeline/freeline_core/gradle_clean_build.pyc is not owned by any build file.  Not invalidating anything.
[2018-07-30 08:25:50.496][warn ][command:null][tid:285][com.facebook.buck.io.WatchmanWatcher] Posting WatchEvent: WatchmanPathEvent{cellPath=/Users/jack/Downloads/test, kind=CREATE, path=app/build/freeline/freeline-assets/apktime}
[2018-07-30 08:25:50.496][warn ][command:null][tid:285][com.facebook.buck.io.WatchmanWatcher] Posting WatchEvent: WatchmanPathEvent{cellPath=/Users/jack/Downloads/test, kind=CREATE, path=freeline/freeline_core/freeline_build.pyc}
[2018-07-30 08:25:50.496][debug][command:null][tid:285][com.facebook.buck.parser.DaemonicParserState] /Users/jack/Downloads/test/freeline/freeline_core/freeline_build.pyc is not owned by any build file.  Not invalidating anything.
[2018-07-30 08:25:50.496][warn ][command:null][tid:285][com.facebook.buck.io.WatchmanWatcher] Posting WatchEvent: WatchmanPathEvent{cellPath=/Users/jack/Downloads/test, kind=CREATE, path=freeline/freeline_core/gradle_tools.pyc}
[2018-07-30 08:25:50.496][debug][command:null][tid:285][com.facebook.buck.parser.DaemonicParserState] /Users/jack/Downloads/test/freeline/freeline_core/gradle_tools.pyc is not owned by any build file.  Not invalidating anything.
[2018-07-30 08:25:50.497][warn ][command:null][tid:285][com.facebook.buck.io.WatchmanWatcher] Posting WatchEvent: WatchmanPathEvent{cellPath=/Users/jack/Downloads/test, kind=CREATE, path=freeline/freeline_core/dispatcher.pyc}
[2018-07-30 08:25:50.497][debug][command:null][tid:285][com.facebook.buck.parser.DaemonicParserState] /Users/jack/Downloads/test/freeline/freeline_core/dispatcher.pyc is not owned by any build file.  Not invalidating anything.
[2018-07-30 08:25:50.497][warn ][command:null][tid:285][com.facebook.buck.io.WatchmanWatcher] Posting WatchEvent: WatchmanPathEvent{cellPath=/Users/jack/Downloads/test, kind=CREATE, path=freeline/freeline_core/exceptions.pyc}
[2018-07-30 08:25:50.497][debug][command:null][tid:285][com.facebook.buck.parser.DaemonicParserState] /Users/jack/Downloads/test/freeline/freeline_core/exceptions.pyc is not owned by any build file.  Not invalidating anything.
[2018-07-30 08:25:50.497][warn ][command:null][tid:285][com.facebook.buck.io.WatchmanWatcher] Posting WatchEvent: WatchmanPathEvent{cellPath=/Users/jack/Downloads/test, kind=CREATE, path=freeline/freeline_core/task_engine.pyc}
[2018-07-30 08:25:50.497][debug][command:null][tid:285][com.facebook.buck.parser.DaemonicParserState] /Users/jack/Downloads/test/freeline/freeline_core/task_engine.pyc is not owned by any build file.  Not invalidating anything.
[2018-07-30 08:25:50.497][warn ][command:null][tid:285][com.facebook.buck.io.WatchmanWatcher] Posting WatchEvent: WatchmanPathEvent{cellPath=/Users/jack/Downloads/test, kind=CREATE, path=freeline/freeline_core/task.pyc}
[2018-07-30 08:25:50.497][debug][command:null][tid:285][com.facebook.buck.parser.DaemonicParserState] /Users/jack/Downloads/test/freeline/freeline_core/task.pyc is not owned by any build file.  Not invalidating anything.
[2018-07-30 08:25:50.497][warn ][command:null][tid:285][com.facebook.buck.io.WatchmanWatcher] Posting WatchEvent: WatchmanPathEvent{cellPath=/Users/jack/Downloads/test, kind=CREATE, path=freeline/freeline_core/version.pyc}
[2018-07-30 08:25:50.497][debug][command:null][tid:285][com.facebook.buck.parser.DaemonicParserState] /Users/jack/Downloads/test/freeline/freeline_core/version.pyc is not owned by any build file.  Not invalidating anything.
[2018-07-30 08:25:50.497][warn ][command:null][tid:285][com.facebook.buck.io.WatchmanWatcher] Posting WatchEvent: WatchmanPathEvent{cellPath=/Users/jack/Downloads/test, kind=CREATE, path=freeline/freeline_core/tracing.pyc}
[2018-07-30 08:25:50.497][debug][command:null][tid:285][com.facebook.buck.parser.DaemonicParserState] /Users/jack/Downloads/test/freeline/freeline_core/tracing.pyc is not owned by any build file.  Not invalidating anything.
[2018-07-30 08:25:50.497][warn ][command:null][tid:285][com.facebook.buck.io.WatchmanWatcher] Posting WatchEvent: WatchmanPathEvent{cellPath=/Users/jack/Downloads/test, kind=CREATE, path=freeline/freeline_core/init.pyc}
[2018-07-30 08:25:50.497][debug][command:null][tid:285][com.facebook.buck.parser.DaemonicParserState] /Users/jack/Downloads/test/freeline/freeline_core/init.pyc is not owned by any build file.  Not invalidating anything.
[2018-07-30 08:25:50.497][warn ][command:null][tid:285][com.facebook.buck.io.WatchmanWatcher] Posting WatchEvent: WatchmanPathEvent{cellPath=/Users/jack/Downloads/test, kind=CREATE, path=freeline/freeline_core/cursor.pyc}
[2018-07-30 08:25:50.497][debug][command:null][tid:285][com.facebook.buck.parser.DaemonicParserState] /Users/jack/Downloads/test/freeline/freeline_core/cursor.pyc is not owned by any build file.  Not invalidating anything.
[2018-07-30 08:25:50.498][warn ][command:null][tid:285][com.facebook.buck.io.WatchmanWatcher] Posting WatchEvent: WatchmanPathEvent{cellPath=/Users/jack/Downloads/test, kind=CREATE, path=freeline/freeline_core/terminal.pyc}
[2018-07-30 08:25:50.498][debug][command:null][tid:285][com.facebook.buck.parser.DaemonicParserState] /Users/jack/Downloads/test/freeline/freeline_core/terminal.pyc is not owned by any build file.  Not invalidating anything.
[2018-07-30 08:25:50.498][warn ][command:null][tid:285][com.facebook.buck.io.WatchmanWatcher] Posting WatchEvent: WatchmanPathEvent{cellPath=/Users/jack/Downloads/test, kind=CREATE, path=freeline/freeline_core/logger.pyc}
[2018-07-30 08:25:50.498][debug][command:null][tid:285][com.facebook.buck.parser.DaemonicParserState] /Users/jack/Downloads/test/freeline/freeline_core/logger.pyc is not owned by any build file.  Not invalidating anything.
[2018-07-30 08:25:50.498][warn ][command:null][tid:285][com.facebook.buck.io.WatchmanWatcher] Posting WatchEvent: WatchmanPathEvent{cellPath=/Users/jack/Downloads/test, kind=CREATE, path=freeline/freeline_core/builder.pyc}
[2018-07-30 08:25:50.498][debug][command:null][tid:285][com.facebook.buck.parser.DaemonicParserState] /Users/jack/Downloads/test/freeline/freeline_core/builder.pyc is not owned by any build file.  Not invalidating anything.
[2018-07-30 08:25:50.498][warn ][command:null][tid:285][com.facebook.buck.io.WatchmanWatcher] Posting WatchEvent: WatchmanPathEvent{cellPath=/Users/jack/Downloads/test, kind=CREATE, path=freeline/freeline_core/__init__.pyc}
[2018-07-30 08:25:50.498][debug][command:null][tid:285][com.facebook.buck.parser.DaemonicParserState] /Users/jack/Downloads/test/freeline/freeline_core/__init__.pyc is not owned by any build file.  Not invalidating anything.
[2018-07-30 08:25:50.498][warn ][command:null][tid:285][com.facebook.buck.io.WatchmanWatcher] Posting WatchEvent: WatchmanPathEvent{cellPath=/Users/jack/Downloads/test, kind=CREATE, path=freeline/freeline_core/build_commands.pyc}
[2018-07-30 08:25:50.498][debug][command:null][tid:285][com.facebook.buck.parser.DaemonicParserState] /Users/jack/Downloads/test/freeline/freeline_core/build_commands.pyc is not owned by any build file.  Not invalidating anything.
[2018-07-30 08:25:50.498][warn ][command:null][tid:285][com.facebook.buck.io.WatchmanWatcher] Posting WatchEvent: WatchmanPathEvent{cellPath=/Users/jack/Downloads/test, kind=CREATE, path=freeline/freeline_core/command.pyc}
[2018-07-30 08:25:50.498][debug][command:null][tid:285][com.facebook.buck.parser.DaemonicParserState] /Users/jack/Downloads/test/freeline/freeline_core/command.pyc is not owned by any build file.  Not invalidating anything.
[2018-07-30 08:25:50.498][warn ][command:null][tid:285][com.facebook.buck.io.WatchmanWatcher] Posting WatchEvent: WatchmanPathEvent{cellPath=/Users/jack/Downloads/test, kind=CREATE, path=freeline/freeline_core/utils.pyc}
[2018-07-30 08:25:50.498][debug][command:null][tid:285][com.facebook.buck.parser.DaemonicParserState] /Users/jack/Downloads/test/freeline/freeline_core/utils.pyc is not owned by any build file.  Not invalidating anything.
[2018-07-30 08:25:50.498][warn ][command:null][tid:285][com.facebook.buck.io.WatchmanWatcher] Posting WatchEvent: WatchmanPathEvent{cellPath=/Users/jack/Downloads/test, kind=CREATE, path=freeline/release-tools/FreelineAapt_}
[2018-07-30 08:25:50.499][debug][command:null][tid:285][com.facebook.buck.parser.DaemonicParserState] /Users/jack/Downloads/test/freeline/release-tools/FreelineAapt_ is not owned by any build file.  Not invalidating anything.
[2018-07-30 08:25:50.499][warn ][command:null][tid:285][com.facebook.buck.io.WatchmanWatcher] Posting WatchEvent: WatchmanPathEvent{cellPath=/Users/jack/Downloads/test, kind=CREATE, path=freeline/release-tools/manifest.txt}
[2018-07-30 08:25:50.499][debug][command:null][tid:285][com.facebook.buck.parser.DaemonicParserState] /Users/jack/Downloads/test/freeline/release-tools/manifest.txt is not owned by any build file.  Not invalidating anything.
[2018-07-30 08:25:50.499][warn ][command:null][tid:285][com.facebook.buck.io.WatchmanWatcher] Posting WatchEvent: WatchmanPathEvent{cellPath=/Users/jack/Downloads/test, kind=CREATE, path=freeline/release-tools/dx.jar}
[2018-07-30 08:25:50.499][debug][command:null][tid:285][com.facebook.buck.parser.DaemonicParserState] /Users/jack/Downloads/test/freeline/release-tools/dx.jar is not owned by any build file.  Not invalidating anything.
[2018-07-30 08:25:50.499][warn ][command:null][tid:285][com.facebook.buck.io.WatchmanWatcher] Posting WatchEvent: WatchmanPathEvent{cellPath=/Users/jack/Downloads/test, kind=CREATE, path=freeline/release-tools/FreelineAapt.exe}
[2018-07-30 08:25:50.499][debug][command:null][tid:285][com.facebook.buck.parser.DaemonicParserState] /Users/jack/Downloads/test/freeline/release-tools/FreelineAapt.exe is not owned by any build file.  Not invalidating anything.
[2018-07-30 08:25:50.499][warn ][command:null][tid:285][com.facebook.buck.io.WatchmanWatcher] Posting WatchEvent: WatchmanPathEvent{cellPath=/Users/jack/Downloads/test, kind=CREATE, path=freeline/release-tools/dexmerger}
[2018-07-30 08:25:50.499][debug][command:null][tid:285][com.facebook.buck.parser.DaemonicParserState] /Users/jack/Downloads/test/freeline/release-tools/dexmerger is not owned by any build file.  Not invalidating anything.
[2018-07-30 08:25:50.499][warn ][command:null][tid:285][com.facebook.buck.io.WatchmanWatcher] Posting WatchEvent: WatchmanPathEvent{cellPath=/Users/jack/Downloads/test, kind=CREATE, path=freeline/release-tools/DexMerge.jar}
[2018-07-30 08:25:50.499][debug][command:null][tid:285][com.facebook.buck.parser.DaemonicParserState] /Users/jack/Downloads/test/freeline/release-tools/DexMerge.jar is not owned by any build file.  Not invalidating anything.
[2018-07-30 08:25:50.499][warn ][command:null][tid:285][com.facebook.buck.io.WatchmanWatcher] Posting WatchEvent: WatchmanPathEvent{cellPath=/Users/jack/Downloads/test, kind=CREATE, path=freeline/release-tools/databinding-cli8.jar}
[2018-07-30 08:25:50.500][debug][command:null][tid:285][com.facebook.buck.parser.DaemonicParserState] /Users/jack/Downloads/test/freeline/release-tools/databinding-cli8.jar is not owned by any build file.  Not invalidating anything.
[2018-07-30 08:25:50.500][warn ][command:null][tid:285][com.facebook.buck.io.WatchmanWatcher] Posting WatchEvent: WatchmanPathEvent{cellPath=/Users/jack/Downloads/test, kind=CREATE, path=freeline/release-tools/databinding-cli.jar}
[2018-07-30 08:25:50.500][debug][command:null][tid:285][com.facebook.buck.parser.DaemonicParserState] /Users/jack/Downloads/test/freeline/release-tools/databinding-cli.jar is not owned by any build file.  Not invalidating anything.
[2018-07-30 08:25:50.500][warn ][command:null][tid:285][com.facebook.buck.io.WatchmanWatcher] Posting WatchEvent: WatchmanPathEvent{cellPath=/Users/jack/Downloads/test, kind=CREATE, path=freeline/release-tools/jasmin}
[2018-07-30 08:25:50.500][debug][command:null][tid:285][com.facebook.buck.parser.DaemonicParserState] /Users/jack/Downloads/test/freeline/release-tools/jasmin is not owned by any build file.  Not invalidating anything.
[2018-07-30 08:25:50.500][warn ][command:null][tid:285][com.facebook.buck.io.WatchmanWatcher] Posting WatchEvent: WatchmanPathEvent{cellPath=/Users/jack/Downloads/test, kind=CREATE, path=freeline/release-tools/dx}
[2018-07-30 08:25:50.500][debug][command:null][tid:285][com.facebook.buck.parser.DaemonicParserState] /Users/jack/Downloads/test/freeline/release-tools/dx is not owned by any build file.  Not invalidating anything.
[2018-07-30 08:25:50.500][warn ][command:null][tid:285][com.facebook.buck.io.WatchmanWatcher] Posting WatchEvent: WatchmanPathEvent{cellPath=/Users/jack/Downloads/test, kind=CREATE, path=freeline/release-tools/mainDexClasses}
[2018-07-30 08:25:50.500][debug][command:null][tid:285][com.facebook.buck.parser.DaemonicParserState] /Users/jack/Downloads/test/freeline/release-tools/mainDexClasses is not owned by any build file.  Not invalidating anything.
[2018-07-30 08:25:50.500][warn ][command:null][tid:285][com.facebook.buck.io.WatchmanWatcher] Posting WatchEvent: WatchmanPathEvent{cellPath=/Users/jack/Downloads/test, kind=CREATE, path=freeline/release-tools/FreelineAapt}
[2018-07-30 08:25:50.500][debug][command:null][tid:285][com.facebook.buck.parser.DaemonicParserState] /Users/jack/Downloads/test/freeline/release-tools/FreelineAapt is not owned by any build file.  Not invalidating anything.
[2018-07-30 08:25:50.500][warn ][command:null][tid:285][com.facebook.buck.io.WatchmanWatcher] Posting WatchEvent: WatchmanPathEvent{cellPath=/Users/jack/Downloads/test, kind=CREATE, path=freeline/release-tools/jasmin.jar}
[2018-07-30 08:25:50.500][debug][command:null][tid:285][com.facebook.buck.parser.DaemonicParserState] /Users/jack/Downloads/test/freeline/release-tools/jasmin.jar is not owned by any build file.  Not invalidating anything.
[2018-07-30 08:25:50.500][warn ][command:null][tid:285][com.facebook.buck.io.WatchmanWatcher] Posting WatchEvent: WatchmanPathEvent{cellPath=/Users/jack/Downloads/test, kind=CREATE, path=freeline/release-tools/dx.bat}
[2018-07-30 08:25:50.501][debug][command:null][tid:285][com.facebook.buck.parser.DaemonicParserState] /Users/jack/Downloads/test/freeline/release-tools/dx.bat is not owned by any build file.  Not invalidating anything.
[2018-07-30 08:25:50.501][warn ][command:null][tid:285][com.facebook.buck.io.WatchmanWatcher] Posting WatchEvent: WatchmanPathEvent{cellPath=/Users/jack/Downloads/test, kind=CREATE, path=freeline/release-tools/mainDexClasses.bat}
[2018-07-30 08:25:50.501][debug][command:null][tid:285][com.facebook.buck.parser.DaemonicParserState] /Users/jack/Downloads/test/freeline/release-tools/mainDexClasses.bat is not owned by any build file.  Not invalidating anything.
[2018-07-30 08:25:50.501][warn ][command:null][tid:285][com.facebook.buck.io.WatchmanWatcher] Posting WatchEvent: WatchmanPathEvent{cellPath=/Users/jack/Downloads/test, kind=CREATE, path=freeline/release-tools/mainDexClasses.rules}
[2018-07-30 08:25:50.501][debug][command:null][tid:285][com.facebook.buck.parser.DaemonicParserState] /Users/jack/Downloads/test/freeline/release-tools/mainDexClasses.rules is not owned by any build file.  Not invalidating anything.
[2018-07-30 08:25:50.501][warn ][command:null][tid:285][com.facebook.buck.io.WatchmanWatcher] Posting WatchEvent: WatchmanPathEvent{cellPath=/Users/jack/Downloads/test, kind=DELETE, path=freeline.zip}
[2018-07-30 08:25:50.501][debug][command:null][tid:285][com.facebook.buck.parser.DaemonicParserState] /Users/jack/Downloads/test/freeline.zip is not owned by any build file.  Not invalidating anything.
[2018-07-30 08:25:50.501][warn ][command:null][tid:285][com.facebook.buck.io.WatchmanWatcher] Posting WatchEvent: WatchmanPathEvent{cellPath=/Users/jack/Downloads/test, kind=CREATE, path=freeline/freeline_core/dispatcher.py}
[2018-07-30 08:25:50.501][debug][command:null][tid:285][com.facebook.buck.parser.DaemonicParserState] /Users/jack/Downloads/test/freeline/freeline_core/dispatcher.py is not owned by any build file.  Not invalidating anything.
[2018-07-30 08:25:50.502][warn ][command:null][tid:285][com.facebook.buck.io.WatchmanWatcher] Posting WatchEvent: WatchmanPathEvent{cellPath=/Users/jack/Downloads/test, kind=CREATE, path=freeline/freeline_core/android_tools.py}
[2018-07-30 08:25:50.502][debug][command:null][tid:285][com.facebook.buck.parser.DaemonicParserState] /Users/jack/Downloads/test/freeline/freeline_core/android_tools.py is not owned by any build file.  Not invalidating anything.
[2018-07-30 08:25:50.502][warn ][command:null][tid:285][com.facebook.buck.io.WatchmanWatcher] Posting WatchEvent: WatchmanPathEvent{cellPath=/Users/jack/Downloads/test, kind=CREATE, path=freeline/freeline_core/task.py}
[2018-07-30 08:25:50.502][debug][command:null][tid:285][com.facebook.buck.parser.DaemonicParserState] /Users/jack/Downloads/test/freeline/freeline_core/task.py is not owned by any build file.  Not invalidating anything.
[2018-07-30 08:25:50.502][warn ][command:null][tid:285][com.facebook.buck.io.WatchmanWatcher] Posting WatchEvent: WatchmanPathEvent{cellPath=/Users/jack/Downloads/test, kind=CREATE, path=freeline/freeline_core/tracing.py}
[2018-07-30 08:25:50.503][debug][command:null][tid:285][com.facebook.buck.parser.DaemonicParserState] /Users/jack/Downloads/test/freeline/freeline_core/tracing.py is not owned by any build file.  Not invalidating anything.
[2018-07-30 08:25:50.503][warn ][command:null][tid:285][com.facebook.buck.io.WatchmanWatcher] Posting WatchEvent: WatchmanPathEvent{cellPath=/Users/jack/Downloads/test, kind=CREATE, path=freeline/freeline_core/gradle_clean_build.py}
[2018-07-30 08:25:50.503][debug][command:null][tid:285][com.facebook.buck.parser.DaemonicParserState] /Users/jack/Downloads/test/freeline/freeline_core/gradle_clean_build.py is not owned by any build file.  Not invalidating anything.
[2018-07-30 08:25:50.503][warn ][command:null][tid:285][com.facebook.buck.io.WatchmanWatcher] Posting WatchEvent: WatchmanPathEvent{cellPath=/Users/jack/Downloads/test, kind=CREATE, path=freeline/freeline_core/command.py}
[2018-07-30 08:25:50.503][debug][command:null][tid:285][com.facebook.buck.parser.DaemonicParserState] /Users/jack/Downloads/test/freeline/freeline_core/command.py is not owned by any build file.  Not invalidating anything.
[2018-07-30 08:25:50.503][warn ][command:null][tid:285][com.facebook.buck.io.WatchmanWatcher] Posting WatchEvent: WatchmanPathEvent{cellPath=/Users/jack/Downloads/test, kind=CREATE, path=freeline/freeline_core/freeline_build.py}
[2018-07-30 08:25:50.503][debug][command:null][tid:285][com.facebook.buck.parser.DaemonicParserState] /Users/jack/Downloads/test/freeline/freeline_core/freeline_build.py is not owned by any build file.  Not invalidating anything.
[2018-07-30 08:25:50.503][warn ][command:null][tid:285][com.facebook.buck.io.WatchmanWatcher] Posting WatchEvent: WatchmanPathEvent{cellPath=/Users/jack/Downloads/test, kind=CREATE, path=freeline/freeline_core/version.py}
[2018-07-30 08:25:50.503][debug][command:null][tid:285][com.facebook.buck.parser.DaemonicParserState] /Users/jack/Downloads/test/freeline/freeline_core/version.py is not owned by any build file.  Not invalidating anything.
[2018-07-30 08:25:50.504][warn ][command:null][tid:285][com.facebook.buck.io.WatchmanWatcher] Posting WatchEvent: WatchmanPathEvent{cellPath=/Users/jack/Downloads/test, kind=CREATE, path=freeline/freeline_core/terminal.py}
[2018-07-30 08:25:50.504][debug][command:null][tid:285][com.facebook.buck.parser.DaemonicParserState] /Users/jack/Downloads/test/freeline/freeline_core/terminal.py is not owned by any build file.  Not invalidating anything.
[2018-07-30 08:25:50.504][warn ][command:null][tid:285][com.facebook.buck.io.WatchmanWatcher] Posting WatchEvent: WatchmanPathEvent{cellPath=/Users/jack/Downloads/test, kind=CREATE, path=freeline/freeline_core/__init__.py}
[2018-07-30 08:25:50.504][debug][command:null][tid:285][com.facebook.buck.parser.DaemonicParserState] /Users/jack/Downloads/test/freeline/freeline_core/__init__.py is not owned by any build file.  Not invalidating anything.
[2018-07-30 08:25:50.504][warn ][command:null][tid:285][com.facebook.buck.io.WatchmanWatcher] Posting WatchEvent: WatchmanPathEvent{cellPath=/Users/jack/Downloads/test, kind=CREATE, path=freeline/freeline_core/hackwindows.py}
[2018-07-30 08:25:50.504][debug][command:null][tid:285][com.facebook.buck.parser.DaemonicParserState] /Users/jack/Downloads/test/freeline/freeline_core/hackwindows.py is not owned by any build file.  Not invalidating anything.
[2018-07-30 08:25:50.504][warn ][command:null][tid:285][com.facebook.buck.io.WatchmanWatcher] Posting WatchEvent: WatchmanPathEvent{cellPath=/Users/jack/Downloads/test, kind=CREATE, path=freeline/freeline_core/logger.py}
[2018-07-30 08:25:50.504][debug][command:null][tid:285][com.facebook.buck.parser.DaemonicParserState] /Users/jack/Downloads/test/freeline/freeline_core/logger.py is not owned by any build file.  Not invalidating anything.
[2018-07-30 08:25:50.505][warn ][command:null][tid:285][com.facebook.buck.io.WatchmanWatcher] Posting WatchEvent: WatchmanPathEvent{cellPath=/Users/jack/Downloads/test, kind=CREATE, path=freeline/freeline_core/builder.py}
[2018-07-30 08:25:50.505][debug][command:null][tid:285][com.facebook.buck.parser.DaemonicParserState] /Users/jack/Downloads/test/freeline/freeline_core/builder.py is not owned by any build file.  Not invalidating anything.
[2018-07-30 08:25:50.505][warn ][command:null][tid:285][com.facebook.buck.io.WatchmanWatcher] Posting WatchEvent: WatchmanPathEvent{cellPath=/Users/jack/Downloads/test, kind=CREATE, path=freeline/freeline_core/gradle_tools.py}
[2018-07-30 08:25:50.505][debug][command:null][tid:285][com.facebook.buck.parser.DaemonicParserState] /Users/jack/Downloads/test/freeline/freeline_core/gradle_tools.py is not owned by any build file.  Not invalidating anything.
[2018-07-30 08:25:50.505][warn ][command:null][tid:285][com.facebook.buck.io.WatchmanWatcher] Posting WatchEvent: WatchmanPathEvent{cellPath=/Users/jack/Downloads/test, kind=CREATE, path=freeline/freeline_core/utils.py}
[2018-07-30 08:25:50.505][debug][command:null][tid:285][com.facebook.buck.parser.DaemonicParserState] /Users/jack/Downloads/test/freeline/freeline_core/utils.py is not owned by any build file.  Not invalidating anything.
[2018-07-30 08:25:50.505][warn ][command:null][tid:285][com.facebook.buck.io.WatchmanWatcher] Posting WatchEvent: WatchmanPathEvent{cellPath=/Users/jack/Downloads/test, kind=CREATE, path=freeline/freeline_core/exceptions.py}
[2018-07-30 08:25:50.505][debug][command:null][tid:285][com.facebook.buck.parser.DaemonicParserState] /Users/jack/Downloads/test/freeline/freeline_core/exceptions.py is not owned by any build file.  Not invalidating anything.
[2018-07-30 08:25:50.505][warn ][command:null][tid:285][com.facebook.buck.io.WatchmanWatcher] Posting WatchEvent: WatchmanPathEvent{cellPath=/Users/jack/Downloads/test, kind=CREATE, path=freeline/freeline_core/sync_client.py}
[2018-07-30 08:25:50.505][debug][command:null][tid:285][com.facebook.buck.parser.DaemonicParserState] /Users/jack/Downloads/test/freeline/freeline_core/sync_client.py is not owned by any build file.  Not invalidating anything.
[2018-07-30 08:25:50.505][warn ][command:null][tid:285][com.facebook.buck.io.WatchmanWatcher] Posting WatchEvent: WatchmanPathEvent{cellPath=/Users/jack/Downloads/test, kind=CREATE, path=freeline/freeline_core/init.py}
[2018-07-30 08:25:50.506][debug][command:null][tid:285][com.facebook.buck.parser.DaemonicParserState] /Users/jack/Downloads/test/freeline/freeline_core/init.py is not owned by any build file.  Not invalidating anything.
[2018-07-30 08:25:50.506][warn ][command:null][tid:285][com.facebook.buck.io.WatchmanWatcher] Posting WatchEvent: WatchmanPathEvent{cellPath=/Users/jack/Downloads/test, kind=CREATE, path=freeline/freeline_core/build_commands.py}
[2018-07-30 08:25:50.506][debug][command:null][tid:285][com.facebook.buck.parser.DaemonicParserState] /Users/jack/Downloads/test/freeline/freeline_core/build_commands.py is not owned by any build file.  Not invalidating anything.
[2018-07-30 08:25:50.506][warn ][command:null][tid:285][com.facebook.buck.io.WatchmanWatcher] Posting WatchEvent: WatchmanPathEvent{cellPath=/Users/jack/Downloads/test, kind=CREATE, path=freeline/freeline_core/gradle_inc_build.py}
[2018-07-30 08:25:50.506][debug][command:null][tid:285][com.facebook.buck.parser.DaemonicParserState] /Users/jack/Downloads/test/freeline/freeline_core/gradle_inc_build.py is not owned by any build file.  Not invalidating anything.
[2018-07-30 08:25:50.506][warn ][command:null][tid:285][com.facebook.buck.io.WatchmanWatcher] Posting WatchEvent: WatchmanPathEvent{cellPath=/Users/jack/Downloads/test, kind=CREATE, path=freeline/freeline_core/task_engine.py}
[2018-07-30 08:25:50.506][debug][command:null][tid:285][com.facebook.buck.parser.DaemonicParserState] /Users/jack/Downloads/test/freeline/freeline_core/task_engine.py is not owned by any build file.  Not invalidating anything.
[2018-07-30 08:25:50.506][warn ][command:null][tid:285][com.facebook.buck.io.WatchmanWatcher] Posting WatchEvent: WatchmanPathEvent{cellPath=/Users/jack/Downloads/test, kind=CREATE, path=freeline/freeline_core/cursor.py}
[2018-07-30 08:25:50.506][debug][command:null][tid:285][com.facebook.buck.parser.DaemonicParserState] /Users/jack/Downloads/test/freeline/freeline_core/cursor.py is not owned by any build file.  Not invalidating anything.
[2018-07-30 08:25:50.506][warn ][command:null][tid:285][com.facebook.buck.io.WatchmanWatcher] Posting WatchEvent: WatchmanPathEvent{cellPath=/Users/jack/Downloads/test, kind=CREATE, path=freeline/freeline_core/.idea/inspectionProfiles/profiles_settings.xml}
[2018-07-30 08:25:50.507][debug][command:null][tid:285][com.facebook.buck.parser.DaemonicParserState] /Users/jack/Downloads/test/freeline/freeline_core/.idea/inspectionProfiles/profiles_settings.xml is not owned by any build file.  Not invalidating anything.
[2018-07-30 08:25:50.507][warn ][command:null][tid:285][com.facebook.buck.io.WatchmanWatcher] Posting WatchEvent: WatchmanPathEvent{cellPath=/Users/jack/Downloads/test, kind=CREATE, path=freeline/freeline_core/.idea/inspectionProfiles/Project_Default.xml}
[2018-07-30 08:25:50.507][debug][command:null][tid:285][com.facebook.buck.parser.DaemonicParserState] /Users/jack/Downloads/test/freeline/freeline_core/.idea/inspectionProfiles/Project_Default.xml is not owned by any build file.  Not invalidating anything.
[2018-07-30 08:25:50.507][warn ][command:null][tid:285][com.facebook.buck.io.WatchmanWatcher] Posting WatchEvent: WatchmanPathEvent{cellPath=/Users/jack/Downloads/test, kind=CREATE, path=freeline/freeline_core/.idea/vcs.xml}
[2018-07-30 08:25:50.507][debug][command:null][tid:285][com.facebook.buck.parser.DaemonicParserState] /Users/jack/Downloads/test/freeline/freeline_core/.idea/vcs.xml is not owned by any build file.  Not invalidating anything.
[2018-07-30 08:25:50.507][warn ][command:null][tid:285][com.facebook.buck.io.WatchmanWatcher] Posting WatchEvent: WatchmanPathEvent{cellPath=/Users/jack/Downloads/test, kind=CREATE, path=freeline/freeline_core/.idea/workspace.xml}
[2018-07-30 08:25:50.507][debug][command:null][tid:285][com.facebook.buck.parser.DaemonicParserState] /Users/jack/Downloads/test/freeline/freeline_core/.idea/workspace.xml is not owned by any build file.  Not invalidating anything.
[2018-07-30 08:25:50.507][warn ][command:null][tid:285][com.facebook.buck.io.WatchmanWatcher] Posting WatchEvent: WatchmanPathEvent{cellPath=/Users/jack/Downloads/test, kind=CREATE, path=freeline/freeline_core/.idea/freeline_core.iml}
[2018-07-30 08:25:50.507][debug][command:null][tid:285][com.facebook.buck.parser.DaemonicParserState] /Users/jack/Downloads/test/freeline/freeline_core/.idea/freeline_core.iml is not owned by any build file.  Not invalidating anything.
[2018-07-30 08:25:50.508][warn ][command:null][tid:285][com.facebook.buck.io.WatchmanWatcher] Posting WatchEvent: WatchmanPathEvent{cellPath=/Users/jack/Downloads/test, kind=CREATE, path=freeline/freeline_core/.idea/modules.xml}
[2018-07-30 08:25:50.508][debug][command:null][tid:285][com.facebook.buck.parser.DaemonicParserState] /Users/jack/Downloads/test/freeline/freeline_core/.idea/modules.xml is not owned by any build file.  Not invalidating anything.
[2018-07-30 08:25:50.508][warn ][command:null][tid:285][com.facebook.buck.io.WatchmanWatcher] Posting WatchEvent: WatchmanPathEvent{cellPath=/Users/jack/Downloads/test, kind=CREATE, path=freeline/freeline_core/.idea/dictionaries/huangyong.xml}
[2018-07-30 08:25:50.508][debug][command:null][tid:285][com.facebook.buck.parser.DaemonicParserState] /Users/jack/Downloads/test/freeline/freeline_core/.idea/dictionaries/huangyong.xml is not owned by any build file.  Not invalidating anything.
[2018-07-30 08:25:50.509][warn ][command:null][tid:285][com.facebook.buck.io.WatchmanWatcher] Posting WatchEvent: WatchmanPathEvent{cellPath=/Users/jack/Downloads/test, kind=CREATE, path=freeline/freeline_core/.idea/misc.xml}
[2018-07-30 08:25:50.509][debug][command:null][tid:285][com.facebook.buck.parser.DaemonicParserState] /Users/jack/Downloads/test/freeline/freeline_core/.idea/misc.xml is not owned by any build file.  Not invalidating anything.
[2018-07-30 08:25:50.509][warn ][command:null][tid:285][com.facebook.buck.io.WatchmanWatcher] Posting WatchEvent: WatchmanPathEvent{cellPath=/Users/jack/Downloads/test, kind=CREATE, path=freeline/freeline.py}
[2018-07-30 08:25:50.509][debug][command:null][tid:285][com.facebook.buck.parser.DaemonicParserState] /Users/jack/Downloads/test/freeline/freeline.py is not owned by any build file.  Not invalidating anything.
[2018-07-30 08:25:50.509][warn ][command:null][tid:285][com.facebook.buck.io.WatchmanWatcher] Posting WatchEvent: WatchmanPathEvent{cellPath=/Users/jack/Downloads/test, kind=CREATE, path=freeline/release-tools/lib64/libc++.so}
[2018-07-30 08:25:50.510][debug][command:null][tid:285][com.facebook.buck.parser.DaemonicParserState] /Users/jack/Downloads/test/freeline/release-tools/lib64/libc++.so is not owned by any build file.  Not invalidating anything.
[2018-07-30 08:25:50.510][warn ][command:null][tid:285][com.facebook.buck.io.WatchmanWatcher] Posting WatchEvent: WatchmanPathEvent{cellPath=/Users/jack/Downloads/test, kind=DELETE, path=freeline/freeline_core/gradle_inc_build.pyc}
[2018-07-30 08:25:50.510][debug][command:null][tid:285][com.facebook.buck.parser.DaemonicParserState] /Users/jack/Downloads/test/freeline/freeline_core/gradle_inc_build.pyc is not owned by any build file.  Not invalidating anything.
[2018-07-30 08:25:50.510][warn ][command:null][tid:285][com.facebook.buck.io.WatchmanWatcher] Posting WatchEvent: WatchmanPathEvent{cellPath=/Users/jack/Downloads/test, kind=MODIFY, path=buckw}
[2018-07-30 08:25:50.510][debug][command:null][tid:285][com.facebook.buck.io.WatchmanWatcher] Posted 146 Watchman events.
[2018-07-30 08:25:50.510][debug][command:null][tid:285][com.facebook.buck.io.WatchmanTransportClient] Closing Watchman transport.
[2018-07-30 08:25:50.515][debug][command:96fb585e-6e22-4748-8687-a2f3ecc67ee9][tid:288][com.facebook.buck.io.ExecutableFinder] Executable 'python2' mapped to 'Optional.empty'
[2018-07-30 08:25:50.516][debug][command:96fb585e-6e22-4748-8687-a2f3ecc67ee9][tid:288][com.facebook.buck.io.ExecutableFinder] Executable 'python' mapped to 'Optional[/usr/bin/python]'
[2018-07-30 08:25:50.531][debug][command:null][tid:281][com.facebook.buck.util.ListeningProcessExecutor] Wait for process returned 0
[2018-07-30 08:25:50.531][debug][command:null][tid:281][com.facebook.buck.util.ListeningProcessExecutor] Destroying process com.facebook.buck.util.ListeningProcessExecutor$LaunchedProcessImpl@7d36a5f3 (force true)
[2018-07-30 08:25:50.531][debug][command:null][tid:281][com.facebook.buck.util.environment.MacNetworkConfiguration] Determine WiFi SSID of device
[2018-07-30 08:25:50.531][debug][command:null][tid:281][com.facebook.buck.util.ListeningProcessExecutor] Launching process with params ProcessExecutorParams{command=[networksetup, -getairportnetwork, en0]}
[2018-07-30 08:25:50.540][debug][command:null][tid:281][com.facebook.buck.util.ListeningProcessExecutor] Successfully launched process com.zaxxer.nuprocess.osx.OsxProcess@1d52dae8
[2018-07-30 08:25:50.546][debug][command:96fb585e-6e22-4748-8687-a2f3ecc67ee9][tid:288][com.facebook.buck.json.BuckPythonProgram] Writing python rules stub to /Users/jack/Downloads/test/.buckd/tmp/buck_run.VlNpxu/buck_python_program5837732614317556414.
[2018-07-30 08:25:50.546][debug][command:null][tid:281][com.facebook.buck.util.ListeningProcessExecutor] Waiting for process com.facebook.buck.util.ListeningProcessExecutor$LaunchedProcessImpl@4bcb27b7 timeout 1000 MILLISECONDS
[2018-07-30 08:25:50.563][debug][command:96fb585e-6e22-4748-8687-a2f3ecc67ee9][tid:288][com.facebook.buck.json.BuckPythonProgram] Created temporary buck.py instance at /Users/jack/Downloads/test/.buckd/tmp/buck_run.VlNpxu/buck_python_program5837732614317556414.
[2018-07-30 08:25:50.565][debug][command:96fb585e-6e22-4748-8687-a2f3ecc67ee9][tid:288][com.facebook.buck.json.PythonDslProjectBuildFileParser] Starting buck.py command: [/usr/bin/python, -u, /Users/jack/Downloads/test/.buckd/tmp/buck_run.VlNpxu/buck_python_program5837732614317556414/__main__.py, --allow_empty_globs, --watchman_glob_stat_results, --watchman_use_glob_generator, --watchman_socket_path, /usr/local/var/run/watchman/jack-state/sock, --project_root, /Users/jack/Downloads/test, --cell_name, , --build_file_name, BUCK, --quiet, --include, //.okbuck/defs/DEFS, --config, /Users/jack/Downloads/test/.buckd/tmp/buck_run.VlNpxu/raw_config9204124981214345409.json, --ignore_paths, /Users/jack/Downloads/test/.buckd/tmp/buck_run.VlNpxu/ignore_paths5640396353507594604.json, --warn_about_deprecated_syntax] environment: Optional[{TERM_SESSION_ID=11A5D02C-E158-4605-8F7A-12546B64D628, SSH_AUTH_SOCK=/private/tmp/com.apple.launchd.Umx8DMJVO0/Listeners, NAILGUN_FILESEPARATOR=/, VERSIONER_PYTHON_VERSION=2.7, NAILGUN_TTY_2=1, NAILGUN_TTY_1=0, PATH=/Users/jack/Library/Android/sdk/platform-tools/:/usr/local/bin:/usr/bin:/bin:/usr/sbin:/sbin:/Library/Frameworks/Mono.framework/Versions/Current/Commands:/Users/jack/Go/bin:/Users/jack/Library/Android/sdk/tools:/Users/jack/Library/Android/sdk/platform-tools:/Users/jack/Library/Android/sdk/android-ndk-r10e:/Users/jack/Library/Android/sdk/tools/bin, GOPATH=/Users/jack/Go, NAILGUN_TTY_0=1, ANDROID_HOME=/Users/jack/Library/Android/sdk, LOGNAME=jack, SHLVL=2, TERM_PROGRAM=Apple_Terminal, BUCK_CLASSPATH=/Users/jack/Downloads/test/.buckd/resources/95f1b0eeced0bb32f33cd37d997849f077d4d791/buck_server, ANDROID_NDK=/Users/jack/Library/Android/sdk/android-ndk-r10e, SHELL=/bin/bash, BUCK_PYTHON_SPACE_INIT_TIME=17, BUCK_TTY=1, XPC_FLAGS=0x0, BUCK_TERM_COLUMNS=80, __CF_USER_TEXT_ENCODING=0x1F5:0x19:0x34, LANG=zh_CN.UTF-8, OLDPWD=/Users/jack/Downloads/test, HOME=/Users/jack, TMPDIR=/var/folders/qj/vhdk8wf96t3c37rcvs1bzfx80000gn/T/, XPC_SERVICE_NAME=0, PWD=/Users/jack/Downloads/test, ANDROID_SDK=/Users/jack/Library/Android/sdk, TERM_PROGRAM_VERSION=404, GOBIN=/Users/jack/Go/bin, NAILGUN_PATHSEPARATOR=:, USER=jack, Apple_PubSub_Socket_Render=/private/tmp/com.apple.launchd.4x4F3zAokt/Render, TERM=xterm-256color, CLASSPATH=/Users/jack/Downloads/test/.buckd/resources/95f1b0eeced0bb32f33cd37d997849f077d4d791/bootstrapper_jar, BUCK_BUILD_ID=96fb585e-6e22-4748-8687-a2f3ecc67ee9, VERSIONER_PYTHON_PREFER_32_BIT=no}]
[2018-07-30 08:25:50.572][debug][command:96fb585e-6e22-4748-8687-a2f3ecc67ee9][tid:288][com.facebook.buck.json.PythonDslProjectBuildFileParser] Started process com.facebook.buck.util.ProcessExecutor$LaunchedProcessImpl@30332c79 successfully
[2018-07-30 08:25:50.586][debug][command:null][tid:281][com.facebook.buck.util.ListeningProcessExecutor] Wait for process returned 0
[2018-07-30 08:25:50.586][debug][command:null][tid:281][com.facebook.buck.util.ListeningProcessExecutor] Destroying process com.facebook.buck.util.ListeningProcessExecutor$LaunchedProcessImpl@4bcb27b7 (force true)
[2018-07-30 08:25:50.587][info ][command:null][tid:281][com.facebook.buck.util.versioncontrol.VersionControlStatsGenerator] Starting generation of version control stats.
[2018-07-30 08:25:50.587][warn ][command:null][tid:281][com.facebook.buck.util.versioncontrol.VersionControlStatsGenerator] Skipping generation of version control stats as unsupported repository type.
[2018-07-30 08:25:51.329][debug][command:null][tid:294][com.facebook.buck.json.PythonDslProjectBuildFileParser] Closing buck.py process stdin
[2018-07-30 08:25:51.330][info ][command:96fb585e-6e22-4748-8687-a2f3ecc67ee9][tid:282][com.facebook.buck.event.listener.LoggingBuildListener] Build started at 2018-07-30 08:25:51.329
[2018-07-30 08:25:51.334][debug][command:96fb585e-6e22-4748-8687-a2f3ecc67ee9][tid:291][com.facebook.buck.io.ExecutableFinder] Executable 'python2' mapped to 'Optional.empty'
[2018-07-30 08:25:51.334][debug][command:96fb585e-6e22-4748-8687-a2f3ecc67ee9][tid:291][com.facebook.buck.io.ExecutableFinder] Executable 'python' mapped to 'Optional[/usr/bin/python]'
[2018-07-30 08:25:51.335][debug][command:96fb585e-6e22-4748-8687-a2f3ecc67ee9][tid:291][com.facebook.buck.json.BuckPythonProgram] Writing python rules stub to /Users/jack/Downloads/test/.buckd/tmp/buck_run.VlNpxu/buck_python_program4444913441830017593.
[2018-07-30 08:25:51.353][debug][command:96fb585e-6e22-4748-8687-a2f3ecc67ee9][tid:291][com.facebook.buck.json.BuckPythonProgram] Created temporary buck.py instance at /Users/jack/Downloads/test/.buckd/tmp/buck_run.VlNpxu/buck_python_program4444913441830017593.
[2018-07-30 08:25:51.354][debug][command:96fb585e-6e22-4748-8687-a2f3ecc67ee9][tid:291][com.facebook.buck.json.PythonDslProjectBuildFileParser] Starting buck.py command: [/usr/bin/python, -u, /Users/jack/Downloads/test/.buckd/tmp/buck_run.VlNpxu/buck_python_program4444913441830017593/__main__.py, --allow_empty_globs, --watchman_glob_stat_results, --watchman_use_glob_generator, --watchman_socket_path, /usr/local/var/run/watchman/jack-state/sock, --project_root, /Users/jack/Downloads/test, --cell_name, , --build_file_name, BUCK, --quiet, --include, //.okbuck/defs/DEFS, --config, /Users/jack/Downloads/test/.buckd/tmp/buck_run.VlNpxu/raw_config956450487328099400.json, --ignore_paths, /Users/jack/Downloads/test/.buckd/tmp/buck_run.VlNpxu/ignore_paths1974631468260967523.json, --warn_about_deprecated_syntax] environment: Optional[{TERM_SESSION_ID=11A5D02C-E158-4605-8F7A-12546B64D628, SSH_AUTH_SOCK=/private/tmp/com.apple.launchd.Umx8DMJVO0/Listeners, NAILGUN_FILESEPARATOR=/, VERSIONER_PYTHON_VERSION=2.7, NAILGUN_TTY_2=1, NAILGUN_TTY_1=0, PATH=/Users/jack/Library/Android/sdk/platform-tools/:/usr/local/bin:/usr/bin:/bin:/usr/sbin:/sbin:/Library/Frameworks/Mono.framework/Versions/Current/Commands:/Users/jack/Go/bin:/Users/jack/Library/Android/sdk/tools:/Users/jack/Library/Android/sdk/platform-tools:/Users/jack/Library/Android/sdk/android-ndk-r10e:/Users/jack/Library/Android/sdk/tools/bin, GOPATH=/Users/jack/Go, NAILGUN_TTY_0=1, ANDROID_HOME=/Users/jack/Library/Android/sdk, LOGNAME=jack, SHLVL=2, TERM_PROGRAM=Apple_Terminal, BUCK_CLASSPATH=/Users/jack/Downloads/test/.buckd/resources/95f1b0eeced0bb32f33cd37d997849f077d4d791/buck_server, ANDROID_NDK=/Users/jack/Library/Android/sdk/android-ndk-r10e, SHELL=/bin/bash, BUCK_PYTHON_SPACE_INIT_TIME=17, BUCK_TTY=1, XPC_FLAGS=0x0, BUCK_TERM_COLUMNS=80, __CF_USER_TEXT_ENCODING=0x1F5:0x19:0x34, LANG=zh_CN.UTF-8, OLDPWD=/Users/jack/Downloads/test, HOME=/Users/jack, TMPDIR=/var/folders/qj/vhdk8wf96t3c37rcvs1bzfx80000gn/T/, XPC_SERVICE_NAME=0, PWD=/Users/jack/Downloads/test, ANDROID_SDK=/Users/jack/Library/Android/sdk, TERM_PROGRAM_VERSION=404, GOBIN=/Users/jack/Go/bin, NAILGUN_PATHSEPARATOR=:, USER=jack, Apple_PubSub_Socket_Render=/private/tmp/com.apple.launchd.4x4F3zAokt/Render, TERM=xterm-256color, CLASSPATH=/Users/jack/Downloads/test/.buckd/resources/95f1b0eeced0bb32f33cd37d997849f077d4d791/bootstrapper_jar, BUCK_BUILD_ID=96fb585e-6e22-4748-8687-a2f3ecc67ee9, VERSIONER_PYTHON_PREFER_32_BIT=no}]
[2018-07-30 08:25:51.361][debug][command:96fb585e-6e22-4748-8687-a2f3ecc67ee9][tid:291][com.facebook.buck.json.PythonDslProjectBuildFileParser] Started process com.facebook.buck.util.ProcessExecutor$LaunchedProcessImpl@6abcf1e1 successfully
[2018-07-30 08:25:51.409][debug][command:null][tid:294][com.facebook.buck.json.PythonDslProjectBuildFileParser] Waiting for process com.facebook.buck.util.ProcessExecutor$LaunchedProcessImpl@30332c79 to exit...
[2018-07-30 08:25:51.420][debug][command:null][tid:294][com.facebook.buck.json.PythonDslProjectBuildFileParser] Process com.facebook.buck.util.ProcessExecutor$LaunchedProcessImpl@30332c79 exited cleanly.
[2018-07-30 08:25:52.033][info ][command:96fb585e-6e22-4748-8687-a2f3ecc67ee9][tid:13][com.facebook.buck.core.model.actiongraph.computation.ActionGraphCache] ActionGraph cache hit.
[2018-07-30 08:25:52.033][debug][command:null][tid:297][com.facebook.buck.json.PythonDslProjectBuildFileParser] Closing buck.py process stdin
[2018-07-30 08:25:52.033][debug][command:96fb585e-6e22-4748-8687-a2f3ecc67ee9][tid:13][com.facebook.buck.core.build.engine.impl.MetadataChecker] Checking metadata_storage for /Users/jack/Downloads/test
[2018-07-30 08:25:52.048][info ][command:96fb585e-6e22-4748-8687-a2f3ecc67ee9][tid:282][com.facebook.buck.event.listener.LoggingBuildListener] Build finished at 2018-07-30 08:25:52.047
[2018-07-30 08:25:52.097][debug][command:null][tid:297][com.facebook.buck.json.PythonDslProjectBuildFileParser] Waiting for process com.facebook.buck.util.ProcessExecutor$LaunchedProcessImpl@6abcf1e1 to exit...
[2018-07-30 08:25:52.097][debug][command:null][tid:297][com.facebook.buck.json.PythonDslProjectBuildFileParser] Process com.facebook.buck.util.ProcessExecutor$LaunchedProcessImpl@6abcf1e1 exited cleanly.
[2018-07-30 08:25:52.154][info ][command:96fb585e-6e22-4748-8687-a2f3ecc67ee9][tid:282][com.facebook.buck.event.listener.LoggingBuildListener] Installing apk on 192.168.56.101:5555 (genymotion_vbox86p_6.0_180522_011803).
[2018-07-30 08:25:52.765][info ][command:96fb585e-6e22-4748-8687-a2f3ecc67ee9][tid:282][com.facebook.buck.event.listener.LoggingBuildListener] Successfully ran install apk //app:bin_debug on 1 device(s)
[2018-07-30 08:25:52.777][info ][command:96fb585e-6e22-4748-8687-a2f3ecc67ee9][tid:282][com.facebook.buck.event.listener.LoggingBuildListener] Starting activity com.test.test/com.test.test.MainActivity...
[2018-07-30 08:25:53.268][info ][command:96fb585e-6e22-4748-8687-a2f3ecc67ee9][tid:282][com.facebook.buck.event.listener.LoggingBuildListener] Successfully ran start activity on 1 device(s)
[2018-07-30 08:25:53.269][debug][command:96fb585e-6e22-4748-8687-a2f3ecc67ee9][tid:277][com.facebook.buck.util.perf.ProcessTracker] shutDown
[2018-07-30 08:25:53.269][debug][command:96fb585e-6e22-4748-8687-a2f3ecc67ee9][tid:276][com.google.common.util.concurrent.ServiceManager] Service PerfStatsTracking [TERMINATED] has terminated. Previous state was: STOPPING
[2018-07-30 08:25:53.269][info ][command:96fb585e-6e22-4748-8687-a2f3ecc67ee9][tid:13][com.facebook.buck.cli.Main] Awaiting termination of PROJECT executor service. Waiting for all jobs to complete, or up to maximum of 60 seconds...
[2018-07-30 08:25:53.269][info ][command:96fb585e-6e22-4748-8687-a2f3ecc67ee9][tid:13][com.facebook.buck.cli.Main] Successfully terminated PROJECT executor service.
[2018-07-30 08:25:53.269][info ][command:96fb585e-6e22-4748-8687-a2f3ecc67ee9][tid:13][com.facebook.buck.cli.Main] Awaiting termination of NETWORK executor service. Waiting for all jobs to complete, or up to maximum of 60 seconds...
[2018-07-30 08:25:53.269][info ][command:96fb585e-6e22-4748-8687-a2f3ecc67ee9][tid:13][com.facebook.buck.cli.Main] Successfully terminated NETWORK executor service.
[2018-07-30 08:25:53.269][info ][command:96fb585e-6e22-4748-8687-a2f3ecc67ee9][tid:13][com.facebook.buck.cli.Main] Awaiting termination of CPU executor service. Waiting for all jobs to complete, or up to maximum of 60 seconds...
[2018-07-30 08:25:53.269][info ][command:96fb585e-6e22-4748-8687-a2f3ecc67ee9][tid:13][com.facebook.buck.cli.Main] Successfully terminated CPU executor service.
[2018-07-30 08:25:53.269][info ][command:96fb585e-6e22-4748-8687-a2f3ecc67ee9][tid:13][com.facebook.buck.cli.Main] Awaiting termination of ScheduledExecutorService executor service. Waiting for all jobs to complete, or up to maximum of 60 seconds...
[2018-07-30 08:25:53.269][debug][command:96fb585e-6e22-4748-8687-a2f3ecc67ee9][tid:277][com.google.common.util.concurrent.ServiceManager] Service ProcessTracker [TERMINATED] has terminated. Previous state was: STOPPING
[2018-07-30 08:25:53.270][info ][command:96fb585e-6e22-4748-8687-a2f3ecc67ee9][tid:13][com.facebook.buck.cli.Main] Successfully terminated ScheduledExecutorService executor service.
[2018-07-30 08:25:53.270][info ][command:96fb585e-6e22-4748-8687-a2f3ecc67ee9][tid:13][com.facebook.buck.cli.Main] Awaiting termination of CounterAggregatorExecutor executor service. Waiting for all jobs to complete, or up to maximum of 20 seconds...
[2018-07-30 08:25:53.270][info ][command:96fb585e-6e22-4748-8687-a2f3ecc67ee9][tid:13][com.facebook.buck.cli.Main] Successfully terminated CounterAggregatorExecutor executor service.
[2018-07-30 08:25:53.270][info ][command:96fb585e-6e22-4748-8687-a2f3ecc67ee9][tid:13][com.facebook.buck.cli.Main] Awaiting termination of HTTP Read executor service. Waiting for all jobs to complete, or up to maximum of 1800 seconds...
[2018-07-30 08:25:53.270][info ][command:96fb585e-6e22-4748-8687-a2f3ecc67ee9][tid:13][com.facebook.buck.cli.Main] Successfully terminated HTTP Read executor service.
[2018-07-30 08:25:53.270][info ][command:96fb585e-6e22-4748-8687-a2f3ecc67ee9][tid:13][com.facebook.buck.cli.Main] Awaiting termination of Download Heavy Build HTTP Read executor service. Waiting for all jobs to complete, or up to maximum of 1800 seconds...
[2018-07-30 08:25:53.270][info ][command:96fb585e-6e22-4748-8687-a2f3ecc67ee9][tid:13][com.facebook.buck.cli.Main] Successfully terminated Download Heavy Build HTTP Read executor service.
[2018-07-30 08:25:53.270][info ][command:96fb585e-6e22-4748-8687-a2f3ecc67ee9][tid:13][com.facebook.buck.cli.Main] Awaiting termination of HTTP Write executor service. Waiting for all jobs to complete, or up to maximum of 1800 seconds...
[2018-07-30 08:25:53.270][info ][command:96fb585e-6e22-4748-8687-a2f3ecc67ee9][tid:13][com.facebook.buck.cli.Main] Successfully terminated HTTP Write executor service.
[2018-07-30 08:25:53.270][info ][command:96fb585e-6e22-4748-8687-a2f3ecc67ee9][tid:13][com.facebook.buck.cli.Main] Awaiting termination of Disk IO executor service. Waiting for all jobs to complete, or up to maximum of 10 seconds...
[2018-07-30 08:25:53.270][info ][command:96fb585e-6e22-4748-8687-a2f3ecc67ee9][tid:13][com.facebook.buck.cli.Main] Successfully terminated Disk IO executor service.
[2018-07-30 08:25:53.270][debug][command:96fb585e-6e22-4748-8687-a2f3ecc67ee9][tid:13][com.martiansoftware.nailgun.NGCommunicator] Shutting down socket for input
[2018-07-30 08:25:53.270][debug][command:null][tid:271][com.martiansoftware.nailgun.NGCommunicator] Socket is disconnected
[2018-07-30 08:25:53.270][debug][command:null][tid:271][com.martiansoftware.nailgun.NGCommunicator] Nailgun client disconnected
[2018-07-30 08:25:53.270][debug][command:null][tid:271][com.martiansoftware.nailgun.NGCommunicator] Orchestrator thread finished
[2018-07-30 08:25:53.271][debug][command:96fb585e-6e22-4748-8687-a2f3ecc67ee9][tid:13][com.martiansoftware.nailgun.NGCommunicator] Shutting down socket for output
[2018-07-30 08:25:53.271][debug][command:96fb585e-6e22-4748-8687-a2f3ecc67ee9][tid:13][com.facebook.buck.event.listener.ChromeTraceBuildListener] Writing Chrome trace to buck-out/log/2018-07-29_23h25m50s_installcommand_96fb585e-6e22-4748-8687-a2f3ecc67ee9/build.2018-07-30.08-25-50.96fb585e-6e22-4748-8687-a2f3ecc67ee9.trace
[2018-07-30 08:25:53.278][info ][command:96fb585e-6e22-4748-8687-a2f3ecc67ee9][tid:13][com.facebook.buck.cli.Main] Awaiting termination of Dir Artifact executor service. Waiting for all jobs to complete, or up to maximum of 60 seconds...
[2018-07-30 08:25:53.278][info ][command:96fb585e-6e22-4748-8687-a2f3ecc67ee9][tid:13][com.facebook.buck.cli.Main] Successfully terminated Dir Artifact executor service.
[2018-07-30 08:25:53.288][debug][command:null][tid:13][com.facebook.buck.cli.Main] Done.
[2018-07-30 08:25:53.288][info ][command:null][tid:13][com.martiansoftware.nailgun.NGSession] Nail cleanly exited with status 0
[2018-07-30 08:25:53.289][debug][command:null][tid:13][com.martiansoftware.nailgun.NGCommunicator] Shutting down read ExecutorService
[2018-07-30 08:25:53.289][debug][command:null][tid:13][com.martiansoftware.nailgun.NGCommunicator] Shutting down orchestrator ExecutorService
[2018-07-30 08:25:53.291][debug][command:null][tid:13][com.martiansoftware.nailgun.NGSession] Closing client socket
[2018-07-30 08:25:53.291][debug][command:null][tid:13][com.martiansoftware.nailgun.NGSession] Waiting for next client to connect
[2018-07-30 08:26:22.435][debug][command:null][tid:14][com.martiansoftware.nailgun.NGSession] Client connected
[2018-07-30 08:26:22.438][debug][command:null][tid:301][com.martiansoftware.nailgun.NGCommunicator] Orchestrator thread started
[2018-07-30 08:26:22.438][debug][command:null][tid:14][com.martiansoftware.nailgun.NGCommunicator] Shutting down socket for input
[2018-07-30 08:26:22.438][debug][command:null][tid:14][com.martiansoftware.nailgun.NGCommunicator] Shutting down socket for output
[2018-07-30 08:26:22.439][debug][command:null][tid:14][com.martiansoftware.nailgun.NGCommunicator] Shutting down read ExecutorService
[2018-07-30 08:26:22.439][debug][command:null][tid:301][com.martiansoftware.nailgun.NGCommunicator] Socket is disconnected
[2018-07-30 08:26:22.439][debug][command:null][tid:301][com.martiansoftware.nailgun.NGCommunicator] Nailgun client disconnected
[2018-07-30 08:26:22.439][debug][command:null][tid:301][com.martiansoftware.nailgun.NGCommunicator] Orchestrator thread finished
[2018-07-30 08:26:22.439][debug][command:null][tid:14][com.martiansoftware.nailgun.NGCommunicator] Shutting down orchestrator ExecutorService
[2018-07-30 08:26:22.439][debug][command:null][tid:14][com.martiansoftware.nailgun.NGSession] Closing client socket
[2018-07-30 08:26:22.439][debug][command:null][tid:14][com.martiansoftware.nailgun.NGSession] Waiting for next client to connect
[2018-07-30 08:26:22.452][debug][command:null][tid:13][com.martiansoftware.nailgun.NGSession] Client connected
[2018-07-30 08:26:22.456][debug][command:null][tid:303][com.martiansoftware.nailgun.NGCommunicator] Orchestrator thread started
[2018-07-30 08:26:22.456][debug][command:null][tid:13][com.facebook.buck.util.config.Configs] Loading configuration for /Users/jack/Downloads/test
[2018-07-30 08:26:22.456][debug][command:null][tid:13][com.facebook.buck.util.config.Configs] Loaded project configuration file /Users/jack/Downloads/test/.buckconfig
[2018-07-30 08:26:22.457][debug][command:null][tid:13][com.facebook.buck.util.config.Configs] Loaded a configuration file /Users/jack/Downloads/test/.buckconfig.local, {android={build_tools_version=24.0.2, target=android-24}, buildfile={includes=//.okbuck/defs/DEFS}, kotlin={kotlin_home=.okbuck/cache/kotlin_home}, tools={proguard=.okbuck/cache/proguard/proguard-base-6.0.3.jar}}
[2018-07-30 08:26:22.457][debug][command:null][tid:13][com.facebook.buck.util.config.Configs] Adding configuration overrides RawConfig{values={}}
[2018-07-30 08:26:22.463][debug][command:null][tid:13][com.facebook.buck.cli.Main] Rotating log.
