[2018-07-30 06:27:38.397][debug][command:8d83c6b6-fdef-46d3-ad19-9cd982c139a9][tid:13][com.facebook.buck.event.listener.SuperConsoleEventBusListener] Starting render scheduler (interval 100 ms)
[2018-07-30 06:27:38.398][debug][command:8d83c6b6-fdef-46d3-ad19-9cd982c139a9][tid:13][com.google.common.util.concurrent.ServiceManager] Starting PerfStatsTracking [STARTING].
[2018-07-30 06:27:38.401][debug][command:8d83c6b6-fdef-46d3-ad19-9cd982c139a9][tid:13][com.google.common.util.concurrent.ServiceManager] Starting ProcessTracker [STARTING].
[2018-07-30 06:27:38.401][debug][command:8d83c6b6-fdef-46d3-ad19-9cd982c139a9][tid:13][com.facebook.buck.util.environment.MacWifiSsidFinder] Getting current SSID..
[2018-07-30 06:27:38.402][debug][command:8d83c6b6-fdef-46d3-ad19-9cd982c139a9][tid:13][com.facebook.buck.util.environment.MacWifiSsidFinder] Getting SSID from Wi-Fi interface: <CWInterface: 0x7ff8aaa12770> [interfaceName=en0]
[2018-07-30 06:27:38.402][debug][command:8d83c6b6-fdef-46d3-ad19-9cd982c139a9][tid:13][com.facebook.buck.util.environment.MacWifiSsidFinder] Found SSID: W04_5001D9ED9BB3
[2018-07-30 06:27:38.402][debug][command:8d83c6b6-fdef-46d3-ad19-9cd982c139a9][tid:13][com.facebook.buck.cli.Main] InvocationInfo BuildId=[8d83c6b6-fdef-46d3-ad19-9cd982c139a9] Args=[targets]
[2018-07-30 06:27:38.401][debug][command:null][tid:165][com.facebook.buck.util.perf.ProcessTracker] startUp
[2018-07-30 06:27:38.401][debug][command:null][tid:165][com.facebook.buck.util.perf.ProcessTracker] startUp
[2018-07-30 06:27:38.404][debug][command:null][tid:164][com.google.common.util.concurrent.ServiceManager] Started PerfStatsTracking [RUNNING] in 5.857 ms.
[2018-07-30 06:27:38.404][debug][command:null][tid:164][com.google.common.util.concurrent.ServiceManager] Started PerfStatsTracking [RUNNING] in 5.857 ms.
[2018-07-30 06:27:38.410][warn ][command:null][tid:168][com.facebook.buck.event.listener.PublicAnnouncementManager] Failed to get public announcements. Reason: Failed to establish connection to server.
[2018-07-30 06:27:38.410][warn ][command:null][tid:168][com.facebook.buck.event.listener.PublicAnnouncementManager] Failed to get public announcements. Reason: Failed to establish connection to server.
[2018-07-30 06:27:38.414][debug][command:null][tid:169][com.facebook.buck.util.environment.MacNetworkConfiguration] Determine network service order and extract device names
[2018-07-30 06:27:38.414][debug][command:null][tid:169][com.facebook.buck.util.environment.MacNetworkConfiguration] Determine network service order and extract device names
[2018-07-30 06:27:38.414][debug][command:null][tid:169][com.facebook.buck.util.ListeningProcessExecutor] Launching process with params ProcessExecutorParams{command=[networksetup, -listnetworkserviceorder, ]}
[2018-07-30 06:27:38.414][debug][command:null][tid:169][com.facebook.buck.util.ListeningProcessExecutor] Launching process with params ProcessExecutorParams{command=[networksetup, -listnetworkserviceorder, ]}
[2018-07-30 06:27:38.416][debug][command:null][tid:165][com.google.common.util.concurrent.ServiceManager] Started ProcessTracker [RUNNING] in 17.45 ms.
[2018-07-30 06:27:38.416][debug][command:null][tid:165][com.google.common.util.concurrent.ServiceManager] Started ProcessTracker [RUNNING] in 17.45 ms.
[2018-07-30 06:27:38.416][warn ][command:8d83c6b6-fdef-46d3-ad19-9cd982c139a9][tid:170][com.facebook.buck.event.listener.AbstractConsoleEventBusListener] Command.Started event received at 1532899658416
[2018-07-30 06:27:38.416][warn ][command:8d83c6b6-fdef-46d3-ad19-9cd982c139a9][tid:170][com.facebook.buck.event.listener.AbstractConsoleEventBusListener] Command.Started event done processing at 1532899658416
[2018-07-30 06:27:38.418][debug][command:null][tid:169][com.facebook.buck.util.ListeningProcessExecutor] Successfully launched process com.zaxxer.nuprocess.osx.OsxProcess@132f717b
[2018-07-30 06:27:38.418][debug][command:null][tid:169][com.facebook.buck.util.ListeningProcessExecutor] Successfully launched process com.zaxxer.nuprocess.osx.OsxProcess@132f717b
[2018-07-30 06:27:38.418][debug][command:null][tid:169][com.facebook.buck.util.ListeningProcessExecutor] Waiting for process com.facebook.buck.util.ListeningProcessExecutor$LaunchedProcessImpl@1710e7c6 timeout 1000 MILLISECONDS
[2018-07-30 06:27:38.418][debug][command:null][tid:169][com.facebook.buck.util.ListeningProcessExecutor] Waiting for process com.facebook.buck.util.ListeningProcessExecutor$LaunchedProcessImpl@1710e7c6 timeout 1000 MILLISECONDS
[2018-07-30 06:27:38.424][debug][command:null][tid:173][com.facebook.buck.io.WatchmanTransportClient] Sending query: [query, /Users/jack/Downloads/test, {since=c:1532259872:486:6:196, expression=[not, [anyof, [type, d], [dirname, .idea], [dirname, .buckd], [dirname, buck-out/cache], [dirname, buck-out/.trash], [dirname, buck-out], [match, **/*.pbxproj, wholename, {includedotfiles=true}], [match, **/*.xcscheme, wholename, {includedotfiles=true}], [match, **/*.xcworkspacedata, wholename, {includedotfiles=true}], [match, **/*~, wholename, {includedotfiles=true}], [match, **/#*#, wholename, {includedotfiles=true}], [match, **/.#*, wholename, {includedotfiles=true}], [match, **/*.swo, wholename, {includedotfiles=true}], [match, **/*.swp, wholename, {includedotfiles=true}], [match, **/*.swpx, wholename, {includedotfiles=true}], [match, **/*.un~, wholename, {includedotfiles=true}], [match, **/.netrhwist, wholename, {includedotfiles=true}], [match, .idea, wholename, {includedotfiles=true}], [match, .iml, wholename, {includedotfiles=true}], [match, **/*.pydevproject, wholename, {includedotfiles=true}], [match, .project, wholename, {includedotfiles=true}], [match, .metadata, wholename, {includedotfiles=true}], [match, **/*.tmp, wholename, {includedotfiles=true}], [match, **/*.bak, wholename, {includedotfiles=true}], [match, **/*~.nib, wholename, {includedotfiles=true}], [match, .classpath, wholename, {includedotfiles=true}], [match, .settings, wholename, {includedotfiles=true}], [match, .loadpath, wholename, {includedotfiles=true}], [match, .externalToolBuilders, wholename, {includedotfiles=true}], [match, .cproject, wholename, {includedotfiles=true}], [match, .buildpath, wholename, {includedotfiles=true}], [match, .DS_Store, wholename, {includedotfiles=true}], [match, .AppleDouble, wholename, {includedotfiles=true}], [match, .LSOverride, wholename, {includedotfiles=true}], [match, .Spotlight-V100, wholename, {includedotfiles=true}], [match, .Trashes, wholename, {includedotfiles=true}], [match, $RECYCLE.BIN, wholename, {includedotfiles=true}], [match, .*.sublime-workspace, wholename, {includedotfiles=true}]]], empty_on_fresh_instance=true, fields=[name, exists, new]}]
[2018-07-30 06:27:38.424][debug][command:null][tid:173][com.facebook.buck.io.WatchmanTransportClient] Sending query: [query, /Users/jack/Downloads/test, {since=c:1532259872:486:6:196, expression=[not, [anyof, [type, d], [dirname, .idea], [dirname, .buckd], [dirname, buck-out/cache], [dirname, buck-out/.trash], [dirname, buck-out], [match, **/*.pbxproj, wholename, {includedotfiles=true}], [match, **/*.xcscheme, wholename, {includedotfiles=true}], [match, **/*.xcworkspacedata, wholename, {includedotfiles=true}], [match, **/*~, wholename, {includedotfiles=true}], [match, **/#*#, wholename, {includedotfiles=true}], [match, **/.#*, wholename, {includedotfiles=true}], [match, **/*.swo, wholename, {includedotfiles=true}], [match, **/*.swp, wholename, {includedotfiles=true}], [match, **/*.swpx, wholename, {includedotfiles=true}], [match, **/*.un~, wholename, {includedotfiles=true}], [match, **/.netrhwist, wholename, {includedotfiles=true}], [match, .idea, wholename, {includedotfiles=true}], [match, .iml, wholename, {includedotfiles=true}], [match, **/*.pydevproject, wholename, {includedotfiles=true}], [match, .project, wholename, {includedotfiles=true}], [match, .metadata, wholename, {includedotfiles=true}], [match, **/*.tmp, wholename, {includedotfiles=true}], [match, **/*.bak, wholename, {includedotfiles=true}], [match, **/*~.nib, wholename, {includedotfiles=true}], [match, .classpath, wholename, {includedotfiles=true}], [match, .settings, wholename, {includedotfiles=true}], [match, .loadpath, wholename, {includedotfiles=true}], [match, .externalToolBuilders, wholename, {includedotfiles=true}], [match, .cproject, wholename, {includedotfiles=true}], [match, .buildpath, wholename, {includedotfiles=true}], [match, .DS_Store, wholename, {includedotfiles=true}], [match, .AppleDouble, wholename, {includedotfiles=true}], [match, .LSOverride, wholename, {includedotfiles=true}], [match, .Spotlight-V100, wholename, {includedotfiles=true}], [match, .Trashes, wholename, {includedotfiles=true}], [match, $RECYCLE.BIN, wholename, {includedotfiles=true}], [match, .*.sublime-workspace, wholename, {includedotfiles=true}]]], empty_on_fresh_instance=true, fields=[name, exists, new]}]
[2018-07-30 06:27:38.454][debug][command:null][tid:169][com.facebook.buck.util.ListeningProcessExecutor] Wait for process returned 0
[2018-07-30 06:27:38.454][debug][command:null][tid:169][com.facebook.buck.util.ListeningProcessExecutor] Wait for process returned 0
[2018-07-30 06:27:38.454][debug][command:null][tid:169][com.facebook.buck.util.ListeningProcessExecutor] Destroying process com.facebook.buck.util.ListeningProcessExecutor$LaunchedProcessImpl@1710e7c6 (force true)
[2018-07-30 06:27:38.454][debug][command:null][tid:169][com.facebook.buck.util.ListeningProcessExecutor] Destroying process com.facebook.buck.util.ListeningProcessExecutor$LaunchedProcessImpl@1710e7c6 (force true)
[2018-07-30 06:27:38.454][debug][command:null][tid:169][com.facebook.buck.util.environment.MacNetworkConfiguration] Determine active state of media for device
[2018-07-30 06:27:38.454][debug][command:null][tid:169][com.facebook.buck.util.environment.MacNetworkConfiguration] Determine active state of media for device
[2018-07-30 06:27:38.454][debug][command:null][tid:169][com.facebook.buck.util.ListeningProcessExecutor] Launching process with params ProcessExecutorParams{command=[networksetup, -getMedia, en0]}
[2018-07-30 06:27:38.454][debug][command:null][tid:169][com.facebook.buck.util.ListeningProcessExecutor] Launching process with params ProcessExecutorParams{command=[networksetup, -getMedia, en0]}
[2018-07-30 06:27:38.460][debug][command:null][tid:169][com.facebook.buck.util.ListeningProcessExecutor] Successfully launched process com.zaxxer.nuprocess.osx.OsxProcess@52127b40
[2018-07-30 06:27:38.460][debug][command:null][tid:169][com.facebook.buck.util.ListeningProcessExecutor] Successfully launched process com.zaxxer.nuprocess.osx.OsxProcess@52127b40
[2018-07-30 06:27:38.461][debug][command:null][tid:169][com.facebook.buck.util.ListeningProcessExecutor] Waiting for process com.facebook.buck.util.ListeningProcessExecutor$LaunchedProcessImpl@bc6d088 timeout 1000 MILLISECONDS
[2018-07-30 06:27:38.461][debug][command:null][tid:169][com.facebook.buck.util.ListeningProcessExecutor] Waiting for process com.facebook.buck.util.ListeningProcessExecutor$LaunchedProcessImpl@bc6d088 timeout 1000 MILLISECONDS
[2018-07-30 06:27:38.477][debug][command:null][tid:171][com.facebook.buck.io.WatchmanTransportClient] Query [query, /Users/jack/Downloads/test, {since=c:1532259872:486:6:196, expression=[not, [anyof, [type, d], [dirname, .idea], [dirname, .buckd], [dirname, buck-out/cache], [dirname, buck-out/.trash], [dirname, buck-out], [match, **/*.pbxproj, wholename, {includedotfiles=true}], [match, **/*.xcscheme, wholename, {includedotfiles=true}], [match, **/*.xcworkspacedata, wholename, {includedotfiles=true}], [match, **/*~, wholename, {includedotfiles=true}], [match, **/#*#, wholename, {includedotfiles=true}], [match, **/.#*, wholename, {includedotfiles=true}], [match, **/*.swo, wholename, {includedotfiles=true}], [match, **/*.swp, wholename, {includedotfiles=true}], [match, **/*.swpx, wholename, {includedotfiles=true}], [match, **/*.un~, wholename, {includedotfiles=true}], [match, **/.netrhwist, wholename, {includedotfiles=true}], [match, .idea, wholename, {includedotfiles=true}], [match, .iml, wholename, {includedotfiles=true}], [match, **/*.pydevproject, wholename, {includedotfiles=true}], [match, .project, wholename, {includedotfiles=true}], [match, .metadata, wholename, {includedotfiles=true}], [match, **/*.tmp, wholename, {includedotfiles=true}], [match, **/*.bak, wholename, {includedotfiles=true}], [match, **/*~.nib, wholename, {includedotfiles=true}], [match, .classpath, wholename, {includedotfiles=true}], [match, .settings, wholename, {includedotfiles=true}], [match, .loadpath, wholename, {includedotfiles=true}], [match, .externalToolBuilders, wholename, {includedotfiles=true}], [match, .cproject, wholename, {includedotfiles=true}], [match, .buildpath, wholename, {includedotfiles=true}], [match, .DS_Store, wholename, {includedotfiles=true}], [match, .AppleDouble, wholename, {includedotfiles=true}], [match, .LSOverride, wholename, {includedotfiles=true}], [match, .Spotlight-V100, wholename, {includedotfiles=true}], [match, .Trashes, wholename, {includedotfiles=true}], [match, $RECYCLE.BIN, wholename, {includedotfiles=true}], [match, .*.sublime-workspace, wholename, {includedotfiles=true}]]], empty_on_fresh_instance=true, fields=[name, exists, new]}] returned in 53 ms
[2018-07-30 06:27:38.477][debug][command:null][tid:171][com.facebook.buck.io.WatchmanTransportClient] Query [query, /Users/jack/Downloads/test, {since=c:1532259872:486:6:196, expression=[not, [anyof, [type, d], [dirname, .idea], [dirname, .buckd], [dirname, buck-out/cache], [dirname, buck-out/.trash], [dirname, buck-out], [match, **/*.pbxproj, wholename, {includedotfiles=true}], [match, **/*.xcscheme, wholename, {includedotfiles=true}], [match, **/*.xcworkspacedata, wholename, {includedotfiles=true}], [match, **/*~, wholename, {includedotfiles=true}], [match, **/#*#, wholename, {includedotfiles=true}], [match, **/.#*, wholename, {includedotfiles=true}], [match, **/*.swo, wholename, {includedotfiles=true}], [match, **/*.swp, wholename, {includedotfiles=true}], [match, **/*.swpx, wholename, {includedotfiles=true}], [match, **/*.un~, wholename, {includedotfiles=true}], [match, **/.netrhwist, wholename, {includedotfiles=true}], [match, .idea, wholename, {includedotfiles=true}], [match, .iml, wholename, {includedotfiles=true}], [match, **/*.pydevproject, wholename, {includedotfiles=true}], [match, .project, wholename, {includedotfiles=true}], [match, .metadata, wholename, {includedotfiles=true}], [match, **/*.tmp, wholename, {includedotfiles=true}], [match, **/*.bak, wholename, {includedotfiles=true}], [match, **/*~.nib, wholename, {includedotfiles=true}], [match, .classpath, wholename, {includedotfiles=true}], [match, .settings, wholename, {includedotfiles=true}], [match, .loadpath, wholename, {includedotfiles=true}], [match, .externalToolBuilders, wholename, {includedotfiles=true}], [match, .cproject, wholename, {includedotfiles=true}], [match, .buildpath, wholename, {includedotfiles=true}], [match, .DS_Store, wholename, {includedotfiles=true}], [match, .AppleDouble, wholename, {includedotfiles=true}], [match, .LSOverride, wholename, {includedotfiles=true}], [match, .Spotlight-V100, wholename, {includedotfiles=true}], [match, .Trashes, wholename, {includedotfiles=true}], [match, $RECYCLE.BIN, wholename, {includedotfiles=true}], [match, .*.sublime-workspace, wholename, {includedotfiles=true}]]], empty_on_fresh_instance=true, fields=[name, exists, new]}] returned in 53 ms
[2018-07-30 06:27:38.477][debug][command:null][tid:171][com.facebook.buck.io.WatchmanWatcher] Updating Watchman Cursor from c:1532259872:486:6:196 to c:1532259872:486:6:204
[2018-07-30 06:27:38.477][debug][command:null][tid:171][com.facebook.buck.io.WatchmanWatcher] Updating Watchman Cursor from c:1532259872:486:6:196 to c:1532259872:486:6:204
[2018-07-30 06:27:38.477][warn ][command:null][tid:171][com.facebook.buck.io.WatchmanWatcher] Posting WatchEvent: WatchmanPathEvent{cellPath=/Users/jack/Downloads/test, kind=MODIFY, path=buckw}
[2018-07-30 06:27:38.477][warn ][command:null][tid:171][com.facebook.buck.io.WatchmanWatcher] Posting WatchEvent: WatchmanPathEvent{cellPath=/Users/jack/Downloads/test, kind=MODIFY, path=buckw}
[2018-07-30 06:27:38.477][debug][command:null][tid:171][com.facebook.buck.io.WatchmanWatcher] Posted 1 Watchman events.
[2018-07-30 06:27:38.477][debug][command:null][tid:171][com.facebook.buck.io.WatchmanWatcher] Posted 1 Watchman events.
[2018-07-30 06:27:38.477][debug][command:null][tid:171][com.facebook.buck.io.WatchmanTransportClient] Closing Watchman transport.
[2018-07-30 06:27:38.477][debug][command:null][tid:171][com.facebook.buck.io.WatchmanTransportClient] Closing Watchman transport.
[2018-07-30 06:27:38.479][debug][command:8d83c6b6-fdef-46d3-ad19-9cd982c139a9][tid:165][com.facebook.buck.util.perf.ProcessTracker] shutDown
[2018-07-30 06:27:38.479][debug][command:null][tid:164][com.google.common.util.concurrent.ServiceManager] Service PerfStatsTracking [TERMINATED] has terminated. Previous state was: STOPPING
[2018-07-30 06:27:38.479][debug][command:null][tid:164][com.google.common.util.concurrent.ServiceManager] Service PerfStatsTracking [TERMINATED] has terminated. Previous state was: STOPPING
[2018-07-30 06:27:38.480][debug][command:8d83c6b6-fdef-46d3-ad19-9cd982c139a9][tid:13][com.facebook.buck.event.listener.SuperConsoleEventBusListener] Stopping render scheduler
[2018-07-30 06:27:38.480][info ][command:8d83c6b6-fdef-46d3-ad19-9cd982c139a9][tid:13][com.facebook.buck.cli.Main] Awaiting termination of PROJECT executor service. Waiting for all jobs to complete, or up to maximum of 60 seconds...
[2018-07-30 06:27:38.480][info ][command:8d83c6b6-fdef-46d3-ad19-9cd982c139a9][tid:13][com.facebook.buck.cli.Main] Successfully terminated PROJECT executor service.
[2018-07-30 06:27:38.480][info ][command:8d83c6b6-fdef-46d3-ad19-9cd982c139a9][tid:13][com.facebook.buck.cli.Main] Awaiting termination of NETWORK executor service. Waiting for all jobs to complete, or up to maximum of 60 seconds...
[2018-07-30 06:27:38.487][info ][command:8d83c6b6-fdef-46d3-ad19-9cd982c139a9][tid:13][com.facebook.buck.cli.Main] Successfully terminated NETWORK executor service.
[2018-07-30 06:27:38.488][debug][command:8d83c6b6-fdef-46d3-ad19-9cd982c139a9][tid:165][com.google.common.util.concurrent.ServiceManager] Service ProcessTracker [TERMINATED] has terminated. Previous state was: STOPPING
[2018-07-30 06:27:38.488][info ][command:8d83c6b6-fdef-46d3-ad19-9cd982c139a9][tid:13][com.facebook.buck.cli.Main] Awaiting termination of CPU executor service. Waiting for all jobs to complete, or up to maximum of 60 seconds...
[2018-07-30 06:27:38.488][info ][command:8d83c6b6-fdef-46d3-ad19-9cd982c139a9][tid:13][com.facebook.buck.cli.Main] Successfully terminated CPU executor service.
[2018-07-30 06:27:38.488][info ][command:8d83c6b6-fdef-46d3-ad19-9cd982c139a9][tid:13][com.facebook.buck.cli.Main] Awaiting termination of ScheduledExecutorService executor service. Waiting for all jobs to complete, or up to maximum of 60 seconds...
[2018-07-30 06:27:38.488][info ][command:8d83c6b6-fdef-46d3-ad19-9cd982c139a9][tid:13][com.facebook.buck.cli.Main] Successfully terminated ScheduledExecutorService executor service.
[2018-07-30 06:27:38.488][info ][command:8d83c6b6-fdef-46d3-ad19-9cd982c139a9][tid:13][com.facebook.buck.cli.Main] Awaiting termination of CounterAggregatorExecutor executor service. Waiting for all jobs to complete, or up to maximum of 20 seconds...
[2018-07-30 06:27:38.488][info ][command:8d83c6b6-fdef-46d3-ad19-9cd982c139a9][tid:13][com.facebook.buck.cli.Main] Successfully terminated CounterAggregatorExecutor executor service.
[2018-07-30 06:27:38.489][info ][command:8d83c6b6-fdef-46d3-ad19-9cd982c139a9][tid:13][com.facebook.buck.cli.Main] Awaiting termination of HTTP Read executor service. Waiting for all jobs to complete, or up to maximum of 1800 seconds...
[2018-07-30 06:27:38.489][info ][command:8d83c6b6-fdef-46d3-ad19-9cd982c139a9][tid:13][com.facebook.buck.cli.Main] Successfully terminated HTTP Read executor service.
[2018-07-30 06:27:38.489][info ][command:8d83c6b6-fdef-46d3-ad19-9cd982c139a9][tid:13][com.facebook.buck.cli.Main] Awaiting termination of Download Heavy Build HTTP Read executor service. Waiting for all jobs to complete, or up to maximum of 1800 seconds...
[2018-07-30 06:27:38.489][info ][command:8d83c6b6-fdef-46d3-ad19-9cd982c139a9][tid:13][com.facebook.buck.cli.Main] Successfully terminated Download Heavy Build HTTP Read executor service.
[2018-07-30 06:27:38.489][info ][command:8d83c6b6-fdef-46d3-ad19-9cd982c139a9][tid:13][com.facebook.buck.cli.Main] Awaiting termination of HTTP Write executor service. Waiting for all jobs to complete, or up to maximum of 1800 seconds...
[2018-07-30 06:27:38.489][info ][command:8d83c6b6-fdef-46d3-ad19-9cd982c139a9][tid:13][com.facebook.buck.cli.Main] Successfully terminated HTTP Write executor service.
[2018-07-30 06:27:38.489][info ][command:8d83c6b6-fdef-46d3-ad19-9cd982c139a9][tid:13][com.facebook.buck.cli.Main] Awaiting termination of Disk IO executor service. Waiting for all jobs to complete, or up to maximum of 10 seconds...
[2018-07-30 06:27:38.498][debug][command:null][tid:169][com.facebook.buck.util.ListeningProcessExecutor] Wait for process returned 0
[2018-07-30 06:27:38.498][debug][command:null][tid:169][com.facebook.buck.util.ListeningProcessExecutor] Wait for process returned 0
[2018-07-30 06:27:38.499][debug][command:null][tid:169][com.facebook.buck.util.ListeningProcessExecutor] Destroying process com.facebook.buck.util.ListeningProcessExecutor$LaunchedProcessImpl@bc6d088 (force true)
[2018-07-30 06:27:38.499][debug][command:null][tid:169][com.facebook.buck.util.ListeningProcessExecutor] Destroying process com.facebook.buck.util.ListeningProcessExecutor$LaunchedProcessImpl@bc6d088 (force true)
[2018-07-30 06:27:38.499][debug][command:null][tid:169][com.facebook.buck.util.environment.MacNetworkConfiguration] Determine WiFi SSID of device
[2018-07-30 06:27:38.499][debug][command:null][tid:169][com.facebook.buck.util.environment.MacNetworkConfiguration] Determine WiFi SSID of device
[2018-07-30 06:27:38.499][debug][command:null][tid:169][com.facebook.buck.util.ListeningProcessExecutor] Launching process with params ProcessExecutorParams{command=[networksetup, -getairportnetwork, en0]}
[2018-07-30 06:27:38.499][debug][command:null][tid:169][com.facebook.buck.util.ListeningProcessExecutor] Launching process with params ProcessExecutorParams{command=[networksetup, -getairportnetwork, en0]}
[2018-07-30 06:27:38.505][debug][command:null][tid:169][com.facebook.buck.util.ListeningProcessExecutor] Successfully launched process com.zaxxer.nuprocess.osx.OsxProcess@638acc22
[2018-07-30 06:27:38.505][debug][command:null][tid:169][com.facebook.buck.util.ListeningProcessExecutor] Successfully launched process com.zaxxer.nuprocess.osx.OsxProcess@638acc22
[2018-07-30 06:27:38.506][debug][command:null][tid:169][com.facebook.buck.util.ListeningProcessExecutor] Waiting for process com.facebook.buck.util.ListeningProcessExecutor$LaunchedProcessImpl@73b43942 timeout 1000 MILLISECONDS
[2018-07-30 06:27:38.506][debug][command:null][tid:169][com.facebook.buck.util.ListeningProcessExecutor] Waiting for process com.facebook.buck.util.ListeningProcessExecutor$LaunchedProcessImpl@73b43942 timeout 1000 MILLISECONDS
[2018-07-30 06:27:38.558][debug][command:null][tid:169][com.facebook.buck.util.ListeningProcessExecutor] Wait for process returned 0
[2018-07-30 06:27:38.558][debug][command:null][tid:169][com.facebook.buck.util.ListeningProcessExecutor] Wait for process returned 0
[2018-07-30 06:27:38.559][debug][command:null][tid:169][com.facebook.buck.util.ListeningProcessExecutor] Destroying process com.facebook.buck.util.ListeningProcessExecutor$LaunchedProcessImpl@73b43942 (force true)
[2018-07-30 06:27:38.559][debug][command:null][tid:169][com.facebook.buck.util.ListeningProcessExecutor] Destroying process com.facebook.buck.util.ListeningProcessExecutor$LaunchedProcessImpl@73b43942 (force true)
[2018-07-30 06:27:38.559][info ][command:8d83c6b6-fdef-46d3-ad19-9cd982c139a9][tid:13][com.facebook.buck.cli.Main] Successfully terminated Disk IO executor service.
[2018-07-30 06:27:38.559][debug][command:8d83c6b6-fdef-46d3-ad19-9cd982c139a9][tid:13][com.facebook.buck.event.listener.SuperConsoleEventBusListener] Stopping render scheduler
[2018-07-30 06:27:38.559][debug][command:8d83c6b6-fdef-46d3-ad19-9cd982c139a9][tid:13][com.facebook.buck.event.listener.ChromeTraceBuildListener] Writing Chrome trace to buck-out/log/2018-07-29_21h27m38s_targetscommand_8d83c6b6-fdef-46d3-ad19-9cd982c139a9/build.2018-07-30.06-27-38.8d83c6b6-fdef-46d3-ad19-9cd982c139a9.trace
[2018-07-30 06:27:38.567][info ][command:8d83c6b6-fdef-46d3-ad19-9cd982c139a9][tid:13][com.facebook.buck.cli.Main] Awaiting termination of Dir Artifact executor service. Waiting for all jobs to complete, or up to maximum of 60 seconds...
[2018-07-30 06:27:38.567][info ][command:8d83c6b6-fdef-46d3-ad19-9cd982c139a9][tid:13][com.facebook.buck.cli.Main] Successfully terminated Dir Artifact executor service.
[2018-07-30 06:27:38.569][warn ][command:null][tid:13][com.facebook.buck.util.Console] BAD ARGUMENTS: Must specify at least one build target pattern. See https://buckbuild.com/concept/build_target_pattern.html
com.facebook.buck.util.CommandLineException: Must specify at least one build target pattern. See https://buckbuild.com/concept/build_target_pattern.html
	at com.facebook.buck.cli.TargetsCommand.assertArguments(TargetsCommand.java:328)
	at com.facebook.buck.cli.TargetsCommand.runWithoutHelp(TargetsCommand.java:301)
	at com.facebook.buck.cli.AbstractCommand.run(AbstractCommand.java:307)
	at com.facebook.buck.cli.AbstractContainerCommand.run(AbstractContainerCommand.java:77)
	at com.facebook.buck.cli.Main.runMainWithExitCode(Main.java:1146)
	at com.facebook.buck.cli.Main.runMainThenExit(Main.java:422)
	at com.facebook.buck.cli.Main.nailMain(Main.java:2078)
	at sun.reflect.NativeMethodAccessorImpl.invoke0(Native Method)
	at sun.reflect.NativeMethodAccessorImpl.invoke(NativeMethodAccessorImpl.java:62)
	at sun.reflect.DelegatingMethodAccessorImpl.invoke(DelegatingMethodAccessorImpl.java:43)
	at java.lang.reflect.Method.invoke(Method.java:498)
	at com.martiansoftware.nailgun.NGSession.run(NGSession.java:280)

[2018-07-30 06:27:38.569][debug][command:null][tid:13][com.facebook.buck.cli.Main] Done.
[2018-07-30 06:27:38.570][info ][command:null][tid:13][com.martiansoftware.nailgun.NGSession] Nail cleanly exited with status 3
[2018-07-30 06:27:38.570][debug][command:null][tid:13][com.martiansoftware.nailgun.NGCommunicator] Shutting down socket for input
[2018-07-30 06:27:38.570][debug][command:null][tid:157][com.martiansoftware.nailgun.NGCommunicator] Socket is disconnected
[2018-07-30 06:27:38.570][debug][command:null][tid:13][com.martiansoftware.nailgun.NGCommunicator] Shutting down socket for output
[2018-07-30 06:27:38.570][debug][command:null][tid:157][com.martiansoftware.nailgun.NGCommunicator] Nailgun client disconnected
[2018-07-30 06:27:38.570][debug][command:null][tid:13][com.martiansoftware.nailgun.NGCommunicator] Shutting down read ExecutorService
[2018-07-30 06:27:38.570][debug][command:null][tid:157][com.martiansoftware.nailgun.NGCommunicator] Orchestrator thread finished
[2018-07-30 06:27:38.570][debug][command:null][tid:13][com.martiansoftware.nailgun.NGCommunicator] Shutting down orchestrator ExecutorService
[2018-07-30 06:27:38.571][debug][command:null][tid:13][com.martiansoftware.nailgun.NGSession] Closing client socket
[2018-07-30 06:27:38.571][debug][command:null][tid:13][com.martiansoftware.nailgun.NGSession] Waiting for next client to connect
[2018-07-30 06:28:31.015][debug][command:null][tid:14][com.martiansoftware.nailgun.NGSession] Client connected
[2018-07-30 06:28:31.017][debug][command:null][tid:175][com.martiansoftware.nailgun.NGCommunicator] Orchestrator thread started
[2018-07-30 06:28:31.018][debug][command:null][tid:14][com.martiansoftware.nailgun.NGCommunicator] Shutting down socket for input
[2018-07-30 06:28:31.019][debug][command:null][tid:14][com.martiansoftware.nailgun.NGCommunicator] Shutting down socket for output
[2018-07-30 06:28:31.019][debug][command:null][tid:14][com.martiansoftware.nailgun.NGCommunicator] Shutting down read ExecutorService
[2018-07-30 06:28:31.020][debug][command:null][tid:175][com.martiansoftware.nailgun.NGCommunicator] Socket is disconnected
[2018-07-30 06:28:31.020][debug][command:null][tid:175][com.martiansoftware.nailgun.NGCommunicator] Nailgun client disconnected
[2018-07-30 06:28:31.020][debug][command:null][tid:175][com.martiansoftware.nailgun.NGCommunicator] Orchestrator thread finished
[2018-07-30 06:28:31.020][debug][command:null][tid:14][com.martiansoftware.nailgun.NGCommunicator] Shutting down orchestrator ExecutorService
[2018-07-30 06:28:31.021][debug][command:null][tid:14][com.martiansoftware.nailgun.NGSession] Closing client socket
[2018-07-30 06:28:31.021][debug][command:null][tid:14][com.martiansoftware.nailgun.NGSession] Waiting for next client to connect
[2018-07-30 06:28:31.029][debug][command:null][tid:13][com.martiansoftware.nailgun.NGSession] Client connected
[2018-07-30 06:28:31.032][debug][command:null][tid:177][com.martiansoftware.nailgun.NGCommunicator] Orchestrator thread started
[2018-07-30 06:28:31.032][debug][command:null][tid:13][com.facebook.buck.util.config.Configs] Loading configuration for /Users/jack/Downloads/test
[2018-07-30 06:28:31.033][debug][command:null][tid:13][com.facebook.buck.util.config.Configs] Loaded project configuration file /Users/jack/Downloads/test/.buckconfig
[2018-07-30 06:28:31.033][debug][command:null][tid:13][com.facebook.buck.util.config.Configs] Loaded a configuration file /Users/jack/Downloads/test/.buckconfig.local, {android={build_tools_version=24.0.2, target=android-24}, buildfile={includes=//.okbuck/defs/DEFS}, kotlin={kotlin_home=.okbuck/cache/kotlin_home}, tools={proguard=.okbuck/cache/proguard/proguard-base-6.0.3.jar}}
[2018-07-30 06:28:31.034][debug][command:null][tid:13][com.facebook.buck.util.config.Configs] Adding configuration overrides RawConfig{values={}}
[2018-07-30 06:28:31.037][debug][command:null][tid:13][com.facebook.buck.cli.Main] Rotating log.
[2018-07-30 06:28:31.040][debug][command:null][tid:13][com.facebook.buck.cli.Main] Starting up (build date 2018-06-25 20:19:01 +0900, rev 7aa70a6ddc1d3bb7629801a92f5b4dbfc7d477dc), args: [targets, ...]
[2018-07-30 06:28:31.043][debug][command:null][tid:13][com.facebook.buck.cli.Main] System properties: {java.vendor=Oracle Corporation, sun.java.launcher=SUN_STANDARD, sun.management.compiler=HotSpot 64-Bit Tiered Compilers, jnidispatch.path=/Users/jack/Downloads/test/.buckd/tmp/buck_run.ykY3cC/jna-3254239/jna2345722361525895859.tmp, os.name=Mac OS X, buck.enable_objc=true, sun.boot.class.path=/Library/Java/JavaVirtualMachines/jdk1.8.0_151.jdk/Contents/Home/jre/lib/resources.jar:/Library/Java/JavaVirtualMachines/jdk1.8.0_151.jdk/Contents/Home/jre/lib/rt.jar:/Library/Java/JavaVirtualMachines/jdk1.8.0_151.jdk/Contents/Home/jre/lib/sunrsasign.jar:/Library/Java/JavaVirtualMachines/jdk1.8.0_151.jdk/Contents/Home/jre/lib/jsse.jar:/Library/Java/JavaVirtualMachines/jdk1.8.0_151.jdk/Contents/Home/jre/lib/jce.jar:/Library/Java/JavaVirtualMachines/jdk1.8.0_151.jdk/Contents/Home/jre/lib/charsets.jar:/Library/Java/JavaVirtualMachines/jdk1.8.0_151.jdk/Contents/Home/jre/lib/jfr.jar:/Library/Java/JavaVirtualMachines/jdk1.8.0_151.jdk/Contents/Home/jre/classes, buck.module.resources=/Users/jack/Downloads/test/.buckd/resources/7aa70a6ddc1d3bb7629801a92f5b4dbfc7d477dc/buck-modules-resources, pf4j.pluginsDir=/Users/jack/Downloads/test/.buckd/resources/7aa70a6ddc1d3bb7629801a92f5b4dbfc7d477dc/buck-modules, buck.resource_lock_path=/Users/jack/Downloads/test/.buckd/resources/7aa70a6ddc1d3bb7629801a92f5b4dbfc7d477dc/.buck_lock, buck.path_to_isolated_trampoline=/Users/jack/Downloads/test/.buckd/resources/7aa70a6ddc1d3bb7629801a92f5b4dbfc7d477dc/path_to_isolated_trampoline, java.vm.specification.vendor=Oracle Corporation, java.runtime.version=1.8.0_151-b12, jna.loaded=true, buck.testrunner_classes=/Users/jack/Downloads/test/.buckd/resources/7aa70a6ddc1d3bb7629801a92f5b4dbfc7d477dc/testrunner_classes, buck.logging_config_file=/Users/jack/Downloads/test/.buckd/resources/7aa70a6ddc1d3bb7629801a92f5b4dbfc7d477dc/logging_config_file, buck.path_to_sh_binary_template=/Users/jack/Downloads/test/.buckd/resources/7aa70a6ddc1d3bb7629801a92f5b4dbfc7d477dc/path_to_sh_binary_template, user.name=jack, user.language.format=en, buck.path_to_pywatchman=/Users/jack/Downloads/test/.buckd/resources/7aa70a6ddc1d3bb7629801a92f5b4dbfc7d477dc/path_to_pywatchman, buck.report_generator_jar=/Users/jack/Downloads/test/.buckd/resources/7aa70a6ddc1d3bb7629801a92f5b4dbfc7d477dc/report_generator_jar, buck.git_commit=7aa70a6ddc1d3bb7629801a92f5b4dbfc7d477dc, user.language=zh, sun.boot.library.path=/Library/Java/JavaVirtualMachines/jdk1.8.0_151.jdk/Contents/Home/jre/lib, jna.nosys=true, java.version=1.8.0_151, user.timezone=Asia/Tokyo, buck.test_util_no_tests_dir=true, sun.arch.data.model=64, java.endorsed.dirs=/Library/Java/JavaVirtualMachines/jdk1.8.0_151.jdk/Contents/Home/jre/lib/endorsed, sun.cpu.isalist=, sun.jnu.encoding=UTF-8, file.encoding.pkg=sun.io, file.separator=/, java.specification.name=Java Platform API Specification, buck.jacoco_agent_jar=/Users/jack/Downloads/test/.buckd/resources/7aa70a6ddc1d3bb7629801a92f5b4dbfc7d477dc/jacoco_agent_jar, java.class.version=52.0, user.country=CN, buck.binary_hash=30443c48d669a411211fa5d312e81080, java.home=/Library/Java/JavaVirtualMachines/jdk1.8.0_151.jdk/Contents/Home/jre, buck.fix_script=/Users/jack/Downloads/test/.buckd/resources/7aa70a6ddc1d3bb7629801a92f5b4dbfc7d477dc/fix_script, java.vm.info=mixed mode, os.version=10.13.6, buck.external_executor_jar=/Users/jack/Downloads/test/.buckd/resources/7aa70a6ddc1d3bb7629801a92f5b4dbfc7d477dc/external_executor_jar, buck.version_uid=7aa70a6ddc1d3bb7629801a92f5b4dbfc7d477dc, org.eclipse.jetty.util.log.class=org.eclipse.jetty.util.log.JavaUtilLog, path.separator=:, java.vm.version=25.151-b12, java.awt.printerjob=sun.lwawt.macosx.CPrinterJob, sun.io.unicode.encoding=UnicodeBig, awt.toolkit=sun.lwawt.macosx.LWCToolkit, buck.mode=package, buck.buck_build_type_info=/Users/jack/Downloads/test/.buckd/resources/7aa70a6ddc1d3bb7629801a92f5b4dbfc7d477dc/buck_build_type_info, buck.dx=/Users/jack/Downloads/test/.buckd/resources/7aa70a6ddc1d3bb7629801a92f5b4dbfc7d477dc/dx, buck.git_commit_timestamp=1529925541, user.home=/Users/jack, java.specification.vendor=Oracle Corporation, buck.git_dirty=0, java.library.path=/Users/jack/Downloads/test/.buckd/resources/7aa70a6ddc1d3bb7629801a92f5b4dbfc7d477dc, java.vendor.url=http://java.oracle.com/, java.vm.vendor=Oracle Corporation, gopherProxySet=false, java.runtime.name=Java(TM) SE Runtime Environment, sun.java.command=com.facebook.buck.cli.bootstrapper.ClassLoaderBootstrapper com.facebook.buck.cli.Main$DaemonBootstrap local:.buckd/sock 120000, java.class.path=/Users/jack/Downloads/test/.buckd/resources/7aa70a6ddc1d3bb7629801a92f5b4dbfc7d477dc/bootstrapper_jar, buck.buckd_dir=/Users/jack/Downloads/test/.buckd, buck.path_to_pathlib_py=/Users/jack/Downloads/test/.buckd/resources/7aa70a6ddc1d3bb7629801a92f5b4dbfc7d477dc/pathlib.py, buck.buckd_launch_time_nanos=111182849119925, java.vm.specification.name=Java Virtual Machine Specification, com.martiansoftware.nailgun.NGServer.outputPath=/Users/jack/Downloads/test/.buckd/tmp/buck_run.ykY3cC/ngserver-out, java.vm.specification.version=1.8, sun.cpu.endian=little, sun.os.patch.level=unknown, java.awt.headless=true, java.io.tmpdir=/Users/jack/Downloads/test/.buckd/tmp/buck_run.ykY3cC, buck.android_agent_path=/Users/jack/Downloads/test/.buckd/resources/7aa70a6ddc1d3bb7629801a92f5b4dbfc7d477dc/android_agent_path, java.vendor.url.bug=http://bugreport.sun.com/bugreport/, buck.path_to_python_dsl=, jna.platform.library.path=/usr/lib:/usr/lib, os.arch=x86_64, java.awt.graphicsenv=sun.awt.CGraphicsEnvironment, java.ext.dirs=/Users/jack/Library/Java/Extensions:/Library/Java/JavaVirtualMachines/jdk1.8.0_151.jdk/Contents/Home/jre/lib/ext:/Library/Java/Extensions:/Network/Library/Java/Extensions:/System/Library/Java/Extensions:/usr/lib/java, java.util.logging.config.class=com.facebook.buck.cli.bootstrapper.LogConfig, user.dir=/Users/jack/Downloads/test, java.nio.file.spi.DefaultFileSystemProvider=com.facebook.buck.cli.bootstrapper.filesystem.BuckFileSystemProvider, line.separator=
, java.vm.name=Java HotSpot(TM) 64-Bit Server VM, buck.path_to_typing=/Users/jack/Downloads/test/.buckd/resources/7aa70a6ddc1d3bb7629801a92f5b4dbfc7d477dc/path_to_typing, buck.native_exopackage_fake_path=/Users/jack/Downloads/test/.buckd/resources/7aa70a6ddc1d3bb7629801a92f5b4dbfc7d477dc/native_exopackage_fake_path, file.encoding=UTF-8, java.specification.version=1.8}
[2018-07-30 06:28:31.043][debug][command:null][tid:13][com.facebook.buck.util.config.Configs] Loading configuration for /Users/jack/Downloads/test
[2018-07-30 06:28:31.043][debug][command:null][tid:13][com.facebook.buck.util.config.Configs] Loaded project configuration file /Users/jack/Downloads/test/.buckconfig
[2018-07-30 06:28:31.044][debug][command:null][tid:13][com.facebook.buck.util.config.Configs] Loaded a configuration file /Users/jack/Downloads/test/.buckconfig.local, {android={build_tools_version=24.0.2, target=android-24}, buildfile={includes=//.okbuck/defs/DEFS}, kotlin={kotlin_home=.okbuck/cache/kotlin_home}, tools={proguard=.okbuck/cache/proguard/proguard-base-6.0.3.jar}}
[2018-07-30 06:28:31.044][debug][command:null][tid:13][com.facebook.buck.util.config.Configs] Adding configuration overrides RawConfig{values={}}
[2018-07-30 06:28:31.045][info ][command:null][tid:13][com.facebook.buck.io.WatchmanFactory] Creating for: [/Users/jack/Downloads/test]
[2018-07-30 06:28:31.046][debug][command:null][tid:13][com.facebook.buck.io.ExecutableFinder] Executable 'watchman' mapped to 'Optional[/usr/local/bin/watchman]'
[2018-07-30 06:28:31.046][debug][command:null][tid:13][com.facebook.buck.util.ListeningProcessExecutor] Launching process with params ProcessExecutorParams{command=[/usr/local/bin/watchman, --output-encoding=bser, get-sockname]}
[2018-07-30 06:28:31.048][debug][command:null][tid:13][com.facebook.buck.util.ListeningProcessExecutor] Successfully launched process com.zaxxer.nuprocess.osx.OsxProcess@5400d3db
[2018-07-30 06:28:31.048][debug][command:null][tid:13][com.facebook.buck.util.ListeningProcessExecutor] Waiting for process com.facebook.buck.util.ListeningProcessExecutor$LaunchedProcessImpl@46c92704 timeout 1000000000 NANOSECONDS
[2018-07-30 06:28:31.066][debug][command:null][tid:13][com.facebook.buck.util.ListeningProcessExecutor] Wait for process returned 0
[2018-07-30 06:28:31.067][debug][command:null][tid:13][com.facebook.buck.io.WatchmanFactory] Waited 18 ms for Watchman command get-sockname, exit code 0
[2018-07-30 06:28:31.067][debug][command:null][tid:13][com.facebook.buck.io.WatchmanFactory] stdout of command: {sockname=/usr/local/var/run/watchman/jack-state/sock, version=4.9.0}
[2018-07-30 06:28:31.067][info ][command:null][tid:13][com.facebook.buck.io.WatchmanFactory] Connecting to Watchman version 4.9.0 at /usr/local/var/run/watchman/jack-state/sock
[2018-07-30 06:28:31.070][debug][command:null][tid:180][com.facebook.buck.io.WatchmanTransportClient] Sending query: [version, {required=[cmd-watch-project], optional=[term-dirname, cmd-watch-project, wildmatch, wildmatch_multislash, glob_generator, clock-sync-timeout]}]
[2018-07-30 06:28:31.071][debug][command:null][tid:13][com.facebook.buck.io.WatchmanTransportClient] Query [version, {required=[cmd-watch-project], optional=[term-dirname, cmd-watch-project, wildmatch, wildmatch_multislash, glob_generator, clock-sync-timeout]}] returned in 1 ms
[2018-07-30 06:28:31.071][info ][command:null][tid:13][com.facebook.buck.io.WatchmanFactory] Took 3 ms to query capabilities {term-dirname=DIRNAME, cmd-watch-project=SUPPORTS_PROJECT_WATCH, wildmatch=WILDMATCH_GLOB, wildmatch_multislash=WILDMATCH_MULTISLASH, glob_generator=GLOB_GENERATOR, clock-sync-timeout=CLOCK_SYNC_TIMEOUT}
[2018-07-30 06:28:31.071][debug][command:null][tid:13][com.facebook.buck.io.WatchmanFactory] Got capabilities response: {clock-sync-timeout=true, glob_generator=true, wildmatch_multislash=false, cmd-watch-project=true, wildmatch=true, term-dirname=true}
[2018-07-30 06:28:31.071][debug][command:null][tid:13][com.facebook.buck.io.WatchmanFactory] Got Watchman capabilities: [CLOCK_SYNC_TIMEOUT, GLOB_GENERATOR, SUPPORTS_PROJECT_WATCH, WILDMATCH_GLOB, DIRNAME]
[2018-07-30 06:28:31.071][info ][command:null][tid:13][com.facebook.buck.io.WatchmanFactory] Adding watchman root: /Users/jack/Downloads/test
[2018-07-30 06:28:31.071][debug][command:null][tid:180][com.facebook.buck.io.WatchmanTransportClient] Sending query: [watch-project, /Users/jack/Downloads/test]
[2018-07-30 06:28:31.072][debug][command:null][tid:13][com.facebook.buck.io.WatchmanTransportClient] Query [watch-project, /Users/jack/Downloads/test] returned in 0 ms
[2018-07-30 06:28:31.072][debug][command:null][tid:180][com.facebook.buck.io.WatchmanTransportClient] Sending query: [watch-project, /Users/jack/Downloads/test]
[2018-07-30 06:28:31.072][debug][command:null][tid:13][com.facebook.buck.io.WatchmanTransportClient] Query [watch-project, /Users/jack/Downloads/test] returned in 0 ms
[2018-07-30 06:28:31.072][info ][command:null][tid:13][com.facebook.buck.io.WatchmanFactory] Took 0 ms to add root /Users/jack/Downloads/test
[2018-07-30 06:28:31.072][debug][command:null][tid:180][com.facebook.buck.io.WatchmanTransportClient] Sending query: [clock, /Users/jack/Downloads/test, {sync_timeout=100}]
[2018-07-30 06:28:31.123][debug][command:null][tid:13][com.facebook.buck.io.WatchmanTransportClient] Query [clock, /Users/jack/Downloads/test, {sync_timeout=100}] returned in 50 ms
[2018-07-30 06:28:31.123][info ][command:null][tid:13][com.facebook.buck.io.WatchmanFactory] Took 50 ms to query for initial clock id Optional[c:1532259872:486:6:209]
[2018-07-30 06:28:31.123][debug][command:null][tid:13][com.facebook.buck.io.WatchmanFactory] Connected to Watchman
[2018-07-30 06:28:31.123][debug][command:null][tid:13][com.facebook.buck.io.WatchmanTransportClient] Closing Watchman transport.
[2018-07-30 06:28:31.123][debug][command:null][tid:13][com.facebook.buck.cli.Main] Watchman capabilities: [CLOCK_SYNC_TIMEOUT, GLOB_GENERATOR, SUPPORTS_PROJECT_WATCH, WILDMATCH_GLOB, DIRNAME] Project watches: {/Users/jack/Downloads/test=ProjectWatch{watchRoot=/Users/jack/Downloads/test}} Glob handler config: PYTHON Query timeout ms config: Optional.empty
