[2018-07-30 07:00:44.206][debug][command:dd99866a-5bfc-48b0-abeb-d7e376607298][tid:13][com.facebook.buck.event.listener.SuperConsoleEventBusListener] Starting render scheduler (interval 100 ms)
[2018-07-30 07:00:44.208][debug][command:dd99866a-5bfc-48b0-abeb-d7e376607298][tid:13][com.google.common.util.concurrent.ServiceManager] Starting PerfStatsTracking [RUNNING].
[2018-07-30 07:00:44.208][debug][command:dd99866a-5bfc-48b0-abeb-d7e376607298][tid:13][com.google.common.util.concurrent.ServiceManager] Started PerfStatsTracking [RUNNING] in 899.5 μs.
[2018-07-30 07:00:44.211][debug][command:null][tid:165][com.facebook.buck.util.perf.ProcessTracker] startUp
[2018-07-30 07:00:44.211][debug][command:null][tid:165][com.facebook.buck.util.perf.ProcessTracker] startUp
[2018-07-30 07:00:44.214][debug][command:dd99866a-5bfc-48b0-abeb-d7e376607298][tid:13][com.google.common.util.concurrent.ServiceManager] Starting ProcessTracker [RUNNING].
[2018-07-30 07:00:44.214][debug][command:dd99866a-5bfc-48b0-abeb-d7e376607298][tid:13][com.google.common.util.concurrent.ServiceManager] Started ProcessTracker [RUNNING] in 3.151 ms.
[2018-07-30 07:00:44.217][debug][command:dd99866a-5bfc-48b0-abeb-d7e376607298][tid:13][com.facebook.buck.util.environment.MacWifiSsidFinder] Getting current SSID..
[2018-07-30 07:00:44.217][debug][command:dd99866a-5bfc-48b0-abeb-d7e376607298][tid:13][com.facebook.buck.util.environment.MacWifiSsidFinder] Getting SSID from Wi-Fi interface: <CWInterface: 0x7ff950e18af0> [interfaceName=en0]
[2018-07-30 07:00:44.218][debug][command:dd99866a-5bfc-48b0-abeb-d7e376607298][tid:13][com.facebook.buck.util.environment.MacWifiSsidFinder] Found SSID: W04_5001D9ED9BB3
[2018-07-30 07:00:44.218][debug][command:dd99866a-5bfc-48b0-abeb-d7e376607298][tid:13][com.facebook.buck.cli.Main] InvocationInfo BuildId=[dd99866a-5bfc-48b0-abeb-d7e376607298] Args=[install, --run, //app:bin_debug]
[2018-07-30 07:00:44.226][warn ][command:dd99866a-5bfc-48b0-abeb-d7e376607298][tid:13][com.facebook.buck.event.listener.PublicAnnouncementManager] Failed to get public announcements. Reason: Failed to establish connection to server.
[2018-07-30 07:00:44.227][info ][command:null][tid:169][com.facebook.buck.util.versioncontrol.VersionControlStatsGenerator] Starting generation of version control stats.
[2018-07-30 07:00:44.227][info ][command:null][tid:169][com.facebook.buck.util.versioncontrol.VersionControlStatsGenerator] Starting generation of version control stats.
[2018-07-30 07:00:44.227][debug][command:null][tid:169][com.facebook.buck.util.versioncontrol.VersionControlCmdLineInterface] Executing command: hg log -l 1 --template {node|short}
[2018-07-30 07:00:44.227][debug][command:null][tid:169][com.facebook.buck.util.versioncontrol.VersionControlCmdLineInterface] Executing command: hg log -l 1 --template {node|short}
[2018-07-30 07:00:44.239][debug][command:null][tid:174][com.facebook.buck.io.WatchmanTransportClient] Sending query: [query, /Users/jack/Downloads/test, {since=c:1532259872:486:6:625, expression=[not, [anyof, [type, d], [dirname, .idea], [dirname, .buckd], [dirname, buck-out/cache], [dirname, buck-out/.trash], [dirname, buck-out], [match, **/*.pbxproj, wholename, {includedotfiles=true}], [match, **/*.xcscheme, wholename, {includedotfiles=true}], [match, **/*.xcworkspacedata, wholename, {includedotfiles=true}], [match, **/*~, wholename, {includedotfiles=true}], [match, **/#*#, wholename, {includedotfiles=true}], [match, **/.#*, wholename, {includedotfiles=true}], [match, **/*.swo, wholename, {includedotfiles=true}], [match, **/*.swp, wholename, {includedotfiles=true}], [match, **/*.swpx, wholename, {includedotfiles=true}], [match, **/*.un~, wholename, {includedotfiles=true}], [match, **/.netrhwist, wholename, {includedotfiles=true}], [match, .idea, wholename, {includedotfiles=true}], [match, .iml, wholename, {includedotfiles=true}], [match, **/*.pydevproject, wholename, {includedotfiles=true}], [match, .project, wholename, {includedotfiles=true}], [match, .metadata, wholename, {includedotfiles=true}], [match, **/*.tmp, wholename, {includedotfiles=true}], [match, **/*.bak, wholename, {includedotfiles=true}], [match, **/*~.nib, wholename, {includedotfiles=true}], [match, .classpath, wholename, {includedotfiles=true}], [match, .settings, wholename, {includedotfiles=true}], [match, .loadpath, wholename, {includedotfiles=true}], [match, .externalToolBuilders, wholename, {includedotfiles=true}], [match, .cproject, wholename, {includedotfiles=true}], [match, .buildpath, wholename, {includedotfiles=true}], [match, .DS_Store, wholename, {includedotfiles=true}], [match, .AppleDouble, wholename, {includedotfiles=true}], [match, .LSOverride, wholename, {includedotfiles=true}], [match, .Spotlight-V100, wholename, {includedotfiles=true}], [match, .Trashes, wholename, {includedotfiles=true}], [match, $RECYCLE.BIN, wholename, {includedotfiles=true}], [match, .*.sublime-workspace, wholename, {includedotfiles=true}]]], empty_on_fresh_instance=true, fields=[name, exists, new]}]
[2018-07-30 07:00:44.239][debug][command:null][tid:174][com.facebook.buck.io.WatchmanTransportClient] Sending query: [query, /Users/jack/Downloads/test, {since=c:1532259872:486:6:625, expression=[not, [anyof, [type, d], [dirname, .idea], [dirname, .buckd], [dirname, buck-out/cache], [dirname, buck-out/.trash], [dirname, buck-out], [match, **/*.pbxproj, wholename, {includedotfiles=true}], [match, **/*.xcscheme, wholename, {includedotfiles=true}], [match, **/*.xcworkspacedata, wholename, {includedotfiles=true}], [match, **/*~, wholename, {includedotfiles=true}], [match, **/#*#, wholename, {includedotfiles=true}], [match, **/.#*, wholename, {includedotfiles=true}], [match, **/*.swo, wholename, {includedotfiles=true}], [match, **/*.swp, wholename, {includedotfiles=true}], [match, **/*.swpx, wholename, {includedotfiles=true}], [match, **/*.un~, wholename, {includedotfiles=true}], [match, **/.netrhwist, wholename, {includedotfiles=true}], [match, .idea, wholename, {includedotfiles=true}], [match, .iml, wholename, {includedotfiles=true}], [match, **/*.pydevproject, wholename, {includedotfiles=true}], [match, .project, wholename, {includedotfiles=true}], [match, .metadata, wholename, {includedotfiles=true}], [match, **/*.tmp, wholename, {includedotfiles=true}], [match, **/*.bak, wholename, {includedotfiles=true}], [match, **/*~.nib, wholename, {includedotfiles=true}], [match, .classpath, wholename, {includedotfiles=true}], [match, .settings, wholename, {includedotfiles=true}], [match, .loadpath, wholename, {includedotfiles=true}], [match, .externalToolBuilders, wholename, {includedotfiles=true}], [match, .cproject, wholename, {includedotfiles=true}], [match, .buildpath, wholename, {includedotfiles=true}], [match, .DS_Store, wholename, {includedotfiles=true}], [match, .AppleDouble, wholename, {includedotfiles=true}], [match, .LSOverride, wholename, {includedotfiles=true}], [match, .Spotlight-V100, wholename, {includedotfiles=true}], [match, .Trashes, wholename, {includedotfiles=true}], [match, $RECYCLE.BIN, wholename, {includedotfiles=true}], [match, .*.sublime-workspace, wholename, {includedotfiles=true}]]], empty_on_fresh_instance=true, fields=[name, exists, new]}]
[2018-07-30 07:00:44.260][warn ][command:null][tid:169][com.facebook.buck.util.versioncontrol.DelegatingVersionControlCmdLineInterface] Mercurial is the only VCS supported for VCS stats generation, however current project (which has enabled VCS stats generation in its .buckconfig) does not appear to be a Mercurial repository: 
com.facebook.buck.util.versioncontrol.VersionControlCommandFailedException: java.io.IOException: Cannot run program "hg" (in directory "/Users/jack/Downloads/test"): error=2, No such file or directory
[2018-07-30 07:00:44.260][warn ][command:null][tid:169][com.facebook.buck.util.versioncontrol.DelegatingVersionControlCmdLineInterface] Mercurial is the only VCS supported for VCS stats generation, however current project (which has enabled VCS stats generation in its .buckconfig) does not appear to be a Mercurial repository: 
com.facebook.buck.util.versioncontrol.VersionControlCommandFailedException: java.io.IOException: Cannot run program "hg" (in directory "/Users/jack/Downloads/test"): error=2, No such file or directory
[2018-07-30 07:00:44.260][debug][command:null][tid:169][com.facebook.buck.util.versioncontrol.DelegatingVersionControlCmdLineInterface] Using NoOpCmdLineInterface.
[2018-07-30 07:00:44.260][debug][command:null][tid:169][com.facebook.buck.util.versioncontrol.DelegatingVersionControlCmdLineInterface] Using NoOpCmdLineInterface.
[2018-07-30 07:00:44.260][warn ][command:null][tid:169][com.facebook.buck.util.versioncontrol.VersionControlStatsGenerator] Skipping generation of version control stats as unsupported repository type.
[2018-07-30 07:00:44.260][warn ][command:null][tid:169][com.facebook.buck.util.versioncontrol.VersionControlStatsGenerator] Skipping generation of version control stats as unsupported repository type.
[2018-07-30 07:00:44.260][debug][command:null][tid:169][com.facebook.buck.util.environment.MacNetworkConfiguration] Determine network service order and extract device names
[2018-07-30 07:00:44.260][debug][command:null][tid:169][com.facebook.buck.util.environment.MacNetworkConfiguration] Determine network service order and extract device names
[2018-07-30 07:00:44.260][debug][command:null][tid:169][com.facebook.buck.util.ListeningProcessExecutor] Launching process with params ProcessExecutorParams{command=[networksetup, -listnetworkserviceorder, ]}
[2018-07-30 07:00:44.260][debug][command:null][tid:169][com.facebook.buck.util.ListeningProcessExecutor] Launching process with params ProcessExecutorParams{command=[networksetup, -listnetworkserviceorder, ]}
[2018-07-30 07:00:44.261][debug][command:null][tid:172][com.facebook.buck.io.WatchmanTransportClient] Query [query, /Users/jack/Downloads/test, {since=c:1532259872:486:6:625, expression=[not, [anyof, [type, d], [dirname, .idea], [dirname, .buckd], [dirname, buck-out/cache], [dirname, buck-out/.trash], [dirname, buck-out], [match, **/*.pbxproj, wholename, {includedotfiles=true}], [match, **/*.xcscheme, wholename, {includedotfiles=true}], [match, **/*.xcworkspacedata, wholename, {includedotfiles=true}], [match, **/*~, wholename, {includedotfiles=true}], [match, **/#*#, wholename, {includedotfiles=true}], [match, **/.#*, wholename, {includedotfiles=true}], [match, **/*.swo, wholename, {includedotfiles=true}], [match, **/*.swp, wholename, {includedotfiles=true}], [match, **/*.swpx, wholename, {includedotfiles=true}], [match, **/*.un~, wholename, {includedotfiles=true}], [match, **/.netrhwist, wholename, {includedotfiles=true}], [match, .idea, wholename, {includedotfiles=true}], [match, .iml, wholename, {includedotfiles=true}], [match, **/*.pydevproject, wholename, {includedotfiles=true}], [match, .project, wholename, {includedotfiles=true}], [match, .metadata, wholename, {includedotfiles=true}], [match, **/*.tmp, wholename, {includedotfiles=true}], [match, **/*.bak, wholename, {includedotfiles=true}], [match, **/*~.nib, wholename, {includedotfiles=true}], [match, .classpath, wholename, {includedotfiles=true}], [match, .settings, wholename, {includedotfiles=true}], [match, .loadpath, wholename, {includedotfiles=true}], [match, .externalToolBuilders, wholename, {includedotfiles=true}], [match, .cproject, wholename, {includedotfiles=true}], [match, .buildpath, wholename, {includedotfiles=true}], [match, .DS_Store, wholename, {includedotfiles=true}], [match, .AppleDouble, wholename, {includedotfiles=true}], [match, .LSOverride, wholename, {includedotfiles=true}], [match, .Spotlight-V100, wholename, {includedotfiles=true}], [match, .Trashes, wholename, {includedotfiles=true}], [match, $RECYCLE.BIN, wholename, {includedotfiles=true}], [match, .*.sublime-workspace, wholename, {includedotfiles=true}]]], empty_on_fresh_instance=true, fields=[name, exists, new]}] returned in 21 ms
[2018-07-30 07:00:44.261][debug][command:null][tid:172][com.facebook.buck.io.WatchmanTransportClient] Query [query, /Users/jack/Downloads/test, {since=c:1532259872:486:6:625, expression=[not, [anyof, [type, d], [dirname, .idea], [dirname, .buckd], [dirname, buck-out/cache], [dirname, buck-out/.trash], [dirname, buck-out], [match, **/*.pbxproj, wholename, {includedotfiles=true}], [match, **/*.xcscheme, wholename, {includedotfiles=true}], [match, **/*.xcworkspacedata, wholename, {includedotfiles=true}], [match, **/*~, wholename, {includedotfiles=true}], [match, **/#*#, wholename, {includedotfiles=true}], [match, **/.#*, wholename, {includedotfiles=true}], [match, **/*.swo, wholename, {includedotfiles=true}], [match, **/*.swp, wholename, {includedotfiles=true}], [match, **/*.swpx, wholename, {includedotfiles=true}], [match, **/*.un~, wholename, {includedotfiles=true}], [match, **/.netrhwist, wholename, {includedotfiles=true}], [match, .idea, wholename, {includedotfiles=true}], [match, .iml, wholename, {includedotfiles=true}], [match, **/*.pydevproject, wholename, {includedotfiles=true}], [match, .project, wholename, {includedotfiles=true}], [match, .metadata, wholename, {includedotfiles=true}], [match, **/*.tmp, wholename, {includedotfiles=true}], [match, **/*.bak, wholename, {includedotfiles=true}], [match, **/*~.nib, wholename, {includedotfiles=true}], [match, .classpath, wholename, {includedotfiles=true}], [match, .settings, wholename, {includedotfiles=true}], [match, .loadpath, wholename, {includedotfiles=true}], [match, .externalToolBuilders, wholename, {includedotfiles=true}], [match, .cproject, wholename, {includedotfiles=true}], [match, .buildpath, wholename, {includedotfiles=true}], [match, .DS_Store, wholename, {includedotfiles=true}], [match, .AppleDouble, wholename, {includedotfiles=true}], [match, .LSOverride, wholename, {includedotfiles=true}], [match, .Spotlight-V100, wholename, {includedotfiles=true}], [match, .Trashes, wholename, {includedotfiles=true}], [match, $RECYCLE.BIN, wholename, {includedotfiles=true}], [match, .*.sublime-workspace, wholename, {includedotfiles=true}]]], empty_on_fresh_instance=true, fields=[name, exists, new]}] returned in 21 ms
[2018-07-30 07:00:44.262][debug][command:null][tid:172][com.facebook.buck.io.WatchmanWatcher] Updating Watchman Cursor from c:1532259872:486:6:625 to c:1532259872:486:6:632
[2018-07-30 07:00:44.262][debug][command:null][tid:172][com.facebook.buck.io.WatchmanWatcher] Updating Watchman Cursor from c:1532259872:486:6:625 to c:1532259872:486:6:632
[2018-07-30 07:00:44.262][debug][command:null][tid:172][com.facebook.buck.io.WatchmanWatcher] Posted 0 Watchman events.
[2018-07-30 07:00:44.262][debug][command:null][tid:172][com.facebook.buck.io.WatchmanWatcher] Posted 0 Watchman events.
[2018-07-30 07:00:44.262][debug][command:null][tid:172][com.facebook.buck.io.WatchmanTransportClient] Closing Watchman transport.
[2018-07-30 07:00:44.262][debug][command:null][tid:172][com.facebook.buck.io.WatchmanTransportClient] Closing Watchman transport.
[2018-07-30 07:00:44.268][debug][command:null][tid:169][com.facebook.buck.util.ListeningProcessExecutor] Successfully launched process com.zaxxer.nuprocess.osx.OsxProcess@4933f4c8
[2018-07-30 07:00:44.268][debug][command:null][tid:169][com.facebook.buck.util.ListeningProcessExecutor] Successfully launched process com.zaxxer.nuprocess.osx.OsxProcess@4933f4c8
[2018-07-30 07:00:44.268][debug][command:null][tid:169][com.facebook.buck.util.ListeningProcessExecutor] Waiting for process com.facebook.buck.util.ListeningProcessExecutor$LaunchedProcessImpl@10819966 timeout 1000 MILLISECONDS
[2018-07-30 07:00:44.268][debug][command:null][tid:169][com.facebook.buck.util.ListeningProcessExecutor] Waiting for process com.facebook.buck.util.ListeningProcessExecutor$LaunchedProcessImpl@10819966 timeout 1000 MILLISECONDS
[2018-07-30 07:00:44.309][debug][command:null][tid:169][com.facebook.buck.util.ListeningProcessExecutor] Wait for process returned 0
[2018-07-30 07:00:44.309][debug][command:null][tid:169][com.facebook.buck.util.ListeningProcessExecutor] Wait for process returned 0
[2018-07-30 07:00:44.309][debug][command:null][tid:169][com.facebook.buck.util.ListeningProcessExecutor] Destroying process com.facebook.buck.util.ListeningProcessExecutor$LaunchedProcessImpl@10819966 (force true)
[2018-07-30 07:00:44.309][debug][command:null][tid:169][com.facebook.buck.util.ListeningProcessExecutor] Destroying process com.facebook.buck.util.ListeningProcessExecutor$LaunchedProcessImpl@10819966 (force true)
[2018-07-30 07:00:44.310][debug][command:null][tid:169][com.facebook.buck.util.environment.MacNetworkConfiguration] Determine active state of media for device
[2018-07-30 07:00:44.310][debug][command:null][tid:169][com.facebook.buck.util.environment.MacNetworkConfiguration] Determine active state of media for device
[2018-07-30 07:00:44.310][debug][command:null][tid:169][com.facebook.buck.util.ListeningProcessExecutor] Launching process with params ProcessExecutorParams{command=[networksetup, -getMedia, en0]}
[2018-07-30 07:00:44.310][debug][command:null][tid:169][com.facebook.buck.util.ListeningProcessExecutor] Launching process with params ProcessExecutorParams{command=[networksetup, -getMedia, en0]}
[2018-07-30 07:00:44.316][info ][command:dd99866a-5bfc-48b0-abeb-d7e376607298][tid:170][com.facebook.buck.event.listener.LoggingBuildListener] Build started at 2018-07-30 07:00:44.316
[2018-07-30 07:00:44.317][debug][command:null][tid:169][com.facebook.buck.util.ListeningProcessExecutor] Successfully launched process com.zaxxer.nuprocess.osx.OsxProcess@b501a88
[2018-07-30 07:00:44.317][debug][command:null][tid:169][com.facebook.buck.util.ListeningProcessExecutor] Successfully launched process com.zaxxer.nuprocess.osx.OsxProcess@b501a88
[2018-07-30 07:00:44.319][debug][command:null][tid:169][com.facebook.buck.util.ListeningProcessExecutor] Waiting for process com.facebook.buck.util.ListeningProcessExecutor$LaunchedProcessImpl@2ab6e268 timeout 1000 MILLISECONDS
[2018-07-30 07:00:44.319][debug][command:null][tid:169][com.facebook.buck.util.ListeningProcessExecutor] Waiting for process com.facebook.buck.util.ListeningProcessExecutor$LaunchedProcessImpl@2ab6e268 timeout 1000 MILLISECONDS
[2018-07-30 07:00:44.321][debug][command:dd99866a-5bfc-48b0-abeb-d7e376607298][tid:170][com.facebook.buck.event.listener.SuperConsoleEventBusListener] Action graph cache hit: Watchman reported no changes
[2018-07-30 07:00:44.322][info ][command:dd99866a-5bfc-48b0-abeb-d7e376607298][tid:13][com.facebook.buck.core.model.actiongraph.computation.ActionGraphCache] ActionGraph cache hit.
[2018-07-30 07:00:44.322][debug][command:dd99866a-5bfc-48b0-abeb-d7e376607298][tid:13][com.facebook.buck.core.build.engine.impl.MetadataChecker] Checking metadata_storage for /Users/jack/Downloads/test
[2018-07-30 07:00:44.358][warn ][command:dd99866a-5bfc-48b0-abeb-d7e376607298][tid:177][com.facebook.buck.rules.keys.AlterRuleKeys] Trying to add anonymous class com.facebook.buck.android.AndroidBinaryInstallGraphEnhancer$1 to rulekeys. Using com.facebook.buck.android.AndroidBinaryInstallGraphEnhancer$????? instead
[2018-07-30 07:00:44.360][debug][command:null][tid:169][com.facebook.buck.util.ListeningProcessExecutor] Wait for process returned 0
[2018-07-30 07:00:44.360][debug][command:null][tid:169][com.facebook.buck.util.ListeningProcessExecutor] Wait for process returned 0
[2018-07-30 07:00:44.360][debug][command:null][tid:169][com.facebook.buck.util.ListeningProcessExecutor] Destroying process com.facebook.buck.util.ListeningProcessExecutor$LaunchedProcessImpl@2ab6e268 (force true)
[2018-07-30 07:00:44.360][debug][command:null][tid:169][com.facebook.buck.util.ListeningProcessExecutor] Destroying process com.facebook.buck.util.ListeningProcessExecutor$LaunchedProcessImpl@2ab6e268 (force true)
[2018-07-30 07:00:44.360][debug][command:null][tid:169][com.facebook.buck.util.environment.MacNetworkConfiguration] Determine WiFi SSID of device
[2018-07-30 07:00:44.360][debug][command:null][tid:169][com.facebook.buck.util.environment.MacNetworkConfiguration] Determine WiFi SSID of device
[2018-07-30 07:00:44.360][debug][command:null][tid:169][com.facebook.buck.util.ListeningProcessExecutor] Launching process with params ProcessExecutorParams{command=[networksetup, -getairportnetwork, en0]}
[2018-07-30 07:00:44.360][debug][command:null][tid:169][com.facebook.buck.util.ListeningProcessExecutor] Launching process with params ProcessExecutorParams{command=[networksetup, -getairportnetwork, en0]}
[2018-07-30 07:00:44.361][debug][command:dd99866a-5bfc-48b0-abeb-d7e376607298][tid:178][com.facebook.buck.core.build.engine.impl.CachingBuildRuleBuilder] Building locally: //app:bin_debug#install
[2018-07-30 07:00:44.361][debug][command:dd99866a-5bfc-48b0-abeb-d7e376607298][tid:178][com.facebook.buck.core.build.engine.impl.CachingBuildRuleBuilder] Build completed: noop_build_rule //app:bin_debug#install (70267ns)
[2018-07-30 07:00:44.366][debug][command:null][tid:169][com.facebook.buck.util.ListeningProcessExecutor] Successfully launched process com.zaxxer.nuprocess.osx.OsxProcess@73c7b7bb
[2018-07-30 07:00:44.366][debug][command:null][tid:169][com.facebook.buck.util.ListeningProcessExecutor] Successfully launched process com.zaxxer.nuprocess.osx.OsxProcess@73c7b7bb
[2018-07-30 07:00:44.368][debug][command:null][tid:169][com.facebook.buck.util.ListeningProcessExecutor] Waiting for process com.facebook.buck.util.ListeningProcessExecutor$LaunchedProcessImpl@6dae0993 timeout 1000 MILLISECONDS
[2018-07-30 07:00:44.368][debug][command:null][tid:169][com.facebook.buck.util.ListeningProcessExecutor] Waiting for process com.facebook.buck.util.ListeningProcessExecutor$LaunchedProcessImpl@6dae0993 timeout 1000 MILLISECONDS
[2018-07-30 07:00:44.374][info ][command:dd99866a-5bfc-48b0-abeb-d7e376607298][tid:170][com.facebook.buck.event.listener.LoggingBuildListener] Build finished at 2018-07-30 07:00:44.374
[2018-07-30 07:00:44.412][debug][command:null][tid:169][com.facebook.buck.util.ListeningProcessExecutor] Wait for process returned 0
[2018-07-30 07:00:44.412][debug][command:null][tid:169][com.facebook.buck.util.ListeningProcessExecutor] Wait for process returned 0
[2018-07-30 07:00:44.413][debug][command:null][tid:169][com.facebook.buck.util.ListeningProcessExecutor] Destroying process com.facebook.buck.util.ListeningProcessExecutor$LaunchedProcessImpl@6dae0993 (force true)
[2018-07-30 07:00:44.413][debug][command:null][tid:169][com.facebook.buck.util.ListeningProcessExecutor] Destroying process com.facebook.buck.util.ListeningProcessExecutor$LaunchedProcessImpl@6dae0993 (force true)
[2018-07-30 07:00:44.413][info ][command:null][tid:169][com.facebook.buck.util.versioncontrol.VersionControlStatsGenerator] Starting generation of version control stats.
[2018-07-30 07:00:44.413][info ][command:null][tid:169][com.facebook.buck.util.versioncontrol.VersionControlStatsGenerator] Starting generation of version control stats.
[2018-07-30 07:00:44.413][warn ][command:null][tid:169][com.facebook.buck.util.versioncontrol.VersionControlStatsGenerator] Skipping generation of version control stats as unsupported repository type.
[2018-07-30 07:00:44.413][warn ][command:null][tid:169][com.facebook.buck.util.versioncontrol.VersionControlStatsGenerator] Skipping generation of version control stats as unsupported repository type.
[2018-07-30 07:00:45.304][info ][command:dd99866a-5bfc-48b0-abeb-d7e376607298][tid:170][com.facebook.buck.event.listener.LoggingBuildListener] Installing apk on 192.168.56.101:5555 (genymotion_vbox86p_6.0_180522_011803).
[2018-07-30 07:00:45.685][warn ][command:dd99866a-5bfc-48b0-abeb-d7e376607298][tid:186][com.facebook.buck.util.Console] Build failure: Failed to install apk on 192.168.56.101:5555 (genymotion_vbox86p_6.0_180522_011803).
[2018-07-30 07:00:45.694][debug][command:dd99866a-5bfc-48b0-abeb-d7e376607298][tid:165][com.facebook.buck.util.perf.ProcessTracker] shutDown
[2018-07-30 07:00:45.694][debug][command:dd99866a-5bfc-48b0-abeb-d7e376607298][tid:164][com.google.common.util.concurrent.ServiceManager] Service PerfStatsTracking [TERMINATED] has terminated. Previous state was: STOPPING
[2018-07-30 07:00:45.694][debug][command:dd99866a-5bfc-48b0-abeb-d7e376607298][tid:13][com.facebook.buck.event.listener.SuperConsoleEventBusListener] Stopping render scheduler
[2018-07-30 07:00:45.696][debug][command:dd99866a-5bfc-48b0-abeb-d7e376607298][tid:165][com.google.common.util.concurrent.ServiceManager] Service ProcessTracker [TERMINATED] has terminated. Previous state was: STOPPING
[2018-07-30 07:00:45.696][debug][command:dd99866a-5bfc-48b0-abeb-d7e376607298][tid:13][com.facebook.buck.event.listener.SuperConsoleEventBusListener] Stopping render scheduler
[2018-07-30 07:00:45.697][debug][command:dd99866a-5bfc-48b0-abeb-d7e376607298][tid:13][com.facebook.buck.event.listener.SuperConsoleEventBusListener] Stopping console output (stderr was dirty).
[2018-07-30 07:00:45.697][info ][command:dd99866a-5bfc-48b0-abeb-d7e376607298][tid:13][com.facebook.buck.cli.Main] Awaiting termination of PROJECT executor service. Waiting for all jobs to complete, or up to maximum of 60 seconds...
[2018-07-30 07:00:45.697][info ][command:dd99866a-5bfc-48b0-abeb-d7e376607298][tid:13][com.facebook.buck.cli.Main] Successfully terminated PROJECT executor service.
[2018-07-30 07:00:45.697][info ][command:dd99866a-5bfc-48b0-abeb-d7e376607298][tid:13][com.facebook.buck.cli.Main] Awaiting termination of NETWORK executor service. Waiting for all jobs to complete, or up to maximum of 60 seconds...
[2018-07-30 07:00:45.697][info ][command:dd99866a-5bfc-48b0-abeb-d7e376607298][tid:13][com.facebook.buck.cli.Main] Successfully terminated NETWORK executor service.
[2018-07-30 07:00:45.697][info ][command:dd99866a-5bfc-48b0-abeb-d7e376607298][tid:13][com.facebook.buck.cli.Main] Awaiting termination of CPU executor service. Waiting for all jobs to complete, or up to maximum of 60 seconds...
[2018-07-30 07:00:45.697][info ][command:dd99866a-5bfc-48b0-abeb-d7e376607298][tid:13][com.facebook.buck.cli.Main] Successfully terminated CPU executor service.
[2018-07-30 07:00:45.698][info ][command:dd99866a-5bfc-48b0-abeb-d7e376607298][tid:13][com.facebook.buck.cli.Main] Awaiting termination of ScheduledExecutorService executor service. Waiting for all jobs to complete, or up to maximum of 60 seconds...
[2018-07-30 07:00:45.698][info ][command:dd99866a-5bfc-48b0-abeb-d7e376607298][tid:13][com.facebook.buck.cli.Main] Successfully terminated ScheduledExecutorService executor service.
[2018-07-30 07:00:45.698][info ][command:dd99866a-5bfc-48b0-abeb-d7e376607298][tid:13][com.facebook.buck.cli.Main] Awaiting termination of CounterAggregatorExecutor executor service. Waiting for all jobs to complete, or up to maximum of 20 seconds...
[2018-07-30 07:00:45.698][info ][command:dd99866a-5bfc-48b0-abeb-d7e376607298][tid:13][com.facebook.buck.cli.Main] Successfully terminated CounterAggregatorExecutor executor service.
[2018-07-30 07:00:45.698][info ][command:dd99866a-5bfc-48b0-abeb-d7e376607298][tid:13][com.facebook.buck.cli.Main] Awaiting termination of HTTP Read executor service. Waiting for all jobs to complete, or up to maximum of 1800 seconds...
[2018-07-30 07:00:45.698][info ][command:dd99866a-5bfc-48b0-abeb-d7e376607298][tid:13][com.facebook.buck.cli.Main] Successfully terminated HTTP Read executor service.
[2018-07-30 07:00:45.698][info ][command:dd99866a-5bfc-48b0-abeb-d7e376607298][tid:13][com.facebook.buck.cli.Main] Awaiting termination of Download Heavy Build HTTP Read executor service. Waiting for all jobs to complete, or up to maximum of 1800 seconds...
[2018-07-30 07:00:45.698][info ][command:dd99866a-5bfc-48b0-abeb-d7e376607298][tid:13][com.facebook.buck.cli.Main] Successfully terminated Download Heavy Build HTTP Read executor service.
[2018-07-30 07:00:45.698][info ][command:dd99866a-5bfc-48b0-abeb-d7e376607298][tid:13][com.facebook.buck.cli.Main] Awaiting termination of HTTP Write executor service. Waiting for all jobs to complete, or up to maximum of 1800 seconds...
[2018-07-30 07:00:45.699][info ][command:dd99866a-5bfc-48b0-abeb-d7e376607298][tid:13][com.facebook.buck.cli.Main] Successfully terminated HTTP Write executor service.
[2018-07-30 07:00:45.699][info ][command:dd99866a-5bfc-48b0-abeb-d7e376607298][tid:13][com.facebook.buck.cli.Main] Awaiting termination of Disk IO executor service. Waiting for all jobs to complete, or up to maximum of 10 seconds...
[2018-07-30 07:00:45.699][info ][command:dd99866a-5bfc-48b0-abeb-d7e376607298][tid:13][com.facebook.buck.cli.Main] Successfully terminated Disk IO executor service.
[2018-07-30 07:00:45.700][debug][command:dd99866a-5bfc-48b0-abeb-d7e376607298][tid:13][com.facebook.buck.event.listener.SuperConsoleEventBusListener] Stopping render scheduler
[2018-07-30 07:00:45.700][debug][command:dd99866a-5bfc-48b0-abeb-d7e376607298][tid:13][com.facebook.buck.event.listener.SuperConsoleEventBusListener] Stopping render scheduler
[2018-07-30 07:00:45.700][debug][command:dd99866a-5bfc-48b0-abeb-d7e376607298][tid:13][com.facebook.buck.event.listener.SuperConsoleEventBusListener] Stopping console output (stderr was dirty).
[2018-07-30 07:00:45.700][debug][command:dd99866a-5bfc-48b0-abeb-d7e376607298][tid:13][com.facebook.buck.event.listener.ChromeTraceBuildListener] Writing Chrome trace to buck-out/log/2018-07-29_22h00m44s_installcommand_dd99866a-5bfc-48b0-abeb-d7e376607298/build.2018-07-30.07-00-44.dd99866a-5bfc-48b0-abeb-d7e376607298.trace
[2018-07-30 07:00:45.709][info ][command:dd99866a-5bfc-48b0-abeb-d7e376607298][tid:13][com.facebook.buck.cli.Main] Awaiting termination of Dir Artifact executor service. Waiting for all jobs to complete, or up to maximum of 60 seconds...
[2018-07-30 07:00:45.710][info ][command:dd99866a-5bfc-48b0-abeb-d7e376607298][tid:13][com.facebook.buck.cli.Main] Successfully terminated Dir Artifact executor service.
[2018-07-30 07:00:45.717][warn ][command:null][tid:13][com.facebook.buck.cli.Main] Command failed:
com.facebook.buck.core.exceptions.HumanReadableException: Failed to install apk //app:bin_debug on 1 device(s).
	at com.facebook.buck.android.AdbHelper.adbCall(AdbHelper.java:215)
	at com.facebook.buck.android.AdbHelper.installApkDirectly(AdbHelper.java:626)
	at com.facebook.buck.android.AdbHelper.installApk(AdbHelper.java:282)
	at com.facebook.buck.cli.InstallCommand.installApk(InstallCommand.java:425)
	at com.facebook.buck.cli.InstallCommand.install(InstallCommand.java:281)
	at com.facebook.buck.cli.InstallCommand.runWithoutHelp(InstallCommand.java:233)
	at com.facebook.buck.cli.AbstractCommand.run(AbstractCommand.java:274)
	at com.facebook.buck.cli.AbstractContainerCommand.run(AbstractContainerCommand.java:77)
	at com.facebook.buck.cli.Main.runMainWithExitCode(Main.java:1181)
	at com.facebook.buck.cli.Main.runMainThenExit(Main.java:425)
	at com.facebook.buck.cli.Main.nailMain(Main.java:2115)
	at sun.reflect.NativeMethodAccessorImpl.invoke0(Native Method)
	at sun.reflect.NativeMethodAccessorImpl.invoke(NativeMethodAccessorImpl.java:62)
	at sun.reflect.DelegatingMethodAccessorImpl.invoke(DelegatingMethodAccessorImpl.java:43)
	at java.lang.reflect.Method.invoke(Method.java:498)
	at com.martiansoftware.nailgun.NGSession.run(NGSession.java:280)

[2018-07-30 07:00:45.717][warn ][command:null][tid:13][com.facebook.buck.util.Console] Command failure: Failed to install apk //app:bin_debug on 1 device(s).
[2018-07-30 07:00:45.750][debug][command:null][tid:13][com.facebook.buck.cli.Main] Done.
[2018-07-30 07:00:45.750][info ][command:null][tid:13][com.martiansoftware.nailgun.NGSession] Nail cleanly exited with status 1
[2018-07-30 07:00:45.750][debug][command:null][tid:13][com.martiansoftware.nailgun.NGCommunicator] Shutting down socket for input
[2018-07-30 07:00:45.750][debug][command:null][tid:13][com.martiansoftware.nailgun.NGCommunicator] Shutting down socket for output
[2018-07-30 07:00:45.750][debug][command:null][tid:158][com.martiansoftware.nailgun.NGCommunicator] Socket is disconnected
[2018-07-30 07:00:45.750][debug][command:null][tid:13][com.martiansoftware.nailgun.NGCommunicator] Shutting down read ExecutorService
[2018-07-30 07:00:45.751][debug][command:null][tid:158][com.martiansoftware.nailgun.NGCommunicator] Nailgun client disconnected
[2018-07-30 07:00:45.751][debug][command:null][tid:158][com.martiansoftware.nailgun.NGCommunicator] Orchestrator thread finished
[2018-07-30 07:00:45.751][debug][command:null][tid:13][com.martiansoftware.nailgun.NGCommunicator] Shutting down orchestrator ExecutorService
[2018-07-30 07:00:45.751][debug][command:null][tid:13][com.martiansoftware.nailgun.NGSession] Closing client socket
[2018-07-30 07:00:45.751][debug][command:null][tid:13][com.martiansoftware.nailgun.NGSession] Waiting for next client to connect
[2018-07-30 08:22:07.612][debug][command:null][tid:14][com.martiansoftware.nailgun.NGSession] Client connected
[2018-07-30 08:22:07.618][debug][command:null][tid:190][com.martiansoftware.nailgun.NGCommunicator] Orchestrator thread started
[2018-07-30 08:22:07.620][debug][command:null][tid:14][com.martiansoftware.nailgun.NGCommunicator] Shutting down socket for input
[2018-07-30 08:22:07.621][debug][command:null][tid:14][com.martiansoftware.nailgun.NGCommunicator] Shutting down socket for output
[2018-07-30 08:22:07.621][debug][command:null][tid:14][com.martiansoftware.nailgun.NGCommunicator] Shutting down read ExecutorService
[2018-07-30 08:22:07.621][debug][command:null][tid:190][com.martiansoftware.nailgun.NGCommunicator] Socket is disconnected
[2018-07-30 08:22:07.621][debug][command:null][tid:190][com.martiansoftware.nailgun.NGCommunicator] Nailgun client disconnected
[2018-07-30 08:22:07.622][debug][command:null][tid:190][com.martiansoftware.nailgun.NGCommunicator] Orchestrator thread finished
[2018-07-30 08:22:07.622][debug][command:null][tid:14][com.martiansoftware.nailgun.NGCommunicator] Shutting down orchestrator ExecutorService
[2018-07-30 08:22:07.623][debug][command:null][tid:14][com.martiansoftware.nailgun.NGSession] Closing client socket
[2018-07-30 08:22:07.623][debug][command:null][tid:14][com.martiansoftware.nailgun.NGSession] Waiting for next client to connect
[2018-07-30 08:22:07.638][debug][command:null][tid:13][com.martiansoftware.nailgun.NGSession] Client connected
[2018-07-30 08:22:07.641][debug][command:null][tid:192][com.martiansoftware.nailgun.NGCommunicator] Orchestrator thread started
[2018-07-30 08:22:07.644][debug][command:null][tid:13][com.facebook.buck.util.config.Configs] Loading configuration for /Users/jack/Downloads/test
[2018-07-30 08:22:07.647][debug][command:null][tid:13][com.facebook.buck.util.config.Configs] Loaded project configuration file /Users/jack/Downloads/test/.buckconfig
[2018-07-30 08:22:07.649][debug][command:null][tid:13][com.facebook.buck.util.config.Configs] Loaded a configuration file /Users/jack/Downloads/test/.buckconfig.local, {android={build_tools_version=24.0.2, target=android-24}, buildfile={includes=//.okbuck/defs/DEFS}, kotlin={kotlin_home=.okbuck/cache/kotlin_home}, tools={proguard=.okbuck/cache/proguard/proguard-base-6.0.3.jar}}
[2018-07-30 08:22:07.649][debug][command:null][tid:13][com.facebook.buck.util.config.Configs] Adding configuration overrides RawConfig{values={}}
[2018-07-30 08:22:07.669][debug][command:null][tid:13][com.facebook.buck.cli.Main] Rotating log.
[2018-07-30 08:22:07.679][debug][command:null][tid:13][com.facebook.buck.cli.Main] Starting up (build date 2018-07-24 04:49:11 +0900, rev 95f1b0eeced0bb32f33cd37d997849f077d4d791), args: [install, --run, //app:bin_debug]
[2018-07-30 08:22:07.688][debug][command:null][tid:13][com.facebook.buck.cli.Main] System properties: {java.vendor=Oracle Corporation, sun.java.launcher=SUN_STANDARD, sun.management.compiler=HotSpot 64-Bit Tiered Compilers, jnidispatch.path=/Users/jack/Downloads/test/.buckd/tmp/buck_run.VlNpxu/jna-3254239/jna4398281268728391062.tmp, os.name=Mac OS X, buck.enable_objc=true, sun.boot.class.path=/Library/Java/JavaVirtualMachines/jdk1.8.0_151.jdk/Contents/Home/jre/lib/resources.jar:/Library/Java/JavaVirtualMachines/jdk1.8.0_151.jdk/Contents/Home/jre/lib/rt.jar:/Library/Java/JavaVirtualMachines/jdk1.8.0_151.jdk/Contents/Home/jre/lib/sunrsasign.jar:/Library/Java/JavaVirtualMachines/jdk1.8.0_151.jdk/Contents/Home/jre/lib/jsse.jar:/Library/Java/JavaVirtualMachines/jdk1.8.0_151.jdk/Contents/Home/jre/lib/jce.jar:/Library/Java/JavaVirtualMachines/jdk1.8.0_151.jdk/Contents/Home/jre/lib/charsets.jar:/Library/Java/JavaVirtualMachines/jdk1.8.0_151.jdk/Contents/Home/jre/lib/jfr.jar:/Library/Java/JavaVirtualMachines/jdk1.8.0_151.jdk/Contents/Home/jre/classes, buck.module.resources=/Users/jack/Downloads/test/.buckd/resources/95f1b0eeced0bb32f33cd37d997849f077d4d791/buck-modules-resources, pf4j.pluginsDir=/Users/jack/Downloads/test/.buckd/resources/95f1b0eeced0bb32f33cd37d997849f077d4d791/buck-modules, buck.resource_lock_path=/Users/jack/Downloads/test/.buckd/resources/95f1b0eeced0bb32f33cd37d997849f077d4d791/.buck_lock, buck.path_to_isolated_trampoline=/Users/jack/Downloads/test/.buckd/resources/95f1b0eeced0bb32f33cd37d997849f077d4d791/path_to_isolated_trampoline, java.vm.specification.vendor=Oracle Corporation, java.runtime.version=1.8.0_151-b12, jna.loaded=true, buck.testrunner_classes=/Users/jack/Downloads/test/.buckd/resources/95f1b0eeced0bb32f33cd37d997849f077d4d791/testrunner_classes, buck.logging_config_file=/Users/jack/Downloads/test/.buckd/resources/95f1b0eeced0bb32f33cd37d997849f077d4d791/logging_config_file, buck.path_to_sh_binary_template=/Users/jack/Downloads/test/.buckd/resources/95f1b0eeced0bb32f33cd37d997849f077d4d791/path_to_sh_binary_template, user.name=jack, user.language.format=en, buck.path_to_pywatchman=/Users/jack/Downloads/test/.buckd/resources/95f1b0eeced0bb32f33cd37d997849f077d4d791/path_to_pywatchman, buck.report_generator_jar=/Users/jack/Downloads/test/.buckd/resources/95f1b0eeced0bb32f33cd37d997849f077d4d791/report_generator_jar, buck.git_commit=95f1b0eeced0bb32f33cd37d997849f077d4d791, user.language=zh, sun.boot.library.path=/Library/Java/JavaVirtualMachines/jdk1.8.0_151.jdk/Contents/Home/jre/lib, jna.nosys=true, java.version=1.8.0_151, user.timezone=Asia/Tokyo, buck.test_util_no_tests_dir=true, sun.arch.data.model=64, java.endorsed.dirs=/Library/Java/JavaVirtualMachines/jdk1.8.0_151.jdk/Contents/Home/jre/lib/endorsed, sun.cpu.isalist=, sun.jnu.encoding=UTF-8, file.encoding.pkg=sun.io, file.separator=/, java.specification.name=Java Platform API Specification, buck.jacoco_agent_jar=/Users/jack/Downloads/test/.buckd/resources/95f1b0eeced0bb32f33cd37d997849f077d4d791/jacoco_agent_jar, java.class.version=52.0, user.country=CN, buck.binary_hash=14ce60d582c46f8e95588198e8076f3f, java.home=/Library/Java/JavaVirtualMachines/jdk1.8.0_151.jdk/Contents/Home/jre, buck.fix_script=/Users/jack/Downloads/test/.buckd/resources/95f1b0eeced0bb32f33cd37d997849f077d4d791/fix_script, java.vm.info=mixed mode, os.version=10.13.6, buck.external_executor_jar=/Users/jack/Downloads/test/.buckd/resources/95f1b0eeced0bb32f33cd37d997849f077d4d791/external_executor_jar, buck.version_uid=95f1b0eeced0bb32f33cd37d997849f077d4d791, org.eclipse.jetty.util.log.class=org.eclipse.jetty.util.log.JavaUtilLog, path.separator=:, java.vm.version=25.151-b12, java.awt.printerjob=sun.lwawt.macosx.CPrinterJob, sun.io.unicode.encoding=UnicodeBig, awt.toolkit=sun.lwawt.macosx.LWCToolkit, buck.mode=package, buck.buck_build_type_info=/Users/jack/Downloads/test/.buckd/resources/95f1b0eeced0bb32f33cd37d997849f077d4d791/buck_build_type_info, buck.dx=/Users/jack/Downloads/test/.buckd/resources/95f1b0eeced0bb32f33cd37d997849f077d4d791/dx, buck.git_commit_timestamp=1532375351, user.home=/Users/jack, java.specification.vendor=Oracle Corporation, buck.git_dirty=0, java.library.path=/Users/jack/Downloads/test/.buckd/resources/95f1b0eeced0bb32f33cd37d997849f077d4d791, java.vendor.url=http://java.oracle.com/, java.vm.vendor=Oracle Corporation, gopherProxySet=false, java.runtime.name=Java(TM) SE Runtime Environment, sun.java.command=com.facebook.buck.cli.bootstrapper.ClassLoaderBootstrapper com.facebook.buck.cli.Main$DaemonBootstrap local:.buckd/sock 120000, java.class.path=/Users/jack/Downloads/test/.buckd/resources/95f1b0eeced0bb32f33cd37d997849f077d4d791/bootstrapper_jar, buck.buckd_dir=/Users/jack/Downloads/test/.buckd, buck.path_to_pathlib_py=/Users/jack/Downloads/test/.buckd/resources/95f1b0eeced0bb32f33cd37d997849f077d4d791/pathlib.py, buck.buckd_launch_time_nanos=113213509345894, java.vm.specification.name=Java Virtual Machine Specification, com.martiansoftware.nailgun.NGServer.outputPath=/Users/jack/Downloads/test/.buckd/tmp/buck_run.VlNpxu/ngserver-out, java.vm.specification.version=1.8, sun.cpu.endian=little, sun.os.patch.level=unknown, java.awt.headless=true, java.io.tmpdir=/Users/jack/Downloads/test/.buckd/tmp/buck_run.VlNpxu, buck.android_agent_path=/Users/jack/Downloads/test/.buckd/resources/95f1b0eeced0bb32f33cd37d997849f077d4d791/android_agent_path, java.vendor.url.bug=http://bugreport.sun.com/bugreport/, buck.path_to_python_dsl=, jna.platform.library.path=/usr/lib:/usr/lib, os.arch=x86_64, java.awt.graphicsenv=sun.awt.CGraphicsEnvironment, java.ext.dirs=/Users/jack/Library/Java/Extensions:/Library/Java/JavaVirtualMachines/jdk1.8.0_151.jdk/Contents/Home/jre/lib/ext:/Library/Java/Extensions:/Network/Library/Java/Extensions:/System/Library/Java/Extensions:/usr/lib/java, java.util.logging.config.class=com.facebook.buck.cli.bootstrapper.LogConfig, user.dir=/Users/jack/Downloads/test, java.nio.file.spi.DefaultFileSystemProvider=com.facebook.buck.cli.bootstrapper.filesystem.BuckFileSystemProvider, line.separator=
, java.vm.name=Java HotSpot(TM) 64-Bit Server VM, buck.path_to_typing=/Users/jack/Downloads/test/.buckd/resources/95f1b0eeced0bb32f33cd37d997849f077d4d791/path_to_typing, buck.native_exopackage_fake_path=/Users/jack/Downloads/test/.buckd/resources/95f1b0eeced0bb32f33cd37d997849f077d4d791/native_exopackage_fake_path, file.encoding=UTF-8, java.specification.version=1.8}
[2018-07-30 08:22:07.690][debug][command:null][tid:13][com.facebook.buck.util.config.Configs] Loading configuration for /Users/jack/Downloads/test
[2018-07-30 08:22:07.691][debug][command:null][tid:13][com.facebook.buck.util.config.Configs] Loaded project configuration file /Users/jack/Downloads/test/.buckconfig
[2018-07-30 08:22:07.692][debug][command:null][tid:13][com.facebook.buck.util.config.Configs] Loaded a configuration file /Users/jack/Downloads/test/.buckconfig.local, {android={build_tools_version=24.0.2, target=android-24}, buildfile={includes=//.okbuck/defs/DEFS}, kotlin={kotlin_home=.okbuck/cache/kotlin_home}, tools={proguard=.okbuck/cache/proguard/proguard-base-6.0.3.jar}}
[2018-07-30 08:22:07.692][debug][command:null][tid:13][com.facebook.buck.util.config.Configs] Adding configuration overrides RawConfig{values={}}
[2018-07-30 08:22:07.698][info ][command:null][tid:13][com.facebook.buck.io.WatchmanFactory] Creating for: [/Users/jack/Downloads/test]
[2018-07-30 08:22:07.701][debug][command:null][tid:13][com.facebook.buck.io.ExecutableFinder] Executable 'watchman' mapped to 'Optional[/usr/local/bin/watchman]'
[2018-07-30 08:22:07.703][debug][command:null][tid:13][com.facebook.buck.util.ListeningProcessExecutor] Launching process with params ProcessExecutorParams{command=[/usr/local/bin/watchman, --output-encoding=bser, get-sockname]}
[2018-07-30 08:22:07.708][debug][command:null][tid:13][com.facebook.buck.util.ListeningProcessExecutor] Successfully launched process com.zaxxer.nuprocess.osx.OsxProcess@6921fdbc
[2018-07-30 08:22:07.708][debug][command:null][tid:13][com.facebook.buck.util.ListeningProcessExecutor] Waiting for process com.facebook.buck.util.ListeningProcessExecutor$LaunchedProcessImpl@718f701e timeout 1000000000 NANOSECONDS
[2018-07-30 08:22:07.732][debug][command:null][tid:13][com.facebook.buck.util.ListeningProcessExecutor] Wait for process returned 0
[2018-07-30 08:22:07.733][debug][command:null][tid:13][com.facebook.buck.io.WatchmanFactory] Waited 24 ms for Watchman command get-sockname, exit code 0
[2018-07-30 08:22:07.734][debug][command:null][tid:13][com.facebook.buck.io.WatchmanFactory] stdout of command: {sockname=/usr/local/var/run/watchman/jack-state/sock, version=4.9.0}
[2018-07-30 08:22:07.734][info ][command:null][tid:13][com.facebook.buck.io.WatchmanFactory] Connecting to Watchman version 4.9.0 at /usr/local/var/run/watchman/jack-state/sock
[2018-07-30 08:22:07.736][debug][command:null][tid:195][com.facebook.buck.io.WatchmanTransportClient] Sending query: [version, {required=[cmd-watch-project], optional=[term-dirname, cmd-watch-project, wildmatch, wildmatch_multislash, glob_generator, clock-sync-timeout]}]
[2018-07-30 08:22:07.738][debug][command:null][tid:13][com.facebook.buck.io.WatchmanTransportClient] Query [version, {required=[cmd-watch-project], optional=[term-dirname, cmd-watch-project, wildmatch, wildmatch_multislash, glob_generator, clock-sync-timeout]}] returned in 2 ms
[2018-07-30 08:22:07.738][info ][command:null][tid:13][com.facebook.buck.io.WatchmanFactory] Took 3 ms to query capabilities {term-dirname=DIRNAME, cmd-watch-project=SUPPORTS_PROJECT_WATCH, wildmatch=WILDMATCH_GLOB, wildmatch_multislash=WILDMATCH_MULTISLASH, glob_generator=GLOB_GENERATOR, clock-sync-timeout=CLOCK_SYNC_TIMEOUT}
[2018-07-30 08:22:07.739][debug][command:null][tid:13][com.facebook.buck.io.WatchmanFactory] Got capabilities response: {clock-sync-timeout=true, glob_generator=true, wildmatch_multislash=false, cmd-watch-project=true, wildmatch=true, term-dirname=true}
[2018-07-30 08:22:07.739][debug][command:null][tid:13][com.facebook.buck.io.WatchmanFactory] Got Watchman capabilities: [CLOCK_SYNC_TIMEOUT, GLOB_GENERATOR, SUPPORTS_PROJECT_WATCH, WILDMATCH_GLOB, DIRNAME]
[2018-07-30 08:22:07.740][info ][command:null][tid:13][com.facebook.buck.io.WatchmanFactory] Adding watchman root: /Users/jack/Downloads/test
[2018-07-30 08:22:07.740][debug][command:null][tid:195][com.facebook.buck.io.WatchmanTransportClient] Sending query: [watch-project, /Users/jack/Downloads/test]
[2018-07-30 08:22:07.740][debug][command:null][tid:13][com.facebook.buck.io.WatchmanTransportClient] Query [watch-project, /Users/jack/Downloads/test] returned in 0 ms
[2018-07-30 08:22:07.740][debug][command:null][tid:195][com.facebook.buck.io.WatchmanTransportClient] Sending query: [watch-project, /Users/jack/Downloads/test]
[2018-07-30 08:22:07.741][debug][command:null][tid:13][com.facebook.buck.io.WatchmanTransportClient] Query [watch-project, /Users/jack/Downloads/test] returned in 0 ms
[2018-07-30 08:22:07.741][info ][command:null][tid:13][com.facebook.buck.io.WatchmanFactory] Took 1 ms to add root /Users/jack/Downloads/test
[2018-07-30 08:22:07.741][debug][command:null][tid:195][com.facebook.buck.io.WatchmanTransportClient] Sending query: [clock, /Users/jack/Downloads/test, {sync_timeout=100}]
[2018-07-30 08:22:07.787][debug][command:null][tid:13][com.facebook.buck.io.WatchmanTransportClient] Query [clock, /Users/jack/Downloads/test, {sync_timeout=100}] returned in 45 ms
[2018-07-30 08:22:07.787][info ][command:null][tid:13][com.facebook.buck.io.WatchmanFactory] Took 45 ms to query for initial clock id Optional[c:1532259872:486:6:644]
[2018-07-30 08:22:07.787][debug][command:null][tid:13][com.facebook.buck.io.WatchmanFactory] Connected to Watchman
[2018-07-30 08:22:07.787][debug][command:null][tid:13][com.facebook.buck.io.WatchmanTransportClient] Closing Watchman transport.
[2018-07-30 08:22:07.788][debug][command:null][tid:13][com.facebook.buck.cli.Main] Watchman capabilities: [CLOCK_SYNC_TIMEOUT, GLOB_GENERATOR, SUPPORTS_PROJECT_WATCH, WILDMATCH_GLOB, DIRNAME] Project watches: {/Users/jack/Downloads/test=ProjectWatch{watchRoot=/Users/jack/Downloads/test}} Glob handler config: PYTHON Query timeout ms config: Optional.empty
