[2018-07-30 06:36:22.491][debug][command:null][tid:01][com.sun.jna.Platform] null
java.io.FileNotFoundException: /proc/self/exe (No such file or directory)
	at java.io.RandomAccessFile.open0(Native Method)
	at java.io.RandomAccessFile.open(RandomAccessFile.java:316)
	at java.io.RandomAccessFile.<init>(RandomAccessFile.java:243)
	at java.io.RandomAccessFile.<init>(RandomAccessFile.java:124)
	at com.sun.jna.ELFAnalyser.runDetection(ELFAnalyser.java:109)
	at com.sun.jna.ELFAnalyser.analyse(ELFAnalyser.java:36)
	at com.sun.jna.Platform.isSoftFloat(Platform.java:259)
	at com.sun.jna.Platform.<clinit>(Platform.java:133)
	at com.sun.jna.Native.loadNativeDispatchLibraryFromClasspath(Native.java:936)
	at com.sun.jna.Native.loadNativeDispatchLibrary(Native.java:922)
	at com.sun.jna.Native.<clinit>(Native.java:190)
	at com.sun.jna.Pointer.<clinit>(Pointer.java:54)
	at com.facebook.buck.cli.Main.<clinit>(Main.java:231)
	at com.facebook.buck.cli.Main$DaemonBootstrap.main(Main.java:1916)
	at sun.reflect.NativeMethodAccessorImpl.invoke0(Native Method)
	at sun.reflect.NativeMethodAccessorImpl.invoke(NativeMethodAccessorImpl.java:62)
	at sun.reflect.DelegatingMethodAccessorImpl.invoke(DelegatingMethodAccessorImpl.java:43)
	at java.lang.reflect.Method.invoke(Method.java:498)
	at com.facebook.buck.cli.bootstrapper.ClassLoaderBootstrapper.main(ClassLoaderBootstrapper.java:55)

[2018-07-30 06:36:22.589][debug][command:null][tid:01][com.sun.jna.Platform] null
java.io.FileNotFoundException: /proc/self/exe (No such file or directory)
	at java.io.RandomAccessFile.open0(Native Method)
	at java.io.RandomAccessFile.open(RandomAccessFile.java:316)
	at java.io.RandomAccessFile.<init>(RandomAccessFile.java:243)
	at java.io.RandomAccessFile.<init>(RandomAccessFile.java:124)
	at com.sun.jna.ELFAnalyser.runDetection(ELFAnalyser.java:109)
	at com.sun.jna.ELFAnalyser.analyse(ELFAnalyser.java:36)
	at com.sun.jna.Platform.isSoftFloat(Platform.java:259)
	at com.sun.jna.Platform.getNativeLibraryResourcePrefix(Platform.java:287)
	at com.sun.jna.Platform.getNativeLibraryResourcePrefix(Platform.java:276)
	at com.sun.jna.Platform.<clinit>(Platform.java:134)
	at com.sun.jna.Native.loadNativeDispatchLibraryFromClasspath(Native.java:936)
	at com.sun.jna.Native.loadNativeDispatchLibrary(Native.java:922)
	at com.sun.jna.Native.<clinit>(Native.java:190)
	at com.sun.jna.Pointer.<clinit>(Pointer.java:54)
	at com.facebook.buck.cli.Main.<clinit>(Main.java:231)
	at com.facebook.buck.cli.Main$DaemonBootstrap.main(Main.java:1916)
	at sun.reflect.NativeMethodAccessorImpl.invoke0(Native Method)
	at sun.reflect.NativeMethodAccessorImpl.invoke(NativeMethodAccessorImpl.java:62)
	at sun.reflect.DelegatingMethodAccessorImpl.invoke(DelegatingMethodAccessorImpl.java:43)
	at java.lang.reflect.Method.invoke(Method.java:498)
	at com.facebook.buck.cli.bootstrapper.ClassLoaderBootstrapper.main(ClassLoaderBootstrapper.java:55)

[2018-07-30 06:36:22.670][info ][command:null][tid:01][com.facebook.buck.cli.HangMonitor] HangMonitorAutoStart
[2018-07-30 06:36:22.812][debug][command:null][tid:01][com.google.common.util.concurrent.ServiceManager] Starting HangMonitor [STARTING].
[2018-07-30 06:36:22.813][debug][command:null][tid:01][com.google.common.util.concurrent.ServiceManager] Started HangMonitor [RUNNING] in 17.41 ms.
[2018-07-30 06:36:22.855][info ][command:null][tid:01][com.facebook.buck.cli.Main] enabling background process killing for buckd
[2018-07-30 06:36:22.861][info ][command:null][tid:01][com.facebook.buck.cli.Main] enabled background process killing for buckd
[2018-07-30 06:36:22.863][info ][command:null][tid:01][com.facebook.buck.cli.Main] initialized bg session killer
[2018-07-30 06:36:22.932][debug][command:null][tid:13][com.martiansoftware.nailgun.NGSession] Waiting for first client to connect
[2018-07-30 06:36:22.980][debug][command:null][tid:14][com.martiansoftware.nailgun.NGSession] Waiting for first client to connect
[2018-07-30 06:36:22.980][debug][command:null][tid:13][com.martiansoftware.nailgun.NGSession] Client connected
[2018-07-30 06:36:22.989][debug][command:null][tid:15][com.martiansoftware.nailgun.NGCommunicator] Orchestrator thread started
[2018-07-30 06:36:23.047][debug][command:null][tid:13][com.facebook.buck.util.config.Configs] Loading configuration for /Users/jack/Downloads/test
[2018-07-30 06:36:23.095][debug][command:null][tid:13][com.facebook.buck.util.config.Configs] Loaded project configuration file /Users/jack/Downloads/test/.buckconfig
[2018-07-30 06:36:23.102][debug][command:null][tid:13][com.facebook.buck.util.config.Configs] Loaded a configuration file /Users/jack/Downloads/test/.buckconfig.local, {android={build_tools_version=24.0.2, target=android-24}, buildfile={includes=//.okbuck/defs/DEFS}, kotlin={kotlin_home=.okbuck/cache/kotlin_home}, tools={proguard=.okbuck/cache/proguard/proguard-base-6.0.3.jar}}
[2018-07-30 06:36:23.104][debug][command:null][tid:13][com.facebook.buck.util.config.Configs] Adding configuration overrides RawConfig{values={}}
[2018-07-30 06:36:23.403][info ][command:null][tid:13][org.pf4j.DefaultPluginStatusProvider] Enabled plugins: []
[2018-07-30 06:36:23.404][info ][command:null][tid:13][org.pf4j.DefaultPluginStatusProvider] Disabled plugins: []
[2018-07-30 06:36:23.408][info ][command:null][tid:13][org.pf4j.DefaultPluginManager] PF4J version 0.0.0 in 'deployment' mode
[2018-07-30 06:36:23.408][debug][command:null][tid:13][org.pf4j.AbstractPluginManager] Lookup plugins in '/Users/jack/Downloads/test/.buckd/resources/910226716ecd215a38f27bd3dcfd7da3793e6cff/buck-modules'
[2018-07-30 06:36:23.411][debug][command:null][tid:13][org.pf4j.AbstractPluginManager] Found 12 possible plugins: [/Users/jack/Downloads/test/.buckd/resources/910226716ecd215a38f27bd3dcfd7da3793e6cff/buck-modules/python.jar, /Users/jack/Downloads/test/.buckd/resources/910226716ecd215a38f27bd3dcfd7da3793e6cff/buck-modules/ziprules.jar, /Users/jack/Downloads/test/.buckd/resources/910226716ecd215a38f27bd3dcfd7da3793e6cff/buck-modules/lua.jar, /Users/jack/Downloads/test/.buckd/resources/910226716ecd215a38f27bd3dcfd7da3793e6cff/buck-modules/filegroup.jar, /Users/jack/Downloads/test/.buckd/resources/910226716ecd215a38f27bd3dcfd7da3793e6cff/buck-modules/filebundler.jar, /Users/jack/Downloads/test/.buckd/resources/910226716ecd215a38f27bd3dcfd7da3793e6cff/buck-modules/gwt.jar, /Users/jack/Downloads/test/.buckd/resources/910226716ecd215a38f27bd3dcfd7da3793e6cff/buck-modules/haskell.jar, /Users/jack/Downloads/test/.buckd/resources/910226716ecd215a38f27bd3dcfd7da3793e6cff/buck-modules/rust.jar, /Users/jack/Downloads/test/.buckd/resources/910226716ecd215a38f27bd3dcfd7da3793e6cff/buck-modules/go.jar, /Users/jack/Downloads/test/.buckd/resources/910226716ecd215a38f27bd3dcfd7da3793e6cff/buck-modules/d.jar, /Users/jack/Downloads/test/.buckd/resources/910226716ecd215a38f27bd3dcfd7da3793e6cff/buck-modules/ocaml.jar, /Users/jack/Downloads/test/.buckd/resources/910226716ecd215a38f27bd3dcfd7da3793e6cff/buck-modules/dotnet.jar]
[2018-07-30 06:36:23.411][debug][command:null][tid:13][org.pf4j.AbstractPluginManager] Use 'org.pf4j.CompoundPluginDescriptorFinder@533f8ca2' to find plugins descriptors
[2018-07-30 06:36:23.412][debug][command:null][tid:13][org.pf4j.AbstractPluginManager] Finding plugin descriptor for plugin '/Users/jack/Downloads/test/.buckd/resources/910226716ecd215a38f27bd3dcfd7da3793e6cff/buck-modules/python.jar'
[2018-07-30 06:36:23.412][debug][command:null][tid:13][org.pf4j.CompoundPluginDescriptorFinder] 'org.pf4j.ManifestPluginDescriptorFinder@596220a0' is applicable for plugin '/Users/jack/Downloads/test/.buckd/resources/910226716ecd215a38f27bd3dcfd7da3793e6cff/buck-modules/python.jar'
[2018-07-30 06:36:23.415][debug][command:null][tid:13][org.pf4j.AbstractPluginManager] Found descriptor PluginDescriptor [pluginId=com.facebook.buck.features.python, pluginClass=com.facebook.buck.features.python.PythonModuleAdapterPlugin, version=0.0.1, provider=null, dependencies=[], description=, requires=*, license=null]
[2018-07-30 06:36:23.415][debug][command:null][tid:13][org.pf4j.AbstractPluginManager] Class 'com.facebook.buck.features.python.PythonModuleAdapterPlugin' for plugin '/Users/jack/Downloads/test/.buckd/resources/910226716ecd215a38f27bd3dcfd7da3793e6cff/buck-modules/python.jar'
[2018-07-30 06:36:23.415][debug][command:null][tid:13][org.pf4j.AbstractPluginManager] Loading plugin '/Users/jack/Downloads/test/.buckd/resources/910226716ecd215a38f27bd3dcfd7da3793e6cff/buck-modules/python.jar'
[2018-07-30 06:36:23.416][debug][command:null][tid:13][org.pf4j.PluginClassLoader] Add 'file:/Users/jack/Downloads/test/.buckd/resources/910226716ecd215a38f27bd3dcfd7da3793e6cff/buck-modules/python.jar'
[2018-07-30 06:36:23.417][debug][command:null][tid:13][org.pf4j.AbstractPluginManager] Loaded plugin '/Users/jack/Downloads/test/.buckd/resources/910226716ecd215a38f27bd3dcfd7da3793e6cff/buck-modules/python.jar' with class loader 'org.pf4j.PluginClassLoader@7fe4bf86'
[2018-07-30 06:36:23.417][debug][command:null][tid:13][org.pf4j.AbstractPluginManager] Creating wrapper for plugin '/Users/jack/Downloads/test/.buckd/resources/910226716ecd215a38f27bd3dcfd7da3793e6cff/buck-modules/python.jar'
[2018-07-30 06:36:23.421][debug][command:null][tid:13][org.pf4j.AbstractPluginManager] Created wrapper 'PluginWrapper [descriptor=PluginDescriptor [pluginId=com.facebook.buck.features.python, pluginClass=com.facebook.buck.features.python.PythonModuleAdapterPlugin, version=0.0.1, provider=null, dependencies=[], description=, requires=*, license=null], pluginPath=/Users/jack/Downloads/test/.buckd/resources/910226716ecd215a38f27bd3dcfd7da3793e6cff/buck-modules/python.jar]' for plugin '/Users/jack/Downloads/test/.buckd/resources/910226716ecd215a38f27bd3dcfd7da3793e6cff/buck-modules/python.jar'
[2018-07-30 06:36:23.422][debug][command:null][tid:13][org.pf4j.AbstractPluginManager] Use 'org.pf4j.CompoundPluginDescriptorFinder@533f8ca2' to find plugins descriptors
[2018-07-30 06:36:23.422][debug][command:null][tid:13][org.pf4j.AbstractPluginManager] Finding plugin descriptor for plugin '/Users/jack/Downloads/test/.buckd/resources/910226716ecd215a38f27bd3dcfd7da3793e6cff/buck-modules/ziprules.jar'
[2018-07-30 06:36:23.422][debug][command:null][tid:13][org.pf4j.CompoundPluginDescriptorFinder] 'org.pf4j.ManifestPluginDescriptorFinder@596220a0' is applicable for plugin '/Users/jack/Downloads/test/.buckd/resources/910226716ecd215a38f27bd3dcfd7da3793e6cff/buck-modules/ziprules.jar'
[2018-07-30 06:36:23.424][debug][command:null][tid:13][org.pf4j.AbstractPluginManager] Found descriptor PluginDescriptor [pluginId=com.facebook.buck.features.zip.rules, pluginClass=com.facebook.buck.features.zip.rules.ZipRulesModuleAdapterPlugin, version=0.0.1, provider=null, dependencies=[PluginDependency [pluginId=com.facebook.buck.features.filebundler, pluginVersionSupport=*]], description=, requires=*, license=null]
[2018-07-30 06:36:23.424][debug][command:null][tid:13][org.pf4j.AbstractPluginManager] Class 'com.facebook.buck.features.zip.rules.ZipRulesModuleAdapterPlugin' for plugin '/Users/jack/Downloads/test/.buckd/resources/910226716ecd215a38f27bd3dcfd7da3793e6cff/buck-modules/ziprules.jar'
[2018-07-30 06:36:23.424][debug][command:null][tid:13][org.pf4j.AbstractPluginManager] Loading plugin '/Users/jack/Downloads/test/.buckd/resources/910226716ecd215a38f27bd3dcfd7da3793e6cff/buck-modules/ziprules.jar'
[2018-07-30 06:36:23.425][debug][command:null][tid:13][org.pf4j.PluginClassLoader] Add 'file:/Users/jack/Downloads/test/.buckd/resources/910226716ecd215a38f27bd3dcfd7da3793e6cff/buck-modules/ziprules.jar'
[2018-07-30 06:36:23.425][debug][command:null][tid:13][org.pf4j.AbstractPluginManager] Loaded plugin '/Users/jack/Downloads/test/.buckd/resources/910226716ecd215a38f27bd3dcfd7da3793e6cff/buck-modules/ziprules.jar' with class loader 'org.pf4j.PluginClassLoader@8f6b492'
[2018-07-30 06:36:23.425][debug][command:null][tid:13][org.pf4j.AbstractPluginManager] Creating wrapper for plugin '/Users/jack/Downloads/test/.buckd/resources/910226716ecd215a38f27bd3dcfd7da3793e6cff/buck-modules/ziprules.jar'
[2018-07-30 06:36:23.425][debug][command:null][tid:13][org.pf4j.AbstractPluginManager] Created wrapper 'PluginWrapper [descriptor=PluginDescriptor [pluginId=com.facebook.buck.features.zip.rules, pluginClass=com.facebook.buck.features.zip.rules.ZipRulesModuleAdapterPlugin, version=0.0.1, provider=null, dependencies=[PluginDependency [pluginId=com.facebook.buck.features.filebundler, pluginVersionSupport=*]], description=, requires=*, license=null], pluginPath=/Users/jack/Downloads/test/.buckd/resources/910226716ecd215a38f27bd3dcfd7da3793e6cff/buck-modules/ziprules.jar]' for plugin '/Users/jack/Downloads/test/.buckd/resources/910226716ecd215a38f27bd3dcfd7da3793e6cff/buck-modules/ziprules.jar'
[2018-07-30 06:36:23.425][debug][command:null][tid:13][org.pf4j.AbstractPluginManager] Use 'org.pf4j.CompoundPluginDescriptorFinder@533f8ca2' to find plugins descriptors
[2018-07-30 06:36:23.426][debug][command:null][tid:13][org.pf4j.AbstractPluginManager] Finding plugin descriptor for plugin '/Users/jack/Downloads/test/.buckd/resources/910226716ecd215a38f27bd3dcfd7da3793e6cff/buck-modules/lua.jar'
[2018-07-30 06:36:23.426][debug][command:null][tid:13][org.pf4j.CompoundPluginDescriptorFinder] 'org.pf4j.ManifestPluginDescriptorFinder@596220a0' is applicable for plugin '/Users/jack/Downloads/test/.buckd/resources/910226716ecd215a38f27bd3dcfd7da3793e6cff/buck-modules/lua.jar'
[2018-07-30 06:36:23.426][debug][command:null][tid:13][org.pf4j.AbstractPluginManager] Found descriptor PluginDescriptor [pluginId=com.facebook.buck.features.lua, pluginClass=com.facebook.buck.features.lua.LuaModuleAdapterPlugin, version=0.0.1, provider=null, dependencies=[PluginDependency [pluginId=com.facebook.buck.features.python, pluginVersionSupport=*]], description=, requires=*, license=null]
[2018-07-30 06:36:23.427][debug][command:null][tid:13][org.pf4j.AbstractPluginManager] Class 'com.facebook.buck.features.lua.LuaModuleAdapterPlugin' for plugin '/Users/jack/Downloads/test/.buckd/resources/910226716ecd215a38f27bd3dcfd7da3793e6cff/buck-modules/lua.jar'
[2018-07-30 06:36:23.427][debug][command:null][tid:13][org.pf4j.AbstractPluginManager] Loading plugin '/Users/jack/Downloads/test/.buckd/resources/910226716ecd215a38f27bd3dcfd7da3793e6cff/buck-modules/lua.jar'
[2018-07-30 06:36:23.427][debug][command:null][tid:13][org.pf4j.PluginClassLoader] Add 'file:/Users/jack/Downloads/test/.buckd/resources/910226716ecd215a38f27bd3dcfd7da3793e6cff/buck-modules/lua.jar'
[2018-07-30 06:36:23.427][debug][command:null][tid:13][org.pf4j.AbstractPluginManager] Loaded plugin '/Users/jack/Downloads/test/.buckd/resources/910226716ecd215a38f27bd3dcfd7da3793e6cff/buck-modules/lua.jar' with class loader 'org.pf4j.PluginClassLoader@308a0828'
[2018-07-30 06:36:23.427][debug][command:null][tid:13][org.pf4j.AbstractPluginManager] Creating wrapper for plugin '/Users/jack/Downloads/test/.buckd/resources/910226716ecd215a38f27bd3dcfd7da3793e6cff/buck-modules/lua.jar'
[2018-07-30 06:36:23.427][debug][command:null][tid:13][org.pf4j.AbstractPluginManager] Created wrapper 'PluginWrapper [descriptor=PluginDescriptor [pluginId=com.facebook.buck.features.lua, pluginClass=com.facebook.buck.features.lua.LuaModuleAdapterPlugin, version=0.0.1, provider=null, dependencies=[PluginDependency [pluginId=com.facebook.buck.features.python, pluginVersionSupport=*]], description=, requires=*, license=null], pluginPath=/Users/jack/Downloads/test/.buckd/resources/910226716ecd215a38f27bd3dcfd7da3793e6cff/buck-modules/lua.jar]' for plugin '/Users/jack/Downloads/test/.buckd/resources/910226716ecd215a38f27bd3dcfd7da3793e6cff/buck-modules/lua.jar'
[2018-07-30 06:36:23.428][debug][command:null][tid:13][org.pf4j.AbstractPluginManager] Use 'org.pf4j.CompoundPluginDescriptorFinder@533f8ca2' to find plugins descriptors
[2018-07-30 06:36:23.428][debug][command:null][tid:13][org.pf4j.AbstractPluginManager] Finding plugin descriptor for plugin '/Users/jack/Downloads/test/.buckd/resources/910226716ecd215a38f27bd3dcfd7da3793e6cff/buck-modules/filegroup.jar'
[2018-07-30 06:36:23.428][debug][command:null][tid:13][org.pf4j.CompoundPluginDescriptorFinder] 'org.pf4j.ManifestPluginDescriptorFinder@596220a0' is applicable for plugin '/Users/jack/Downloads/test/.buckd/resources/910226716ecd215a38f27bd3dcfd7da3793e6cff/buck-modules/filegroup.jar'
[2018-07-30 06:36:23.428][debug][command:null][tid:13][org.pf4j.AbstractPluginManager] Found descriptor PluginDescriptor [pluginId=com.facebook.buck.features.filegroup, pluginClass=com.facebook.buck.features.filegroup.FilegroupModuleAdapterPlugin, version=0.0.1, provider=null, dependencies=[PluginDependency [pluginId=com.facebook.buck.features.filebundler, pluginVersionSupport=*]], description=, requires=*, license=null]
[2018-07-30 06:36:23.428][debug][command:null][tid:13][org.pf4j.AbstractPluginManager] Class 'com.facebook.buck.features.filegroup.FilegroupModuleAdapterPlugin' for plugin '/Users/jack/Downloads/test/.buckd/resources/910226716ecd215a38f27bd3dcfd7da3793e6cff/buck-modules/filegroup.jar'
[2018-07-30 06:36:23.429][debug][command:null][tid:13][org.pf4j.AbstractPluginManager] Loading plugin '/Users/jack/Downloads/test/.buckd/resources/910226716ecd215a38f27bd3dcfd7da3793e6cff/buck-modules/filegroup.jar'
[2018-07-30 06:36:23.429][debug][command:null][tid:13][org.pf4j.PluginClassLoader] Add 'file:/Users/jack/Downloads/test/.buckd/resources/910226716ecd215a38f27bd3dcfd7da3793e6cff/buck-modules/filegroup.jar'
[2018-07-30 06:36:23.429][debug][command:null][tid:13][org.pf4j.AbstractPluginManager] Loaded plugin '/Users/jack/Downloads/test/.buckd/resources/910226716ecd215a38f27bd3dcfd7da3793e6cff/buck-modules/filegroup.jar' with class loader 'org.pf4j.PluginClassLoader@3a4276b6'
[2018-07-30 06:36:23.429][debug][command:null][tid:13][org.pf4j.AbstractPluginManager] Creating wrapper for plugin '/Users/jack/Downloads/test/.buckd/resources/910226716ecd215a38f27bd3dcfd7da3793e6cff/buck-modules/filegroup.jar'
[2018-07-30 06:36:23.430][debug][command:null][tid:13][org.pf4j.AbstractPluginManager] Created wrapper 'PluginWrapper [descriptor=PluginDescriptor [pluginId=com.facebook.buck.features.filegroup, pluginClass=com.facebook.buck.features.filegroup.FilegroupModuleAdapterPlugin, version=0.0.1, provider=null, dependencies=[PluginDependency [pluginId=com.facebook.buck.features.filebundler, pluginVersionSupport=*]], description=, requires=*, license=null], pluginPath=/Users/jack/Downloads/test/.buckd/resources/910226716ecd215a38f27bd3dcfd7da3793e6cff/buck-modules/filegroup.jar]' for plugin '/Users/jack/Downloads/test/.buckd/resources/910226716ecd215a38f27bd3dcfd7da3793e6cff/buck-modules/filegroup.jar'
[2018-07-30 06:36:23.430][debug][command:null][tid:13][org.pf4j.AbstractPluginManager] Use 'org.pf4j.CompoundPluginDescriptorFinder@533f8ca2' to find plugins descriptors
[2018-07-30 06:36:23.430][debug][command:null][tid:13][org.pf4j.AbstractPluginManager] Finding plugin descriptor for plugin '/Users/jack/Downloads/test/.buckd/resources/910226716ecd215a38f27bd3dcfd7da3793e6cff/buck-modules/filebundler.jar'
[2018-07-30 06:36:23.430][debug][command:null][tid:13][org.pf4j.CompoundPluginDescriptorFinder] 'org.pf4j.ManifestPluginDescriptorFinder@596220a0' is applicable for plugin '/Users/jack/Downloads/test/.buckd/resources/910226716ecd215a38f27bd3dcfd7da3793e6cff/buck-modules/filebundler.jar'
[2018-07-30 06:36:23.431][debug][command:null][tid:13][org.pf4j.AbstractPluginManager] Found descriptor PluginDescriptor [pluginId=com.facebook.buck.features.filebundler, pluginClass=com.facebook.buck.features.filebundler.FileBundlerModuleAdapterPlugin, version=0.0.1, provider=null, dependencies=[], description=, requires=*, license=null]
[2018-07-30 06:36:23.431][debug][command:null][tid:13][org.pf4j.AbstractPluginManager] Class 'com.facebook.buck.features.filebundler.FileBundlerModuleAdapterPlugin' for plugin '/Users/jack/Downloads/test/.buckd/resources/910226716ecd215a38f27bd3dcfd7da3793e6cff/buck-modules/filebundler.jar'
[2018-07-30 06:36:23.431][debug][command:null][tid:13][org.pf4j.AbstractPluginManager] Loading plugin '/Users/jack/Downloads/test/.buckd/resources/910226716ecd215a38f27bd3dcfd7da3793e6cff/buck-modules/filebundler.jar'
[2018-07-30 06:36:23.431][debug][command:null][tid:13][org.pf4j.PluginClassLoader] Add 'file:/Users/jack/Downloads/test/.buckd/resources/910226716ecd215a38f27bd3dcfd7da3793e6cff/buck-modules/filebundler.jar'
[2018-07-30 06:36:23.431][debug][command:null][tid:13][org.pf4j.AbstractPluginManager] Loaded plugin '/Users/jack/Downloads/test/.buckd/resources/910226716ecd215a38f27bd3dcfd7da3793e6cff/buck-modules/filebundler.jar' with class loader 'org.pf4j.PluginClassLoader@1119cdc2'
[2018-07-30 06:36:23.431][debug][command:null][tid:13][org.pf4j.AbstractPluginManager] Creating wrapper for plugin '/Users/jack/Downloads/test/.buckd/resources/910226716ecd215a38f27bd3dcfd7da3793e6cff/buck-modules/filebundler.jar'
[2018-07-30 06:36:23.431][debug][command:null][tid:13][org.pf4j.AbstractPluginManager] Created wrapper 'PluginWrapper [descriptor=PluginDescriptor [pluginId=com.facebook.buck.features.filebundler, pluginClass=com.facebook.buck.features.filebundler.FileBundlerModuleAdapterPlugin, version=0.0.1, provider=null, dependencies=[], description=, requires=*, license=null], pluginPath=/Users/jack/Downloads/test/.buckd/resources/910226716ecd215a38f27bd3dcfd7da3793e6cff/buck-modules/filebundler.jar]' for plugin '/Users/jack/Downloads/test/.buckd/resources/910226716ecd215a38f27bd3dcfd7da3793e6cff/buck-modules/filebundler.jar'
[2018-07-30 06:36:23.432][debug][command:null][tid:13][org.pf4j.AbstractPluginManager] Use 'org.pf4j.CompoundPluginDescriptorFinder@533f8ca2' to find plugins descriptors
[2018-07-30 06:36:23.432][debug][command:null][tid:13][org.pf4j.AbstractPluginManager] Finding plugin descriptor for plugin '/Users/jack/Downloads/test/.buckd/resources/910226716ecd215a38f27bd3dcfd7da3793e6cff/buck-modules/gwt.jar'
[2018-07-30 06:36:23.432][debug][command:null][tid:13][org.pf4j.CompoundPluginDescriptorFinder] 'org.pf4j.ManifestPluginDescriptorFinder@596220a0' is applicable for plugin '/Users/jack/Downloads/test/.buckd/resources/910226716ecd215a38f27bd3dcfd7da3793e6cff/buck-modules/gwt.jar'
[2018-07-30 06:36:23.432][debug][command:null][tid:13][org.pf4j.AbstractPluginManager] Found descriptor PluginDescriptor [pluginId=com.facebook.buck.features.gwt, pluginClass=com.facebook.buck.features.gwt.GwtBuckModuleAdapterPlugin, version=0.0.1, provider=null, dependencies=[], description=, requires=*, license=null]
[2018-07-30 06:36:23.432][debug][command:null][tid:13][org.pf4j.AbstractPluginManager] Class 'com.facebook.buck.features.gwt.GwtBuckModuleAdapterPlugin' for plugin '/Users/jack/Downloads/test/.buckd/resources/910226716ecd215a38f27bd3dcfd7da3793e6cff/buck-modules/gwt.jar'
[2018-07-30 06:36:23.432][debug][command:null][tid:13][org.pf4j.AbstractPluginManager] Loading plugin '/Users/jack/Downloads/test/.buckd/resources/910226716ecd215a38f27bd3dcfd7da3793e6cff/buck-modules/gwt.jar'
[2018-07-30 06:36:23.433][debug][command:null][tid:13][org.pf4j.PluginClassLoader] Add 'file:/Users/jack/Downloads/test/.buckd/resources/910226716ecd215a38f27bd3dcfd7da3793e6cff/buck-modules/gwt.jar'
[2018-07-30 06:36:23.433][debug][command:null][tid:13][org.pf4j.AbstractPluginManager] Loaded plugin '/Users/jack/Downloads/test/.buckd/resources/910226716ecd215a38f27bd3dcfd7da3793e6cff/buck-modules/gwt.jar' with class loader 'org.pf4j.PluginClassLoader@230d87d4'
[2018-07-30 06:36:23.433][debug][command:null][tid:13][org.pf4j.AbstractPluginManager] Creating wrapper for plugin '/Users/jack/Downloads/test/.buckd/resources/910226716ecd215a38f27bd3dcfd7da3793e6cff/buck-modules/gwt.jar'
[2018-07-30 06:36:23.433][debug][command:null][tid:13][org.pf4j.AbstractPluginManager] Created wrapper 'PluginWrapper [descriptor=PluginDescriptor [pluginId=com.facebook.buck.features.gwt, pluginClass=com.facebook.buck.features.gwt.GwtBuckModuleAdapterPlugin, version=0.0.1, provider=null, dependencies=[], description=, requires=*, license=null], pluginPath=/Users/jack/Downloads/test/.buckd/resources/910226716ecd215a38f27bd3dcfd7da3793e6cff/buck-modules/gwt.jar]' for plugin '/Users/jack/Downloads/test/.buckd/resources/910226716ecd215a38f27bd3dcfd7da3793e6cff/buck-modules/gwt.jar'
[2018-07-30 06:36:23.433][debug][command:null][tid:13][org.pf4j.AbstractPluginManager] Use 'org.pf4j.CompoundPluginDescriptorFinder@533f8ca2' to find plugins descriptors
[2018-07-30 06:36:23.433][debug][command:null][tid:13][org.pf4j.AbstractPluginManager] Finding plugin descriptor for plugin '/Users/jack/Downloads/test/.buckd/resources/910226716ecd215a38f27bd3dcfd7da3793e6cff/buck-modules/haskell.jar'
[2018-07-30 06:36:23.434][debug][command:null][tid:13][org.pf4j.CompoundPluginDescriptorFinder] 'org.pf4j.ManifestPluginDescriptorFinder@596220a0' is applicable for plugin '/Users/jack/Downloads/test/.buckd/resources/910226716ecd215a38f27bd3dcfd7da3793e6cff/buck-modules/haskell.jar'
[2018-07-30 06:36:23.434][debug][command:null][tid:13][org.pf4j.AbstractPluginManager] Found descriptor PluginDescriptor [pluginId=com.facebook.buck.features.haskell, pluginClass=com.facebook.buck.features.haskell.HaskellModuleAdapterPlugin, version=0.0.1, provider=null, dependencies=[], description=, requires=*, license=null]
[2018-07-30 06:36:23.434][debug][command:null][tid:13][org.pf4j.AbstractPluginManager] Class 'com.facebook.buck.features.haskell.HaskellModuleAdapterPlugin' for plugin '/Users/jack/Downloads/test/.buckd/resources/910226716ecd215a38f27bd3dcfd7da3793e6cff/buck-modules/haskell.jar'
[2018-07-30 06:36:23.434][debug][command:null][tid:13][org.pf4j.AbstractPluginManager] Loading plugin '/Users/jack/Downloads/test/.buckd/resources/910226716ecd215a38f27bd3dcfd7da3793e6cff/buck-modules/haskell.jar'
[2018-07-30 06:36:23.434][debug][command:null][tid:13][org.pf4j.PluginClassLoader] Add 'file:/Users/jack/Downloads/test/.buckd/resources/910226716ecd215a38f27bd3dcfd7da3793e6cff/buck-modules/haskell.jar'
[2018-07-30 06:36:23.435][debug][command:null][tid:13][org.pf4j.AbstractPluginManager] Loaded plugin '/Users/jack/Downloads/test/.buckd/resources/910226716ecd215a38f27bd3dcfd7da3793e6cff/buck-modules/haskell.jar' with class loader 'org.pf4j.PluginClassLoader@2a5f5d80'
[2018-07-30 06:36:23.435][debug][command:null][tid:13][org.pf4j.AbstractPluginManager] Creating wrapper for plugin '/Users/jack/Downloads/test/.buckd/resources/910226716ecd215a38f27bd3dcfd7da3793e6cff/buck-modules/haskell.jar'
[2018-07-30 06:36:23.435][debug][command:null][tid:13][org.pf4j.AbstractPluginManager] Created wrapper 'PluginWrapper [descriptor=PluginDescriptor [pluginId=com.facebook.buck.features.haskell, pluginClass=com.facebook.buck.features.haskell.HaskellModuleAdapterPlugin, version=0.0.1, provider=null, dependencies=[], description=, requires=*, license=null], pluginPath=/Users/jack/Downloads/test/.buckd/resources/910226716ecd215a38f27bd3dcfd7da3793e6cff/buck-modules/haskell.jar]' for plugin '/Users/jack/Downloads/test/.buckd/resources/910226716ecd215a38f27bd3dcfd7da3793e6cff/buck-modules/haskell.jar'
[2018-07-30 06:36:23.435][debug][command:null][tid:13][org.pf4j.AbstractPluginManager] Use 'org.pf4j.CompoundPluginDescriptorFinder@533f8ca2' to find plugins descriptors
[2018-07-30 06:36:23.435][debug][command:null][tid:13][org.pf4j.AbstractPluginManager] Finding plugin descriptor for plugin '/Users/jack/Downloads/test/.buckd/resources/910226716ecd215a38f27bd3dcfd7da3793e6cff/buck-modules/rust.jar'
[2018-07-30 06:36:23.435][debug][command:null][tid:13][org.pf4j.CompoundPluginDescriptorFinder] 'org.pf4j.ManifestPluginDescriptorFinder@596220a0' is applicable for plugin '/Users/jack/Downloads/test/.buckd/resources/910226716ecd215a38f27bd3dcfd7da3793e6cff/buck-modules/rust.jar'
[2018-07-30 06:36:23.436][debug][command:null][tid:13][org.pf4j.AbstractPluginManager] Found descriptor PluginDescriptor [pluginId=com.facebook.buck.features.rust, pluginClass=com.facebook.buck.features.rust.RustModuleAdapterPlugin, version=0.0.1, provider=null, dependencies=[], description=, requires=*, license=null]
[2018-07-30 06:36:23.436][debug][command:null][tid:13][org.pf4j.AbstractPluginManager] Class 'com.facebook.buck.features.rust.RustModuleAdapterPlugin' for plugin '/Users/jack/Downloads/test/.buckd/resources/910226716ecd215a38f27bd3dcfd7da3793e6cff/buck-modules/rust.jar'
[2018-07-30 06:36:23.436][debug][command:null][tid:13][org.pf4j.AbstractPluginManager] Loading plugin '/Users/jack/Downloads/test/.buckd/resources/910226716ecd215a38f27bd3dcfd7da3793e6cff/buck-modules/rust.jar'
[2018-07-30 06:36:23.436][debug][command:null][tid:13][org.pf4j.PluginClassLoader] Add 'file:/Users/jack/Downloads/test/.buckd/resources/910226716ecd215a38f27bd3dcfd7da3793e6cff/buck-modules/rust.jar'
[2018-07-30 06:36:23.436][debug][command:null][tid:13][org.pf4j.AbstractPluginManager] Loaded plugin '/Users/jack/Downloads/test/.buckd/resources/910226716ecd215a38f27bd3dcfd7da3793e6cff/buck-modules/rust.jar' with class loader 'org.pf4j.PluginClassLoader@44e5e3ae'
[2018-07-30 06:36:23.436][debug][command:null][tid:13][org.pf4j.AbstractPluginManager] Creating wrapper for plugin '/Users/jack/Downloads/test/.buckd/resources/910226716ecd215a38f27bd3dcfd7da3793e6cff/buck-modules/rust.jar'
[2018-07-30 06:36:23.437][debug][command:null][tid:13][org.pf4j.AbstractPluginManager] Created wrapper 'PluginWrapper [descriptor=PluginDescriptor [pluginId=com.facebook.buck.features.rust, pluginClass=com.facebook.buck.features.rust.RustModuleAdapterPlugin, version=0.0.1, provider=null, dependencies=[], description=, requires=*, license=null], pluginPath=/Users/jack/Downloads/test/.buckd/resources/910226716ecd215a38f27bd3dcfd7da3793e6cff/buck-modules/rust.jar]' for plugin '/Users/jack/Downloads/test/.buckd/resources/910226716ecd215a38f27bd3dcfd7da3793e6cff/buck-modules/rust.jar'
[2018-07-30 06:36:23.437][debug][command:null][tid:13][org.pf4j.AbstractPluginManager] Use 'org.pf4j.CompoundPluginDescriptorFinder@533f8ca2' to find plugins descriptors
[2018-07-30 06:36:23.437][debug][command:null][tid:13][org.pf4j.AbstractPluginManager] Finding plugin descriptor for plugin '/Users/jack/Downloads/test/.buckd/resources/910226716ecd215a38f27bd3dcfd7da3793e6cff/buck-modules/go.jar'
[2018-07-30 06:36:23.437][debug][command:null][tid:13][org.pf4j.CompoundPluginDescriptorFinder] 'org.pf4j.ManifestPluginDescriptorFinder@596220a0' is applicable for plugin '/Users/jack/Downloads/test/.buckd/resources/910226716ecd215a38f27bd3dcfd7da3793e6cff/buck-modules/go.jar'
[2018-07-30 06:36:23.438][debug][command:null][tid:13][org.pf4j.AbstractPluginManager] Found descriptor PluginDescriptor [pluginId=com.facebook.buck.features.go, pluginClass=com.facebook.buck.features.go.GoModuleAdapterPlugin, version=0.0.1, provider=null, dependencies=[], description=, requires=*, license=null]
[2018-07-30 06:36:23.438][debug][command:null][tid:13][org.pf4j.AbstractPluginManager] Class 'com.facebook.buck.features.go.GoModuleAdapterPlugin' for plugin '/Users/jack/Downloads/test/.buckd/resources/910226716ecd215a38f27bd3dcfd7da3793e6cff/buck-modules/go.jar'
[2018-07-30 06:36:23.438][debug][command:null][tid:13][org.pf4j.AbstractPluginManager] Loading plugin '/Users/jack/Downloads/test/.buckd/resources/910226716ecd215a38f27bd3dcfd7da3793e6cff/buck-modules/go.jar'
[2018-07-30 06:36:23.438][debug][command:null][tid:13][org.pf4j.PluginClassLoader] Add 'file:/Users/jack/Downloads/test/.buckd/resources/910226716ecd215a38f27bd3dcfd7da3793e6cff/buck-modules/go.jar'
[2018-07-30 06:36:23.438][debug][command:null][tid:13][org.pf4j.AbstractPluginManager] Loaded plugin '/Users/jack/Downloads/test/.buckd/resources/910226716ecd215a38f27bd3dcfd7da3793e6cff/buck-modules/go.jar' with class loader 'org.pf4j.PluginClassLoader@29ed79da'
[2018-07-30 06:36:23.439][debug][command:null][tid:13][org.pf4j.AbstractPluginManager] Creating wrapper for plugin '/Users/jack/Downloads/test/.buckd/resources/910226716ecd215a38f27bd3dcfd7da3793e6cff/buck-modules/go.jar'
[2018-07-30 06:36:23.439][debug][command:null][tid:13][org.pf4j.AbstractPluginManager] Created wrapper 'PluginWrapper [descriptor=PluginDescriptor [pluginId=com.facebook.buck.features.go, pluginClass=com.facebook.buck.features.go.GoModuleAdapterPlugin, version=0.0.1, provider=null, dependencies=[], description=, requires=*, license=null], pluginPath=/Users/jack/Downloads/test/.buckd/resources/910226716ecd215a38f27bd3dcfd7da3793e6cff/buck-modules/go.jar]' for plugin '/Users/jack/Downloads/test/.buckd/resources/910226716ecd215a38f27bd3dcfd7da3793e6cff/buck-modules/go.jar'
[2018-07-30 06:36:23.439][debug][command:null][tid:13][org.pf4j.AbstractPluginManager] Use 'org.pf4j.CompoundPluginDescriptorFinder@533f8ca2' to find plugins descriptors
[2018-07-30 06:36:23.439][debug][command:null][tid:13][org.pf4j.AbstractPluginManager] Finding plugin descriptor for plugin '/Users/jack/Downloads/test/.buckd/resources/910226716ecd215a38f27bd3dcfd7da3793e6cff/buck-modules/d.jar'
[2018-07-30 06:36:23.439][debug][command:null][tid:13][org.pf4j.CompoundPluginDescriptorFinder] 'org.pf4j.ManifestPluginDescriptorFinder@596220a0' is applicable for plugin '/Users/jack/Downloads/test/.buckd/resources/910226716ecd215a38f27bd3dcfd7da3793e6cff/buck-modules/d.jar'
[2018-07-30 06:36:23.440][debug][command:null][tid:13][org.pf4j.AbstractPluginManager] Found descriptor PluginDescriptor [pluginId=com.facebook.buck.features.d, pluginClass=com.facebook.buck.features.d.DModuleAdapterPlugin, version=0.0.1, provider=null, dependencies=[], description=, requires=*, license=null]
[2018-07-30 06:36:23.440][debug][command:null][tid:13][org.pf4j.AbstractPluginManager] Class 'com.facebook.buck.features.d.DModuleAdapterPlugin' for plugin '/Users/jack/Downloads/test/.buckd/resources/910226716ecd215a38f27bd3dcfd7da3793e6cff/buck-modules/d.jar'
[2018-07-30 06:36:23.440][debug][command:null][tid:13][org.pf4j.AbstractPluginManager] Loading plugin '/Users/jack/Downloads/test/.buckd/resources/910226716ecd215a38f27bd3dcfd7da3793e6cff/buck-modules/d.jar'
[2018-07-30 06:36:23.440][debug][command:null][tid:13][org.pf4j.PluginClassLoader] Add 'file:/Users/jack/Downloads/test/.buckd/resources/910226716ecd215a38f27bd3dcfd7da3793e6cff/buck-modules/d.jar'
[2018-07-30 06:36:23.440][debug][command:null][tid:13][org.pf4j.AbstractPluginManager] Loaded plugin '/Users/jack/Downloads/test/.buckd/resources/910226716ecd215a38f27bd3dcfd7da3793e6cff/buck-modules/d.jar' with class loader 'org.pf4j.PluginClassLoader@53332383'
[2018-07-30 06:36:23.440][debug][command:null][tid:13][org.pf4j.AbstractPluginManager] Creating wrapper for plugin '/Users/jack/Downloads/test/.buckd/resources/910226716ecd215a38f27bd3dcfd7da3793e6cff/buck-modules/d.jar'
[2018-07-30 06:36:23.440][debug][command:null][tid:13][org.pf4j.AbstractPluginManager] Created wrapper 'PluginWrapper [descriptor=PluginDescriptor [pluginId=com.facebook.buck.features.d, pluginClass=com.facebook.buck.features.d.DModuleAdapterPlugin, version=0.0.1, provider=null, dependencies=[], description=, requires=*, license=null], pluginPath=/Users/jack/Downloads/test/.buckd/resources/910226716ecd215a38f27bd3dcfd7da3793e6cff/buck-modules/d.jar]' for plugin '/Users/jack/Downloads/test/.buckd/resources/910226716ecd215a38f27bd3dcfd7da3793e6cff/buck-modules/d.jar'
[2018-07-30 06:36:23.441][debug][command:null][tid:13][org.pf4j.AbstractPluginManager] Use 'org.pf4j.CompoundPluginDescriptorFinder@533f8ca2' to find plugins descriptors
[2018-07-30 06:36:23.441][debug][command:null][tid:13][org.pf4j.AbstractPluginManager] Finding plugin descriptor for plugin '/Users/jack/Downloads/test/.buckd/resources/910226716ecd215a38f27bd3dcfd7da3793e6cff/buck-modules/ocaml.jar'
[2018-07-30 06:36:23.441][debug][command:null][tid:13][org.pf4j.CompoundPluginDescriptorFinder] 'org.pf4j.ManifestPluginDescriptorFinder@596220a0' is applicable for plugin '/Users/jack/Downloads/test/.buckd/resources/910226716ecd215a38f27bd3dcfd7da3793e6cff/buck-modules/ocaml.jar'
[2018-07-30 06:36:23.441][debug][command:null][tid:13][org.pf4j.AbstractPluginManager] Found descriptor PluginDescriptor [pluginId=com.facebook.buck.features.ocaml, pluginClass=com.facebook.buck.features.ocaml.OcamlModuleAdapterPlugin, version=0.0.1, provider=null, dependencies=[], description=, requires=*, license=null]
[2018-07-30 06:36:23.441][debug][command:null][tid:13][org.pf4j.AbstractPluginManager] Class 'com.facebook.buck.features.ocaml.OcamlModuleAdapterPlugin' for plugin '/Users/jack/Downloads/test/.buckd/resources/910226716ecd215a38f27bd3dcfd7da3793e6cff/buck-modules/ocaml.jar'
[2018-07-30 06:36:23.441][debug][command:null][tid:13][org.pf4j.AbstractPluginManager] Loading plugin '/Users/jack/Downloads/test/.buckd/resources/910226716ecd215a38f27bd3dcfd7da3793e6cff/buck-modules/ocaml.jar'
[2018-07-30 06:36:23.442][debug][command:null][tid:13][org.pf4j.PluginClassLoader] Add 'file:/Users/jack/Downloads/test/.buckd/resources/910226716ecd215a38f27bd3dcfd7da3793e6cff/buck-modules/ocaml.jar'
[2018-07-30 06:36:23.442][debug][command:null][tid:13][org.pf4j.AbstractPluginManager] Loaded plugin '/Users/jack/Downloads/test/.buckd/resources/910226716ecd215a38f27bd3dcfd7da3793e6cff/buck-modules/ocaml.jar' with class loader 'org.pf4j.PluginClassLoader@5b737a31'
[2018-07-30 06:36:23.442][debug][command:null][tid:13][org.pf4j.AbstractPluginManager] Creating wrapper for plugin '/Users/jack/Downloads/test/.buckd/resources/910226716ecd215a38f27bd3dcfd7da3793e6cff/buck-modules/ocaml.jar'
[2018-07-30 06:36:23.442][debug][command:null][tid:13][org.pf4j.AbstractPluginManager] Created wrapper 'PluginWrapper [descriptor=PluginDescriptor [pluginId=com.facebook.buck.features.ocaml, pluginClass=com.facebook.buck.features.ocaml.OcamlModuleAdapterPlugin, version=0.0.1, provider=null, dependencies=[], description=, requires=*, license=null], pluginPath=/Users/jack/Downloads/test/.buckd/resources/910226716ecd215a38f27bd3dcfd7da3793e6cff/buck-modules/ocaml.jar]' for plugin '/Users/jack/Downloads/test/.buckd/resources/910226716ecd215a38f27bd3dcfd7da3793e6cff/buck-modules/ocaml.jar'
[2018-07-30 06:36:23.443][debug][command:null][tid:13][org.pf4j.AbstractPluginManager] Use 'org.pf4j.CompoundPluginDescriptorFinder@533f8ca2' to find plugins descriptors
[2018-07-30 06:36:23.443][debug][command:null][tid:13][org.pf4j.AbstractPluginManager] Finding plugin descriptor for plugin '/Users/jack/Downloads/test/.buckd/resources/910226716ecd215a38f27bd3dcfd7da3793e6cff/buck-modules/dotnet.jar'
[2018-07-30 06:36:23.443][debug][command:null][tid:13][org.pf4j.CompoundPluginDescriptorFinder] 'org.pf4j.ManifestPluginDescriptorFinder@596220a0' is applicable for plugin '/Users/jack/Downloads/test/.buckd/resources/910226716ecd215a38f27bd3dcfd7da3793e6cff/buck-modules/dotnet.jar'
[2018-07-30 06:36:23.444][debug][command:null][tid:13][org.pf4j.AbstractPluginManager] Found descriptor PluginDescriptor [pluginId=com.facebook.buck.features.dotnet, pluginClass=com.facebook.buck.features.dotnet.DotnetModuleAdapterPlugin, version=0.0.1, provider=null, dependencies=[], description=, requires=*, license=null]
[2018-07-30 06:36:23.444][debug][command:null][tid:13][org.pf4j.AbstractPluginManager] Class 'com.facebook.buck.features.dotnet.DotnetModuleAdapterPlugin' for plugin '/Users/jack/Downloads/test/.buckd/resources/910226716ecd215a38f27bd3dcfd7da3793e6cff/buck-modules/dotnet.jar'
[2018-07-30 06:36:23.444][debug][command:null][tid:13][org.pf4j.AbstractPluginManager] Loading plugin '/Users/jack/Downloads/test/.buckd/resources/910226716ecd215a38f27bd3dcfd7da3793e6cff/buck-modules/dotnet.jar'
[2018-07-30 06:36:23.444][debug][command:null][tid:13][org.pf4j.PluginClassLoader] Add 'file:/Users/jack/Downloads/test/.buckd/resources/910226716ecd215a38f27bd3dcfd7da3793e6cff/buck-modules/dotnet.jar'
[2018-07-30 06:36:23.444][debug][command:null][tid:13][org.pf4j.AbstractPluginManager] Loaded plugin '/Users/jack/Downloads/test/.buckd/resources/910226716ecd215a38f27bd3dcfd7da3793e6cff/buck-modules/dotnet.jar' with class loader 'org.pf4j.PluginClassLoader@33ef13e4'
[2018-07-30 06:36:23.444][debug][command:null][tid:13][org.pf4j.AbstractPluginManager] Creating wrapper for plugin '/Users/jack/Downloads/test/.buckd/resources/910226716ecd215a38f27bd3dcfd7da3793e6cff/buck-modules/dotnet.jar'
[2018-07-30 06:36:23.445][debug][command:null][tid:13][org.pf4j.AbstractPluginManager] Created wrapper 'PluginWrapper [descriptor=PluginDescriptor [pluginId=com.facebook.buck.features.dotnet, pluginClass=com.facebook.buck.features.dotnet.DotnetModuleAdapterPlugin, version=0.0.1, provider=null, dependencies=[], description=, requires=*, license=null], pluginPath=/Users/jack/Downloads/test/.buckd/resources/910226716ecd215a38f27bd3dcfd7da3793e6cff/buck-modules/dotnet.jar]' for plugin '/Users/jack/Downloads/test/.buckd/resources/910226716ecd215a38f27bd3dcfd7da3793e6cff/buck-modules/dotnet.jar'
[2018-07-30 06:36:23.446][debug][command:null][tid:13][org.pf4j.DependencyResolver] Graph: 
   com.facebook.buck.features.lua -> [com.facebook.buck.features.python]
   com.facebook.buck.features.go -> []
   com.facebook.buck.features.d -> []
   com.facebook.buck.features.rust -> []
   com.facebook.buck.features.zip.rules -> [com.facebook.buck.features.filebundler]
   com.facebook.buck.features.filegroup -> [com.facebook.buck.features.filebundler]
   com.facebook.buck.features.gwt -> []
   com.facebook.buck.features.filebundler -> []
   com.facebook.buck.features.haskell -> []
   com.facebook.buck.features.dotnet -> []
   com.facebook.buck.features.python -> []
   com.facebook.buck.features.ocaml -> []
[2018-07-30 06:36:23.447][debug][command:null][tid:13][org.pf4j.DependencyResolver] Plugins order: [com.facebook.buck.features.python, com.facebook.buck.features.lua, com.facebook.buck.features.go, com.facebook.buck.features.d, com.facebook.buck.features.rust, com.facebook.buck.features.filebundler, com.facebook.buck.features.zip.rules, com.facebook.buck.features.filegroup, com.facebook.buck.features.gwt, com.facebook.buck.features.haskell, com.facebook.buck.features.dotnet, com.facebook.buck.features.ocaml]
[2018-07-30 06:36:23.448][info ][command:null][tid:13][org.pf4j.AbstractPluginManager] Plugin 'com.facebook.buck.features.python@0.0.1' resolved
[2018-07-30 06:36:23.448][info ][command:null][tid:13][org.pf4j.AbstractPluginManager] Plugin 'com.facebook.buck.features.lua@0.0.1' resolved
[2018-07-30 06:36:23.448][info ][command:null][tid:13][org.pf4j.AbstractPluginManager] Plugin 'com.facebook.buck.features.go@0.0.1' resolved
[2018-07-30 06:36:23.448][info ][command:null][tid:13][org.pf4j.AbstractPluginManager] Plugin 'com.facebook.buck.features.d@0.0.1' resolved
[2018-07-30 06:36:23.448][info ][command:null][tid:13][org.pf4j.AbstractPluginManager] Plugin 'com.facebook.buck.features.rust@0.0.1' resolved
[2018-07-30 06:36:23.448][info ][command:null][tid:13][org.pf4j.AbstractPluginManager] Plugin 'com.facebook.buck.features.filebundler@0.0.1' resolved
[2018-07-30 06:36:23.448][info ][command:null][tid:13][org.pf4j.AbstractPluginManager] Plugin 'com.facebook.buck.features.zip.rules@0.0.1' resolved
[2018-07-30 06:36:23.448][info ][command:null][tid:13][org.pf4j.AbstractPluginManager] Plugin 'com.facebook.buck.features.filegroup@0.0.1' resolved
[2018-07-30 06:36:23.449][info ][command:null][tid:13][org.pf4j.AbstractPluginManager] Plugin 'com.facebook.buck.features.gwt@0.0.1' resolved
[2018-07-30 06:36:23.449][info ][command:null][tid:13][org.pf4j.AbstractPluginManager] Plugin 'com.facebook.buck.features.haskell@0.0.1' resolved
[2018-07-30 06:36:23.449][info ][command:null][tid:13][org.pf4j.AbstractPluginManager] Plugin 'com.facebook.buck.features.dotnet@0.0.1' resolved
[2018-07-30 06:36:23.449][info ][command:null][tid:13][org.pf4j.AbstractPluginManager] Plugin 'com.facebook.buck.features.ocaml@0.0.1' resolved
[2018-07-30 06:36:23.449][info ][command:null][tid:13][org.pf4j.AbstractPluginManager] Start plugin 'com.facebook.buck.features.python@0.0.1'
[2018-07-30 06:36:23.449][debug][command:null][tid:13][org.pf4j.DefaultExtensionFactory] Create instance for plugin 'com.facebook.buck.features.python.PythonModuleAdapterPlugin'
[2018-07-30 06:36:23.452][info ][command:null][tid:13][org.pf4j.AbstractPluginManager] Start plugin 'com.facebook.buck.features.lua@0.0.1'
[2018-07-30 06:36:23.452][debug][command:null][tid:13][org.pf4j.DefaultExtensionFactory] Create instance for plugin 'com.facebook.buck.features.lua.LuaModuleAdapterPlugin'
[2018-07-30 06:36:23.453][info ][command:null][tid:13][org.pf4j.AbstractPluginManager] Start plugin 'com.facebook.buck.features.go@0.0.1'
[2018-07-30 06:36:23.453][debug][command:null][tid:13][org.pf4j.DefaultExtensionFactory] Create instance for plugin 'com.facebook.buck.features.go.GoModuleAdapterPlugin'
[2018-07-30 06:36:23.453][info ][command:null][tid:13][org.pf4j.AbstractPluginManager] Start plugin 'com.facebook.buck.features.d@0.0.1'
[2018-07-30 06:36:23.453][debug][command:null][tid:13][org.pf4j.DefaultExtensionFactory] Create instance for plugin 'com.facebook.buck.features.d.DModuleAdapterPlugin'
[2018-07-30 06:36:23.454][info ][command:null][tid:13][org.pf4j.AbstractPluginManager] Start plugin 'com.facebook.buck.features.rust@0.0.1'
[2018-07-30 06:36:23.454][debug][command:null][tid:13][org.pf4j.DefaultExtensionFactory] Create instance for plugin 'com.facebook.buck.features.rust.RustModuleAdapterPlugin'
[2018-07-30 06:36:23.455][info ][command:null][tid:13][org.pf4j.AbstractPluginManager] Start plugin 'com.facebook.buck.features.filebundler@0.0.1'
[2018-07-30 06:36:23.455][debug][command:null][tid:13][org.pf4j.DefaultExtensionFactory] Create instance for plugin 'com.facebook.buck.features.filebundler.FileBundlerModuleAdapterPlugin'
[2018-07-30 06:36:23.456][info ][command:null][tid:13][org.pf4j.AbstractPluginManager] Start plugin 'com.facebook.buck.features.zip.rules@0.0.1'
[2018-07-30 06:36:23.456][debug][command:null][tid:13][org.pf4j.DefaultExtensionFactory] Create instance for plugin 'com.facebook.buck.features.zip.rules.ZipRulesModuleAdapterPlugin'
[2018-07-30 06:36:23.457][info ][command:null][tid:13][org.pf4j.AbstractPluginManager] Start plugin 'com.facebook.buck.features.filegroup@0.0.1'
[2018-07-30 06:36:23.457][debug][command:null][tid:13][org.pf4j.DefaultExtensionFactory] Create instance for plugin 'com.facebook.buck.features.filegroup.FilegroupModuleAdapterPlugin'
[2018-07-30 06:36:23.458][info ][command:null][tid:13][org.pf4j.AbstractPluginManager] Start plugin 'com.facebook.buck.features.gwt@0.0.1'
[2018-07-30 06:36:23.458][debug][command:null][tid:13][org.pf4j.DefaultExtensionFactory] Create instance for plugin 'com.facebook.buck.features.gwt.GwtBuckModuleAdapterPlugin'
[2018-07-30 06:36:23.458][info ][command:null][tid:13][org.pf4j.AbstractPluginManager] Start plugin 'com.facebook.buck.features.haskell@0.0.1'
[2018-07-30 06:36:23.458][debug][command:null][tid:13][org.pf4j.DefaultExtensionFactory] Create instance for plugin 'com.facebook.buck.features.haskell.HaskellModuleAdapterPlugin'
[2018-07-30 06:36:23.459][info ][command:null][tid:13][org.pf4j.AbstractPluginManager] Start plugin 'com.facebook.buck.features.dotnet@0.0.1'
[2018-07-30 06:36:23.459][debug][command:null][tid:13][org.pf4j.DefaultExtensionFactory] Create instance for plugin 'com.facebook.buck.features.dotnet.DotnetModuleAdapterPlugin'
[2018-07-30 06:36:23.460][info ][command:null][tid:13][org.pf4j.AbstractPluginManager] Start plugin 'com.facebook.buck.features.ocaml@0.0.1'
[2018-07-30 06:36:23.460][debug][command:null][tid:13][org.pf4j.DefaultExtensionFactory] Create instance for plugin 'com.facebook.buck.features.ocaml.OcamlModuleAdapterPlugin'
[2018-07-30 06:36:23.521][debug][command:null][tid:13][com.facebook.buck.cli.Main] Rotating log.
[2018-07-30 06:36:23.526][debug][command:null][tid:13][com.facebook.buck.cli.Main] Starting up (build date 2018-04-27 08:19:18 +0900, rev 910226716ecd215a38f27bd3dcfd7da3793e6cff), args: [build, //app:bin_debug]
[2018-07-30 06:36:23.530][debug][command:null][tid:13][com.facebook.buck.cli.Main] System properties: {java.vendor=Oracle Corporation, sun.java.launcher=SUN_STANDARD, sun.management.compiler=HotSpot 64-Bit Tiered Compilers, jnidispatch.path=/Users/jack/Downloads/test/.buckd/tmp/buck_run.fvrfjl/jna-3254239/jna1775481372460839516.tmp, os.name=Mac OS X, buck.enable_objc=true, sun.boot.class.path=/Library/Java/JavaVirtualMachines/jdk1.8.0_151.jdk/Contents/Home/jre/lib/resources.jar:/Library/Java/JavaVirtualMachines/jdk1.8.0_151.jdk/Contents/Home/jre/lib/rt.jar:/Library/Java/JavaVirtualMachines/jdk1.8.0_151.jdk/Contents/Home/jre/lib/sunrsasign.jar:/Library/Java/JavaVirtualMachines/jdk1.8.0_151.jdk/Contents/Home/jre/lib/jsse.jar:/Library/Java/JavaVirtualMachines/jdk1.8.0_151.jdk/Contents/Home/jre/lib/jce.jar:/Library/Java/JavaVirtualMachines/jdk1.8.0_151.jdk/Contents/Home/jre/lib/charsets.jar:/Library/Java/JavaVirtualMachines/jdk1.8.0_151.jdk/Contents/Home/jre/lib/jfr.jar:/Library/Java/JavaVirtualMachines/jdk1.8.0_151.jdk/Contents/Home/jre/classes, buck.module.resources=/Users/jack/Downloads/test/.buckd/resources/910226716ecd215a38f27bd3dcfd7da3793e6cff/buck-modules-resources, pf4j.pluginsDir=/Users/jack/Downloads/test/.buckd/resources/910226716ecd215a38f27bd3dcfd7da3793e6cff/buck-modules, buck.resource_lock_path=/Users/jack/Downloads/test/.buckd/resources/910226716ecd215a38f27bd3dcfd7da3793e6cff/.buck_lock, java.vm.specification.vendor=Oracle Corporation, java.runtime.version=1.8.0_151-b12, jna.loaded=true, buck.testrunner_classes=/Users/jack/Downloads/test/.buckd/resources/910226716ecd215a38f27bd3dcfd7da3793e6cff/testrunner_classes, buck.logging_config_file=/Users/jack/Downloads/test/.buckd/resources/910226716ecd215a38f27bd3dcfd7da3793e6cff/logging_config_file, buck.path_to_sh_binary_template=/Users/jack/Downloads/test/.buckd/resources/910226716ecd215a38f27bd3dcfd7da3793e6cff/path_to_sh_binary_template, user.name=jack, user.language.format=en, buck.path_to_pywatchman=/Users/jack/Downloads/test/.buckd/resources/910226716ecd215a38f27bd3dcfd7da3793e6cff/path_to_pywatchman, buck.report_generator_jar=/Users/jack/Downloads/test/.buckd/resources/910226716ecd215a38f27bd3dcfd7da3793e6cff/report_generator_jar, buck.git_commit=910226716ecd215a38f27bd3dcfd7da3793e6cff, user.language=zh, sun.boot.library.path=/Library/Java/JavaVirtualMachines/jdk1.8.0_151.jdk/Contents/Home/jre/lib, jna.nosys=true, java.version=1.8.0_151, user.timezone=Asia/Tokyo, buck.test_util_no_tests_dir=true, sun.arch.data.model=64, java.endorsed.dirs=/Library/Java/JavaVirtualMachines/jdk1.8.0_151.jdk/Contents/Home/jre/lib/endorsed, sun.cpu.isalist=, sun.jnu.encoding=UTF-8, file.encoding.pkg=sun.io, file.separator=/, java.specification.name=Java Platform API Specification, buck.jacoco_agent_jar=/Users/jack/Downloads/test/.buckd/resources/910226716ecd215a38f27bd3dcfd7da3793e6cff/jacoco_agent_jar, java.class.version=52.0, user.country=CN, buck.binary_hash=6d2e9fe286db683f8ed1b42c65936821, java.home=/Library/Java/JavaVirtualMachines/jdk1.8.0_151.jdk/Contents/Home/jre, buck.fix_script=/Users/jack/Downloads/test/.buckd/resources/910226716ecd215a38f27bd3dcfd7da3793e6cff/fix_script, java.vm.info=mixed mode, os.version=10.13.6, buck.external_executor_jar=/Users/jack/Downloads/test/.buckd/resources/910226716ecd215a38f27bd3dcfd7da3793e6cff/external_executor_jar, buck.version_uid=910226716ecd215a38f27bd3dcfd7da3793e6cff, org.eclipse.jetty.util.log.class=org.eclipse.jetty.util.log.JavaUtilLog, path.separator=:, java.vm.version=25.151-b12, java.awt.printerjob=sun.lwawt.macosx.CPrinterJob, sun.io.unicode.encoding=UnicodeBig, awt.toolkit=sun.lwawt.macosx.LWCToolkit, buck.mode=package, buck.buck_build_type_info=/Users/jack/Downloads/test/.buckd/resources/910226716ecd215a38f27bd3dcfd7da3793e6cff/buck_build_type_info, buck.dx=/Users/jack/Downloads/test/.buckd/resources/910226716ecd215a38f27bd3dcfd7da3793e6cff/dx, buck.git_commit_timestamp=1524784758, user.home=/Users/jack, java.specification.vendor=Oracle Corporation, buck.git_dirty=0, java.library.path=/Users/jack/Downloads/test/.buckd/resources/910226716ecd215a38f27bd3dcfd7da3793e6cff, java.vendor.url=http://java.oracle.com/, java.vm.vendor=Oracle Corporation, gopherProxySet=false, java.runtime.name=Java(TM) SE Runtime Environment, sun.java.command=com.facebook.buck.cli.bootstrapper.ClassLoaderBootstrapper com.facebook.buck.cli.Main$DaemonBootstrap local:.buckd/sock 120000, java.class.path=/Users/jack/Downloads/test/.buckd/resources/910226716ecd215a38f27bd3dcfd7da3793e6cff/bootstrapper_jar, buck.buckd_dir=/Users/jack/Downloads/test/.buckd, buck.path_to_pathlib_py=/Users/jack/Downloads/test/.buckd/resources/910226716ecd215a38f27bd3dcfd7da3793e6cff/pathlib.py, buck.buckd_launch_time_nanos=112544342923351, java.vm.specification.name=Java Virtual Machine Specification, com.martiansoftware.nailgun.NGServer.outputPath=/Users/jack/Downloads/test/.buckd/tmp/buck_run.fvrfjl/ngserver-out, java.vm.specification.version=1.8, sun.cpu.endian=little, sun.os.patch.level=unknown, java.awt.headless=true, java.io.tmpdir=/Users/jack/Downloads/test/.buckd/tmp/buck_run.fvrfjl, buck.android_agent_path=/Users/jack/Downloads/test/.buckd/resources/910226716ecd215a38f27bd3dcfd7da3793e6cff/android_agent_path, java.vendor.url.bug=http://bugreport.sun.com/bugreport/, buck.path_to_python_dsl=, jna.platform.library.path=/usr/lib:/usr/lib, os.arch=x86_64, java.awt.graphicsenv=sun.awt.CGraphicsEnvironment, java.ext.dirs=/Users/jack/Library/Java/Extensions:/Library/Java/JavaVirtualMachines/jdk1.8.0_151.jdk/Contents/Home/jre/lib/ext:/Library/Java/Extensions:/Network/Library/Java/Extensions:/System/Library/Java/Extensions:/usr/lib/java, java.util.logging.config.class=com.facebook.buck.cli.bootstrapper.LogConfig, user.dir=/Users/jack/Downloads/test, java.nio.file.spi.DefaultFileSystemProvider=com.facebook.buck.cli.bootstrapper.filesystem.BuckFileSystemProvider, line.separator=
, java.vm.name=Java HotSpot(TM) 64-Bit Server VM, buck.path_to_typing=/Users/jack/Downloads/test/.buckd/resources/910226716ecd215a38f27bd3dcfd7da3793e6cff/path_to_typing, buck.native_exopackage_fake_path=/Users/jack/Downloads/test/.buckd/resources/910226716ecd215a38f27bd3dcfd7da3793e6cff/native_exopackage_fake_path, file.encoding=UTF-8, java.specification.version=1.8}
[2018-07-30 06:36:23.594][debug][command:null][tid:13][com.facebook.buck.util.config.Configs] Loading configuration for /Users/jack/Downloads/test
[2018-07-30 06:36:23.595][debug][command:null][tid:13][com.facebook.buck.util.config.Configs] Loaded project configuration file /Users/jack/Downloads/test/.buckconfig
[2018-07-30 06:36:23.596][debug][command:null][tid:13][com.facebook.buck.util.config.Configs] Loaded a configuration file /Users/jack/Downloads/test/.buckconfig.local, {android={build_tools_version=24.0.2, target=android-24}, buildfile={includes=//.okbuck/defs/DEFS}, kotlin={kotlin_home=.okbuck/cache/kotlin_home}, tools={proguard=.okbuck/cache/proguard/proguard-base-6.0.3.jar}}
[2018-07-30 06:36:23.596][debug][command:null][tid:13][com.facebook.buck.util.config.Configs] Adding configuration overrides RawConfig{values={}}
[2018-07-30 06:36:23.718][info ][command:null][tid:13][com.facebook.buck.io.WatchmanFactory] Creating for: [/Users/jack/Downloads/test]
[2018-07-30 06:36:23.776][debug][command:null][tid:13][com.facebook.buck.io.ExecutableFinder] Executable 'watchman' mapped to 'Optional[/usr/local/bin/watchman]'
[2018-07-30 06:36:23.781][debug][command:null][tid:13][com.facebook.buck.util.ListeningProcessExecutor] Launching process with params ProcessExecutorParams{command=[/usr/local/bin/watchman, --output-encoding=bser, get-sockname]}
[2018-07-30 06:36:23.902][debug][command:null][tid:13][com.facebook.buck.util.ListeningProcessExecutor] Successfully launched process com.zaxxer.nuprocess.osx.OsxProcess@3bc9cfda
[2018-07-30 06:36:23.902][debug][command:null][tid:13][com.facebook.buck.util.ListeningProcessExecutor] Waiting for process com.facebook.buck.util.ListeningProcessExecutor$LaunchedProcessImpl@6af8b269 timeout 1000000000 NANOSECONDS
[2018-07-30 06:36:23.925][debug][command:null][tid:13][com.facebook.buck.util.ListeningProcessExecutor] Wait for process returned 0
[2018-07-30 06:36:23.929][debug][command:null][tid:13][com.facebook.buck.io.WatchmanFactory] Waited 22 ms for Watchman command get-sockname, exit code 0
[2018-07-30 06:36:23.946][debug][command:null][tid:13][com.facebook.buck.io.WatchmanFactory] stdout of command: {sockname=/usr/local/var/run/watchman/jack-state/sock, version=4.9.0}
[2018-07-30 06:36:23.946][info ][command:null][tid:13][com.facebook.buck.io.WatchmanFactory] Connecting to Watchman version 4.9.0 at /usr/local/var/run/watchman/jack-state/sock
[2018-07-30 06:36:24.028][debug][command:null][tid:20][com.facebook.buck.io.WatchmanTransportClient] Sending query: [version, {required=[cmd-watch-project], optional=[term-dirname, cmd-watch-project, wildmatch, wildmatch_multislash, glob_generator, clock-sync-timeout]}]
[2018-07-30 06:36:24.033][debug][command:null][tid:13][com.facebook.buck.io.WatchmanTransportClient] Query [version, {required=[cmd-watch-project], optional=[term-dirname, cmd-watch-project, wildmatch, wildmatch_multislash, glob_generator, clock-sync-timeout]}] returned in 4 ms
[2018-07-30 06:36:24.033][info ][command:null][tid:13][com.facebook.buck.io.WatchmanFactory] Took 13 ms to query capabilities {term-dirname=DIRNAME, cmd-watch-project=SUPPORTS_PROJECT_WATCH, wildmatch=WILDMATCH_GLOB, wildmatch_multislash=WILDMATCH_MULTISLASH, glob_generator=GLOB_GENERATOR, clock-sync-timeout=CLOCK_SYNC_TIMEOUT}
[2018-07-30 06:36:24.034][debug][command:null][tid:13][com.facebook.buck.io.WatchmanFactory] Got capabilities response: {clock-sync-timeout=true, glob_generator=true, wildmatch_multislash=false, cmd-watch-project=true, wildmatch=true, term-dirname=true}
[2018-07-30 06:36:24.039][debug][command:null][tid:13][com.facebook.buck.io.WatchmanFactory] Got Watchman capabilities: [CLOCK_SYNC_TIMEOUT, GLOB_GENERATOR, SUPPORTS_PROJECT_WATCH, WILDMATCH_GLOB, DIRNAME]
[2018-07-30 06:36:24.039][info ][command:null][tid:13][com.facebook.buck.io.WatchmanFactory] Adding watchman root: /Users/jack/Downloads/test
[2018-07-30 06:36:24.040][debug][command:null][tid:20][com.facebook.buck.io.WatchmanTransportClient] Sending query: [watch-project, /Users/jack/Downloads/test]
[2018-07-30 06:36:24.041][debug][command:null][tid:13][com.facebook.buck.io.WatchmanTransportClient] Query [watch-project, /Users/jack/Downloads/test] returned in 1 ms
[2018-07-30 06:36:24.041][debug][command:null][tid:20][com.facebook.buck.io.WatchmanTransportClient] Sending query: [watch-project, /Users/jack/Downloads/test]
[2018-07-30 06:36:24.042][debug][command:null][tid:13][com.facebook.buck.io.WatchmanTransportClient] Query [watch-project, /Users/jack/Downloads/test] returned in 0 ms
[2018-07-30 06:36:24.043][info ][command:null][tid:13][com.facebook.buck.io.WatchmanFactory] Took 3 ms to add root /Users/jack/Downloads/test
[2018-07-30 06:36:24.049][debug][command:null][tid:20][com.facebook.buck.io.WatchmanTransportClient] Sending query: [clock, /Users/jack/Downloads/test, {sync_timeout=100}]
[2018-07-30 06:36:24.061][debug][command:null][tid:13][com.facebook.buck.io.WatchmanTransportClient] Query [clock, /Users/jack/Downloads/test, {sync_timeout=100}] returned in 12 ms
[2018-07-30 06:36:24.061][info ][command:null][tid:13][com.facebook.buck.io.WatchmanFactory] Took 12 ms to query for initial clock id Optional[c:1532259872:486:6:285]
[2018-07-30 06:36:24.062][debug][command:null][tid:13][com.facebook.buck.io.WatchmanFactory] Connected to Watchman
[2018-07-30 06:36:24.062][debug][command:null][tid:13][com.facebook.buck.io.WatchmanTransportClient] Closing Watchman transport.
[2018-07-30 06:36:24.063][debug][command:null][tid:13][com.facebook.buck.cli.Main] Watchman capabilities: [CLOCK_SYNC_TIMEOUT, GLOB_GENERATOR, SUPPORTS_PROJECT_WATCH, WILDMATCH_GLOB, DIRNAME] Project watches: {/Users/jack/Downloads/test=ProjectWatch{watchRoot=/Users/jack/Downloads/test}} Glob handler config: PYTHON Query timeout ms config: Optional.empty
[2018-07-30 06:36:24.236][debug][command:null][tid:13][com.facebook.buck.cli.DaemonLifecycleManager] Starting up daemon for project root [/Users/jack/Downloads/test]
[2018-07-30 06:36:25.258][warn ][command:null][tid:13][com.facebook.buck.cli.Daemon] Can't start web server
[2018-07-30 06:36:25.261][debug][command:null][tid:13][com.facebook.buck.cli.Daemon] Using Watchman Cursor: {/Users/jack/Downloads/test=c:1532259872:486:6:285}
